2025-10-24 23:19:02,314 - Starting COMPLETE CVE scrape (this will take hours)...
2025-10-24 23:19:04,886 - Scraping complete Exploit-DB...
2025-10-24 23:19:05,376 - ✅ exploitdb_complete.jsonl: +9876 items (1.57 MB total)

╔══════════════════════════════════════════════════════════════════════╗
║           INDUSTRIAL SECURITY DATA SCRAPER FOR 200M MODEL           ║
╠══════════════════════════════════════════════════════════════════════╣
║  Target: 2-4 BILLION tokens                                          ║
║  Timeline: 2-4 weeks continuous                                      ║
║  Sources: 500+ GitHub repos + deep archives                          ║
║  Output: scraped_data_industrial/                                    ║
╚══════════════════════════════════════════════════════════════════════╝

Starting: 2025-10-24 23:18:01
GitHub Token: Active (5000 req/hour)


Phase 1: GitHub Deep Scrape (500+ repos, 5000 files each)
======================================================================
[1/50] Scraping OWASP/CheatSheetSeries...
[2/50] Scraping OWASP/wstg...
[3/50] Scraping OWASP/ASVS...
[4/50] Scraping OWASP/Top10...
[5/50] Scraping OWASP/www-project-web-security-testing-guide...
[6/50] Scraping OWASP/owasp-mstg...
[7/50] Scraping OWASP/API-Security...
[8/50] Scraping OWASP/DevSecOpsGuideline...
[9/50] Scraping OWASP/SecureCodingDojo...
[10/50] Scraping OWASP/NodeGoat...
[11/50] Scraping OWASP/railsgoat...
[12/50] Scraping OWASP/WebGoat...
[13/50] Scraping OWASP/Juice-Shop...
[14/50] Scraping OWASP/DependencyCheck...
[15/50] Scraping OWASP/threat-dragon...
[16/50] Scraping OWASP/Amass...
[17/50] Scraping rapid7/metasploit-framework...
[18/50] Scraping offensive-security/exploitdb...
[19/50] Scraping swisskyrepo/PayloadsAllTheThings...
[20/50] Scraping carlospolop/PEASS-ng...
[21/50] Scraping rebootuser/LinEnum...
[22/50] Scraping sleventyeleven/linuxprivchecker...
[23/50] Scraping 411Hall/JAWS...
[24/50] Scraping AonCyberLabs/Windows-Exploit-Suggester...
[25/50] Scraping bitsadmin/wesng...
[26/50] Scraping GDSSecurity/Windows-Exploit-Suggester...
[27/50] Scraping SecWiki/windows-kernel-exploits...
[28/50] Scraping SecWiki/linux-kernel-exploits...
[29/50] Scraping 3gstudent/Pentest-Tools...
[30/50] Scraping trustedsec/ptf...
[31/50] Scraping n1nj4sec/pupy...
[32/50] Scraping Screetsec/TheFatRat...
[33/50] Scraping EmpireProject/Empire...
[34/50] Scraping BC-SECURITY/Empire...
[35/50] Scraping gentilkiwi/mimikatz...
[36/50] Scraping ParrotSec/mimikatz...
[37/50] Scraping PowerShellMafia/PowerSploit...
[38/50] Scraping HarmJ0y/DAMP...
[39/50] Scraping Kevin-Robertson/Inveigh...
[40/50] Scraping Kevin-Robertson/Invoke-TheHash...
[41/50] Scraping HackTricks-wiki/hacktricks...
[42/50] Scraping S1ckB0y1337/Active-Directory-Exploitation-Cheat-Sheet...
[43/50] Scraping Ignitetechnologies/Privilege-Escalation...
[44/50] Scraping 0xsp/offensive-security-cheatsheet...
[45/50] Scraping jhaddix/tbhm...
[46/50] Scraping danielmiessler/SecLists...
[47/50] Scraping fuzzdb-project/fuzzdb...
[48/50] Scraping swisskyrepo/HackTricks...
[49/50] Scraping blaCCkHatHacEEkr/PENTESTING-BIBLE...
[50/50] Scraping enaqx/awesome-pentest...

Phase 2: CVE Complete Archive (1999-2025)
======================================================================

Phase 3: Exploit-DB Complete
======================================================================

======================================================================
✅ PHASE 1 COMPLETE - Scraper will continue running...
   This will run for days/weeks to collect 2-4 billion tokens
======================================================================
