2025-10-23 22:32:08,867 - INFO - Saved 1 unique items to github_Active-Directory-Exploitation-Cheat-Sheet.jsonl (0.05 MB)
2025-10-23 22:32:17,276 - INFO - Saved 22 unique items to github_Privilege-Escalation.jsonl (0.08 MB)
2025-10-23 22:32:27,365 - INFO - Saved 14 unique items to github_tbhm.jsonl (17.15 MB)
2025-10-23 22:32:30,080 - INFO - Saved 100 unique items to github_hacktricks.jsonl (1.24 MB)
2025-10-23 22:32:30,156 - INFO - Saved 100 unique items to github_CheatSheetSeries.jsonl (1.81 MB)
2025-10-23 22:32:43,855 - INFO - Saved 100 unique items to github_PayloadsAllTheThings.jsonl (3.61 MB)
2025-10-23 22:32:46,223 - INFO - Saved 1 unique items to github_PoC-in-GitHub.jsonl (4.10 MB)
2025-10-23 22:32:47,264 - INFO - Saved 17 unique items to github_PEASS-ng.jsonl (0.07 MB)
2025-10-23 22:32:50,109 - INFO - Saved 100 unique items to github_pwndbg.jsonl (0.14 MB)
2025-10-23 22:32:50,982 - INFO - Saved 1 unique items to github_awesome-web-hacking.jsonl (0.02 MB)
2025-10-23 22:32:51,159 - INFO - Saved 5 unique items to github_awesome-web-security.jsonl (0.24 MB)
2025-10-23 22:32:55,644 - INFO - Saved 19 unique items to github_bugbounty-cheatsheet.jsonl (0.05 MB)
2025-10-23 22:32:58,536 - INFO - Saved 100 unique items to github_cve.jsonl (0.08 MB)
2025-10-23 22:33:12,358 - WARNING - Rate limited on OWASP/ASVS, waiting...
2025-10-23 22:33:12,873 - WARNING - Rate limited on rapid7/metasploit-framework, waiting...
2025-10-23 22:33:13,466 - WARNING - Rate limited on projectdiscovery/nuclei-templates, waiting...
2025-10-23 22:33:14,039 - WARNING - Rate limited on KathanP19/HowToHunt, waiting...
2025-10-23 22:33:15,209 - WARNING - Rate limited on OWASP/wstg, waiting...
2025-10-23 22:34:13,113 - WARNING - Rate limited on rapid7/metasploit-framework, waiting...
2025-10-23 22:34:18,282 - WARNING - Rate limited on projectdiscovery/nuclei-templates, waiting...
2025-10-23 22:34:23,024 - INFO - Saved 100 unique items to github_ASVS.jsonl (1.02 MB)
2025-10-23 22:34:23,075 - WARNING - Rate limited on cujanovic/SSRF-Testing, waiting...
2025-10-23 22:34:23,712 - WARNING - Rate limited on KathanP19/HowToHunt, waiting...
2025-10-23 22:34:25,306 - INFO - Saved 100 unique items to github_wstg.jsonl (0.85 MB)
2025-10-23 22:34:29,945 - INFO - Saved 3 unique items to github_jwt_tool.jsonl (0.01 MB)
2025-10-23 22:34:30,503 - INFO - Saved 1 unique items to github_bug-bounty-reference.jsonl (0.03 MB)
2025-10-23 22:34:32,213 - INFO - Saved 3 unique items to github_awesome-bug-bounty.jsonl (0.03 MB)
2025-10-23 22:34:32,295 - WARNING - Rate limited on Penetration-Testing-Study-Notes/Bug-Bounty-Notes, waiting...
2025-10-23 22:58:55,332 - INFO - Saved 1 unique items to github_Active-Directory-Exploitation-Cheat-Sheet.jsonl (0.05 MB)
2025-10-23 22:59:01,606 - WARNING - Rate limited on swisskyrepo/PayloadsAllTheThings, waiting...
2025-10-23 22:59:01,637 - WARNING - Rate limited on HackTricks-wiki/hacktricks, waiting...
2025-10-23 22:59:03,383 - INFO - Saved 22 unique items to github_Privilege-Escalation.jsonl (0.08 MB)
2025-10-23 22:59:03,413 - WARNING - Rate limited on carlospolop/PEASS-ng, waiting...
2025-10-23 22:59:03,661 - WARNING - Rate limited on OWASP/CheatSheetSeries, waiting...
2025-10-23 22:59:13,122 - INFO - Saved 14 unique items to github_tbhm.jsonl (17.15 MB)
2025-10-23 22:59:20,249 - WARNING - Rate limited on pwndbg/pwndbg, waiting...
2025-10-23 23:00:01,687 - WARNING - Rate limited on swisskyrepo/PayloadsAllTheThings, waiting...
2025-10-23 23:00:01,712 - WARNING - Rate limited on HackTricks-wiki/hacktricks, waiting...
2025-10-23 23:00:03,503 - WARNING - Rate limited on carlospolop/PEASS-ng, waiting...
2025-10-23 23:00:03,750 - WARNING - Rate limited on OWASP/CheatSheetSeries, waiting...
2025-10-23 23:00:20,533 - WARNING - Rate limited on pwndbg/pwndbg, waiting...
2025-10-23 23:01:01,776 - WARNING - Rate limited on swisskyrepo/PayloadsAllTheThings, waiting...
2025-10-23 23:01:01,808 - WARNING - Rate limited on HackTricks-wiki/hacktricks, waiting...
2025-10-23 23:01:05,328 - WARNING - Rate limited on carlospolop/PEASS-ng, waiting...
2025-10-23 23:01:16,358 - WARNING - Rate limited on OWASP/CheatSheetSeries, waiting...
2025-10-23 23:01:22,217 - WARNING - Rate limited on pwndbg/pwndbg, waiting...
2025-10-23 23:02:02,711 - WARNING - Rate limited on swisskyrepo/PayloadsAllTheThings, waiting...
2025-10-23 23:02:05,415 - WARNING - Rate limited on carlospolop/PEASS-ng, waiting...
2025-10-23 23:02:05,857 - WARNING - Rate limited on HackTricks-wiki/hacktricks, waiting...
2025-10-23 23:02:16,444 - WARNING - Rate limited on OWASP/CheatSheetSeries, waiting...
2025-10-23 23:02:22,572 - WARNING - Rate limited on pwndbg/pwndbg, waiting...
2025-10-23 23:03:07,187 - WARNING - Rate limited on carlospolop/PEASS-ng, waiting...
2025-10-23 23:03:07,359 - WARNING - Rate limited on swisskyrepo/PayloadsAllTheThings, waiting...
2025-10-23 23:03:10,744 - WARNING - Rate limited on HackTricks-wiki/hacktricks, waiting...
2025-10-23 23:03:20,336 - WARNING - Rate limited on OWASP/CheatSheetSeries, waiting...
2025-10-23 23:03:23,424 - WARNING - Rate limited on pwndbg/pwndbg, waiting...
2025-10-23 23:04:07,275 - WARNING - Rate limited on carlospolop/PEASS-ng, waiting...
2025-10-23 23:04:07,453 - WARNING - Rate limited on swisskyrepo/PayloadsAllTheThings, waiting...
2025-10-23 23:04:10,834 - WARNING - Rate limited on HackTricks-wiki/hacktricks, waiting...
2025-10-23 23:04:21,467 - INFO - Saved 133 unique items to github_CheatSheetSeries.jsonl (2.33 MB)
2025-10-23 23:04:21,495 - WARNING - Rate limited on offensive-security/exploitdb, waiting...
2025-10-23 23:04:23,516 - WARNING - Rate limited on pwndbg/pwndbg, waiting...
2025-10-23 23:05:07,562 - WARNING - Rate limited on carlospolop/PEASS-ng, waiting...
2025-10-23 23:05:10,352 - WARNING - Rate limited on swisskyrepo/PayloadsAllTheThings, waiting...
2025-10-23 23:05:10,909 - WARNING - Rate limited on HackTricks-wiki/hacktricks, waiting...
2025-10-23 23:05:22,897 - WARNING - Rate limited on rapid7/metasploit-framework, waiting...
2025-10-23 23:05:27,159 - WARNING - Rate limited on pwndbg/pwndbg, waiting...
2025-10-23 23:06:08,103 - WARNING - Rate limited on carlospolop/PEASS-ng, waiting...
2025-10-23 23:06:13,306 - WARNING - Rate limited on swisskyrepo/PayloadsAllTheThings, waiting...
2025-10-23 23:06:14,836 - WARNING - Rate limited on HackTricks-wiki/hacktricks, waiting...
2025-10-23 23:06:32,454 - WARNING - Rate limited on rapid7/metasploit-framework, waiting...
2025-10-23 23:06:52,553 - WARNING - Rate limited on pwndbg/pwndbg, waiting...
2025-10-23 23:07:08,418 - WARNING - Rate limited on carlospolop/PEASS-ng, waiting...
2025-10-23 23:07:15,947 - WARNING - Rate limited on swisskyrepo/PayloadsAllTheThings, waiting...
2025-10-23 23:07:16,843 - WARNING - Rate limited on HackTricks-wiki/hacktricks, waiting...
2025-10-23 23:07:33,457 - WARNING - Rate limited on rapid7/metasploit-framework, waiting...
2025-10-23 23:07:52,635 - WARNING - Rate limited on pwndbg/pwndbg, waiting...
2025-10-23 23:08:09,587 - WARNING - Rate limited on carlospolop/PEASS-ng, waiting...
2025-10-23 23:08:17,635 - WARNING - Rate limited on swisskyrepo/PayloadsAllTheThings, waiting...
2025-10-23 23:08:20,678 - WARNING - Rate limited on HackTricks-wiki/hacktricks, waiting...
2025-10-23 23:08:34,895 - WARNING - Rate limited on rapid7/metasploit-framework, waiting...
2025-10-23 23:08:54,911 - WARNING - Rate limited on pwndbg/pwndbg, waiting...
2025-10-23 23:09:09,670 - WARNING - Rate limited on carlospolop/PEASS-ng, waiting...
2025-10-23 23:09:18,408 - WARNING - Rate limited on swisskyrepo/PayloadsAllTheThings, waiting...
2025-10-23 23:09:20,753 - WARNING - Rate limited on HackTricks-wiki/hacktricks, waiting...
2025-10-23 23:09:36,359 - WARNING - Rate limited on rapid7/metasploit-framework, waiting...
2025-10-23 23:09:54,986 - WARNING - Rate limited on pwndbg/pwndbg, waiting...
2025-10-23 23:10:10,736 - WARNING - Rate limited on carlospolop/PEASS-ng, waiting...
2025-10-23 23:10:18,506 - WARNING - Rate limited on swisskyrepo/PayloadsAllTheThings, waiting...
2025-10-23 23:10:20,994 - WARNING - Rate limited on HackTricks-wiki/hacktricks, waiting...
2025-10-23 23:10:36,616 - WARNING - Rate limited on rapid7/metasploit-framework, waiting...
2025-10-23 23:11:00,387 - WARNING - Rate limited on pwndbg/pwndbg, waiting...
2025-10-23 23:11:10,969 - WARNING - Rate limited on carlospolop/PEASS-ng, waiting...
2025-10-23 23:11:18,861 - WARNING - Rate limited on swisskyrepo/PayloadsAllTheThings, waiting...
2025-10-23 23:11:22,642 - WARNING - Rate limited on HackTricks-wiki/hacktricks, waiting...
2025-10-23 23:11:39,014 - WARNING - Rate limited on rapid7/metasploit-framework, waiting...
2025-10-23 23:12:01,655 - WARNING - Rate limited on pwndbg/pwndbg, waiting...
2025-10-23 23:12:11,274 - WARNING - Rate limited on carlospolop/PEASS-ng, waiting...
2025-10-23 23:12:19,244 - WARNING - Rate limited on swisskyrepo/PayloadsAllTheThings, waiting...
2025-10-23 23:12:22,732 - WARNING - Rate limited on HackTricks-wiki/hacktricks, waiting...
2025-10-23 23:12:39,253 - WARNING - Rate limited on rapid7/metasploit-framework, waiting...
2025-10-23 23:13:02,333 - WARNING - Rate limited on pwndbg/pwndbg, waiting...
2025-10-23 23:13:11,536 - WARNING - Rate limited on carlospolop/PEASS-ng, waiting...
2025-10-23 23:13:19,499 - WARNING - Rate limited on swisskyrepo/PayloadsAllTheThings, waiting...
2025-10-23 23:13:22,813 - WARNING - Rate limited on HackTricks-wiki/hacktricks, waiting...
2025-10-23 23:13:40,034 - WARNING - Rate limited on rapid7/metasploit-framework, waiting...
2025-10-23 23:14:02,956 - WARNING - Rate limited on pwndbg/pwndbg, waiting...
2025-10-23 23:14:12,373 - WARNING - Rate limited on carlospolop/PEASS-ng, waiting...
2025-10-23 23:14:20,726 - WARNING - Rate limited on swisskyrepo/PayloadsAllTheThings, waiting...
2025-10-23 23:14:25,255 - WARNING - Rate limited on HackTricks-wiki/hacktricks, waiting...
2025-10-23 23:14:40,445 - WARNING - Rate limited on rapid7/metasploit-framework, waiting...
2025-10-24 03:36:18,168 - INFO - Saved 246 unique items to github_pwndbg.jsonl (0.44 MB)
2025-10-24 03:36:27,083 - INFO - Saved 17 unique items to github_PEASS-ng.jsonl (0.07 MB)
2025-10-24 03:36:33,654 - INFO - Saved 1 unique items to github_PoC-in-GitHub.jsonl (4.10 MB)
2025-10-24 03:36:46,064 - INFO - Saved 198 unique items to github_PayloadsAllTheThings.jsonl (4.43 MB)
2025-10-24 03:36:49,840 - INFO - Saved 5 unique items to github_awesome-web-security.jsonl (0.24 MB)
2025-10-24 03:36:50,751 - INFO - Saved 1 unique items to github_awesome-web-hacking.jsonl (0.02 MB)
2025-10-24 03:36:56,635 - INFO - Saved 19 unique items to github_bugbounty-cheatsheet.jsonl (0.05 MB)
2025-10-24 03:37:02,810 - INFO - Saved 500 unique items to github_hacktricks.jsonl (5.67 MB)
2025-10-24 03:37:35,009 - INFO - Saved 93 unique items to github_HowToHunt.jsonl (6.25 MB)
2025-10-24 03:37:42,698 - INFO - Saved 500 unique items to github_cve.jsonl (0.43 MB)
2025-10-24 03:37:46,185 - INFO - Saved 169 unique items to github_wstg.jsonl (1.32 MB)
2025-10-24 03:37:48,102 - WARNING - Rate limited on cujanovic/SSRF-Testing, waiting...
2025-10-24 03:37:49,020 - WARNING - Rate limited on OWASP/ASVS, waiting...
2025-10-24 03:37:50,912 - INFO - Saved 3 unique items to github_jwt_tool.jsonl (0.01 MB)
2025-10-24 03:37:51,498 - INFO - Saved 1 unique items to github_bug-bounty-reference.jsonl (0.03 MB)
2025-10-24 03:37:53,133 - WARNING - Rate limited on rapid7/metasploit-framework, waiting...
2025-10-24 03:37:53,276 - INFO - Saved 3 unique items to github_awesome-bug-bounty.jsonl (0.03 MB)
2025-10-24 03:37:53,338 - WARNING - Rate limited on Penetration-Testing-Study-Notes/Bug-Bounty-Notes, waiting...
2025-10-24 03:38:03,115 - WARNING - Rate limited on projectdiscovery/nuclei-templates, waiting...
2025-10-24 03:38:49,439 - WARNING - Rate limited on OWASP/ASVS, waiting...
2025-10-24 03:38:50,201 - WARNING - Rate limited on cujanovic/SSRF-Testing, waiting...
2025-10-24 03:38:53,413 - WARNING - Rate limited on Penetration-Testing-Study-Notes/Bug-Bounty-Notes, waiting...
2025-10-24 03:38:55,936 - WARNING - Rate limited on rapid7/metasploit-framework, waiting...
2025-10-24 03:39:03,196 - WARNING - Rate limited on projectdiscovery/nuclei-templates, waiting...
2025-10-24 03:39:53,413 - INFO - Saved 3 unique items to github_SSRF-Testing.jsonl (0.04 MB)
2025-10-24 03:39:55,241 - INFO - Saved 4 unique items to github_Bug-bounty.jsonl (0.02 MB)
2025-10-24 03:39:58,246 - WARNING - Rate limited on p4-team/ctf, waiting...
2025-10-24 03:39:59,776 - WARNING - Rate limited on rapid7/metasploit-framework, waiting...
2025-10-24 03:40:02,322 - WARNING - Rate limited on ctf-wiki/ctf-wiki, waiting...
2025-10-24 03:40:03,276 - WARNING - Rate limited on projectdiscovery/nuclei-templates, waiting...
2025-10-24 03:40:06,007 - WARNING - Rate limited on OWASP/ASVS, waiting...
2025-10-24 03:41:00,493 - WARNING - Rate limited on p4-team/ctf, waiting...
2025-10-24 03:41:02,857 - WARNING - Rate limited on ctf-wiki/ctf-wiki, waiting...
2025-10-24 03:41:03,532 - WARNING - Rate limited on projectdiscovery/nuclei-templates, waiting...
2025-10-24 03:41:03,615 - WARNING - Rate limited on rapid7/metasploit-framework, waiting...
2025-10-24 03:41:13,564 - WARNING - Rate limited on OWASP/ASVS, waiting...
2025-10-24 03:42:02,181 - WARNING - Rate limited on p4-team/ctf, waiting...
2025-10-24 03:42:03,267 - WARNING - Rate limited on ctf-wiki/ctf-wiki, waiting...
2025-10-24 03:42:03,879 - WARNING - Rate limited on rapid7/metasploit-framework, waiting...
2025-10-24 03:42:04,414 - WARNING - Rate limited on projectdiscovery/nuclei-templates, waiting...
2025-10-24 03:42:13,808 - WARNING - Rate limited on OWASP/ASVS, waiting...
2025-10-24 03:43:02,549 - WARNING - Rate limited on p4-team/ctf, waiting...
2025-10-24 03:43:03,349 - WARNING - Rate limited on ctf-wiki/ctf-wiki, waiting...
2025-10-24 03:43:03,970 - WARNING - Rate limited on rapid7/metasploit-framework, waiting...
2025-10-24 03:43:05,199 - WARNING - Rate limited on projectdiscovery/nuclei-templates, waiting...
2025-10-24 03:43:14,263 - WARNING - Rate limited on OWASP/ASVS, waiting...
2025-10-24 03:44:03,231 - WARNING - Rate limited on p4-team/ctf, waiting...
2025-10-24 03:44:04,047 - WARNING - Rate limited on ctf-wiki/ctf-wiki, waiting...
2025-10-24 03:44:04,371 - WARNING - Rate limited on rapid7/metasploit-framework, waiting...
2025-10-24 03:44:05,494 - WARNING - Rate limited on projectdiscovery/nuclei-templates, waiting...
2025-10-24 03:44:14,516 - WARNING - Rate limited on OWASP/ASVS, waiting...
2025-10-24 03:45:04,621 - WARNING - Rate limited on rapid7/metasploit-framework, waiting...
2025-10-24 03:45:04,805 - WARNING - Rate limited on ctf-wiki/ctf-wiki, waiting...
2025-10-24 03:45:05,576 - WARNING - Rate limited on projectdiscovery/nuclei-templates, waiting...
2025-10-24 03:45:05,879 - WARNING - Rate limited on p4-team/ctf, waiting...
2025-10-24 03:45:18,622 - WARNING - Rate limited on OWASP/ASVS, waiting...
2025-10-24 03:46:05,412 - WARNING - Rate limited on rapid7/metasploit-framework, waiting...
2025-10-24 03:46:05,959 - WARNING - Rate limited on p4-team/ctf, waiting...
2025-10-24 03:46:06,151 - WARNING - Rate limited on projectdiscovery/nuclei-templates, waiting...
2025-10-24 03:46:07,753 - WARNING - Rate limited on ctf-wiki/ctf-wiki, waiting...
2025-10-24 03:46:22,738 - WARNING - Rate limited on OWASP/ASVS, waiting...
2025-10-24 03:47:06,068 - WARNING - Rate limited on p4-team/ctf, waiting...
2025-10-24 03:47:06,258 - WARNING - Rate limited on projectdiscovery/nuclei-templates, waiting...
2025-10-24 03:47:06,866 - WARNING - Rate limited on rapid7/metasploit-framework, waiting...
2025-10-24 03:47:07,844 - WARNING - Rate limited on ctf-wiki/ctf-wiki, waiting...
2025-10-24 03:47:22,817 - WARNING - Rate limited on OWASP/ASVS, waiting...
2025-10-24 03:48:06,157 - WARNING - Rate limited on p4-team/ctf, waiting...
2025-10-24 03:48:06,511 - WARNING - Rate limited on projectdiscovery/nuclei-templates, waiting...
2025-10-24 03:48:07,350 - WARNING - Rate limited on rapid7/metasploit-framework, waiting...
2025-10-24 03:48:08,230 - WARNING - Rate limited on ctf-wiki/ctf-wiki, waiting...
2025-10-24 03:48:27,687 - WARNING - Rate limited on OWASP/ASVS, waiting...
2025-10-24 03:49:10,554 - WARNING - Rate limited on p4-team/ctf, waiting...
2025-10-24 03:49:11,831 - WARNING - Rate limited on projectdiscovery/nuclei-templates, waiting...
2025-10-24 03:49:12,027 - WARNING - Rate limited on rapid7/metasploit-framework, waiting...
2025-10-24 03:49:15,546 - WARNING - Rate limited on ctf-wiki/ctf-wiki, waiting...
2025-10-24 03:49:27,774 - WARNING - Rate limited on OWASP/ASVS, waiting...
2025-10-24 03:50:10,660 - WARNING - Rate limited on p4-team/ctf, waiting...
2025-10-24 03:50:12,065 - WARNING - Rate limited on projectdiscovery/nuclei-templates, waiting...
2025-10-24 03:50:12,115 - WARNING - Rate limited on rapid7/metasploit-framework, waiting...
2025-10-24 03:50:15,651 - WARNING - Rate limited on ctf-wiki/ctf-wiki, waiting...
2025-10-24 03:50:36,522 - WARNING - Rate limited on OWASP/ASVS, waiting...
2025-10-24 03:51:10,746 - WARNING - Rate limited on p4-team/ctf, waiting...
2025-10-24 03:51:12,507 - WARNING - Rate limited on projectdiscovery/nuclei-templates, waiting...
2025-10-24 03:51:13,186 - WARNING - Rate limited on rapid7/metasploit-framework, waiting...
2025-10-24 03:51:17,393 - WARNING - Rate limited on ctf-wiki/ctf-wiki, waiting...
2025-10-24 03:51:36,789 - WARNING - Rate limited on OWASP/ASVS, waiting...
2025-10-24 03:52:11,412 - WARNING - Rate limited on p4-team/ctf, waiting...
2025-10-24 03:52:12,967 - WARNING - Rate limited on projectdiscovery/nuclei-templates, waiting...
2025-10-24 03:52:16,941 - WARNING - Rate limited on rapid7/metasploit-framework, waiting...
2025-10-24 03:52:17,684 - WARNING - Rate limited on ctf-wiki/ctf-wiki, waiting...
2025-10-24 03:52:37,429 - INFO - Saved 315 unique items to github_ASVS.jsonl (3.35 MB)
2025-10-24 03:52:37,835 - WARNING - Rate limited on VulnHub/CTF-Writeups, waiting...
2025-10-24 03:53:12,126 - WARNING - Rate limited on p4-team/ctf, waiting...
2025-10-24 03:53:13,043 - WARNING - Rate limited on projectdiscovery/nuclei-templates, waiting...
2025-10-24 03:53:17,359 - WARNING - Rate limited on rapid7/metasploit-framework, waiting...
2025-10-24 03:53:17,756 - WARNING - Rate limited on ctf-wiki/ctf-wiki, waiting...
2025-10-24 03:53:38,330 - WARNING - Rate limited on VulnHub/CTF-Writeups, waiting...
2025-10-24 03:54:12,525 - WARNING - Rate limited on p4-team/ctf, waiting...
2025-10-24 03:54:13,951 - WARNING - Rate limited on projectdiscovery/nuclei-templates, waiting...
2025-10-24 03:54:17,845 - WARNING - Rate limited on ctf-wiki/ctf-wiki, waiting...
2025-10-24 03:54:18,194 - WARNING - Rate limited on rapid7/metasploit-framework, waiting...
2025-10-24 03:54:38,402 - WARNING - Rate limited on VulnHub/CTF-Writeups, waiting...
2025-10-24 03:55:12,891 - WARNING - Rate limited on p4-team/ctf, waiting...
2025-10-24 03:55:14,793 - WARNING - Rate limited on projectdiscovery/nuclei-templates, waiting...
2025-10-24 03:55:18,475 - WARNING - Rate limited on ctf-wiki/ctf-wiki, waiting...
2025-10-24 03:55:18,928 - WARNING - Rate limited on rapid7/metasploit-framework, waiting...
2025-10-24 03:55:38,489 - WARNING - Rate limited on VulnHub/CTF-Writeups, waiting...
2025-10-24 03:56:12,970 - WARNING - Rate limited on p4-team/ctf, waiting...
2025-10-24 03:56:15,029 - WARNING - Rate limited on projectdiscovery/nuclei-templates, waiting...
2025-10-24 03:56:18,553 - WARNING - Rate limited on ctf-wiki/ctf-wiki, waiting...
2025-10-24 03:56:19,187 - WARNING - Rate limited on rapid7/metasploit-framework, waiting...
2025-10-24 03:56:42,767 - WARNING - Rate limited on VulnHub/CTF-Writeups, waiting...
2025-10-24 03:57:13,357 - WARNING - Rate limited on p4-team/ctf, waiting...
2025-10-24 03:57:15,112 - WARNING - Rate limited on projectdiscovery/nuclei-templates, waiting...
2025-10-24 03:57:18,648 - WARNING - Rate limited on ctf-wiki/ctf-wiki, waiting...
2025-10-24 03:57:19,267 - WARNING - Rate limited on rapid7/metasploit-framework, waiting...
2025-10-24 03:57:44,146 - WARNING - Rate limited on VulnHub/CTF-Writeups, waiting...
2025-10-24 03:58:14,556 - WARNING - Rate limited on p4-team/ctf, waiting...
2025-10-24 03:58:15,495 - WARNING - Rate limited on projectdiscovery/nuclei-templates, waiting...
2025-10-24 03:58:18,859 - WARNING - Rate limited on ctf-wiki/ctf-wiki, waiting...
2025-10-24 03:58:19,629 - WARNING - Rate limited on rapid7/metasploit-framework, waiting...
2025-10-24 03:58:52,153 - WARNING - Rate limited on VulnHub/CTF-Writeups, waiting...
2025-10-24 03:59:15,170 - WARNING - Rate limited on p4-team/ctf, waiting...
2025-10-24 03:59:15,563 - WARNING - Rate limited on projectdiscovery/nuclei-templates, waiting...
2025-10-24 03:59:19,498 - WARNING - Rate limited on ctf-wiki/ctf-wiki, waiting...
2025-10-24 03:59:19,715 - WARNING - Rate limited on rapid7/metasploit-framework, waiting...
2025-10-24 03:59:52,233 - WARNING - Rate limited on VulnHub/CTF-Writeups, waiting...
2025-10-24 04:00:15,249 - WARNING - Rate limited on p4-team/ctf, waiting...
2025-10-24 04:00:15,790 - WARNING - Rate limited on projectdiscovery/nuclei-templates, waiting...
2025-10-24 04:00:19,591 - WARNING - Rate limited on ctf-wiki/ctf-wiki, waiting...
2025-10-24 04:00:19,965 - WARNING - Rate limited on rapid7/metasploit-framework, waiting...
2025-10-24 04:00:52,470 - WARNING - Rate limited on VulnHub/CTF-Writeups, waiting...
2025-10-24 04:01:15,330 - WARNING - Rate limited on p4-team/ctf, waiting...
2025-10-24 04:01:16,237 - WARNING - Rate limited on projectdiscovery/nuclei-templates, waiting...
2025-10-24 04:01:19,679 - WARNING - Rate limited on ctf-wiki/ctf-wiki, waiting...
2025-10-24 04:01:20,180 - WARNING - Rate limited on rapid7/metasploit-framework, waiting...
2025-10-24 04:01:53,581 - WARNING - Rate limited on VulnHub/CTF-Writeups, waiting...
2025-10-24 04:02:15,720 - WARNING - Rate limited on p4-team/ctf, waiting...
2025-10-24 04:02:16,629 - WARNING - Rate limited on projectdiscovery/nuclei-templates, waiting...
2025-10-24 04:02:20,157 - WARNING - Rate limited on ctf-wiki/ctf-wiki, waiting...
2025-10-24 04:02:20,252 - WARNING - Rate limited on rapid7/metasploit-framework, waiting...
2025-10-24 04:02:53,663 - WARNING - Rate limited on VulnHub/CTF-Writeups, waiting...
2025-10-24 11:28:36,720 - INFO - Saved 463 unique items to github_metasploit-framework.jsonl (7.30 MB)
2025-10-24 11:29:06,265 - INFO - Saved 44 unique items to github_ctf-writeups.jsonl (0.05 MB)
2025-10-24 11:29:08,227 - WARNING - Rate limited on VulnHub/CTF-Writeups, waiting...
2025-10-24 11:29:10,717 - WARNING - Rate limited on projectdiscovery/nuclei-templates, waiting...
2025-10-24 11:29:10,797 - WARNING - Rate limited on p4-team/ctf, waiting...
2025-10-24 11:29:11,212 - WARNING - Rate limited on Dvd848/CTFs, waiting...
2025-10-24 11:29:11,640 - WARNING - Rate limited on ctf-wiki/ctf-wiki, waiting...
2025-10-24 11:30:15,337 - INFO - Saved 210 unique items to github_ctf-wiki.jsonl (1.36 MB)
2025-10-24 11:30:23,378 - WARNING - Rate limited on VulnHub/CTF-Writeups, waiting...
2025-10-24 11:30:23,655 - WARNING - Rate limited on Aurel300/empirectf, waiting...
2025-10-24 11:30:25,874 - WARNING - Rate limited on projectdiscovery/nuclei-templates, waiting...
2025-10-24 11:30:28,952 - WARNING - Rate limited on Dvd848/CTFs, waiting...
2025-10-24 11:30:30,374 - WARNING - Rate limited on p4-team/ctf, waiting...
2025-10-24 11:31:23,995 - WARNING - Rate limited on VulnHub/CTF-Writeups, waiting...
2025-10-24 11:31:24,002 - WARNING - Rate limited on Aurel300/empirectf, waiting...
2025-10-24 11:31:28,111 - WARNING - Rate limited on projectdiscovery/nuclei-templates, waiting...
2025-10-24 11:31:29,042 - WARNING - Rate limited on Dvd848/CTFs, waiting...
2025-10-24 11:31:31,272 - WARNING - Rate limited on p4-team/ctf, waiting...
2025-10-24 11:32:24,081 - WARNING - Rate limited on VulnHub/CTF-Writeups, waiting...
2025-10-24 11:32:24,329 - WARNING - Rate limited on Aurel300/empirectf, waiting...
2025-10-24 11:32:29,754 - WARNING - Rate limited on projectdiscovery/nuclei-templates, waiting...
2025-10-24 11:32:32,878 - WARNING - Rate limited on p4-team/ctf, waiting...
2025-10-24 11:32:36,631 - WARNING - Rate limited on Dvd848/CTFs, waiting...
2025-10-24 11:33:24,179 - WARNING - Rate limited on VulnHub/CTF-Writeups, waiting...
2025-10-24 11:33:24,656 - WARNING - Rate limited on Aurel300/empirectf, waiting...
2025-10-24 11:33:29,852 - WARNING - Rate limited on projectdiscovery/nuclei-templates, waiting...
2025-10-24 11:33:35,686 - WARNING - Rate limited on p4-team/ctf, waiting...
2025-10-24 11:33:37,723 - WARNING - Rate limited on Dvd848/CTFs, waiting...
2025-10-24 11:34:24,462 - WARNING - Rate limited on VulnHub/CTF-Writeups, waiting...
2025-10-24 11:34:25,107 - WARNING - Rate limited on Aurel300/empirectf, waiting...
2025-10-24 11:34:30,213 - WARNING - Rate limited on projectdiscovery/nuclei-templates, waiting...
2025-10-24 11:34:34,659 - INFO - Saved 1 unique items to github_Active-Directory-Exploitation-Cheat-Sheet.jsonl (0.05 MB)
2025-10-24 11:34:42,959 - INFO - Saved 22 unique items to github_Privilege-Escalation.jsonl (0.08 MB)
2025-10-24 11:34:52,666 - INFO - Saved 14 unique items to github_tbhm.jsonl (17.15 MB)
2025-10-24 11:35:05,676 - INFO - Saved 133 unique items to github_CheatSheetSeries.jsonl (2.33 MB)
2025-10-24 11:35:26,569 - INFO - Saved 17 unique items to github_PEASS-ng.jsonl (0.07 MB)
2025-10-24 11:35:43,569 - INFO - Saved 1 unique items to github_PoC-in-GitHub.jsonl (4.10 MB)
2025-10-24 11:35:48,480 - INFO - Saved 201 unique items to github_PayloadsAllTheThings.jsonl (4.45 MB)
2025-10-24 11:36:02,173 - INFO - Saved 246 unique items to github_pwndbg.jsonl (0.44 MB)
2025-10-24 11:36:06,205 - INFO - Saved 5 unique items to github_awesome-web-security.jsonl (0.24 MB)
2025-10-24 11:36:07,162 - INFO - Saved 1 unique items to github_awesome-web-hacking.jsonl (0.02 MB)
2025-10-24 11:36:12,163 - INFO - Saved 19 unique items to github_bugbounty-cheatsheet.jsonl (0.05 MB)
2025-10-24 11:36:17,136 - INFO - Saved 500 unique items to github_hacktricks.jsonl (5.70 MB)
2025-10-24 11:36:52,092 - INFO - Saved 93 unique items to github_HowToHunt.jsonl (6.25 MB)
2025-10-24 11:37:02,144 - INFO - Saved 500 unique items to github_cve.jsonl (0.43 MB)
2025-10-24 11:37:07,314 - INFO - Saved 169 unique items to github_wstg.jsonl (1.32 MB)
2025-10-24 11:37:12,195 - INFO - Saved 3 unique items to github_jwt_tool.jsonl (0.01 MB)
2025-10-24 11:37:12,859 - INFO - Saved 1 unique items to github_bug-bounty-reference.jsonl (0.03 MB)
2025-10-24 11:37:14,059 - INFO - Saved 3 unique items to github_SSRF-Testing.jsonl (0.04 MB)
2025-10-24 11:37:14,682 - INFO - Saved 3 unique items to github_awesome-bug-bounty.jsonl (0.03 MB)
2025-10-24 11:37:17,013 - INFO - Saved 4 unique items to github_Bug-bounty.jsonl (0.02 MB)
2025-10-24 11:37:58,101 - INFO - Saved 315 unique items to github_ASVS.jsonl (3.35 MB)
2025-10-24 11:38:18,294 - INFO - Saved 463 unique items to github_metasploit-framework.jsonl (7.30 MB)
2025-10-24 11:38:47,440 - INFO - Saved 214 unique items to github_ctf-wiki.jsonl (1.38 MB)
2025-10-24 11:38:48,615 - INFO - Saved 44 unique items to github_ctf-writeups.jsonl (0.05 MB)
2025-10-24 11:39:30,861 - INFO - Saved 374 unique items to github_CTF-Writeups.jsonl (1.55 MB)
2025-10-24 11:39:38,119 - INFO - Saved 59 unique items to github_empirectf.jsonl (1.65 MB)
2025-10-24 11:39:41,129 - INFO - Saved 3 unique items to github_my-arsenal-of-aws-security-tools.jsonl (0.21 MB)
2025-10-24 11:39:51,988 - INFO - Saved 36 unique items to github_nuclei-templates.jsonl (5.79 MB)
2025-10-24 11:40:02,992 - INFO - Saved 53 unique items to github_cloudgoat.jsonl (0.18 MB)
2025-10-24 11:40:17,007 - WARNING - Rate limited on p4-team/ctf, waiting...
2025-10-24 11:40:17,019 - WARNING - Rate limited on Dvd848/CTFs, waiting...
2025-10-24 11:40:17,187 - WARNING - Rate limited on aquasecurity/tfsec, waiting...
2025-10-24 11:40:17,222 - WARNING - Rate limited on bridgecrewio/checkov, waiting...
2025-10-24 11:40:17,665 - WARNING - Rate limited on Azure/Azure-Security-Center, waiting...
2025-10-24 11:41:17,151 - WARNING - Rate limited on p4-team/ctf, waiting...
2025-10-24 11:41:17,163 - WARNING - Rate limited on Dvd848/CTFs, waiting...
2025-10-24 11:41:17,364 - WARNING - Rate limited on bridgecrewio/checkov, waiting...
2025-10-24 11:41:17,376 - WARNING - Rate limited on aquasecurity/tfsec, waiting...
2025-10-24 11:41:17,792 - WARNING - Rate limited on Azure/Azure-Security-Center, waiting...
2025-10-24 11:42:17,289 - WARNING - Rate limited on Dvd848/CTFs, waiting...
2025-10-24 11:42:17,315 - WARNING - Rate limited on p4-team/ctf, waiting...
2025-10-24 11:42:17,511 - WARNING - Rate limited on bridgecrewio/checkov, waiting...
2025-10-24 11:42:17,519 - WARNING - Rate limited on aquasecurity/tfsec, waiting...
2025-10-24 11:42:17,913 - WARNING - Rate limited on Azure/Azure-Security-Center, waiting...
2025-10-24 11:43:17,646 - WARNING - Rate limited on aquasecurity/tfsec, waiting...
2025-10-24 11:43:17,667 - WARNING - Rate limited on bridgecrewio/checkov, waiting...
2025-10-24 11:43:17,706 - WARNING - Rate limited on Dvd848/CTFs, waiting...
2025-10-24 11:43:17,739 - WARNING - Rate limited on p4-team/ctf, waiting...
2025-10-24 11:43:18,345 - WARNING - Rate limited on Azure/Azure-Security-Center, waiting...
2025-10-24 11:44:17,791 - WARNING - Rate limited on aquasecurity/tfsec, waiting...
2025-10-24 11:44:17,800 - WARNING - Rate limited on bridgecrewio/checkov, waiting...
2025-10-24 11:44:17,835 - WARNING - Rate limited on Dvd848/CTFs, waiting...
2025-10-24 11:44:17,860 - WARNING - Rate limited on p4-team/ctf, waiting...
2025-10-24 11:44:18,464 - WARNING - Rate limited on Azure/Azure-Security-Center, waiting...
2025-10-24 11:45:17,924 - WARNING - Rate limited on aquasecurity/tfsec, waiting...
2025-10-24 11:45:17,935 - WARNING - Rate limited on bridgecrewio/checkov, waiting...
2025-10-24 11:45:17,965 - WARNING - Rate limited on Dvd848/CTFs, waiting...
2025-10-24 11:45:17,993 - WARNING - Rate limited on p4-team/ctf, waiting...
2025-10-24 11:45:18,581 - WARNING - Rate limited on Azure/Azure-Security-Center, waiting...
2025-10-24 11:46:18,054 - WARNING - Rate limited on aquasecurity/tfsec, waiting...
2025-10-24 11:46:18,082 - WARNING - Rate limited on bridgecrewio/checkov, waiting...
2025-10-24 11:46:18,396 - WARNING - Rate limited on Dvd848/CTFs, waiting...
2025-10-24 11:46:18,431 - WARNING - Rate limited on p4-team/ctf, waiting...
2025-10-24 11:46:19,012 - WARNING - Rate limited on Azure/Azure-Security-Center, waiting...
2025-10-24 11:47:18,184 - WARNING - Rate limited on aquasecurity/tfsec, waiting...
2025-10-24 11:47:18,228 - WARNING - Rate limited on bridgecrewio/checkov, waiting...
2025-10-24 11:47:18,512 - WARNING - Rate limited on Dvd848/CTFs, waiting...
2025-10-24 11:47:18,553 - WARNING - Rate limited on p4-team/ctf, waiting...
2025-10-24 11:47:19,145 - WARNING - Rate limited on Azure/Azure-Security-Center, waiting...
2025-10-24 11:48:18,318 - WARNING - Rate limited on aquasecurity/tfsec, waiting...
2025-10-24 11:48:18,347 - WARNING - Rate limited on bridgecrewio/checkov, waiting...
2025-10-24 11:48:18,654 - WARNING - Rate limited on Dvd848/CTFs, waiting...
2025-10-24 11:48:18,687 - WARNING - Rate limited on p4-team/ctf, waiting...
2025-10-24 11:48:19,285 - WARNING - Rate limited on Azure/Azure-Security-Center, waiting...
2025-10-24 11:49:18,509 - WARNING - Rate limited on aquasecurity/tfsec, waiting...
2025-10-24 11:49:18,553 - WARNING - Rate limited on bridgecrewio/checkov, waiting...
2025-10-24 11:49:19,113 - WARNING - Rate limited on Dvd848/CTFs, waiting...
2025-10-24 11:49:19,147 - WARNING - Rate limited on p4-team/ctf, waiting...
2025-10-24 11:49:19,721 - WARNING - Rate limited on Azure/Azure-Security-Center, waiting...
2025-10-24 11:50:18,640 - WARNING - Rate limited on aquasecurity/tfsec, waiting...
2025-10-24 11:50:18,689 - WARNING - Rate limited on bridgecrewio/checkov, waiting...
2025-10-24 11:50:19,238 - WARNING - Rate limited on Dvd848/CTFs, waiting...
2025-10-24 11:50:19,272 - WARNING - Rate limited on p4-team/ctf, waiting...
2025-10-24 11:50:19,927 - WARNING - Rate limited on Azure/Azure-Security-Center, waiting...
2025-10-24 11:51:18,789 - WARNING - Rate limited on aquasecurity/tfsec, waiting...
2025-10-24 11:51:18,869 - WARNING - Rate limited on bridgecrewio/checkov, waiting...
2025-10-24 11:51:19,393 - WARNING - Rate limited on Dvd848/CTFs, waiting...
2025-10-24 11:51:19,438 - WARNING - Rate limited on p4-team/ctf, waiting...
2025-10-24 11:51:20,050 - WARNING - Rate limited on Azure/Azure-Security-Center, waiting...
2025-10-24 11:52:18,956 - WARNING - Rate limited on aquasecurity/tfsec, waiting...
2025-10-24 11:52:19,003 - WARNING - Rate limited on bridgecrewio/checkov, waiting...
2025-10-24 11:52:19,830 - WARNING - Rate limited on Dvd848/CTFs, waiting...
2025-10-24 11:52:19,885 - WARNING - Rate limited on p4-team/ctf, waiting...
2025-10-24 11:52:20,524 - WARNING - Rate limited on Azure/Azure-Security-Center, waiting...
2025-10-24 11:53:19,100 - WARNING - Rate limited on aquasecurity/tfsec, waiting...
2025-10-24 11:53:19,126 - WARNING - Rate limited on bridgecrewio/checkov, waiting...
2025-10-24 11:53:19,964 - WARNING - Rate limited on Dvd848/CTFs, waiting...
2025-10-24 11:53:20,033 - WARNING - Rate limited on p4-team/ctf, waiting...
2025-10-24 11:53:20,667 - WARNING - Rate limited on Azure/Azure-Security-Center, waiting...
2025-10-24 22:23:53,467 - INFO - Saved 500 unique items to github_CTFs.jsonl (5.45 MB)
2025-10-24 22:24:19,870 - INFO - Saved 499 unique items to github_ctf.jsonl (7.13 MB)
2025-10-24 22:24:21,075 - INFO - Saved 2 unique items to github_Awesome-Red-Teaming.jsonl (0.05 MB)
2025-10-24 22:24:22,502 - INFO - Saved 1 unique items to github_Red-Team-Infrastructure-Wiki.jsonl (0.05 MB)
2025-10-24 22:25:13,560 - INFO - Saved 56 unique items to github_Empire.jsonl (0.22 MB)
2025-10-24 22:25:42,784 - INFO - Saved 347 unique items to github_tfsec.jsonl (0.78 MB)
2025-10-24 22:25:55,027 - INFO - Saved 6 unique items to github_Covenant.jsonl (0.12 MB)
2025-10-24 22:26:08,526 - INFO - Saved 32 unique items to github_API-Security-Checklist.jsonl (0.29 MB)
2025-10-24 22:26:09,355 - INFO - Saved 1 unique items to github_awesome-api-security.jsonl (0.04 MB)
2025-10-24 22:26:40,721 - INFO - Saved 316 unique items to github_Azure-Security-Center.jsonl (1.00 MB)
2025-10-24 22:26:47,958 - INFO - Saved 11 unique items to github_HackingNeuralNetworks.jsonl (0.14 MB)
2025-10-24 22:26:49,234 - INFO - Saved 2 unique items to github_awesome-security.jsonl (0.07 MB)
2025-10-24 22:27:05,291 - INFO - Saved 349 unique items to github_API-Security.jsonl (1.50 MB)
2025-10-24 22:27:57,706 - WARNING - Rate limited on fuzzdb-project/fuzzdb, waiting...
2025-10-24 22:27:57,744 - WARNING - Rate limited on bridgecrewio/checkov, waiting...
2025-10-24 22:27:57,775 - WARNING - Rate limited on prowler-cloud/prowler, waiting...
2025-10-24 22:27:57,803 - WARNING - Rate limited on BishopFox/sliver, waiting...
2025-10-24 22:28:05,877 - WARNING - Rate limited on danielmiessler/SecLists, waiting...
2025-10-24 22:28:57,807 - WARNING - Rate limited on fuzzdb-project/fuzzdb, waiting...
2025-10-24 22:28:57,847 - WARNING - Rate limited on bridgecrewio/checkov, waiting...
2025-10-24 22:28:57,891 - WARNING - Rate limited on prowler-cloud/prowler, waiting...
2025-10-24 22:28:57,913 - WARNING - Rate limited on BishopFox/sliver, waiting...
2025-10-24 22:29:05,975 - WARNING - Rate limited on danielmiessler/SecLists, waiting...
2025-10-24 22:29:57,932 - WARNING - Rate limited on fuzzdb-project/fuzzdb, waiting...
2025-10-24 22:29:57,944 - WARNING - Rate limited on bridgecrewio/checkov, waiting...
2025-10-24 22:29:58,017 - WARNING - Rate limited on BishopFox/sliver, waiting...
2025-10-24 22:29:58,049 - WARNING - Rate limited on prowler-cloud/prowler, waiting...
2025-10-24 22:30:06,084 - WARNING - Rate limited on danielmiessler/SecLists, waiting...
2025-10-24 22:30:58,045 - WARNING - Rate limited on bridgecrewio/checkov, waiting...
2025-10-24 22:30:58,120 - WARNING - Rate limited on BishopFox/sliver, waiting...
2025-10-24 22:30:58,158 - WARNING - Rate limited on prowler-cloud/prowler, waiting...
2025-10-24 22:30:58,332 - WARNING - Rate limited on fuzzdb-project/fuzzdb, waiting...
2025-10-24 22:31:06,187 - WARNING - Rate limited on danielmiessler/SecLists, waiting...
2025-10-24 22:31:58,157 - WARNING - Rate limited on bridgecrewio/checkov, waiting...
2025-10-24 22:31:58,257 - WARNING - Rate limited on BishopFox/sliver, waiting...
2025-10-24 22:31:58,277 - WARNING - Rate limited on prowler-cloud/prowler, waiting...
2025-10-24 22:31:58,465 - WARNING - Rate limited on fuzzdb-project/fuzzdb, waiting...
2025-10-24 22:32:06,291 - WARNING - Rate limited on danielmiessler/SecLists, waiting...
2025-10-24 22:32:58,277 - WARNING - Rate limited on bridgecrewio/checkov, waiting...
2025-10-24 22:32:58,374 - WARNING - Rate limited on BishopFox/sliver, waiting...
2025-10-24 22:32:58,442 - WARNING - Rate limited on prowler-cloud/prowler, waiting...
2025-10-24 22:32:58,572 - WARNING - Rate limited on fuzzdb-project/fuzzdb, waiting...
2025-10-24 22:33:06,418 - WARNING - Rate limited on danielmiessler/SecLists, waiting...
2025-10-24 22:33:58,388 - WARNING - Rate limited on bridgecrewio/checkov, waiting...
2025-10-24 22:33:58,481 - WARNING - Rate limited on BishopFox/sliver, waiting...
2025-10-24 22:33:58,554 - WARNING - Rate limited on prowler-cloud/prowler, waiting...
2025-10-24 22:33:58,991 - WARNING - Rate limited on fuzzdb-project/fuzzdb, waiting...
2025-10-24 22:34:06,766 - WARNING - Rate limited on danielmiessler/SecLists, waiting...
2025-10-24 22:34:58,506 - WARNING - Rate limited on bridgecrewio/checkov, waiting...
2025-10-24 22:34:58,603 - WARNING - Rate limited on BishopFox/sliver, waiting...
2025-10-24 22:34:58,661 - WARNING - Rate limited on prowler-cloud/prowler, waiting...
2025-10-24 22:34:59,112 - WARNING - Rate limited on fuzzdb-project/fuzzdb, waiting...
2025-10-24 22:35:06,878 - WARNING - Rate limited on danielmiessler/SecLists, waiting...
2025-10-24 22:35:58,612 - WARNING - Rate limited on bridgecrewio/checkov, waiting...
2025-10-24 22:35:58,714 - WARNING - Rate limited on BishopFox/sliver, waiting...
2025-10-24 22:35:58,773 - WARNING - Rate limited on prowler-cloud/prowler, waiting...
2025-10-24 22:35:59,232 - WARNING - Rate limited on fuzzdb-project/fuzzdb, waiting...
2025-10-24 22:36:06,987 - WARNING - Rate limited on danielmiessler/SecLists, waiting...
2025-10-24 22:36:58,723 - WARNING - Rate limited on bridgecrewio/checkov, waiting...
2025-10-24 22:36:58,825 - WARNING - Rate limited on BishopFox/sliver, waiting...
2025-10-24 22:36:58,980 - WARNING - Rate limited on prowler-cloud/prowler, waiting...
2025-10-24 22:36:59,641 - WARNING - Rate limited on OWASP/owasp-mstg, waiting...
2025-10-24 22:36:59,674 - INFO - Saved 205 unique items to github_fuzzdb.jsonl (13.93 MB)
2025-10-24 22:37:08,096 - WARNING - Rate limited on danielmiessler/SecLists, waiting...
2025-10-24 22:37:58,860 - WARNING - Rate limited on bridgecrewio/checkov, waiting...
2025-10-24 22:37:58,938 - WARNING - Rate limited on BishopFox/sliver, waiting...
2025-10-24 22:37:59,113 - WARNING - Rate limited on prowler-cloud/prowler, waiting...
2025-10-24 22:37:59,757 - WARNING - Rate limited on OWASP/owasp-mstg, waiting...
2025-10-24 22:38:08,218 - WARNING - Rate limited on danielmiessler/SecLists, waiting...
2025-10-24 22:38:58,987 - WARNING - Rate limited on bridgecrewio/checkov, waiting...
2025-10-24 22:38:59,048 - WARNING - Rate limited on BishopFox/sliver, waiting...
2025-10-24 22:38:59,223 - WARNING - Rate limited on prowler-cloud/prowler, waiting...
2025-10-24 22:38:59,859 - WARNING - Rate limited on OWASP/owasp-mstg, waiting...
2025-10-24 22:39:08,323 - WARNING - Rate limited on danielmiessler/SecLists, waiting...
2025-10-24 22:39:59,103 - WARNING - Rate limited on bridgecrewio/checkov, waiting...
2025-10-24 22:39:59,166 - WARNING - Rate limited on BishopFox/sliver, waiting...
2025-10-24 22:39:59,328 - WARNING - Rate limited on prowler-cloud/prowler, waiting...
2025-10-24 22:39:59,986 - WARNING - Rate limited on MobSF/Mobile-Security-Framework-MobSF, waiting...
2025-10-24 22:40:09,119 - WARNING - Rate limited on danielmiessler/SecLists, waiting...
2025-10-24 22:40:59,221 - WARNING - Rate limited on bridgecrewio/checkov, waiting...
2025-10-24 22:40:59,298 - WARNING - Rate limited on BishopFox/sliver, waiting...
2025-10-24 22:40:59,438 - WARNING - Rate limited on prowler-cloud/prowler, waiting...
2025-10-24 22:41:00,090 - WARNING - Rate limited on MobSF/Mobile-Security-Framework-MobSF, waiting...
2025-10-24 22:41:09,239 - WARNING - Rate limited on danielmiessler/SecLists, waiting...
2025-10-24 22:41:59,349 - WARNING - Rate limited on bridgecrewio/checkov, waiting...
2025-10-24 22:41:59,423 - WARNING - Rate limited on BishopFox/sliver, waiting...
2025-10-24 22:41:59,541 - WARNING - Rate limited on prowler-cloud/prowler, waiting...
2025-10-24 22:42:00,197 - WARNING - Rate limited on MobSF/Mobile-Security-Framework-MobSF, waiting...
2025-10-24 22:42:09,342 - WARNING - Rate limited on danielmiessler/SecLists, waiting...
2025-10-24 22:42:59,449 - WARNING - Rate limited on bridgecrewio/checkov, waiting...
2025-10-24 22:42:59,573 - WARNING - Rate limited on BishopFox/sliver, waiting...
2025-10-24 22:42:59,663 - WARNING - Rate limited on prowler-cloud/prowler, waiting...
2025-10-24 22:43:00,306 - WARNING - Rate limited on tanprathan/MobileApp-Pentest-Cheatsheet, waiting...
2025-10-24 22:43:09,449 - WARNING - Rate limited on danielmiessler/SecLists, waiting...
2025-10-24 22:43:59,559 - WARNING - Rate limited on bridgecrewio/checkov, waiting...
2025-10-24 22:43:59,680 - WARNING - Rate limited on BishopFox/sliver, waiting...
2025-10-24 22:43:59,779 - WARNING - Rate limited on prowler-cloud/prowler, waiting...
2025-10-24 22:44:00,420 - WARNING - Rate limited on tanprathan/MobileApp-Pentest-Cheatsheet, waiting...
2025-10-24 22:44:09,556 - WARNING - Rate limited on danielmiessler/SecLists, waiting...
2025-10-24 22:44:59,681 - WARNING - Rate limited on bridgecrewio/checkov, waiting...
2025-10-24 22:44:59,789 - WARNING - Rate limited on BishopFox/sliver, waiting...
2025-10-24 22:44:59,890 - WARNING - Rate limited on prowler-cloud/prowler, waiting...
2025-10-24 22:45:00,519 - WARNING - Rate limited on tanprathan/MobileApp-Pentest-Cheatsheet, waiting...
2025-10-24 22:45:09,674 - WARNING - Rate limited on danielmiessler/SecLists, waiting...
2025-10-24 22:45:59,801 - WARNING - Rate limited on bridgecrewio/checkov, waiting...
2025-10-24 22:45:59,900 - WARNING - Rate limited on BishopFox/sliver, waiting...
2025-10-24 22:46:00,005 - WARNING - Rate limited on prowler-cloud/prowler, waiting...
2025-10-24 22:46:00,631 - WARNING - Rate limited on mytechnotalent/Reverse-Engineering, waiting...
2025-10-24 22:46:09,889 - WARNING - Rate limited on danielmiessler/SecLists, waiting...
2025-10-24 22:46:59,916 - WARNING - Rate limited on bridgecrewio/checkov, waiting...
2025-10-24 22:47:00,023 - WARNING - Rate limited on BishopFox/sliver, waiting...
2025-10-24 22:47:00,116 - WARNING - Rate limited on prowler-cloud/prowler, waiting...
2025-10-24 22:47:00,752 - WARNING - Rate limited on mytechnotalent/Reverse-Engineering, waiting...
2025-10-24 22:47:10,012 - WARNING - Rate limited on danielmiessler/SecLists, waiting...
2025-10-24 22:48:00,021 - WARNING - Rate limited on bridgecrewio/checkov, waiting...
2025-10-24 22:48:00,129 - WARNING - Rate limited on BishopFox/sliver, waiting...
2025-10-24 22:48:00,217 - WARNING - Rate limited on prowler-cloud/prowler, waiting...
2025-10-24 22:48:00,862 - WARNING - Rate limited on mytechnotalent/Reverse-Engineering, waiting...
2025-10-24 22:48:10,111 - WARNING - Rate limited on danielmiessler/SecLists, waiting...
2025-10-24 22:49:00,135 - WARNING - Rate limited on bridgecrewio/checkov, waiting...
2025-10-24 22:49:00,237 - WARNING - Rate limited on BishopFox/sliver, waiting...
2025-10-24 22:49:00,345 - WARNING - Rate limited on prowler-cloud/prowler, waiting...
2025-10-24 22:49:00,975 - WARNING - Rate limited on wtsxDev/reverse-engineering, waiting...
2025-10-24 22:49:10,214 - WARNING - Rate limited on danielmiessler/SecLists, waiting...
2025-10-24 22:50:00,273 - WARNING - Rate limited on bridgecrewio/checkov, waiting...
2025-10-24 22:50:00,350 - WARNING - Rate limited on BishopFox/sliver, waiting...
2025-10-24 22:50:00,475 - WARNING - Rate limited on prowler-cloud/prowler, waiting...
2025-10-24 22:50:01,084 - WARNING - Rate limited on wtsxDev/reverse-engineering, waiting...
2025-10-24 22:50:10,317 - WARNING - Rate limited on danielmiessler/SecLists, waiting...
2025-10-24 22:51:00,387 - WARNING - Rate limited on bridgecrewio/checkov, waiting...
2025-10-24 22:51:00,463 - WARNING - Rate limited on BishopFox/sliver, waiting...
2025-10-24 22:51:00,588 - WARNING - Rate limited on prowler-cloud/prowler, waiting...
2025-10-24 22:51:01,210 - WARNING - Rate limited on wtsxDev/reverse-engineering, waiting...
2025-10-24 22:51:10,419 - WARNING - Rate limited on danielmiessler/SecLists, waiting...
2025-10-24 23:12:08,779 - WARNING - Rate limited on bridgecrewio/checkov, waiting...
2025-10-24 23:12:08,787 - WARNING - Rate limited on 0xZ0F/Z0FCourse_ReverseEngineering, waiting...
2025-10-24 23:12:08,795 - WARNING - Rate limited on prowler-cloud/prowler, waiting...
2025-10-24 23:12:08,806 - WARNING - Rate limited on BishopFox/sliver, waiting...
2025-10-24 23:12:10,746 - WARNING - Rate limited on danielmiessler/SecLists, waiting...
2025-10-24 23:13:08,893 - WARNING - Rate limited on 0xZ0F/Z0FCourse_ReverseEngineering, waiting...
2025-10-24 23:13:08,898 - WARNING - Rate limited on bridgecrewio/checkov, waiting...
2025-10-24 23:13:08,913 - WARNING - Rate limited on prowler-cloud/prowler, waiting...
2025-10-24 23:13:08,924 - WARNING - Rate limited on BishopFox/sliver, waiting...
2025-10-24 23:13:10,879 - WARNING - Rate limited on danielmiessler/SecLists, waiting...
2025-10-24 23:14:09,008 - WARNING - Rate limited on bridgecrewio/checkov, waiting...
2025-10-24 23:14:09,011 - WARNING - Rate limited on 0xZ0F/Z0FCourse_ReverseEngineering, waiting...
2025-10-24 23:14:09,032 - WARNING - Rate limited on BishopFox/sliver, waiting...
2025-10-24 23:14:09,055 - WARNING - Rate limited on prowler-cloud/prowler, waiting...
2025-10-24 23:14:10,986 - WARNING - Rate limited on danielmiessler/SecLists, waiting...
