
================================================================================
🔍 FILTERING ALL SCRAPED DATA
================================================================================

Found 33 files to process

Processing files:   0%|          | 0/33 [00:00<?, ?it/s]Processing files:   9%|▉         | 3/33 [00:01<00:18,  1.62it/s]Processing files:  18%|█▊        | 6/33 [00:07<00:35,  1.32s/it]Processing files:  24%|██▍       | 8/33 [00:09<00:30,  1.24s/it]Processing files:  27%|██▋       | 9/33 [00:13<00:45,  1.90s/it]Processing files:  36%|███▋      | 12/33 [00:14<00:22,  1.07s/it]Processing files:  42%|████▏     | 14/33 [00:18<00:26,  1.38s/it]Processing files:  55%|█████▍    | 18/33 [00:20<00:14,  1.04it/s]Processing files:  61%|██████    | 20/33 [00:20<00:09,  1.32it/s]Processing files:  70%|██████▉   | 23/33 [00:22<00:06,  1.45it/s]Processing files:  73%|███████▎  | 24/33 [00:22<00:05,  1.58it/s]Processing files:  79%|███████▉  | 26/33 [00:25<00:06,  1.09it/s]Processing files:  82%|████████▏ | 27/33 [00:26<00:05,  1.16it/s]Processing files:  85%|████████▍ | 28/33 [00:26<00:03,  1.33it/s]Processing files:  88%|████████▊ | 29/33 [00:28<00:03,  1.16it/s]Processing files:  91%|█████████ | 30/33 [00:29<00:03,  1.03s/it]Processing files:  94%|█████████▍| 31/33 [00:29<00:01,  1.20it/s]Processing files: 100%|██████████| 33/33 [00:29<00:00,  1.98it/s]Processing files: 100%|██████████| 33/33 [00:29<00:00,  1.10it/s]
  github_awesome-web-hacking.jsonl:
    Total: 1, Kept: 1
    Filtered: 0, Low quality: 0, Duplicates: 0
  github_Privilege-Escalation.jsonl:
    Total: 22, Kept: 0
    Filtered: 0, Low quality: 22, Duplicates: 0
  github_PoC-in-GitHub.jsonl:
    Total: 1, Kept: 0
    Filtered: 1, Low quality: 0, Duplicates: 0
  github_PowerSploit.jsonl:
    Total: 3, Kept: 3
    Filtered: 0, Low quality: 0, Duplicates: 0
  github_Reverse-Engineering.jsonl:
    Total: 1, Kept: 0
    Filtered: 1, Low quality: 0, Duplicates: 0
  github_tbhm.jsonl:
    Total: 14, Kept: 10
    Filtered: 3, Low quality: 1, Duplicates: 0
  github_PEASS-ng.jsonl:
    Total: 17, Kept: 15
    Filtered: 2, Low quality: 0, Duplicates: 0
  github_PayloadsAllTheThings.jsonl:
    Total: 198, Kept: 156
    Filtered: 22, Low quality: 20, Duplicates: 0
  github_hacktricks.jsonl:
    Total: 500, Kept: 476
    Filtered: 19, Low quality: 5, Duplicates: 0
  github_Bug-bounty.jsonl:
    Total: 4, Kept: 3
    Filtered: 1, Low quality: 0, Duplicates: 0
  github_bug-bounty-reference.jsonl:
    Total: 1, Kept: 1
    Filtered: 0, Low quality: 0, Duplicates: 0
  github_CTF-Writeups.jsonl:
    Total: 100, Kept: 94
    Filtered: 4, Low quality: 2, Duplicates: 0
  github_Active-Directory-Exploitation-Cheat-Sheet.jsonl:
    Total: 1, Kept: 0
    Filtered: 1, Low quality: 0, Duplicates: 0
  github_kubernetes.jsonl:
    Total: 41, Kept: 8
    Filtered: 33, Low quality: 0, Duplicates: 0
  github_bugbounty-cheatsheet.jsonl:
    Total: 19, Kept: 15
    Filtered: 0, Low quality: 4, Duplicates: 0
  github_jwt_tool.jsonl:
    Total: 3, Kept: 2
    Filtered: 1, Low quality: 0, Duplicates: 0
  github_Azure-Security-Center.jsonl:
    Total: 15, Kept: 14
    Filtered: 1, Low quality: 0, Duplicates: 0
  github_metasploit-framework.jsonl:
    Total: 463, Kept: 245
    Filtered: 170, Low quality: 48, Duplicates: 0
  github_awesome-bug-bounty.jsonl:
    Total: 3, Kept: 3
    Filtered: 0, Low quality: 0, Duplicates: 0
  github_cve.jsonl:
    Total: 500, Kept: 179
    Filtered: 5, Low quality: 316, Duplicates: 0
  github_SSRF-Testing.jsonl:
    Total: 3, Kept: 2
    Filtered: 1, Low quality: 0, Duplicates: 0
  github_awesome-web-security.jsonl:
    Total: 5, Kept: 2
    Filtered: 3, Low quality: 0, Duplicates: 0
  github_CheatSheetSeries.jsonl:
    Total: 133, Kept: 119
    Filtered: 9, Low quality: 5, Duplicates: 0
  github_pwndbg.jsonl:
    Total: 246, Kept: 69
    Filtered: 177, Low quality: 0, Duplicates: 0
  github_reverse-engineering.jsonl:
    Total: 1, Kept: 1
    Filtered: 0, Low quality: 0, Duplicates: 0
  github_Mobile-Security-Framework-MobSF.jsonl:
    Total: 31, Kept: 20
    Filtered: 3, Low quality: 7, Duplicates: 1
  github_wstg.jsonl:
    Total: 169, Kept: 151
    Filtered: 16, Low quality: 2, Duplicates: 0
  github_ctf-wiki.jsonl:
    Total: 100, Kept: 76
    Filtered: 13, Low quality: 11, Duplicates: 0
  github_HowToHunt.jsonl:
    Total: 93, Kept: 77
    Filtered: 13, Low quality: 3, Duplicates: 0
  github_ASVS.jsonl:
    Total: 315, Kept: 293
    Filtered: 6, Low quality: 16, Duplicates: 0
  github_ctf.jsonl:
    Total: 100, Kept: 88
    Filtered: 6, Low quality: 6, Duplicates: 0
  github_owasp-mstg.jsonl:
    Total: 100, Kept: 58
    Filtered: 32, Low quality: 10, Duplicates: 0
  github_my-arsenal-of-aws-security-tools.jsonl:
    Total: 3, Kept: 2
    Filtered: 1, Low quality: 0, Duplicates: 0

================================================================================
✅ FILTERING COMPLETE
================================================================================

Total unique items: 2,183

Breakdown by source:
  github              : 2,183

Quality distribution:
  High (≥0.6):    2,134 (97.8%)
  Medium (0.3-0.6): 49 (2.2%)

Output files:
  consolidated_training_data.jsonl: 15.49 MB
  text_corpus.txt: 14.50 MB

================================================================================
📤 NEXT STEPS:
================================================================================
1. Review: filtered_data/consolidated_training_data.jsonl
2. Copy text_corpus.txt to: ../combined_corpus.txt (or append)
3. Train model: python train/train.py
================================================================================
