[SCRAPER-1] [01:30:21] 🚀 SCRAPER 1 STARTED: OWASP & Web Security
[SCRAPER-1] [01:30:21] 🔄 CYCLE 1 - Depth: 600 files/repo
[SCRAPER-1] [01:30:21] [1/16] OWASP/CheatSheetSeries...
[SCRAPER-1] [01:30:23] [2/16] OWASP/wstg...
[SCRAPER-1] [01:30:25] [3/16] OWASP/ASVS...
[SCRAPER-1] [01:30:27] [4/16] OWASP/owasp-mstg...
[SCRAPER-1] [01:30:29] [5/16] OWASP/API-Security...
[SCRAPER-1] [01:30:31] [6/16] OWASP/Top10...
[SCRAPER-1] [01:30:33] [7/16] OWASP/WebGoat...
[SCRAPER-1] [01:30:35] [8/16] OWASP/Juice-Shop...
[SCRAPER-1] [01:30:37] [9/16] swisskyrepo/PayloadsAllTheThings...
[SCRAPER-1] [01:30:39] [10/16] qazbnm456/awesome-web-security...
[SCRAPER-1] [01:30:41] [11/16] infoslack/awesome-web-hacking...
[SCRAPER-1] [01:30:43] [12/16] EdOverflow/bugbounty-cheatsheet...
[SCRAPER-1] [01:30:45] [13/16] KathanP19/HowToHunt...
[SCRAPER-1] [01:30:47] [14/16] nahamsec/Resources-for-Beginner-Bug-Bounty-Hunters...
[SCRAPER-1] [01:30:49] [15/16] pentestmonkey/php-reverse-shell...
[SCRAPER-1] [01:30:51] [16/16] tennc/webshell...
[SCRAPER-1] [01:30:53] ✅ CYCLE 1 DONE | Total: 0.0 MB
[SCRAPER-1] [01:31:53] 🔄 CYCLE 2 - Depth: 700 files/repo
[SCRAPER-1] [01:31:53] [1/16] OWASP/CheatSheetSeries...
[SCRAPER-1] [01:31:55] [2/16] OWASP/wstg...
[SCRAPER-1] [01:31:57] [3/16] OWASP/ASVS...
[SCRAPER-1] [01:32:00] [4/16] OWASP/owasp-mstg...
[SCRAPER-1] [01:32:02] [5/16] OWASP/API-Security...
[SCRAPER-1] [01:32:04] [6/16] OWASP/Top10...
[SCRAPER-1] [01:32:06] [7/16] OWASP/WebGoat...
[SCRAPER-1] [01:32:08] [8/16] OWASP/Juice-Shop...
[SCRAPER-1] [01:32:10] [9/16] swisskyrepo/PayloadsAllTheThings...
[SCRAPER-1] [01:32:12] [10/16] qazbnm456/awesome-web-security...
[SCRAPER-1] [01:32:14] [11/16] infoslack/awesome-web-hacking...
[SCRAPER-1] [01:32:16] [12/16] EdOverflow/bugbounty-cheatsheet...
[SCRAPER-1] [01:32:18] [13/16] KathanP19/HowToHunt...
[SCRAPER-1] [01:32:20] [14/16] nahamsec/Resources-for-Beginner-Bug-Bounty-Hunters...
[SCRAPER-1] [01:32:22] [15/16] pentestmonkey/php-reverse-shell...
[SCRAPER-1] [01:32:24] [16/16] tennc/webshell...
[SCRAPER-1] [01:32:26] ✅ CYCLE 2 DONE | Total: 0.0 MB
[SCRAPER-1] [01:33:26] 🔄 CYCLE 3 - Depth: 800 files/repo
[SCRAPER-1] [01:33:26] [1/16] OWASP/CheatSheetSeries...
[SCRAPER-1] [01:33:28] [2/16] OWASP/wstg...
[SCRAPER-1] [01:33:30] [3/16] OWASP/ASVS...
[SCRAPER-1] [01:33:32] [4/16] OWASP/owasp-mstg...
[SCRAPER-1] [01:33:34] [5/16] OWASP/API-Security...
[SCRAPER-1] [01:33:36] [6/16] OWASP/Top10...
[SCRAPER-1] [01:33:38] [7/16] OWASP/WebGoat...
[SCRAPER-1] [01:33:40] [8/16] OWASP/Juice-Shop...
[SCRAPER-1] [01:33:42] [9/16] swisskyrepo/PayloadsAllTheThings...
[SCRAPER-1] [01:33:44] [10/16] qazbnm456/awesome-web-security...
[SCRAPER-1] [01:33:46] [11/16] infoslack/awesome-web-hacking...
[SCRAPER-1] [01:33:48] [12/16] EdOverflow/bugbounty-cheatsheet...
[SCRAPER-1] [01:33:50] [13/16] KathanP19/HowToHunt...
[SCRAPER-1] [01:33:52] [14/16] nahamsec/Resources-for-Beginner-Bug-Bounty-Hunters...
[SCRAPER-1] [01:33:54] [15/16] pentestmonkey/php-reverse-shell...
[SCRAPER-1] [01:33:56] [16/16] tennc/webshell...
[SCRAPER-1] [01:33:58] ✅ CYCLE 3 DONE | Total: 0.0 MB
[SCRAPER-1] [01:34:58] 🔄 CYCLE 4 - Depth: 900 files/repo
[SCRAPER-1] [01:34:58] [1/16] OWASP/CheatSheetSeries...
[SCRAPER-1] [01:35:00] [2/16] OWASP/wstg...
[SCRAPER-1] [01:35:02] [3/16] OWASP/ASVS...
[SCRAPER-1] [01:35:04] [4/16] OWASP/owasp-mstg...
[SCRAPER-1] [01:35:07] [5/16] OWASP/API-Security...
[SCRAPER-1] [01:35:09] [6/16] OWASP/Top10...
[SCRAPER-1] [01:35:11] [7/16] OWASP/WebGoat...
[SCRAPER-1] [01:35:13] [8/16] OWASP/Juice-Shop...
[SCRAPER-1] [01:35:15] [9/16] swisskyrepo/PayloadsAllTheThings...
[SCRAPER-1] [01:35:17] [10/16] qazbnm456/awesome-web-security...
[SCRAPER-1] [01:35:19] [11/16] infoslack/awesome-web-hacking...
[SCRAPER-1] [01:35:21] [12/16] EdOverflow/bugbounty-cheatsheet...
[SCRAPER-1] [01:35:23] [13/16] KathanP19/HowToHunt...
[SCRAPER-1] [01:35:25] [14/16] nahamsec/Resources-for-Beginner-Bug-Bounty-Hunters...
[SCRAPER-1] [01:35:27] [15/16] pentestmonkey/php-reverse-shell...
[SCRAPER-1] [01:35:29] [16/16] tennc/webshell...
[SCRAPER-1] [01:35:31] ✅ CYCLE 4 DONE | Total: 0.0 MB
[SCRAPER-1] [01:36:31] 🔄 CYCLE 5 - Depth: 1000 files/repo
[SCRAPER-1] [01:36:31] [1/16] OWASP/CheatSheetSeries...
[SCRAPER-1] [01:36:33] [2/16] OWASP/wstg...
[SCRAPER-1] [01:36:35] [3/16] OWASP/ASVS...
[SCRAPER-1] [01:36:37] [4/16] OWASP/owasp-mstg...
[SCRAPER-1] [01:36:39] [5/16] OWASP/API-Security...
[SCRAPER-1] [01:36:41] [6/16] OWASP/Top10...
[SCRAPER-1] [01:36:43] [7/16] OWASP/WebGoat...
[SCRAPER-1] [01:36:45] [8/16] OWASP/Juice-Shop...
[SCRAPER-1] [01:36:47] [9/16] swisskyrepo/PayloadsAllTheThings...
[SCRAPER-1] [01:36:49] [10/16] qazbnm456/awesome-web-security...
[SCRAPER-1] [01:36:51] [11/16] infoslack/awesome-web-hacking...
[SCRAPER-1] [01:36:53] [12/16] EdOverflow/bugbounty-cheatsheet...
[SCRAPER-1] [01:36:55] [13/16] KathanP19/HowToHunt...
[SCRAPER-1] [01:36:57] [14/16] nahamsec/Resources-for-Beginner-Bug-Bounty-Hunters...
[SCRAPER-1] [01:36:59] [15/16] pentestmonkey/php-reverse-shell...
[SCRAPER-1] [01:37:01] [16/16] tennc/webshell...
[SCRAPER-1] [01:37:03] ✅ CYCLE 5 DONE | Total: 0.0 MB
[SCRAPER-1] [01:38:03] 🔄 CYCLE 6 - Depth: 1100 files/repo
[SCRAPER-1] [01:38:03] [1/16] OWASP/CheatSheetSeries...
[SCRAPER-1] [01:38:05] [2/16] OWASP/wstg...
[SCRAPER-1] [01:38:07] [3/16] OWASP/ASVS...
[SCRAPER-1] [01:38:09] [4/16] OWASP/owasp-mstg...
[SCRAPER-1] [01:38:12] [5/16] OWASP/API-Security...
[SCRAPER-1] [01:38:14] [6/16] OWASP/Top10...
[SCRAPER-1] [01:38:16] [7/16] OWASP/WebGoat...
[SCRAPER-1] [01:38:18] [8/16] OWASP/Juice-Shop...
[SCRAPER-1] [01:38:20] [9/16] swisskyrepo/PayloadsAllTheThings...
[SCRAPER-1] [01:38:22] [10/16] qazbnm456/awesome-web-security...
[SCRAPER-1] [01:38:24] [11/16] infoslack/awesome-web-hacking...
[SCRAPER-1] [01:38:26] [12/16] EdOverflow/bugbounty-cheatsheet...
[SCRAPER-1] [01:38:28] [13/16] KathanP19/HowToHunt...
[SCRAPER-1] [01:38:30] [14/16] nahamsec/Resources-for-Beginner-Bug-Bounty-Hunters...
[SCRAPER-1] [01:38:32] [15/16] pentestmonkey/php-reverse-shell...
[SCRAPER-1] [01:38:34] [16/16] tennc/webshell...
[SCRAPER-1] [01:38:36] ✅ CYCLE 6 DONE | Total: 0.0 MB
[SCRAPER-1] [01:39:36] 🔄 CYCLE 7 - Depth: 1200 files/repo
[SCRAPER-1] [01:39:36] [1/16] OWASP/CheatSheetSeries...
[SCRAPER-1] [01:39:38] [2/16] OWASP/wstg...
[SCRAPER-1] [01:39:40] [3/16] OWASP/ASVS...
[SCRAPER-1] [01:39:42] [4/16] OWASP/owasp-mstg...
[SCRAPER-1] [01:39:44] [5/16] OWASP/API-Security...
[SCRAPER-1] [01:39:46] [6/16] OWASP/Top10...
[SCRAPER-1] [01:39:48] [7/16] OWASP/WebGoat...
[SCRAPER-1] [01:39:50] [8/16] OWASP/Juice-Shop...
[SCRAPER-1] [01:39:52] [9/16] swisskyrepo/PayloadsAllTheThings...
[SCRAPER-1] [01:39:54] [10/16] qazbnm456/awesome-web-security...
[SCRAPER-1] [01:39:56] [11/16] infoslack/awesome-web-hacking...
[SCRAPER-1] [01:39:58] [12/16] EdOverflow/bugbounty-cheatsheet...
[SCRAPER-1] [01:40:00] [13/16] KathanP19/HowToHunt...
[SCRAPER-1] [01:40:02] [14/16] nahamsec/Resources-for-Beginner-Bug-Bounty-Hunters...
[SCRAPER-1] [01:40:04] [15/16] pentestmonkey/php-reverse-shell...
[SCRAPER-1] [01:40:06] [16/16] tennc/webshell...
[SCRAPER-1] [01:40:08] ✅ CYCLE 7 DONE | Total: 0.0 MB
[SCRAPER-1] [01:41:08] 🔄 CYCLE 8 - Depth: 1300 files/repo
[SCRAPER-1] [01:41:08] [1/16] OWASP/CheatSheetSeries...
[SCRAPER-1] [01:41:10] [2/16] OWASP/wstg...
[SCRAPER-1] [01:41:12] [3/16] OWASP/ASVS...
[SCRAPER-1] [01:41:14] [4/16] OWASP/owasp-mstg...
[SCRAPER-1] [01:41:16] [5/16] OWASP/API-Security...
[SCRAPER-1] [01:41:18] [6/16] OWASP/Top10...
[SCRAPER-1] [01:41:21] [7/16] OWASP/WebGoat...
[SCRAPER-1] [01:41:23] [8/16] OWASP/Juice-Shop...
[SCRAPER-1] [01:41:25] [9/16] swisskyrepo/PayloadsAllTheThings...
[SCRAPER-1] [01:41:27] [10/16] qazbnm456/awesome-web-security...
[SCRAPER-1] [01:41:29] [11/16] infoslack/awesome-web-hacking...
[SCRAPER-1] [01:41:31] [12/16] EdOverflow/bugbounty-cheatsheet...
[SCRAPER-1] [01:41:33] [13/16] KathanP19/HowToHunt...
[SCRAPER-1] [01:41:35] [14/16] nahamsec/Resources-for-Beginner-Bug-Bounty-Hunters...
[SCRAPER-1] [01:41:37] [15/16] pentestmonkey/php-reverse-shell...
[SCRAPER-1] [01:41:39] [16/16] tennc/webshell...
[SCRAPER-1] [01:41:41] ✅ CYCLE 8 DONE | Total: 0.0 MB
[SCRAPER-1] [01:42:41] 🔄 CYCLE 9 - Depth: 1400 files/repo
[SCRAPER-1] [01:42:41] [1/16] OWASP/CheatSheetSeries...
[SCRAPER-1] [01:42:43] [2/16] OWASP/wstg...
[SCRAPER-1] [01:42:45] [3/16] OWASP/ASVS...
[SCRAPER-1] [01:42:47] [4/16] OWASP/owasp-mstg...
[SCRAPER-1] [01:42:49] [5/16] OWASP/API-Security...
[SCRAPER-1] [01:42:51] [6/16] OWASP/Top10...
[SCRAPER-1] [01:42:53] [7/16] OWASP/WebGoat...
[SCRAPER-1] [01:42:55] [8/16] OWASP/Juice-Shop...
[SCRAPER-1] [01:42:57] [9/16] swisskyrepo/PayloadsAllTheThings...
[SCRAPER-1] [01:42:59] [10/16] qazbnm456/awesome-web-security...
[SCRAPER-1] [01:43:01] [11/16] infoslack/awesome-web-hacking...
[SCRAPER-1] [01:43:03] [12/16] EdOverflow/bugbounty-cheatsheet...
[SCRAPER-1] [01:43:05] [13/16] KathanP19/HowToHunt...
[SCRAPER-1] [01:43:07] [14/16] nahamsec/Resources-for-Beginner-Bug-Bounty-Hunters...
[SCRAPER-1] [01:43:09] [15/16] pentestmonkey/php-reverse-shell...
[SCRAPER-1] [01:43:11] [16/16] tennc/webshell...
[SCRAPER-1] [01:43:13] ✅ CYCLE 9 DONE | Total: 0.0 MB
[SCRAPER-1] [01:44:13] 🔄 CYCLE 10 - Depth: 1500 files/repo
[SCRAPER-1] [01:44:13] [1/16] OWASP/CheatSheetSeries...
[SCRAPER-1] [01:44:15] [2/16] OWASP/wstg...
[SCRAPER-1] [01:44:17] [3/16] OWASP/ASVS...
[SCRAPER-1] [01:44:19] [4/16] OWASP/owasp-mstg...
[SCRAPER-1] [01:44:21] [5/16] OWASP/API-Security...
[SCRAPER-1] [01:44:23] [6/16] OWASP/Top10...
[SCRAPER-1] [01:44:26] [7/16] OWASP/WebGoat...
[SCRAPER-1] [01:44:28] [8/16] OWASP/Juice-Shop...
[SCRAPER-1] [01:44:30] [9/16] swisskyrepo/PayloadsAllTheThings...
[SCRAPER-1] [01:44:32] [10/16] qazbnm456/awesome-web-security...
[SCRAPER-1] [01:44:34] [11/16] infoslack/awesome-web-hacking...
[SCRAPER-1] [01:44:36] [12/16] EdOverflow/bugbounty-cheatsheet...
[SCRAPER-1] [01:44:38] [13/16] KathanP19/HowToHunt...
[SCRAPER-1] [01:44:40] [14/16] nahamsec/Resources-for-Beginner-Bug-Bounty-Hunters...
[SCRAPER-1] [01:44:42] [15/16] pentestmonkey/php-reverse-shell...
[SCRAPER-1] [01:44:44] [16/16] tennc/webshell...
[SCRAPER-1] [01:44:46] ✅ CYCLE 10 DONE | Total: 0.0 MB
[SCRAPER-1] [01:45:46] 🔄 CYCLE 11 - Depth: 1600 files/repo
[SCRAPER-1] [01:45:46] [1/16] OWASP/CheatSheetSeries...
[SCRAPER-1] [01:45:48] [2/16] OWASP/wstg...
[SCRAPER-1] [01:45:50] [3/16] OWASP/ASVS...
[SCRAPER-1] [01:45:52] [4/16] OWASP/owasp-mstg...
[SCRAPER-1] [01:45:54] [5/16] OWASP/API-Security...
[SCRAPER-1] [01:45:56] [6/16] OWASP/Top10...
[SCRAPER-1] [01:45:58] [7/16] OWASP/WebGoat...
[SCRAPER-1] [01:46:00] [8/16] OWASP/Juice-Shop...
[SCRAPER-1] [01:46:02] [9/16] swisskyrepo/PayloadsAllTheThings...
[SCRAPER-1] [01:46:04] [10/16] qazbnm456/awesome-web-security...
[SCRAPER-1] [01:46:06] [11/16] infoslack/awesome-web-hacking...
[SCRAPER-1] [01:46:08] [12/16] EdOverflow/bugbounty-cheatsheet...
[SCRAPER-1] [01:46:10] [13/16] KathanP19/HowToHunt...
[SCRAPER-1] [01:46:12] [14/16] nahamsec/Resources-for-Beginner-Bug-Bounty-Hunters...
[SCRAPER-1] [01:46:14] [15/16] pentestmonkey/php-reverse-shell...
[SCRAPER-1] [01:46:16] [16/16] tennc/webshell...
[SCRAPER-1] [01:46:18] ✅ CYCLE 11 DONE | Total: 0.0 MB
[SCRAPER-1] [01:47:18] 🔄 CYCLE 12 - Depth: 1700 files/repo
[SCRAPER-1] [01:47:18] [1/16] OWASP/CheatSheetSeries...
[SCRAPER-1] [01:47:20] [2/16] OWASP/wstg...
[SCRAPER-1] [01:47:22] [3/16] OWASP/ASVS...
[SCRAPER-1] [01:47:24] [4/16] OWASP/owasp-mstg...
[SCRAPER-1] [01:47:26] [5/16] OWASP/API-Security...
[SCRAPER-1] [01:47:29] [6/16] OWASP/Top10...
[SCRAPER-1] [01:47:31] [7/16] OWASP/WebGoat...
[SCRAPER-1] [01:47:33] [8/16] OWASP/Juice-Shop...
[SCRAPER-1] [01:47:35] [9/16] swisskyrepo/PayloadsAllTheThings...
[SCRAPER-1] [01:47:37] [10/16] qazbnm456/awesome-web-security...
[SCRAPER-1] [01:47:39] [11/16] infoslack/awesome-web-hacking...
[SCRAPER-1] [01:47:41] [12/16] EdOverflow/bugbounty-cheatsheet...
[SCRAPER-1] [01:47:43] [13/16] KathanP19/HowToHunt...
[SCRAPER-1] [01:47:45] [14/16] nahamsec/Resources-for-Beginner-Bug-Bounty-Hunters...
[SCRAPER-1] [01:47:47] [15/16] pentestmonkey/php-reverse-shell...
[SCRAPER-1] [01:47:49] [16/16] tennc/webshell...
[SCRAPER-1] [01:47:51] ✅ CYCLE 12 DONE | Total: 0.0 MB
[SCRAPER-1] [01:48:51] 🔄 CYCLE 13 - Depth: 1800 files/repo
[SCRAPER-1] [01:48:51] [1/16] OWASP/CheatSheetSeries...
[SCRAPER-1] [01:48:53] [2/16] OWASP/wstg...
[SCRAPER-1] [01:48:55] [3/16] OWASP/ASVS...
[SCRAPER-1] [01:48:57] [4/16] OWASP/owasp-mstg...
[SCRAPER-1] [01:48:59] [5/16] OWASP/API-Security...
[SCRAPER-1] [01:49:01] [6/16] OWASP/Top10...
[SCRAPER-1] [01:49:03] [7/16] OWASP/WebGoat...
[SCRAPER-1] [01:49:05] [8/16] OWASP/Juice-Shop...
[SCRAPER-1] [01:49:07] [9/16] swisskyrepo/PayloadsAllTheThings...
[SCRAPER-1] [01:49:09] [10/16] qazbnm456/awesome-web-security...
[SCRAPER-1] [01:49:11] [11/16] infoslack/awesome-web-hacking...
[SCRAPER-1] [01:49:13] [12/16] EdOverflow/bugbounty-cheatsheet...
[SCRAPER-1] [01:49:15] [13/16] KathanP19/HowToHunt...
[SCRAPER-1] [01:49:17] [14/16] nahamsec/Resources-for-Beginner-Bug-Bounty-Hunters...
[SCRAPER-1] [01:49:19] [15/16] pentestmonkey/php-reverse-shell...
[SCRAPER-1] [01:49:21] [16/16] tennc/webshell...
[SCRAPER-1] [01:49:23] ✅ CYCLE 13 DONE | Total: 0.0 MB
[SCRAPER-1] [01:50:23] 🔄 CYCLE 14 - Depth: 1900 files/repo
[SCRAPER-1] [01:50:23] [1/16] OWASP/CheatSheetSeries...
[SCRAPER-1] [01:50:25] [2/16] OWASP/wstg...
[SCRAPER-1] [01:50:27] [3/16] OWASP/ASVS...
[SCRAPER-1] [01:50:29] [4/16] OWASP/owasp-mstg...
[SCRAPER-1] [01:50:32] [5/16] OWASP/API-Security...
[SCRAPER-1] [01:50:34] [6/16] OWASP/Top10...
[SCRAPER-1] [01:50:36] [7/16] OWASP/WebGoat...
[SCRAPER-1] [01:50:38] [8/16] OWASP/Juice-Shop...
[SCRAPER-1] [01:50:40] [9/16] swisskyrepo/PayloadsAllTheThings...
[SCRAPER-1] [01:50:42] [10/16] qazbnm456/awesome-web-security...
[SCRAPER-1] [01:50:44] [11/16] infoslack/awesome-web-hacking...
[SCRAPER-1] [01:50:46] [12/16] EdOverflow/bugbounty-cheatsheet...
[SCRAPER-1] [01:50:48] [13/16] KathanP19/HowToHunt...
[SCRAPER-1] [01:50:50] [14/16] nahamsec/Resources-for-Beginner-Bug-Bounty-Hunters...
[SCRAPER-1] [01:50:52] [15/16] pentestmonkey/php-reverse-shell...
[SCRAPER-1] [01:50:54] [16/16] tennc/webshell...
[SCRAPER-1] [01:50:56] ✅ CYCLE 14 DONE | Total: 0.0 MB
[SCRAPER-1] [01:51:56] 🔄 CYCLE 15 - Depth: 2000 files/repo
[SCRAPER-1] [01:51:56] [1/16] OWASP/CheatSheetSeries...
[SCRAPER-1] [01:51:58] [2/16] OWASP/wstg...
[SCRAPER-1] [01:52:00] [3/16] OWASP/ASVS...
[SCRAPER-1] [01:52:02] [4/16] OWASP/owasp-mstg...
[SCRAPER-1] [01:52:04] [5/16] OWASP/API-Security...
[SCRAPER-1] [01:52:06] [6/16] OWASP/Top10...
[SCRAPER-1] [01:52:08] [7/16] OWASP/WebGoat...
[SCRAPER-1] [01:52:10] [8/16] OWASP/Juice-Shop...
[SCRAPER-1] [01:52:12] [9/16] swisskyrepo/PayloadsAllTheThings...
[SCRAPER-1] [01:52:14] [10/16] qazbnm456/awesome-web-security...
[SCRAPER-1] [01:52:16] [11/16] infoslack/awesome-web-hacking...
[SCRAPER-1] [01:52:18] [12/16] EdOverflow/bugbounty-cheatsheet...
[SCRAPER-1] [01:52:20] [13/16] KathanP19/HowToHunt...
[SCRAPER-1] [01:52:22] [14/16] nahamsec/Resources-for-Beginner-Bug-Bounty-Hunters...
[SCRAPER-1] [01:52:24] [15/16] pentestmonkey/php-reverse-shell...
[SCRAPER-1] [01:52:26] [16/16] tennc/webshell...
[SCRAPER-1] [01:52:28] ✅ CYCLE 15 DONE | Total: 0.0 MB
[SCRAPER-1] [01:53:28] 🔄 CYCLE 16 - Depth: 2100 files/repo
[SCRAPER-1] [01:53:28] [1/16] OWASP/CheatSheetSeries...
[SCRAPER-1] [01:53:30] [2/16] OWASP/wstg...
[SCRAPER-1] [01:53:32] [3/16] OWASP/ASVS...
[SCRAPER-1] [01:53:34] [4/16] OWASP/owasp-mstg...
[SCRAPER-1] [01:53:37] [5/16] OWASP/API-Security...
[SCRAPER-1] [01:53:39] [6/16] OWASP/Top10...
[SCRAPER-1] [01:53:41] [7/16] OWASP/WebGoat...
[SCRAPER-1] [01:53:43] [8/16] OWASP/Juice-Shop...
[SCRAPER-1] [01:53:45] [9/16] swisskyrepo/PayloadsAllTheThings...
[SCRAPER-1] [01:53:47] [10/16] qazbnm456/awesome-web-security...
[SCRAPER-1] [01:53:49] [11/16] infoslack/awesome-web-hacking...
[SCRAPER-1] [01:53:51] [12/16] EdOverflow/bugbounty-cheatsheet...
[SCRAPER-1] [01:53:53] [13/16] KathanP19/HowToHunt...
[SCRAPER-1] [01:53:55] [14/16] nahamsec/Resources-for-Beginner-Bug-Bounty-Hunters...
[SCRAPER-1] [01:53:57] [15/16] pentestmonkey/php-reverse-shell...
[SCRAPER-1] [01:53:59] [16/16] tennc/webshell...
[SCRAPER-1] [01:54:01] ✅ CYCLE 16 DONE | Total: 0.0 MB
[SCRAPER-1] [01:55:01] 🔄 CYCLE 17 - Depth: 2200 files/repo
[SCRAPER-1] [01:55:01] [1/16] OWASP/CheatSheetSeries...
[SCRAPER-1] [01:55:03] [2/16] OWASP/wstg...
[SCRAPER-1] [01:55:05] [3/16] OWASP/ASVS...
[SCRAPER-1] [01:55:07] [4/16] OWASP/owasp-mstg...
[SCRAPER-1] [01:55:09] [5/16] OWASP/API-Security...
[SCRAPER-1] [01:55:11] [6/16] OWASP/Top10...
[SCRAPER-1] [01:55:13] [7/16] OWASP/WebGoat...
[SCRAPER-1] [01:55:15] [8/16] OWASP/Juice-Shop...
[SCRAPER-1] [01:55:17] [9/16] swisskyrepo/PayloadsAllTheThings...
[SCRAPER-1] [01:55:19] [10/16] qazbnm456/awesome-web-security...
[SCRAPER-1] [01:55:21] [11/16] infoslack/awesome-web-hacking...
[SCRAPER-1] [01:55:23] [12/16] EdOverflow/bugbounty-cheatsheet...
[SCRAPER-1] [01:55:25] [13/16] KathanP19/HowToHunt...
[SCRAPER-1] [01:55:27] [14/16] nahamsec/Resources-for-Beginner-Bug-Bounty-Hunters...
[SCRAPER-1] [01:55:29] [15/16] pentestmonkey/php-reverse-shell...
[SCRAPER-1] [01:55:31] [16/16] tennc/webshell...
[SCRAPER-1] [01:55:33] ✅ CYCLE 17 DONE | Total: 0.0 MB
[SCRAPER-1] [01:56:33] 🔄 CYCLE 18 - Depth: 2300 files/repo
[SCRAPER-1] [01:56:33] [1/16] OWASP/CheatSheetSeries...
[SCRAPER-1] [01:56:35] [2/16] OWASP/wstg...
[SCRAPER-1] [01:56:38] [3/16] OWASP/ASVS...
[SCRAPER-1] [01:56:40] [4/16] OWASP/owasp-mstg...
[SCRAPER-1] [01:56:42] [5/16] OWASP/API-Security...
[SCRAPER-1] [01:56:44] [6/16] OWASP/Top10...
[SCRAPER-1] [01:56:46] [7/16] OWASP/WebGoat...
[SCRAPER-1] [01:56:48] [8/16] OWASP/Juice-Shop...
[SCRAPER-1] [01:56:50] [9/16] swisskyrepo/PayloadsAllTheThings...
[SCRAPER-1] [01:56:52] [10/16] qazbnm456/awesome-web-security...
[SCRAPER-1] [01:56:54] [11/16] infoslack/awesome-web-hacking...
[SCRAPER-1] [01:56:56] [12/16] EdOverflow/bugbounty-cheatsheet...
[SCRAPER-1] [01:56:58] [13/16] KathanP19/HowToHunt...
[SCRAPER-1] [01:57:00] [14/16] nahamsec/Resources-for-Beginner-Bug-Bounty-Hunters...
[SCRAPER-1] [01:57:02] [15/16] pentestmonkey/php-reverse-shell...
[SCRAPER-1] [01:57:04] [16/16] tennc/webshell...
[SCRAPER-1] [01:57:06] ✅ CYCLE 18 DONE | Total: 0.0 MB
[SCRAPER-1] [01:58:06] 🔄 CYCLE 19 - Depth: 2400 files/repo
[SCRAPER-1] [01:58:06] [1/16] OWASP/CheatSheetSeries...
[SCRAPER-1] [01:58:08] [2/16] OWASP/wstg...
[SCRAPER-1] [01:58:10] [3/16] OWASP/ASVS...
[SCRAPER-1] [01:58:12] [4/16] OWASP/owasp-mstg...
[SCRAPER-1] [01:58:14] [5/16] OWASP/API-Security...
[SCRAPER-1] [01:58:16] [6/16] OWASP/Top10...
[SCRAPER-1] [01:58:18] [7/16] OWASP/WebGoat...
[SCRAPER-1] [01:58:20] [8/16] OWASP/Juice-Shop...
[SCRAPER-1] [01:58:22] [9/16] swisskyrepo/PayloadsAllTheThings...
[SCRAPER-1] [01:58:24] [10/16] qazbnm456/awesome-web-security...
[SCRAPER-1] [01:58:26] [11/16] infoslack/awesome-web-hacking...
[SCRAPER-1] [01:58:28] [12/16] EdOverflow/bugbounty-cheatsheet...
[SCRAPER-1] [01:58:30] [13/16] KathanP19/HowToHunt...
[SCRAPER-1] [01:58:32] [14/16] nahamsec/Resources-for-Beginner-Bug-Bounty-Hunters...
[SCRAPER-1] [01:58:34] [15/16] pentestmonkey/php-reverse-shell...
[SCRAPER-1] [01:58:36] [16/16] tennc/webshell...
[SCRAPER-1] [01:58:38] ✅ CYCLE 19 DONE | Total: 0.0 MB
[SCRAPER-1] [01:59:38] 🔄 CYCLE 20 - Depth: 2500 files/repo
[SCRAPER-1] [01:59:38] [1/16] OWASP/CheatSheetSeries...
[SCRAPER-1] [01:59:41] [2/16] OWASP/wstg...
[SCRAPER-1] [01:59:43] [3/16] OWASP/ASVS...
[SCRAPER-1] [01:59:45] [4/16] OWASP/owasp-mstg...
[SCRAPER-1] [01:59:47] [5/16] OWASP/API-Security...
[SCRAPER-1] [01:59:49] [6/16] OWASP/Top10...
[SCRAPER-1] [01:59:51] [7/16] OWASP/WebGoat...
[SCRAPER-1] [01:59:53] [8/16] OWASP/Juice-Shop...
[SCRAPER-1] [01:59:55] [9/16] swisskyrepo/PayloadsAllTheThings...
[SCRAPER-1] [01:59:57] [10/16] qazbnm456/awesome-web-security...
[SCRAPER-1] [01:59:59] [11/16] infoslack/awesome-web-hacking...
[SCRAPER-1] [02:00:01] [12/16] EdOverflow/bugbounty-cheatsheet...
[SCRAPER-1] [02:00:03] [13/16] KathanP19/HowToHunt...
[SCRAPER-1] [02:00:05] [14/16] nahamsec/Resources-for-Beginner-Bug-Bounty-Hunters...
[SCRAPER-1] [02:00:07] [15/16] pentestmonkey/php-reverse-shell...
[SCRAPER-1] [02:00:09] [16/16] tennc/webshell...
[SCRAPER-1] [02:00:11] ✅ CYCLE 20 DONE | Total: 0.0 MB
[SCRAPER-1] [02:01:11] 🔄 CYCLE 21 - Depth: 2600 files/repo
[SCRAPER-1] [02:01:11] [1/16] OWASP/CheatSheetSeries...
[SCRAPER-1] [02:01:13] [2/16] OWASP/wstg...
[SCRAPER-1] [02:01:15] [3/16] OWASP/ASVS...
[SCRAPER-1] [02:01:17] [4/16] OWASP/owasp-mstg...
[SCRAPER-1] [02:01:19] [5/16] OWASP/API-Security...
[SCRAPER-1] [02:01:21] [6/16] OWASP/Top10...
[SCRAPER-1] [02:01:23] [7/16] OWASP/WebGoat...
[SCRAPER-1] [02:01:25] [8/16] OWASP/Juice-Shop...
[SCRAPER-1] [02:01:27] [9/16] swisskyrepo/PayloadsAllTheThings...
[SCRAPER-1] [02:01:29] [10/16] qazbnm456/awesome-web-security...
[SCRAPER-1] [02:01:31] [11/16] infoslack/awesome-web-hacking...
[SCRAPER-1] [02:01:33] [12/16] EdOverflow/bugbounty-cheatsheet...
[SCRAPER-1] [02:01:35] [13/16] KathanP19/HowToHunt...
[SCRAPER-1] [02:01:37] [14/16] nahamsec/Resources-for-Beginner-Bug-Bounty-Hunters...
[SCRAPER-1] [02:01:39] [15/16] pentestmonkey/php-reverse-shell...
[SCRAPER-1] [02:01:41] [16/16] tennc/webshell...
[SCRAPER-1] [02:01:43] ✅ CYCLE 21 DONE | Total: 0.0 MB
[SCRAPER-1] [02:02:43] 🔄 CYCLE 22 - Depth: 2700 files/repo
[SCRAPER-1] [02:02:43] [1/16] OWASP/CheatSheetSeries...
[SCRAPER-1] [02:02:45] [2/16] OWASP/wstg...
[SCRAPER-1] [02:02:47] [3/16] OWASP/ASVS...
[SCRAPER-1] [02:02:50] [4/16] OWASP/owasp-mstg...
[SCRAPER-1] [02:02:52] [5/16] OWASP/API-Security...
[SCRAPER-1] [02:02:54] [6/16] OWASP/Top10...
[SCRAPER-1] [02:02:56] [7/16] OWASP/WebGoat...
[SCRAPER-1] [02:02:58] [8/16] OWASP/Juice-Shop...
[SCRAPER-1] [02:03:00] [9/16] swisskyrepo/PayloadsAllTheThings...
[SCRAPER-1] [02:03:02] [10/16] qazbnm456/awesome-web-security...
[SCRAPER-1] [02:03:04] [11/16] infoslack/awesome-web-hacking...
[SCRAPER-1] [02:03:06] [12/16] EdOverflow/bugbounty-cheatsheet...
[SCRAPER-1] [02:03:08] [13/16] KathanP19/HowToHunt...
[SCRAPER-1] [02:03:10] [14/16] nahamsec/Resources-for-Beginner-Bug-Bounty-Hunters...
[SCRAPER-1] [02:03:12] [15/16] pentestmonkey/php-reverse-shell...
[SCRAPER-1] [02:03:14] [16/16] tennc/webshell...
[SCRAPER-1] [02:03:16] ✅ CYCLE 22 DONE | Total: 0.0 MB
[SCRAPER-1] [02:04:16] 🔄 CYCLE 23 - Depth: 2800 files/repo
[SCRAPER-1] [02:04:16] [1/16] OWASP/CheatSheetSeries...
[SCRAPER-1] [02:04:18] [2/16] OWASP/wstg...
[SCRAPER-1] [02:04:20] [3/16] OWASP/ASVS...
[SCRAPER-1] [02:04:22] [4/16] OWASP/owasp-mstg...
[SCRAPER-1] [02:04:24] [5/16] OWASP/API-Security...
[SCRAPER-1] [02:04:26] [6/16] OWASP/Top10...
[SCRAPER-1] [02:04:28] [7/16] OWASP/WebGoat...
[SCRAPER-1] [02:04:30] [8/16] OWASP/Juice-Shop...
[SCRAPER-1] [02:04:32] [9/16] swisskyrepo/PayloadsAllTheThings...
[SCRAPER-1] [02:04:34] [10/16] qazbnm456/awesome-web-security...
[SCRAPER-1] [02:04:36] [11/16] infoslack/awesome-web-hacking...
[SCRAPER-1] [02:04:38] [12/16] EdOverflow/bugbounty-cheatsheet...
[SCRAPER-1] [02:04:40] [13/16] KathanP19/HowToHunt...
[SCRAPER-1] [02:04:42] [14/16] nahamsec/Resources-for-Beginner-Bug-Bounty-Hunters...
[SCRAPER-1] [02:04:44] [15/16] pentestmonkey/php-reverse-shell...
[SCRAPER-1] [02:04:47] [16/16] tennc/webshell...
[SCRAPER-1] [02:04:49] ✅ CYCLE 23 DONE | Total: 0.0 MB
[SCRAPER-1] [02:05:49] 🔄 CYCLE 24 - Depth: 2900 files/repo
[SCRAPER-1] [02:05:49] [1/16] OWASP/CheatSheetSeries...
[SCRAPER-1] [02:05:51] [2/16] OWASP/wstg...
[SCRAPER-1] [02:05:53] [3/16] OWASP/ASVS...
[SCRAPER-1] [02:05:55] [4/16] OWASP/owasp-mstg...
[SCRAPER-1] [02:05:57] [5/16] OWASP/API-Security...
[SCRAPER-1] [02:05:59] [6/16] OWASP/Top10...
[SCRAPER-1] [02:06:01] [7/16] OWASP/WebGoat...
[SCRAPER-1] [02:06:03] [8/16] OWASP/Juice-Shop...
[SCRAPER-1] [02:06:05] [9/16] swisskyrepo/PayloadsAllTheThings...
[SCRAPER-1] [02:06:07] [10/16] qazbnm456/awesome-web-security...
[SCRAPER-1] [02:06:09] [11/16] infoslack/awesome-web-hacking...
[SCRAPER-1] [02:06:11] [12/16] EdOverflow/bugbounty-cheatsheet...
[SCRAPER-1] [02:06:13] [13/16] KathanP19/HowToHunt...
[SCRAPER-1] [02:06:15] [14/16] nahamsec/Resources-for-Beginner-Bug-Bounty-Hunters...
[SCRAPER-1] [02:06:17] [15/16] pentestmonkey/php-reverse-shell...
[SCRAPER-1] [02:06:19] [16/16] tennc/webshell...
[SCRAPER-1] [02:06:21] ✅ CYCLE 24 DONE | Total: 0.0 MB
[SCRAPER-1] [02:07:21] 🔄 CYCLE 25 - Depth: 3000 files/repo
[SCRAPER-1] [02:07:21] [1/16] OWASP/CheatSheetSeries...
[SCRAPER-1] [02:07:23] [2/16] OWASP/wstg...
[SCRAPER-1] [02:07:25] [3/16] OWASP/ASVS...
[SCRAPER-1] [02:07:27] [4/16] OWASP/owasp-mstg...
[SCRAPER-1] [02:07:29] [5/16] OWASP/API-Security...
[SCRAPER-1] [02:07:31] [6/16] OWASP/Top10...
[SCRAPER-1] [02:07:33] [7/16] OWASP/WebGoat...
[SCRAPER-1] [02:07:35] [8/16] OWASP/Juice-Shop...
[SCRAPER-1] [02:07:37] [9/16] swisskyrepo/PayloadsAllTheThings...
[SCRAPER-1] [02:07:39] [10/16] qazbnm456/awesome-web-security...
[SCRAPER-1] [02:07:41] [11/16] infoslack/awesome-web-hacking...
[SCRAPER-1] [02:07:43] [12/16] EdOverflow/bugbounty-cheatsheet...
[SCRAPER-1] [02:07:45] [13/16] KathanP19/HowToHunt...
[SCRAPER-1] [02:07:47] [14/16] nahamsec/Resources-for-Beginner-Bug-Bounty-Hunters...
[SCRAPER-1] [02:07:49] [15/16] pentestmonkey/php-reverse-shell...
[SCRAPER-1] [02:07:51] [16/16] tennc/webshell...
[SCRAPER-1] [02:07:53] ✅ CYCLE 25 DONE | Total: 0.0 MB
[SCRAPER-1] [02:08:53] 🔄 CYCLE 26 - Depth: 3100 files/repo
[SCRAPER-1] [02:08:53] [1/16] OWASP/CheatSheetSeries...
[SCRAPER-1] [02:08:56] [2/16] OWASP/wstg...
[SCRAPER-1] [02:08:58] [3/16] OWASP/ASVS...
[SCRAPER-1] [02:09:00] [4/16] OWASP/owasp-mstg...
[SCRAPER-1] [02:09:02] [5/16] OWASP/API-Security...
[SCRAPER-1] [02:09:04] [6/16] OWASP/Top10...
[SCRAPER-1] [02:09:06] [7/16] OWASP/WebGoat...
[SCRAPER-1] [02:09:08] [8/16] OWASP/Juice-Shop...
[SCRAPER-1] [02:09:10] [9/16] swisskyrepo/PayloadsAllTheThings...
[SCRAPER-1] [02:09:12] [10/16] qazbnm456/awesome-web-security...
[SCRAPER-1] [02:09:14] [11/16] infoslack/awesome-web-hacking...
[SCRAPER-1] [02:09:16] [12/16] EdOverflow/bugbounty-cheatsheet...
[SCRAPER-1] [02:09:18] [13/16] KathanP19/HowToHunt...
[SCRAPER-1] [02:09:20] [14/16] nahamsec/Resources-for-Beginner-Bug-Bounty-Hunters...
[SCRAPER-1] [02:09:22] [15/16] pentestmonkey/php-reverse-shell...
[SCRAPER-1] [02:09:24] [16/16] tennc/webshell...
[SCRAPER-1] [02:09:26] ✅ CYCLE 26 DONE | Total: 0.0 MB
[SCRAPER-1] [02:10:26] 🔄 CYCLE 27 - Depth: 3200 files/repo
[SCRAPER-1] [02:10:26] [1/16] OWASP/CheatSheetSeries...
[SCRAPER-1] [02:10:28] [2/16] OWASP/wstg...
[SCRAPER-1] [02:10:30] [3/16] OWASP/ASVS...
[SCRAPER-1] [02:10:32] [4/16] OWASP/owasp-mstg...
[SCRAPER-1] [02:10:34] [5/16] OWASP/API-Security...
[SCRAPER-1] [02:10:36] [6/16] OWASP/Top10...
[SCRAPER-1] [02:10:38] [7/16] OWASP/WebGoat...
[SCRAPER-1] [02:10:40] [8/16] OWASP/Juice-Shop...
[SCRAPER-1] [02:10:42] [9/16] swisskyrepo/PayloadsAllTheThings...
[SCRAPER-1] [02:10:44] [10/16] qazbnm456/awesome-web-security...
[SCRAPER-1] [02:10:46] [11/16] infoslack/awesome-web-hacking...
[SCRAPER-1] [02:10:48] [12/16] EdOverflow/bugbounty-cheatsheet...
[SCRAPER-1] [02:10:50] [13/16] KathanP19/HowToHunt...
[SCRAPER-1] [02:10:52] [14/16] nahamsec/Resources-for-Beginner-Bug-Bounty-Hunters...
[SCRAPER-1] [02:10:54] [15/16] pentestmonkey/php-reverse-shell...
[SCRAPER-1] [02:10:56] [16/16] tennc/webshell...
[SCRAPER-1] [02:10:58] ✅ CYCLE 27 DONE | Total: 0.0 MB
[SCRAPER-1] [02:11:58] 🔄 CYCLE 28 - Depth: 3300 files/repo
[SCRAPER-1] [02:11:58] [1/16] OWASP/CheatSheetSeries...
[SCRAPER-1] [02:12:00] [2/16] OWASP/wstg...
[SCRAPER-1] [02:12:03] [3/16] OWASP/ASVS...
[SCRAPER-1] [02:12:05] [4/16] OWASP/owasp-mstg...
[SCRAPER-1] [02:12:07] [5/16] OWASP/API-Security...
[SCRAPER-1] [02:12:09] [6/16] OWASP/Top10...
[SCRAPER-1] [02:12:11] [7/16] OWASP/WebGoat...
[SCRAPER-1] [02:12:13] [8/16] OWASP/Juice-Shop...
[SCRAPER-1] [02:12:15] [9/16] swisskyrepo/PayloadsAllTheThings...
[SCRAPER-1] [02:12:17] [10/16] qazbnm456/awesome-web-security...
[SCRAPER-1] [02:12:19] [11/16] infoslack/awesome-web-hacking...
[SCRAPER-1] [02:12:21] [12/16] EdOverflow/bugbounty-cheatsheet...
[SCRAPER-1] [02:12:23] [13/16] KathanP19/HowToHunt...
[SCRAPER-1] [02:12:25] [14/16] nahamsec/Resources-for-Beginner-Bug-Bounty-Hunters...
[SCRAPER-1] [02:12:27] [15/16] pentestmonkey/php-reverse-shell...
[SCRAPER-1] [02:12:29] [16/16] tennc/webshell...
[SCRAPER-1] [02:12:31] ✅ CYCLE 28 DONE | Total: 0.0 MB
[SCRAPER-1] [02:13:31] 🔄 CYCLE 29 - Depth: 3400 files/repo
[SCRAPER-1] [02:13:31] [1/16] OWASP/CheatSheetSeries...
[SCRAPER-1] [02:13:33] [2/16] OWASP/wstg...
[SCRAPER-1] [02:13:35] [3/16] OWASP/ASVS...
[SCRAPER-1] [02:13:37] [4/16] OWASP/owasp-mstg...
[SCRAPER-1] [02:13:39] [5/16] OWASP/API-Security...
[SCRAPER-1] [02:13:41] [6/16] OWASP/Top10...
[SCRAPER-1] [02:13:43] [7/16] OWASP/WebGoat...
[SCRAPER-1] [02:13:45] [8/16] OWASP/Juice-Shop...
[SCRAPER-1] [02:13:47] [9/16] swisskyrepo/PayloadsAllTheThings...
[SCRAPER-1] [02:13:49] [10/16] qazbnm456/awesome-web-security...
[SCRAPER-1] [02:13:51] [11/16] infoslack/awesome-web-hacking...
[SCRAPER-1] [02:13:53] [12/16] EdOverflow/bugbounty-cheatsheet...
[SCRAPER-1] [02:13:55] [13/16] KathanP19/HowToHunt...
[SCRAPER-1] [02:13:57] [14/16] nahamsec/Resources-for-Beginner-Bug-Bounty-Hunters...
[SCRAPER-1] [02:13:59] [15/16] pentestmonkey/php-reverse-shell...
[SCRAPER-1] [02:14:01] [16/16] tennc/webshell...
[SCRAPER-1] [02:14:03] ✅ CYCLE 29 DONE | Total: 0.0 MB
[SCRAPER-1] [02:15:03] 🔄 CYCLE 30 - Depth: 3500 files/repo
[SCRAPER-1] [02:15:03] [1/16] OWASP/CheatSheetSeries...
[SCRAPER-1] [02:15:05] [2/16] OWASP/wstg...
[SCRAPER-1] [02:15:07] [3/16] OWASP/ASVS...
[SCRAPER-1] [02:15:09] [4/16] OWASP/owasp-mstg...
[SCRAPER-1] [02:15:12] [5/16] OWASP/API-Security...
[SCRAPER-1] [02:15:14] [6/16] OWASP/Top10...
[SCRAPER-1] [02:15:16] [7/16] OWASP/WebGoat...
[SCRAPER-1] [02:15:18] [8/16] OWASP/Juice-Shop...
[SCRAPER-1] [02:15:20] [9/16] swisskyrepo/PayloadsAllTheThings...
[SCRAPER-1] [02:15:22] [10/16] qazbnm456/awesome-web-security...
[SCRAPER-1] [02:15:24] [11/16] infoslack/awesome-web-hacking...
[SCRAPER-1] [02:15:26] [12/16] EdOverflow/bugbounty-cheatsheet...
[SCRAPER-1] [02:15:28] [13/16] KathanP19/HowToHunt...
[SCRAPER-1] [02:15:30] [14/16] nahamsec/Resources-for-Beginner-Bug-Bounty-Hunters...
[SCRAPER-1] [02:15:32] [15/16] pentestmonkey/php-reverse-shell...
[SCRAPER-1] [02:15:34] [16/16] tennc/webshell...
[SCRAPER-1] [02:15:36] ✅ CYCLE 30 DONE | Total: 0.0 MB
[SCRAPER-1] [02:16:36] 🔄 CYCLE 31 - Depth: 3600 files/repo
[SCRAPER-1] [02:16:36] [1/16] OWASP/CheatSheetSeries...
[SCRAPER-1] [02:16:38] [2/16] OWASP/wstg...
[SCRAPER-1] [02:16:40] [3/16] OWASP/ASVS...
[SCRAPER-1] [02:16:42] [4/16] OWASP/owasp-mstg...
[SCRAPER-1] [02:16:44] [5/16] OWASP/API-Security...
[SCRAPER-1] [02:16:46] [6/16] OWASP/Top10...
[SCRAPER-1] [02:16:48] [7/16] OWASP/WebGoat...
[SCRAPER-1] [02:16:50] [8/16] OWASP/Juice-Shop...
[SCRAPER-1] [02:16:52] [9/16] swisskyrepo/PayloadsAllTheThings...
[SCRAPER-1] [02:16:54] [10/16] qazbnm456/awesome-web-security...
[SCRAPER-1] [02:16:56] [11/16] infoslack/awesome-web-hacking...
[SCRAPER-1] [02:16:58] [12/16] EdOverflow/bugbounty-cheatsheet...
[SCRAPER-1] [02:17:00] [13/16] KathanP19/HowToHunt...
[SCRAPER-1] [02:17:02] [14/16] nahamsec/Resources-for-Beginner-Bug-Bounty-Hunters...
[SCRAPER-1] [02:17:04] [15/16] pentestmonkey/php-reverse-shell...
[SCRAPER-1] [02:17:06] [16/16] tennc/webshell...
[SCRAPER-1] [02:17:08] ✅ CYCLE 31 DONE | Total: 0.0 MB
[SCRAPER-1] [02:18:08] 🔄 CYCLE 32 - Depth: 3700 files/repo
[SCRAPER-1] [02:18:08] [1/16] OWASP/CheatSheetSeries...
[SCRAPER-1] [02:18:10] [2/16] OWASP/wstg...
[SCRAPER-1] [02:18:12] [3/16] OWASP/ASVS...
[SCRAPER-1] [02:18:14] [4/16] OWASP/owasp-mstg...
[SCRAPER-1] [02:18:17] [5/16] OWASP/API-Security...
[SCRAPER-1] [02:18:19] [6/16] OWASP/Top10...
[SCRAPER-1] [02:18:21] [7/16] OWASP/WebGoat...
[SCRAPER-1] [02:18:23] [8/16] OWASP/Juice-Shop...
[SCRAPER-1] [02:18:25] [9/16] swisskyrepo/PayloadsAllTheThings...
[SCRAPER-1] [02:18:27] [10/16] qazbnm456/awesome-web-security...
[SCRAPER-1] [02:18:29] [11/16] infoslack/awesome-web-hacking...
[SCRAPER-1] [02:18:31] [12/16] EdOverflow/bugbounty-cheatsheet...
[SCRAPER-1] [02:18:33] [13/16] KathanP19/HowToHunt...
[SCRAPER-1] [02:18:35] [14/16] nahamsec/Resources-for-Beginner-Bug-Bounty-Hunters...
[SCRAPER-1] [02:18:37] [15/16] pentestmonkey/php-reverse-shell...
[SCRAPER-1] [02:18:39] [16/16] tennc/webshell...
[SCRAPER-1] [02:18:41] ✅ CYCLE 32 DONE | Total: 0.0 MB
[SCRAPER-1] [02:19:41] 🔄 CYCLE 33 - Depth: 3800 files/repo
[SCRAPER-1] [02:19:41] [1/16] OWASP/CheatSheetSeries...
[SCRAPER-1] [02:19:43] [2/16] OWASP/wstg...
[SCRAPER-1] [02:19:45] [3/16] OWASP/ASVS...
[SCRAPER-1] [02:19:47] [4/16] OWASP/owasp-mstg...
[SCRAPER-1] [02:19:49] [5/16] OWASP/API-Security...
[SCRAPER-1] [02:19:51] [6/16] OWASP/Top10...
[SCRAPER-1] [02:19:53] [7/16] OWASP/WebGoat...
[SCRAPER-1] [02:19:55] [8/16] OWASP/Juice-Shop...
[SCRAPER-1] [02:19:57] [9/16] swisskyrepo/PayloadsAllTheThings...
[SCRAPER-1] [02:19:59] [10/16] qazbnm456/awesome-web-security...
[SCRAPER-1] [02:20:01] [11/16] infoslack/awesome-web-hacking...
[SCRAPER-1] [02:20:03] [12/16] EdOverflow/bugbounty-cheatsheet...
[SCRAPER-1] [02:20:05] [13/16] KathanP19/HowToHunt...
[SCRAPER-1] [02:20:07] [14/16] nahamsec/Resources-for-Beginner-Bug-Bounty-Hunters...
[SCRAPER-1] [02:20:09] [15/16] pentestmonkey/php-reverse-shell...
[SCRAPER-1] [02:20:11] [16/16] tennc/webshell...
[SCRAPER-1] [02:20:13] ✅ CYCLE 33 DONE | Total: 0.0 MB
[SCRAPER-1] [02:21:13] 🔄 CYCLE 34 - Depth: 3900 files/repo
[SCRAPER-1] [02:21:13] [1/16] OWASP/CheatSheetSeries...
[SCRAPER-1] [02:21:15] [2/16] OWASP/wstg...
[SCRAPER-1] [02:21:17] [3/16] OWASP/ASVS...
[SCRAPER-1] [02:21:19] [4/16] OWASP/owasp-mstg...
[SCRAPER-1] [02:21:21] [5/16] OWASP/API-Security...
[SCRAPER-1] [02:21:24] [6/16] OWASP/Top10...
[SCRAPER-1] [02:21:26] [7/16] OWASP/WebGoat...
[SCRAPER-1] [02:21:28] [8/16] OWASP/Juice-Shop...
[SCRAPER-1] [02:21:30] [9/16] swisskyrepo/PayloadsAllTheThings...
[SCRAPER-1] [02:21:32] [10/16] qazbnm456/awesome-web-security...
[SCRAPER-1] [02:21:34] [11/16] infoslack/awesome-web-hacking...
[SCRAPER-1] [02:21:36] [12/16] EdOverflow/bugbounty-cheatsheet...
[SCRAPER-1] [02:21:38] [13/16] KathanP19/HowToHunt...
[SCRAPER-1] [02:21:40] [14/16] nahamsec/Resources-for-Beginner-Bug-Bounty-Hunters...
[SCRAPER-1] [02:21:42] [15/16] pentestmonkey/php-reverse-shell...
[SCRAPER-1] [02:21:44] [16/16] tennc/webshell...
[SCRAPER-1] [02:21:46] ✅ CYCLE 34 DONE | Total: 0.0 MB
[SCRAPER-1] [02:22:46] 🔄 CYCLE 35 - Depth: 4000 files/repo
[SCRAPER-1] [02:22:46] [1/16] OWASP/CheatSheetSeries...
[SCRAPER-1] [02:22:48] [2/16] OWASP/wstg...
[SCRAPER-1] [02:22:50] [3/16] OWASP/ASVS...
[SCRAPER-1] [02:22:52] [4/16] OWASP/owasp-mstg...
[SCRAPER-1] [02:22:54] [5/16] OWASP/API-Security...
[SCRAPER-1] [02:22:56] [6/16] OWASP/Top10...
[SCRAPER-1] [02:22:58] [7/16] OWASP/WebGoat...
[SCRAPER-1] [02:23:00] [8/16] OWASP/Juice-Shop...
[SCRAPER-1] [02:23:02] [9/16] swisskyrepo/PayloadsAllTheThings...
[SCRAPER-1] [02:23:04] [10/16] qazbnm456/awesome-web-security...
[SCRAPER-1] [02:23:06] [11/16] infoslack/awesome-web-hacking...
[SCRAPER-1] [02:23:08] [12/16] EdOverflow/bugbounty-cheatsheet...
[SCRAPER-1] [02:23:10] [13/16] KathanP19/HowToHunt...
[SCRAPER-1] [02:23:12] [14/16] nahamsec/Resources-for-Beginner-Bug-Bounty-Hunters...
[SCRAPER-1] [02:23:14] [15/16] pentestmonkey/php-reverse-shell...
[SCRAPER-1] [02:23:16] [16/16] tennc/webshell...
[SCRAPER-1] [02:23:18] ✅ CYCLE 35 DONE | Total: 0.0 MB
[SCRAPER-1] [02:24:18] 🔄 CYCLE 36 - Depth: 4100 files/repo
[SCRAPER-1] [02:24:18] [1/16] OWASP/CheatSheetSeries...
[SCRAPER-1] [02:24:20] [2/16] OWASP/wstg...
[SCRAPER-1] [02:24:22] [3/16] OWASP/ASVS...
[SCRAPER-1] [02:24:24] [4/16] OWASP/owasp-mstg...
[SCRAPER-1] [02:24:26] [5/16] OWASP/API-Security...
[SCRAPER-1] [02:24:28] [6/16] OWASP/Top10...
[SCRAPER-1] [02:24:30] [7/16] OWASP/WebGoat...
[SCRAPER-1] [02:24:33] [8/16] OWASP/Juice-Shop...
[SCRAPER-1] [02:24:35] [9/16] swisskyrepo/PayloadsAllTheThings...
[SCRAPER-1] [02:24:37] [10/16] qazbnm456/awesome-web-security...
[SCRAPER-1] [02:24:39] [11/16] infoslack/awesome-web-hacking...
[SCRAPER-1] [02:24:41] [12/16] EdOverflow/bugbounty-cheatsheet...
[SCRAPER-1] [02:24:43] [13/16] KathanP19/HowToHunt...
[SCRAPER-1] [02:24:45] [14/16] nahamsec/Resources-for-Beginner-Bug-Bounty-Hunters...
[SCRAPER-1] [02:24:47] [15/16] pentestmonkey/php-reverse-shell...
[SCRAPER-1] [02:24:49] [16/16] tennc/webshell...
[SCRAPER-1] [02:24:51] ✅ CYCLE 36 DONE | Total: 0.0 MB
[SCRAPER-1] [02:25:51] 🔄 CYCLE 37 - Depth: 4200 files/repo
[SCRAPER-1] [02:25:51] [1/16] OWASP/CheatSheetSeries...
[SCRAPER-1] [02:25:53] [2/16] OWASP/wstg...
[SCRAPER-1] [02:25:55] [3/16] OWASP/ASVS...
[SCRAPER-1] [02:25:57] [4/16] OWASP/owasp-mstg...
[SCRAPER-1] [02:25:59] [5/16] OWASP/API-Security...
[SCRAPER-1] [02:26:01] [6/16] OWASP/Top10...
[SCRAPER-1] [02:26:03] [7/16] OWASP/WebGoat...
[SCRAPER-1] [02:26:05] [8/16] OWASP/Juice-Shop...
[SCRAPER-1] [02:26:07] [9/16] swisskyrepo/PayloadsAllTheThings...
[SCRAPER-1] [02:26:09] [10/16] qazbnm456/awesome-web-security...
[SCRAPER-1] [02:26:11] [11/16] infoslack/awesome-web-hacking...
[SCRAPER-1] [02:26:13] [12/16] EdOverflow/bugbounty-cheatsheet...
[SCRAPER-1] [02:26:15] [13/16] KathanP19/HowToHunt...
[SCRAPER-1] [02:26:17] [14/16] nahamsec/Resources-for-Beginner-Bug-Bounty-Hunters...
[SCRAPER-1] [02:26:19] [15/16] pentestmonkey/php-reverse-shell...
[SCRAPER-1] [02:26:21] [16/16] tennc/webshell...
[SCRAPER-1] [02:26:23] ✅ CYCLE 37 DONE | Total: 0.0 MB
[SCRAPER-1] [02:27:23] 🔄 CYCLE 38 - Depth: 4300 files/repo
[SCRAPER-1] [02:27:23] [1/16] OWASP/CheatSheetSeries...
[SCRAPER-1] [02:27:25] [2/16] OWASP/wstg...
[SCRAPER-1] [02:27:27] [3/16] OWASP/ASVS...
[SCRAPER-1] [02:27:29] [4/16] OWASP/owasp-mstg...
[SCRAPER-1] [02:27:31] [5/16] OWASP/API-Security...
[SCRAPER-1] [02:27:33] [6/16] OWASP/Top10...
[SCRAPER-1] [02:27:35] [7/16] OWASP/WebGoat...
[SCRAPER-1] [02:27:38] [8/16] OWASP/Juice-Shop...
[SCRAPER-1] [02:27:40] [9/16] swisskyrepo/PayloadsAllTheThings...
[SCRAPER-1] [02:27:42] [10/16] qazbnm456/awesome-web-security...
[SCRAPER-1] [02:27:44] [11/16] infoslack/awesome-web-hacking...
[SCRAPER-1] [02:27:46] [12/16] EdOverflow/bugbounty-cheatsheet...
[SCRAPER-1] [02:27:48] [13/16] KathanP19/HowToHunt...
[SCRAPER-1] [02:27:50] [14/16] nahamsec/Resources-for-Beginner-Bug-Bounty-Hunters...
[SCRAPER-1] [02:27:52] [15/16] pentestmonkey/php-reverse-shell...
[SCRAPER-1] [02:27:54] [16/16] tennc/webshell...
[SCRAPER-1] [02:27:56] ✅ CYCLE 38 DONE | Total: 0.0 MB
[SCRAPER-1] [02:28:56] 🔄 CYCLE 39 - Depth: 4400 files/repo
[SCRAPER-1] [02:28:56] [1/16] OWASP/CheatSheetSeries...
[SCRAPER-1] [02:28:58] [2/16] OWASP/wstg...
[SCRAPER-1] [02:29:00] [3/16] OWASP/ASVS...
[SCRAPER-1] [02:29:02] [4/16] OWASP/owasp-mstg...
[SCRAPER-1] [02:29:04] [5/16] OWASP/API-Security...
[SCRAPER-1] [02:29:06] [6/16] OWASP/Top10...
[SCRAPER-1] [02:29:08] [7/16] OWASP/WebGoat...
[SCRAPER-1] [02:29:10] [8/16] OWASP/Juice-Shop...
[SCRAPER-1] [02:29:12] [9/16] swisskyrepo/PayloadsAllTheThings...
[SCRAPER-1] [02:29:14] [10/16] qazbnm456/awesome-web-security...
[SCRAPER-1] [02:29:16] [11/16] infoslack/awesome-web-hacking...
[SCRAPER-1] [02:29:18] [12/16] EdOverflow/bugbounty-cheatsheet...
[SCRAPER-1] [02:29:20] [13/16] KathanP19/HowToHunt...
[SCRAPER-1] [02:29:22] [14/16] nahamsec/Resources-for-Beginner-Bug-Bounty-Hunters...
[SCRAPER-1] [02:29:24] [15/16] pentestmonkey/php-reverse-shell...
[SCRAPER-1] [02:29:26] [16/16] tennc/webshell...
[SCRAPER-1] [02:29:29] ✅ CYCLE 39 DONE | Total: 0.0 MB
[SCRAPER-1] [02:30:29] 🔄 CYCLE 40 - Depth: 4500 files/repo
[SCRAPER-1] [02:30:29] [1/16] OWASP/CheatSheetSeries...
[SCRAPER-1] [02:30:31] [2/16] OWASP/wstg...
[SCRAPER-1] [02:30:33] [3/16] OWASP/ASVS...
[SCRAPER-1] [02:30:35] [4/16] OWASP/owasp-mstg...
[SCRAPER-1] [02:30:37] [5/16] OWASP/API-Security...
[SCRAPER-1] [02:30:39] [6/16] OWASP/Top10...
[SCRAPER-1] [02:30:41] [7/16] OWASP/WebGoat...
[SCRAPER-1] [02:30:43] [8/16] OWASP/Juice-Shop...
[SCRAPER-1] [02:30:45] [9/16] swisskyrepo/PayloadsAllTheThings...
[SCRAPER-1] [02:30:47] [10/16] qazbnm456/awesome-web-security...
[SCRAPER-1] [02:30:49] [11/16] infoslack/awesome-web-hacking...
[SCRAPER-1] [02:30:51] [12/16] EdOverflow/bugbounty-cheatsheet...
[SCRAPER-1] [02:30:53] [13/16] KathanP19/HowToHunt...
[SCRAPER-1] [02:30:55] [14/16] nahamsec/Resources-for-Beginner-Bug-Bounty-Hunters...
[SCRAPER-1] [02:30:57] [15/16] pentestmonkey/php-reverse-shell...
[SCRAPER-1] [02:30:59] [16/16] tennc/webshell...
[SCRAPER-1] [02:31:01] ✅ CYCLE 40 DONE | Total: 0.0 MB
[SCRAPER-1] [02:32:01] 🔄 CYCLE 41 - Depth: 4600 files/repo
[SCRAPER-1] [02:32:01] [1/16] OWASP/CheatSheetSeries...
[SCRAPER-1] [02:32:03] [2/16] OWASP/wstg...
[SCRAPER-1] [02:32:05] [3/16] OWASP/ASVS...
[SCRAPER-1] [02:32:07] [4/16] OWASP/owasp-mstg...
[SCRAPER-1] [02:32:09] [5/16] OWASP/API-Security...
[SCRAPER-1] [02:32:11] [6/16] OWASP/Top10...
[SCRAPER-1] [02:32:13] [7/16] OWASP/WebGoat...
[SCRAPER-1] [02:32:15] [8/16] OWASP/Juice-Shop...
[SCRAPER-1] [02:32:17] [9/16] swisskyrepo/PayloadsAllTheThings...
[SCRAPER-1] [02:32:19] [10/16] qazbnm456/awesome-web-security...
[SCRAPER-1] [02:32:21] [11/16] infoslack/awesome-web-hacking...
[SCRAPER-1] [02:32:23] [12/16] EdOverflow/bugbounty-cheatsheet...
[SCRAPER-1] [02:32:25] [13/16] KathanP19/HowToHunt...
[SCRAPER-1] [02:32:27] [14/16] nahamsec/Resources-for-Beginner-Bug-Bounty-Hunters...
[SCRAPER-1] [02:32:30] [15/16] pentestmonkey/php-reverse-shell...
[SCRAPER-1] [02:32:32] [16/16] tennc/webshell...
[SCRAPER-1] [02:32:34] ✅ CYCLE 41 DONE | Total: 0.0 MB
[SCRAPER-1] [02:33:34] 🔄 CYCLE 42 - Depth: 4700 files/repo
[SCRAPER-1] [02:33:34] [1/16] OWASP/CheatSheetSeries...
[SCRAPER-1] [02:33:36] [2/16] OWASP/wstg...
[SCRAPER-1] [02:33:38] [3/16] OWASP/ASVS...
[SCRAPER-1] [02:33:40] [4/16] OWASP/owasp-mstg...
[SCRAPER-1] [02:33:42] [5/16] OWASP/API-Security...
[SCRAPER-1] [02:33:44] [6/16] OWASP/Top10...
[SCRAPER-1] [02:33:46] [7/16] OWASP/WebGoat...
[SCRAPER-1] [02:33:48] [8/16] OWASP/Juice-Shop...
[SCRAPER-1] [02:33:50] [9/16] swisskyrepo/PayloadsAllTheThings...
[SCRAPER-1] [02:33:52] [10/16] qazbnm456/awesome-web-security...
[SCRAPER-1] [02:33:54] [11/16] infoslack/awesome-web-hacking...
[SCRAPER-1] [02:33:56] [12/16] EdOverflow/bugbounty-cheatsheet...
[SCRAPER-1] [02:33:58] [13/16] KathanP19/HowToHunt...
[SCRAPER-1] [02:34:00] [14/16] nahamsec/Resources-for-Beginner-Bug-Bounty-Hunters...
[SCRAPER-1] [02:34:02] [15/16] pentestmonkey/php-reverse-shell...
[SCRAPER-1] [02:34:04] [16/16] tennc/webshell...
[SCRAPER-1] [02:34:06] ✅ CYCLE 42 DONE | Total: 0.0 MB
[SCRAPER-1] [02:35:06] 🔄 CYCLE 43 - Depth: 4800 files/repo
[SCRAPER-1] [02:35:06] [1/16] OWASP/CheatSheetSeries...
[SCRAPER-1] [02:35:08] [2/16] OWASP/wstg...
[SCRAPER-1] [02:35:10] [3/16] OWASP/ASVS...
[SCRAPER-1] [02:35:12] [4/16] OWASP/owasp-mstg...
[SCRAPER-1] [02:35:14] [5/16] OWASP/API-Security...
[SCRAPER-1] [02:35:16] [6/16] OWASP/Top10...
[SCRAPER-1] [02:35:18] [7/16] OWASP/WebGoat...
[SCRAPER-1] [02:35:20] [8/16] OWASP/Juice-Shop...
[SCRAPER-1] [02:35:22] [9/16] swisskyrepo/PayloadsAllTheThings...
[SCRAPER-1] [02:35:24] [10/16] qazbnm456/awesome-web-security...
[SCRAPER-1] [02:35:26] [11/16] infoslack/awesome-web-hacking...
[SCRAPER-1] [02:35:29] [12/16] EdOverflow/bugbounty-cheatsheet...
[SCRAPER-1] [02:35:31] [13/16] KathanP19/HowToHunt...
[SCRAPER-1] [02:35:33] [14/16] nahamsec/Resources-for-Beginner-Bug-Bounty-Hunters...
[SCRAPER-1] [02:35:35] [15/16] pentestmonkey/php-reverse-shell...
[SCRAPER-1] [02:35:37] [16/16] tennc/webshell...
[SCRAPER-1] [02:35:39] ✅ CYCLE 43 DONE | Total: 0.0 MB
[SCRAPER-1] [02:36:39] 🔄 CYCLE 44 - Depth: 4900 files/repo
[SCRAPER-1] [02:36:39] [1/16] OWASP/CheatSheetSeries...
[SCRAPER-1] [02:36:41] [2/16] OWASP/wstg...
[SCRAPER-1] [02:36:43] [3/16] OWASP/ASVS...
[SCRAPER-1] [02:36:45] [4/16] OWASP/owasp-mstg...
[SCRAPER-1] [02:36:47] [5/16] OWASP/API-Security...
[SCRAPER-1] [02:36:49] [6/16] OWASP/Top10...
[SCRAPER-1] [02:36:51] [7/16] OWASP/WebGoat...
[SCRAPER-1] [02:36:53] [8/16] OWASP/Juice-Shop...
[SCRAPER-1] [02:36:55] [9/16] swisskyrepo/PayloadsAllTheThings...
[SCRAPER-1] [02:36:57] [10/16] qazbnm456/awesome-web-security...
[SCRAPER-1] [02:36:59] [11/16] infoslack/awesome-web-hacking...
[SCRAPER-1] [02:37:01] [12/16] EdOverflow/bugbounty-cheatsheet...
[SCRAPER-1] [02:37:03] [13/16] KathanP19/HowToHunt...
[SCRAPER-1] [02:37:05] [14/16] nahamsec/Resources-for-Beginner-Bug-Bounty-Hunters...
[SCRAPER-1] [02:37:07] [15/16] pentestmonkey/php-reverse-shell...
[SCRAPER-1] [02:37:09] [16/16] tennc/webshell...
[SCRAPER-1] [02:37:11] ✅ CYCLE 44 DONE | Total: 0.0 MB
[SCRAPER-1] [02:38:11] 🔄 CYCLE 45 - Depth: 5000 files/repo
[SCRAPER-1] [02:38:11] [1/16] OWASP/CheatSheetSeries...
[SCRAPER-1] [02:38:13] [2/16] OWASP/wstg...
[SCRAPER-1] [02:38:15] [3/16] OWASP/ASVS...
[SCRAPER-1] [02:38:17] [4/16] OWASP/owasp-mstg...
[SCRAPER-1] [02:38:19] [5/16] OWASP/API-Security...
[SCRAPER-1] [02:38:21] [6/16] OWASP/Top10...
[SCRAPER-1] [02:38:23] [7/16] OWASP/WebGoat...
[SCRAPER-1] [02:38:25] [8/16] OWASP/Juice-Shop...
[SCRAPER-1] [02:38:27] [9/16] swisskyrepo/PayloadsAllTheThings...
[SCRAPER-1] [02:38:29] [10/16] qazbnm456/awesome-web-security...
[SCRAPER-1] [02:38:32] [11/16] infoslack/awesome-web-hacking...
[SCRAPER-1] [02:38:34] [12/16] EdOverflow/bugbounty-cheatsheet...
[SCRAPER-1] [02:38:36] [13/16] KathanP19/HowToHunt...
[SCRAPER-1] [02:38:38] [14/16] nahamsec/Resources-for-Beginner-Bug-Bounty-Hunters...
[SCRAPER-1] [02:38:40] [15/16] pentestmonkey/php-reverse-shell...
[SCRAPER-1] [02:38:42] [16/16] tennc/webshell...
[SCRAPER-1] [02:38:44] ✅ CYCLE 45 DONE | Total: 0.0 MB
[SCRAPER-1] [02:39:44] 🔄 CYCLE 46 - Depth: 5100 files/repo
[SCRAPER-1] [02:39:44] [1/16] OWASP/CheatSheetSeries...
[SCRAPER-1] [02:39:46] [2/16] OWASP/wstg...
[SCRAPER-1] [02:39:48] [3/16] OWASP/ASVS...
[SCRAPER-1] [02:39:50] [4/16] OWASP/owasp-mstg...
[SCRAPER-1] [02:39:52] [5/16] OWASP/API-Security...
[SCRAPER-1] [02:39:54] [6/16] OWASP/Top10...
[SCRAPER-1] [02:39:56] [7/16] OWASP/WebGoat...
[SCRAPER-1] [02:39:58] [8/16] OWASP/Juice-Shop...
[SCRAPER-1] [02:40:00] [9/16] swisskyrepo/PayloadsAllTheThings...
[SCRAPER-1] [02:40:02] [10/16] qazbnm456/awesome-web-security...
[SCRAPER-1] [02:40:04] [11/16] infoslack/awesome-web-hacking...
[SCRAPER-1] [02:40:06] [12/16] EdOverflow/bugbounty-cheatsheet...
[SCRAPER-1] [02:40:08] [13/16] KathanP19/HowToHunt...
[SCRAPER-1] [02:40:10] [14/16] nahamsec/Resources-for-Beginner-Bug-Bounty-Hunters...
[SCRAPER-1] [02:40:12] [15/16] pentestmonkey/php-reverse-shell...
[SCRAPER-1] [02:40:14] [16/16] tennc/webshell...
[SCRAPER-1] [02:40:16] ✅ CYCLE 46 DONE | Total: 0.0 MB
[SCRAPER-1] [02:41:16] 🔄 CYCLE 47 - Depth: 5200 files/repo
[SCRAPER-1] [02:41:16] [1/16] OWASP/CheatSheetSeries...
[SCRAPER-1] [02:41:18] [2/16] OWASP/wstg...
[SCRAPER-1] [02:41:20] [3/16] OWASP/ASVS...
[SCRAPER-1] [02:41:22] [4/16] OWASP/owasp-mstg...
[SCRAPER-1] [02:41:24] [5/16] OWASP/API-Security...
[SCRAPER-1] [02:41:26] [6/16] OWASP/Top10...
[SCRAPER-1] [02:41:28] [7/16] OWASP/WebGoat...
[SCRAPER-1] [02:41:30] [8/16] OWASP/Juice-Shop...
[SCRAPER-1] [02:41:32] [9/16] swisskyrepo/PayloadsAllTheThings...
[SCRAPER-1] [02:41:35] [10/16] qazbnm456/awesome-web-security...
[SCRAPER-1] [02:41:37] [11/16] infoslack/awesome-web-hacking...
[SCRAPER-1] [02:41:39] [12/16] EdOverflow/bugbounty-cheatsheet...
[SCRAPER-1] [02:41:41] [13/16] KathanP19/HowToHunt...
[SCRAPER-1] [02:41:43] [14/16] nahamsec/Resources-for-Beginner-Bug-Bounty-Hunters...
[SCRAPER-1] [02:41:45] [15/16] pentestmonkey/php-reverse-shell...
[SCRAPER-1] [02:41:47] [16/16] tennc/webshell...
[SCRAPER-1] [02:41:49] ✅ CYCLE 47 DONE | Total: 0.0 MB
[SCRAPER-1] [02:42:49] 🔄 CYCLE 48 - Depth: 5300 files/repo
[SCRAPER-1] [02:42:49] [1/16] OWASP/CheatSheetSeries...
[SCRAPER-1] [02:42:51] [2/16] OWASP/wstg...
[SCRAPER-1] [02:42:53] [3/16] OWASP/ASVS...
[SCRAPER-1] [02:42:55] [4/16] OWASP/owasp-mstg...
[SCRAPER-1] [02:42:57] [5/16] OWASP/API-Security...
[SCRAPER-1] [02:42:59] [6/16] OWASP/Top10...
[SCRAPER-1] [02:43:01] [7/16] OWASP/WebGoat...
[SCRAPER-1] [02:43:03] [8/16] OWASP/Juice-Shop...
[SCRAPER-1] [02:43:05] [9/16] swisskyrepo/PayloadsAllTheThings...
[SCRAPER-1] [02:43:07] [10/16] qazbnm456/awesome-web-security...
[SCRAPER-1] [02:43:09] [11/16] infoslack/awesome-web-hacking...
[SCRAPER-1] [02:43:11] [12/16] EdOverflow/bugbounty-cheatsheet...
[SCRAPER-1] [02:43:13] [13/16] KathanP19/HowToHunt...
[SCRAPER-1] [02:43:15] [14/16] nahamsec/Resources-for-Beginner-Bug-Bounty-Hunters...
[SCRAPER-1] [02:43:17] [15/16] pentestmonkey/php-reverse-shell...
[SCRAPER-1] [02:43:19] [16/16] tennc/webshell...
[SCRAPER-1] [02:43:21] ✅ CYCLE 48 DONE | Total: 0.0 MB
[SCRAPER-1] [02:44:21] 🔄 CYCLE 49 - Depth: 5400 files/repo
[SCRAPER-1] [02:44:21] [1/16] OWASP/CheatSheetSeries...
[SCRAPER-1] [02:44:23] [2/16] OWASP/wstg...
[SCRAPER-1] [02:44:25] [3/16] OWASP/ASVS...
[SCRAPER-1] [02:44:27] [4/16] OWASP/owasp-mstg...
[SCRAPER-1] [02:44:29] [5/16] OWASP/API-Security...
[SCRAPER-1] [02:44:31] [6/16] OWASP/Top10...
[SCRAPER-1] [02:44:33] [7/16] OWASP/WebGoat...
[SCRAPER-1] [02:44:35] [8/16] OWASP/Juice-Shop...
[SCRAPER-1] [02:44:37] [9/16] swisskyrepo/PayloadsAllTheThings...
[SCRAPER-1] [02:44:40] [10/16] qazbnm456/awesome-web-security...
[SCRAPER-1] [02:44:42] [11/16] infoslack/awesome-web-hacking...
[SCRAPER-1] [02:44:44] [12/16] EdOverflow/bugbounty-cheatsheet...
[SCRAPER-1] [02:44:46] [13/16] KathanP19/HowToHunt...
[SCRAPER-1] [02:44:48] [14/16] nahamsec/Resources-for-Beginner-Bug-Bounty-Hunters...
[SCRAPER-1] [02:44:50] [15/16] pentestmonkey/php-reverse-shell...
[SCRAPER-1] [02:44:52] [16/16] tennc/webshell...
[SCRAPER-1] [02:44:54] ✅ CYCLE 49 DONE | Total: 0.0 MB
[SCRAPER-1] [02:45:54] 🔄 CYCLE 50 - Depth: 5500 files/repo
[SCRAPER-1] [02:45:54] [1/16] OWASP/CheatSheetSeries...
[SCRAPER-1] [02:45:56] [2/16] OWASP/wstg...
[SCRAPER-1] [02:45:58] [3/16] OWASP/ASVS...
[SCRAPER-1] [02:46:00] [4/16] OWASP/owasp-mstg...
[SCRAPER-1] [02:46:02] [5/16] OWASP/API-Security...
[SCRAPER-1] [02:46:04] [6/16] OWASP/Top10...
[SCRAPER-1] [02:46:06] [7/16] OWASP/WebGoat...
[SCRAPER-1] [02:46:08] [8/16] OWASP/Juice-Shop...
[SCRAPER-1] [02:46:10] [9/16] swisskyrepo/PayloadsAllTheThings...
[SCRAPER-1] [02:46:12] [10/16] qazbnm456/awesome-web-security...
[SCRAPER-1] [02:46:14] [11/16] infoslack/awesome-web-hacking...
[SCRAPER-1] [02:46:16] [12/16] EdOverflow/bugbounty-cheatsheet...
[SCRAPER-1] [02:46:18] [13/16] KathanP19/HowToHunt...
[SCRAPER-1] [02:46:20] [14/16] nahamsec/Resources-for-Beginner-Bug-Bounty-Hunters...
[SCRAPER-1] [02:46:22] [15/16] pentestmonkey/php-reverse-shell...
[SCRAPER-1] [02:46:24] [16/16] tennc/webshell...
[SCRAPER-1] [02:46:26] ✅ CYCLE 50 DONE | Total: 0.0 MB
[SCRAPER-1] [02:47:26] 🔄 CYCLE 51 - Depth: 5600 files/repo
[SCRAPER-1] [02:47:26] [1/16] OWASP/CheatSheetSeries...
[SCRAPER-1] [02:47:28] [2/16] OWASP/wstg...
[SCRAPER-1] [02:47:30] [3/16] OWASP/ASVS...
[SCRAPER-1] [02:47:32] [4/16] OWASP/owasp-mstg...
[SCRAPER-1] [02:47:34] [5/16] OWASP/API-Security...
[SCRAPER-1] [02:47:36] [6/16] OWASP/Top10...
[SCRAPER-1] [02:47:38] [7/16] OWASP/WebGoat...
[SCRAPER-1] [02:47:40] [8/16] OWASP/Juice-Shop...
[SCRAPER-1] [02:47:43] [9/16] swisskyrepo/PayloadsAllTheThings...
[SCRAPER-1] [02:47:45] [10/16] qazbnm456/awesome-web-security...
[SCRAPER-1] [02:47:47] [11/16] infoslack/awesome-web-hacking...
[SCRAPER-1] [02:47:49] [12/16] EdOverflow/bugbounty-cheatsheet...
[SCRAPER-1] [02:47:51] [13/16] KathanP19/HowToHunt...
[SCRAPER-1] [02:47:53] [14/16] nahamsec/Resources-for-Beginner-Bug-Bounty-Hunters...
[SCRAPER-1] [02:47:55] [15/16] pentestmonkey/php-reverse-shell...
[SCRAPER-1] [02:47:57] [16/16] tennc/webshell...
[SCRAPER-1] [02:47:59] ✅ CYCLE 51 DONE | Total: 0.0 MB
[SCRAPER-1] [02:48:59] 🔄 CYCLE 52 - Depth: 5700 files/repo
[SCRAPER-1] [02:48:59] [1/16] OWASP/CheatSheetSeries...
[SCRAPER-1] [02:49:01] [2/16] OWASP/wstg...
[SCRAPER-1] [02:49:03] [3/16] OWASP/ASVS...
[SCRAPER-1] [02:49:05] [4/16] OWASP/owasp-mstg...
[SCRAPER-1] [02:49:07] [5/16] OWASP/API-Security...
[SCRAPER-1] [02:49:09] [6/16] OWASP/Top10...
[SCRAPER-1] [02:49:11] [7/16] OWASP/WebGoat...
[SCRAPER-1] [02:49:13] [8/16] OWASP/Juice-Shop...
[SCRAPER-1] [02:49:15] [9/16] swisskyrepo/PayloadsAllTheThings...
[SCRAPER-1] [02:49:17] [10/16] qazbnm456/awesome-web-security...
[SCRAPER-1] [02:49:19] [11/16] infoslack/awesome-web-hacking...
[SCRAPER-1] [02:49:21] [12/16] EdOverflow/bugbounty-cheatsheet...
[SCRAPER-1] [02:49:23] [13/16] KathanP19/HowToHunt...
[SCRAPER-1] [02:49:25] [14/16] nahamsec/Resources-for-Beginner-Bug-Bounty-Hunters...
[SCRAPER-1] [02:49:27] [15/16] pentestmonkey/php-reverse-shell...
[SCRAPER-1] [02:49:29] [16/16] tennc/webshell...
[SCRAPER-1] [02:49:31] ✅ CYCLE 52 DONE | Total: 0.0 MB
[SCRAPER-1] [02:50:31] 🔄 CYCLE 53 - Depth: 5800 files/repo
[SCRAPER-1] [02:50:31] [1/16] OWASP/CheatSheetSeries...
[SCRAPER-1] [02:50:33] [2/16] OWASP/wstg...
[SCRAPER-1] [02:50:35] [3/16] OWASP/ASVS...
[SCRAPER-1] [02:50:37] [4/16] OWASP/owasp-mstg...
[SCRAPER-1] [02:50:39] [5/16] OWASP/API-Security...
[SCRAPER-1] [02:50:41] [6/16] OWASP/Top10...
[SCRAPER-1] [02:50:44] [7/16] OWASP/WebGoat...
[SCRAPER-1] [02:50:46] [8/16] OWASP/Juice-Shop...
[SCRAPER-1] [02:50:48] [9/16] swisskyrepo/PayloadsAllTheThings...
[SCRAPER-1] [02:50:50] [10/16] qazbnm456/awesome-web-security...
[SCRAPER-1] [02:50:52] [11/16] infoslack/awesome-web-hacking...
[SCRAPER-1] [02:50:54] [12/16] EdOverflow/bugbounty-cheatsheet...
[SCRAPER-1] [02:50:56] [13/16] KathanP19/HowToHunt...
[SCRAPER-1] [02:50:58] [14/16] nahamsec/Resources-for-Beginner-Bug-Bounty-Hunters...
[SCRAPER-1] [02:51:00] [15/16] pentestmonkey/php-reverse-shell...
[SCRAPER-1] [02:51:02] [16/16] tennc/webshell...
[SCRAPER-1] [02:51:04] ✅ CYCLE 53 DONE | Total: 0.0 MB
[SCRAPER-1] [02:52:04] 🔄 CYCLE 54 - Depth: 5900 files/repo
[SCRAPER-1] [02:52:04] [1/16] OWASP/CheatSheetSeries...
[SCRAPER-1] [02:52:06] [2/16] OWASP/wstg...
[SCRAPER-1] [02:52:08] [3/16] OWASP/ASVS...
[SCRAPER-1] [02:52:10] [4/16] OWASP/owasp-mstg...
[SCRAPER-1] [02:52:12] [5/16] OWASP/API-Security...
[SCRAPER-1] [02:52:14] [6/16] OWASP/Top10...
[SCRAPER-1] [02:52:16] [7/16] OWASP/WebGoat...
[SCRAPER-1] [02:52:18] [8/16] OWASP/Juice-Shop...
[SCRAPER-1] [02:52:20] [9/16] swisskyrepo/PayloadsAllTheThings...
[SCRAPER-1] [02:52:22] [10/16] qazbnm456/awesome-web-security...
[SCRAPER-1] [02:52:24] [11/16] infoslack/awesome-web-hacking...
[SCRAPER-1] [02:52:26] [12/16] EdOverflow/bugbounty-cheatsheet...
[SCRAPER-1] [02:52:28] [13/16] KathanP19/HowToHunt...
[SCRAPER-1] [02:52:30] [14/16] nahamsec/Resources-for-Beginner-Bug-Bounty-Hunters...
[SCRAPER-1] [02:52:32] [15/16] pentestmonkey/php-reverse-shell...
[SCRAPER-1] [02:52:34] [16/16] tennc/webshell...
[SCRAPER-1] [02:52:36] ✅ CYCLE 54 DONE | Total: 0.0 MB
[SCRAPER-1] [02:53:36] 🔄 CYCLE 55 - Depth: 6000 files/repo
[SCRAPER-1] [02:53:36] [1/16] OWASP/CheatSheetSeries...
[SCRAPER-1] [02:53:38] [2/16] OWASP/wstg...
[SCRAPER-1] [02:53:40] [3/16] OWASP/ASVS...
[SCRAPER-1] [02:53:42] [4/16] OWASP/owasp-mstg...
[SCRAPER-1] [02:53:44] [5/16] OWASP/API-Security...
[SCRAPER-1] [02:53:47] [6/16] OWASP/Top10...
[SCRAPER-1] [02:53:49] [7/16] OWASP/WebGoat...
[SCRAPER-1] [02:53:51] [8/16] OWASP/Juice-Shop...
[SCRAPER-1] [02:53:53] [9/16] swisskyrepo/PayloadsAllTheThings...
[SCRAPER-1] [02:53:55] [10/16] qazbnm456/awesome-web-security...
[SCRAPER-1] [02:53:57] [11/16] infoslack/awesome-web-hacking...
[SCRAPER-1] [02:53:59] [12/16] EdOverflow/bugbounty-cheatsheet...
[SCRAPER-1] [02:54:01] [13/16] KathanP19/HowToHunt...
[SCRAPER-1] [02:54:03] [14/16] nahamsec/Resources-for-Beginner-Bug-Bounty-Hunters...
[SCRAPER-1] [02:54:05] [15/16] pentestmonkey/php-reverse-shell...
[SCRAPER-1] [02:54:07] [16/16] tennc/webshell...
[SCRAPER-1] [02:54:09] ✅ CYCLE 55 DONE | Total: 0.0 MB
[SCRAPER-1] [02:55:09] 🔄 CYCLE 56 - Depth: 6100 files/repo
[SCRAPER-1] [02:55:09] [1/16] OWASP/CheatSheetSeries...
[SCRAPER-1] [02:55:11] [2/16] OWASP/wstg...
[SCRAPER-1] [02:55:13] [3/16] OWASP/ASVS...
[SCRAPER-1] [02:55:15] [4/16] OWASP/owasp-mstg...
[SCRAPER-1] [02:55:17] [5/16] OWASP/API-Security...
[SCRAPER-1] [02:55:19] [6/16] OWASP/Top10...
[SCRAPER-1] [02:55:21] [7/16] OWASP/WebGoat...
[SCRAPER-1] [02:55:23] [8/16] OWASP/Juice-Shop...
[SCRAPER-1] [02:55:25] [9/16] swisskyrepo/PayloadsAllTheThings...
[SCRAPER-1] [02:55:27] [10/16] qazbnm456/awesome-web-security...
[SCRAPER-1] [02:55:29] [11/16] infoslack/awesome-web-hacking...
[SCRAPER-1] [02:55:31] [12/16] EdOverflow/bugbounty-cheatsheet...
[SCRAPER-1] [02:55:33] [13/16] KathanP19/HowToHunt...
[SCRAPER-1] [02:55:35] [14/16] nahamsec/Resources-for-Beginner-Bug-Bounty-Hunters...
[SCRAPER-1] [02:55:38] [15/16] pentestmonkey/php-reverse-shell...
[SCRAPER-1] [02:55:40] [16/16] tennc/webshell...
[SCRAPER-1] [02:55:42] ✅ CYCLE 56 DONE | Total: 0.0 MB
[SCRAPER-1] [02:56:42] 🔄 CYCLE 57 - Depth: 6200 files/repo
[SCRAPER-1] [02:56:42] [1/16] OWASP/CheatSheetSeries...
[SCRAPER-1] [02:56:44] [2/16] OWASP/wstg...
[SCRAPER-1] [02:56:46] [3/16] OWASP/ASVS...
[SCRAPER-1] [02:56:48] [4/16] OWASP/owasp-mstg...
[SCRAPER-1] [02:56:50] [5/16] OWASP/API-Security...
[SCRAPER-1] [02:56:52] [6/16] OWASP/Top10...
[SCRAPER-1] [02:56:54] [7/16] OWASP/WebGoat...
[SCRAPER-1] [02:56:56] [8/16] OWASP/Juice-Shop...
[SCRAPER-1] [02:56:58] [9/16] swisskyrepo/PayloadsAllTheThings...
[SCRAPER-1] [02:57:00] [10/16] qazbnm456/awesome-web-security...
[SCRAPER-1] [02:57:02] [11/16] infoslack/awesome-web-hacking...
[SCRAPER-1] [02:57:04] [12/16] EdOverflow/bugbounty-cheatsheet...
[SCRAPER-1] [02:57:06] [13/16] KathanP19/HowToHunt...
[SCRAPER-1] [02:57:08] [14/16] nahamsec/Resources-for-Beginner-Bug-Bounty-Hunters...
[SCRAPER-1] [02:57:10] [15/16] pentestmonkey/php-reverse-shell...
[SCRAPER-1] [02:57:12] [16/16] tennc/webshell...
[SCRAPER-1] [02:57:14] ✅ CYCLE 57 DONE | Total: 0.0 MB
[SCRAPER-1] [02:58:14] 🔄 CYCLE 58 - Depth: 6300 files/repo
[SCRAPER-1] [02:58:14] [1/16] OWASP/CheatSheetSeries...
[SCRAPER-1] [02:58:16] [2/16] OWASP/wstg...
[SCRAPER-1] [02:58:18] [3/16] OWASP/ASVS...
[SCRAPER-1] [02:58:20] [4/16] OWASP/owasp-mstg...
[SCRAPER-1] [02:58:22] [5/16] OWASP/API-Security...
[SCRAPER-1] [02:58:24] [6/16] OWASP/Top10...
[SCRAPER-1] [02:58:26] [7/16] OWASP/WebGoat...
[SCRAPER-1] [02:58:28] [8/16] OWASP/Juice-Shop...
[SCRAPER-1] [02:58:30] [9/16] swisskyrepo/PayloadsAllTheThings...
[SCRAPER-1] [02:58:32] [10/16] qazbnm456/awesome-web-security...
[SCRAPER-1] [02:58:34] [11/16] infoslack/awesome-web-hacking...
[SCRAPER-1] [02:58:36] [12/16] EdOverflow/bugbounty-cheatsheet...
[SCRAPER-1] [02:58:38] [13/16] KathanP19/HowToHunt...
[SCRAPER-1] [02:58:40] [14/16] nahamsec/Resources-for-Beginner-Bug-Bounty-Hunters...
[SCRAPER-1] [02:58:43] [15/16] pentestmonkey/php-reverse-shell...
[SCRAPER-1] [02:58:45] [16/16] tennc/webshell...
[SCRAPER-1] [02:58:47] ✅ CYCLE 58 DONE | Total: 0.0 MB
[SCRAPER-1] [02:59:47] 🔄 CYCLE 59 - Depth: 6400 files/repo
[SCRAPER-1] [02:59:47] [1/16] OWASP/CheatSheetSeries...
[SCRAPER-1] [02:59:49] [2/16] OWASP/wstg...
[SCRAPER-1] [02:59:51] [3/16] OWASP/ASVS...
[SCRAPER-1] [02:59:53] [4/16] OWASP/owasp-mstg...
[SCRAPER-1] [02:59:55] [5/16] OWASP/API-Security...
[SCRAPER-1] [02:59:57] [6/16] OWASP/Top10...
[SCRAPER-1] [02:59:59] [7/16] OWASP/WebGoat...
[SCRAPER-1] [03:00:01] [8/16] OWASP/Juice-Shop...
[SCRAPER-1] [03:00:03] [9/16] swisskyrepo/PayloadsAllTheThings...
[SCRAPER-1] [03:00:05] [10/16] qazbnm456/awesome-web-security...
[SCRAPER-1] [03:00:07] [11/16] infoslack/awesome-web-hacking...
[SCRAPER-1] [03:00:09] [12/16] EdOverflow/bugbounty-cheatsheet...
[SCRAPER-1] [03:00:11] [13/16] KathanP19/HowToHunt...
[SCRAPER-1] [03:00:13] [14/16] nahamsec/Resources-for-Beginner-Bug-Bounty-Hunters...
[SCRAPER-1] [03:00:15] [15/16] pentestmonkey/php-reverse-shell...
[SCRAPER-1] [03:00:17] [16/16] tennc/webshell...
[SCRAPER-1] [03:00:19] ✅ CYCLE 59 DONE | Total: 0.0 MB
[SCRAPER-1] [03:01:19] 🔄 CYCLE 60 - Depth: 6500 files/repo
[SCRAPER-1] [03:01:19] [1/16] OWASP/CheatSheetSeries...
[SCRAPER-1] [03:01:21] [2/16] OWASP/wstg...
[SCRAPER-1] [03:01:23] [3/16] OWASP/ASVS...
[SCRAPER-1] [03:01:25] [4/16] OWASP/owasp-mstg...
[SCRAPER-1] [03:01:27] [5/16] OWASP/API-Security...
[SCRAPER-1] [03:01:29] [6/16] OWASP/Top10...
[SCRAPER-1] [03:01:31] [7/16] OWASP/WebGoat...
[SCRAPER-1] [03:01:33] [8/16] OWASP/Juice-Shop...
[SCRAPER-1] [03:01:35] [9/16] swisskyrepo/PayloadsAllTheThings...
[SCRAPER-1] [03:01:37] [10/16] qazbnm456/awesome-web-security...
[SCRAPER-1] [03:01:39] [11/16] infoslack/awesome-web-hacking...
[SCRAPER-1] [03:01:41] [12/16] EdOverflow/bugbounty-cheatsheet...
[SCRAPER-1] [03:01:43] [13/16] KathanP19/HowToHunt...
[SCRAPER-1] [03:01:46] [14/16] nahamsec/Resources-for-Beginner-Bug-Bounty-Hunters...
[SCRAPER-1] [03:01:48] [15/16] pentestmonkey/php-reverse-shell...
[SCRAPER-1] [03:01:50] [16/16] tennc/webshell...
[SCRAPER-1] [03:01:52] ✅ CYCLE 60 DONE | Total: 0.0 MB
[SCRAPER-1] [03:02:52] 🔄 CYCLE 61 - Depth: 6600 files/repo
[SCRAPER-1] [03:02:52] [1/16] OWASP/CheatSheetSeries...
[SCRAPER-1] [03:02:54] [2/16] OWASP/wstg...
[SCRAPER-1] [03:02:56] [3/16] OWASP/ASVS...
[SCRAPER-1] [03:02:58] [4/16] OWASP/owasp-mstg...
[SCRAPER-1] [03:03:00] [5/16] OWASP/API-Security...
[SCRAPER-1] [03:03:02] [6/16] OWASP/Top10...
[SCRAPER-1] [03:03:04] [7/16] OWASP/WebGoat...
[SCRAPER-1] [03:03:06] [8/16] OWASP/Juice-Shop...
[SCRAPER-1] [03:03:08] [9/16] swisskyrepo/PayloadsAllTheThings...
[SCRAPER-1] [03:03:10] [10/16] qazbnm456/awesome-web-security...
[SCRAPER-1] [03:03:12] [11/16] infoslack/awesome-web-hacking...
[SCRAPER-1] [03:03:14] [12/16] EdOverflow/bugbounty-cheatsheet...
[SCRAPER-1] [03:03:16] [13/16] KathanP19/HowToHunt...
[SCRAPER-1] [03:03:18] [14/16] nahamsec/Resources-for-Beginner-Bug-Bounty-Hunters...
[SCRAPER-1] [03:03:20] [15/16] pentestmonkey/php-reverse-shell...
[SCRAPER-1] [03:03:22] [16/16] tennc/webshell...
[SCRAPER-1] [03:03:24] ✅ CYCLE 61 DONE | Total: 0.0 MB
[SCRAPER-1] [03:04:24] 🔄 CYCLE 62 - Depth: 6700 files/repo
[SCRAPER-1] [03:04:24] [1/16] OWASP/CheatSheetSeries...
[SCRAPER-1] [03:04:26] [2/16] OWASP/wstg...
[SCRAPER-1] [03:04:28] [3/16] OWASP/ASVS...
[SCRAPER-1] [03:04:30] [4/16] OWASP/owasp-mstg...
[SCRAPER-1] [03:04:32] [5/16] OWASP/API-Security...
[SCRAPER-1] [03:04:34] [6/16] OWASP/Top10...
[SCRAPER-1] [03:04:36] [7/16] OWASP/WebGoat...
[SCRAPER-1] [03:04:38] [8/16] OWASP/Juice-Shop...
[SCRAPER-1] [03:04:40] [9/16] swisskyrepo/PayloadsAllTheThings...
[SCRAPER-1] [03:04:42] [10/16] qazbnm456/awesome-web-security...
[SCRAPER-1] [03:04:44] [11/16] infoslack/awesome-web-hacking...
[SCRAPER-1] [03:04:46] [12/16] EdOverflow/bugbounty-cheatsheet...
[SCRAPER-1] [03:04:48] [13/16] KathanP19/HowToHunt...
[SCRAPER-1] [03:04:51] [14/16] nahamsec/Resources-for-Beginner-Bug-Bounty-Hunters...
[SCRAPER-1] [03:04:53] [15/16] pentestmonkey/php-reverse-shell...
[SCRAPER-1] [03:04:55] [16/16] tennc/webshell...
[SCRAPER-1] [03:04:57] ✅ CYCLE 62 DONE | Total: 0.0 MB
[SCRAPER-1] [03:05:57] 🔄 CYCLE 63 - Depth: 6800 files/repo
[SCRAPER-1] [03:05:57] [1/16] OWASP/CheatSheetSeries...
[SCRAPER-1] [03:05:59] [2/16] OWASP/wstg...
[SCRAPER-1] [03:06:01] [3/16] OWASP/ASVS...
[SCRAPER-1] [03:06:03] [4/16] OWASP/owasp-mstg...
[SCRAPER-1] [03:06:05] [5/16] OWASP/API-Security...
[SCRAPER-1] [03:06:07] [6/16] OWASP/Top10...
[SCRAPER-1] [03:06:09] [7/16] OWASP/WebGoat...
[SCRAPER-1] [03:06:11] [8/16] OWASP/Juice-Shop...
[SCRAPER-1] [03:06:13] [9/16] swisskyrepo/PayloadsAllTheThings...
[SCRAPER-1] [03:06:15] [10/16] qazbnm456/awesome-web-security...
[SCRAPER-1] [03:06:17] [11/16] infoslack/awesome-web-hacking...
[SCRAPER-1] [03:06:19] [12/16] EdOverflow/bugbounty-cheatsheet...
[SCRAPER-1] [03:06:21] [13/16] KathanP19/HowToHunt...
[SCRAPER-1] [03:06:23] [14/16] nahamsec/Resources-for-Beginner-Bug-Bounty-Hunters...
[SCRAPER-1] [03:06:25] [15/16] pentestmonkey/php-reverse-shell...
[SCRAPER-1] [03:06:27] [16/16] tennc/webshell...
[SCRAPER-1] [03:06:29] ✅ CYCLE 63 DONE | Total: 0.0 MB
[SCRAPER-1] [03:07:29] 🔄 CYCLE 64 - Depth: 6900 files/repo
[SCRAPER-1] [03:07:29] [1/16] OWASP/CheatSheetSeries...
[SCRAPER-1] [03:07:31] [2/16] OWASP/wstg...
[SCRAPER-1] [03:07:33] [3/16] OWASP/ASVS...
[SCRAPER-1] [03:07:35] [4/16] OWASP/owasp-mstg...
[SCRAPER-1] [03:07:37] [5/16] OWASP/API-Security...
[SCRAPER-1] [03:07:39] [6/16] OWASP/Top10...
[SCRAPER-1] [03:07:41] [7/16] OWASP/WebGoat...
[SCRAPER-1] [03:07:43] [8/16] OWASP/Juice-Shop...
[SCRAPER-1] [03:07:45] [9/16] swisskyrepo/PayloadsAllTheThings...
[SCRAPER-1] [03:07:47] [10/16] qazbnm456/awesome-web-security...
[SCRAPER-1] [03:07:49] [11/16] infoslack/awesome-web-hacking...
[SCRAPER-1] [03:07:51] [12/16] EdOverflow/bugbounty-cheatsheet...
[SCRAPER-1] [03:07:53] [13/16] KathanP19/HowToHunt...
[SCRAPER-1] [03:07:55] [14/16] nahamsec/Resources-for-Beginner-Bug-Bounty-Hunters...
[SCRAPER-1] [03:07:57] [15/16] pentestmonkey/php-reverse-shell...
[SCRAPER-1] [03:08:00] [16/16] tennc/webshell...
[SCRAPER-1] [03:08:02] ✅ CYCLE 64 DONE | Total: 0.0 MB
[SCRAPER-1] [03:09:02] 🔄 CYCLE 65 - Depth: 7000 files/repo
[SCRAPER-1] [03:09:02] [1/16] OWASP/CheatSheetSeries...
[SCRAPER-1] [03:09:04] [2/16] OWASP/wstg...
[SCRAPER-1] [03:09:06] [3/16] OWASP/ASVS...
[SCRAPER-1] [03:09:08] [4/16] OWASP/owasp-mstg...
[SCRAPER-1] [03:09:10] [5/16] OWASP/API-Security...
[SCRAPER-1] [03:09:12] [6/16] OWASP/Top10...
[SCRAPER-1] [03:09:14] [7/16] OWASP/WebGoat...
[SCRAPER-1] [03:09:16] [8/16] OWASP/Juice-Shop...
[SCRAPER-1] [03:09:18] [9/16] swisskyrepo/PayloadsAllTheThings...
[SCRAPER-1] [03:09:20] [10/16] qazbnm456/awesome-web-security...
[SCRAPER-1] [03:09:22] [11/16] infoslack/awesome-web-hacking...
[SCRAPER-1] [03:09:24] [12/16] EdOverflow/bugbounty-cheatsheet...
[SCRAPER-1] [03:09:26] [13/16] KathanP19/HowToHunt...
[SCRAPER-1] [03:09:28] [14/16] nahamsec/Resources-for-Beginner-Bug-Bounty-Hunters...
[SCRAPER-1] [03:09:30] [15/16] pentestmonkey/php-reverse-shell...
[SCRAPER-1] [03:09:32] [16/16] tennc/webshell...
[SCRAPER-1] [03:09:34] ✅ CYCLE 65 DONE | Total: 0.0 MB
[SCRAPER-1] [03:10:34] 🔄 CYCLE 66 - Depth: 7100 files/repo
[SCRAPER-1] [03:10:34] [1/16] OWASP/CheatSheetSeries...
[SCRAPER-1] [03:10:36] [2/16] OWASP/wstg...
[SCRAPER-1] [03:10:38] [3/16] OWASP/ASVS...
[SCRAPER-1] [03:10:40] [4/16] OWASP/owasp-mstg...
[SCRAPER-1] [03:10:42] [5/16] OWASP/API-Security...
[SCRAPER-1] [03:10:44] [6/16] OWASP/Top10...
[SCRAPER-1] [03:10:46] [7/16] OWASP/WebGoat...
[SCRAPER-1] [03:10:48] [8/16] OWASP/Juice-Shop...
[SCRAPER-1] [03:10:50] [9/16] swisskyrepo/PayloadsAllTheThings...
[SCRAPER-1] [03:10:52] [10/16] qazbnm456/awesome-web-security...
[SCRAPER-1] [03:10:54] [11/16] infoslack/awesome-web-hacking...
[SCRAPER-1] [03:10:56] [12/16] EdOverflow/bugbounty-cheatsheet...
[SCRAPER-1] [03:10:58] [13/16] KathanP19/HowToHunt...
[SCRAPER-1] [03:11:00] [14/16] nahamsec/Resources-for-Beginner-Bug-Bounty-Hunters...
[SCRAPER-1] [03:11:03] [15/16] pentestmonkey/php-reverse-shell...
[SCRAPER-1] [03:11:05] [16/16] tennc/webshell...
[SCRAPER-1] [03:11:07] ✅ CYCLE 66 DONE | Total: 0.0 MB
[SCRAPER-1] [03:12:07] 🔄 CYCLE 67 - Depth: 7200 files/repo
[SCRAPER-1] [03:12:07] [1/16] OWASP/CheatSheetSeries...
[SCRAPER-1] [03:12:09] [2/16] OWASP/wstg...
[SCRAPER-1] [03:12:11] [3/16] OWASP/ASVS...
[SCRAPER-1] [03:12:13] [4/16] OWASP/owasp-mstg...
[SCRAPER-1] [03:12:15] [5/16] OWASP/API-Security...
[SCRAPER-1] [03:12:17] [6/16] OWASP/Top10...
[SCRAPER-1] [03:12:19] [7/16] OWASP/WebGoat...
[SCRAPER-1] [03:12:21] [8/16] OWASP/Juice-Shop...
[SCRAPER-1] [03:12:23] [9/16] swisskyrepo/PayloadsAllTheThings...
[SCRAPER-1] [03:12:25] [10/16] qazbnm456/awesome-web-security...
[SCRAPER-1] [03:12:27] [11/16] infoslack/awesome-web-hacking...
[SCRAPER-1] [03:12:29] [12/16] EdOverflow/bugbounty-cheatsheet...
[SCRAPER-1] [03:12:31] [13/16] KathanP19/HowToHunt...
[SCRAPER-1] [03:12:33] [14/16] nahamsec/Resources-for-Beginner-Bug-Bounty-Hunters...
[SCRAPER-1] [03:12:35] [15/16] pentestmonkey/php-reverse-shell...
[SCRAPER-1] [03:12:37] [16/16] tennc/webshell...
[SCRAPER-1] [03:12:39] ✅ CYCLE 67 DONE | Total: 0.0 MB
[SCRAPER-1] [03:13:39] 🔄 CYCLE 68 - Depth: 7300 files/repo
[SCRAPER-1] [03:13:39] [1/16] OWASP/CheatSheetSeries...
[SCRAPER-1] [03:13:41] [2/16] OWASP/wstg...
[SCRAPER-1] [03:13:43] [3/16] OWASP/ASVS...
[SCRAPER-1] [03:13:45] [4/16] OWASP/owasp-mstg...
[SCRAPER-1] [03:13:47] [5/16] OWASP/API-Security...
[SCRAPER-1] [03:13:49] [6/16] OWASP/Top10...
[SCRAPER-1] [03:13:51] [7/16] OWASP/WebGoat...
[SCRAPER-1] [03:13:53] [8/16] OWASP/Juice-Shop...
[SCRAPER-1] [03:13:55] [9/16] swisskyrepo/PayloadsAllTheThings...
[SCRAPER-1] [03:13:57] [10/16] qazbnm456/awesome-web-security...
[SCRAPER-1] [03:13:59] [11/16] infoslack/awesome-web-hacking...
[SCRAPER-1] [03:14:01] [12/16] EdOverflow/bugbounty-cheatsheet...
[SCRAPER-1] [03:14:03] [13/16] KathanP19/HowToHunt...
[SCRAPER-1] [03:14:05] [14/16] nahamsec/Resources-for-Beginner-Bug-Bounty-Hunters...
[SCRAPER-1] [03:14:08] [15/16] pentestmonkey/php-reverse-shell...
[SCRAPER-1] [03:14:10] [16/16] tennc/webshell...
[SCRAPER-1] [03:14:12] ✅ CYCLE 68 DONE | Total: 0.0 MB
[SCRAPER-1] [03:15:12] 🔄 CYCLE 69 - Depth: 7400 files/repo
[SCRAPER-1] [03:15:12] [1/16] OWASP/CheatSheetSeries...
[SCRAPER-1] [03:15:14] [2/16] OWASP/wstg...
[SCRAPER-1] [03:15:16] [3/16] OWASP/ASVS...
[SCRAPER-1] [03:15:18] [4/16] OWASP/owasp-mstg...
[SCRAPER-1] [03:15:20] [5/16] OWASP/API-Security...
[SCRAPER-1] [03:15:22] [6/16] OWASP/Top10...
[SCRAPER-1] [03:15:24] [7/16] OWASP/WebGoat...
[SCRAPER-1] [03:15:26] [8/16] OWASP/Juice-Shop...
[SCRAPER-1] [03:15:28] [9/16] swisskyrepo/PayloadsAllTheThings...
[SCRAPER-1] [03:15:30] [10/16] qazbnm456/awesome-web-security...
[SCRAPER-1] [03:15:32] [11/16] infoslack/awesome-web-hacking...
[SCRAPER-1] [03:15:34] [12/16] EdOverflow/bugbounty-cheatsheet...
[SCRAPER-1] [03:15:36] [13/16] KathanP19/HowToHunt...
[SCRAPER-1] [03:15:38] [14/16] nahamsec/Resources-for-Beginner-Bug-Bounty-Hunters...
[SCRAPER-1] [03:15:40] [15/16] pentestmonkey/php-reverse-shell...
[SCRAPER-1] [03:15:42] [16/16] tennc/webshell...
[SCRAPER-1] [03:15:44] ✅ CYCLE 69 DONE | Total: 0.0 MB
[SCRAPER-1] [03:16:44] 🔄 CYCLE 70 - Depth: 7500 files/repo
[SCRAPER-1] [03:16:44] [1/16] OWASP/CheatSheetSeries...
[SCRAPER-1] [03:16:46] [2/16] OWASP/wstg...
[SCRAPER-1] [03:16:48] [3/16] OWASP/ASVS...
[SCRAPER-1] [03:16:50] [4/16] OWASP/owasp-mstg...
[SCRAPER-1] [03:16:52] [5/16] OWASP/API-Security...
[SCRAPER-1] [03:16:54] [6/16] OWASP/Top10...
[SCRAPER-1] [03:16:56] [7/16] OWASP/WebGoat...
[SCRAPER-1] [03:16:58] [8/16] OWASP/Juice-Shop...
[SCRAPER-1] [03:17:00] [9/16] swisskyrepo/PayloadsAllTheThings...
[SCRAPER-1] [03:17:02] [10/16] qazbnm456/awesome-web-security...
[SCRAPER-1] [03:17:04] [11/16] infoslack/awesome-web-hacking...
[SCRAPER-1] [03:17:06] [12/16] EdOverflow/bugbounty-cheatsheet...
[SCRAPER-1] [03:17:08] [13/16] KathanP19/HowToHunt...
[SCRAPER-1] [03:17:10] [14/16] nahamsec/Resources-for-Beginner-Bug-Bounty-Hunters...
[SCRAPER-1] [03:17:13] [15/16] pentestmonkey/php-reverse-shell...
[SCRAPER-1] [03:17:15] [16/16] tennc/webshell...
[SCRAPER-1] [03:17:17] ✅ CYCLE 70 DONE | Total: 0.0 MB
[SCRAPER-1] [03:18:17] 🔄 CYCLE 71 - Depth: 7600 files/repo
[SCRAPER-1] [03:18:17] [1/16] OWASP/CheatSheetSeries...
[SCRAPER-1] [03:18:19] [2/16] OWASP/wstg...
[SCRAPER-1] [03:18:21] [3/16] OWASP/ASVS...
[SCRAPER-1] [03:18:23] [4/16] OWASP/owasp-mstg...
[SCRAPER-1] [03:18:25] [5/16] OWASP/API-Security...
[SCRAPER-1] [03:18:27] [6/16] OWASP/Top10...
[SCRAPER-1] [03:18:29] [7/16] OWASP/WebGoat...
[SCRAPER-1] [03:18:31] [8/16] OWASP/Juice-Shop...
[SCRAPER-1] [03:18:33] [9/16] swisskyrepo/PayloadsAllTheThings...
[SCRAPER-1] [03:18:35] [10/16] qazbnm456/awesome-web-security...
[SCRAPER-1] [03:18:37] [11/16] infoslack/awesome-web-hacking...
[SCRAPER-1] [03:18:39] [12/16] EdOverflow/bugbounty-cheatsheet...
[SCRAPER-1] [03:18:41] [13/16] KathanP19/HowToHunt...
[SCRAPER-1] [03:18:43] [14/16] nahamsec/Resources-for-Beginner-Bug-Bounty-Hunters...
[SCRAPER-1] [03:18:45] [15/16] pentestmonkey/php-reverse-shell...
[SCRAPER-1] [03:18:47] [16/16] tennc/webshell...
[SCRAPER-1] [03:18:49] ✅ CYCLE 71 DONE | Total: 0.0 MB
[SCRAPER-1] [03:19:49] 🔄 CYCLE 72 - Depth: 7700 files/repo
[SCRAPER-1] [03:19:49] [1/16] OWASP/CheatSheetSeries...
[SCRAPER-1] [03:19:51] [2/16] OWASP/wstg...
[SCRAPER-1] [03:19:53] [3/16] OWASP/ASVS...
[SCRAPER-1] [03:19:55] [4/16] OWASP/owasp-mstg...
[SCRAPER-1] [03:19:57] [5/16] OWASP/API-Security...
[SCRAPER-1] [03:19:59] [6/16] OWASP/Top10...
[SCRAPER-1] [03:20:01] [7/16] OWASP/WebGoat...
[SCRAPER-1] [03:20:03] [8/16] OWASP/Juice-Shop...
[SCRAPER-1] [03:20:05] [9/16] swisskyrepo/PayloadsAllTheThings...
[SCRAPER-1] [03:20:07] [10/16] qazbnm456/awesome-web-security...
[SCRAPER-1] [03:20:09] [11/16] infoslack/awesome-web-hacking...
[SCRAPER-1] [03:20:11] [12/16] EdOverflow/bugbounty-cheatsheet...
[SCRAPER-1] [03:20:13] [13/16] KathanP19/HowToHunt...
[SCRAPER-1] [03:20:15] [14/16] nahamsec/Resources-for-Beginner-Bug-Bounty-Hunters...
[SCRAPER-1] [03:20:18] [15/16] pentestmonkey/php-reverse-shell...
[SCRAPER-1] [03:20:20] [16/16] tennc/webshell...
[SCRAPER-1] [03:20:22] ✅ CYCLE 72 DONE | Total: 0.0 MB
[SCRAPER-1] [03:21:22] 🔄 CYCLE 73 - Depth: 7800 files/repo
[SCRAPER-1] [03:21:22] [1/16] OWASP/CheatSheetSeries...
[SCRAPER-1] [03:21:24] [2/16] OWASP/wstg...
[SCRAPER-1] [03:21:26] [3/16] OWASP/ASVS...
[SCRAPER-1] [03:21:28] [4/16] OWASP/owasp-mstg...
[SCRAPER-1] [03:21:30] [5/16] OWASP/API-Security...
[SCRAPER-1] [03:21:32] [6/16] OWASP/Top10...
[SCRAPER-1] [03:21:34] [7/16] OWASP/WebGoat...
[SCRAPER-1] [03:21:36] [8/16] OWASP/Juice-Shop...
[SCRAPER-1] [03:21:38] [9/16] swisskyrepo/PayloadsAllTheThings...
[SCRAPER-1] [03:21:40] [10/16] qazbnm456/awesome-web-security...
[SCRAPER-1] [03:21:42] [11/16] infoslack/awesome-web-hacking...
[SCRAPER-1] [03:21:44] [12/16] EdOverflow/bugbounty-cheatsheet...
[SCRAPER-1] [03:21:46] [13/16] KathanP19/HowToHunt...
[SCRAPER-1] [03:21:48] [14/16] nahamsec/Resources-for-Beginner-Bug-Bounty-Hunters...
[SCRAPER-1] [03:21:50] [15/16] pentestmonkey/php-reverse-shell...
[SCRAPER-1] [03:21:52] [16/16] tennc/webshell...
[SCRAPER-1] [03:21:54] ✅ CYCLE 73 DONE | Total: 0.0 MB
[SCRAPER-1] [03:22:54] 🔄 CYCLE 74 - Depth: 7900 files/repo
[SCRAPER-1] [03:22:54] [1/16] OWASP/CheatSheetSeries...
[SCRAPER-1] [03:22:56] [2/16] OWASP/wstg...
[SCRAPER-1] [03:22:58] [3/16] OWASP/ASVS...
[SCRAPER-1] [03:23:00] [4/16] OWASP/owasp-mstg...
[SCRAPER-1] [03:23:02] [5/16] OWASP/API-Security...
[SCRAPER-1] [03:23:04] [6/16] OWASP/Top10...
[SCRAPER-1] [03:23:06] [7/16] OWASP/WebGoat...
[SCRAPER-1] [03:23:08] [8/16] OWASP/Juice-Shop...
[SCRAPER-1] [03:23:10] [9/16] swisskyrepo/PayloadsAllTheThings...
[SCRAPER-1] [03:23:12] [10/16] qazbnm456/awesome-web-security...
[SCRAPER-1] [03:23:14] [11/16] infoslack/awesome-web-hacking...
[SCRAPER-1] [03:23:16] [12/16] EdOverflow/bugbounty-cheatsheet...
[SCRAPER-1] [03:23:18] [13/16] KathanP19/HowToHunt...
[SCRAPER-1] [03:23:20] [14/16] nahamsec/Resources-for-Beginner-Bug-Bounty-Hunters...
[SCRAPER-1] [03:23:22] [15/16] pentestmonkey/php-reverse-shell...
[SCRAPER-1] [03:23:25] [16/16] tennc/webshell...
[SCRAPER-1] [03:23:27] ✅ CYCLE 74 DONE | Total: 0.0 MB
[SCRAPER-1] [03:24:27] 🔄 CYCLE 75 - Depth: 8000 files/repo
[SCRAPER-1] [03:24:27] [1/16] OWASP/CheatSheetSeries...
[SCRAPER-1] [03:24:29] [2/16] OWASP/wstg...
[SCRAPER-1] [03:24:31] [3/16] OWASP/ASVS...
[SCRAPER-1] [03:24:33] [4/16] OWASP/owasp-mstg...
[SCRAPER-1] [03:24:35] [5/16] OWASP/API-Security...
[SCRAPER-1] [03:24:37] [6/16] OWASP/Top10...
[SCRAPER-1] [03:24:39] [7/16] OWASP/WebGoat...
[SCRAPER-1] [03:24:41] [8/16] OWASP/Juice-Shop...
[SCRAPER-1] [03:24:43] [9/16] swisskyrepo/PayloadsAllTheThings...
[SCRAPER-1] [03:24:45] [10/16] qazbnm456/awesome-web-security...
[SCRAPER-1] [03:24:47] [11/16] infoslack/awesome-web-hacking...
[SCRAPER-1] [03:24:49] [12/16] EdOverflow/bugbounty-cheatsheet...
[SCRAPER-1] [03:24:51] [13/16] KathanP19/HowToHunt...
[SCRAPER-1] [03:24:53] [14/16] nahamsec/Resources-for-Beginner-Bug-Bounty-Hunters...
[SCRAPER-1] [03:24:55] [15/16] pentestmonkey/php-reverse-shell...
[SCRAPER-1] [03:24:57] [16/16] tennc/webshell...
[SCRAPER-1] [03:24:59] ✅ CYCLE 75 DONE | Total: 0.0 MB
[SCRAPER-1] [03:25:59] 🔄 CYCLE 76 - Depth: 8100 files/repo
[SCRAPER-1] [03:25:59] [1/16] OWASP/CheatSheetSeries...
[SCRAPER-1] [03:26:01] [2/16] OWASP/wstg...
[SCRAPER-1] [03:26:03] [3/16] OWASP/ASVS...
[SCRAPER-1] [03:26:05] [4/16] OWASP/owasp-mstg...
[SCRAPER-1] [03:26:07] [5/16] OWASP/API-Security...
[SCRAPER-1] [03:26:09] [6/16] OWASP/Top10...
[SCRAPER-1] [03:26:11] [7/16] OWASP/WebGoat...
[SCRAPER-1] [03:26:13] [8/16] OWASP/Juice-Shop...
[SCRAPER-1] [03:26:15] [9/16] swisskyrepo/PayloadsAllTheThings...
[SCRAPER-1] [03:26:17] [10/16] qazbnm456/awesome-web-security...
[SCRAPER-1] [03:26:19] [11/16] infoslack/awesome-web-hacking...
[SCRAPER-1] [03:26:21] [12/16] EdOverflow/bugbounty-cheatsheet...
[SCRAPER-1] [03:26:23] [13/16] KathanP19/HowToHunt...
[SCRAPER-1] [03:26:25] [14/16] nahamsec/Resources-for-Beginner-Bug-Bounty-Hunters...
[SCRAPER-1] [03:26:27] [15/16] pentestmonkey/php-reverse-shell...
[SCRAPER-1] [03:26:29] [16/16] tennc/webshell...
[SCRAPER-1] [03:26:32] ✅ CYCLE 76 DONE | Total: 0.0 MB
[SCRAPER-1] [03:27:32] 🔄 CYCLE 77 - Depth: 8200 files/repo
[SCRAPER-1] [03:27:32] [1/16] OWASP/CheatSheetSeries...
[SCRAPER-1] [03:27:34] [2/16] OWASP/wstg...
[SCRAPER-1] [03:27:36] [3/16] OWASP/ASVS...
[SCRAPER-1] [03:27:38] [4/16] OWASP/owasp-mstg...
[SCRAPER-1] [03:27:40] [5/16] OWASP/API-Security...
[SCRAPER-1] [03:27:42] [6/16] OWASP/Top10...
[SCRAPER-1] [03:27:44] [7/16] OWASP/WebGoat...
[SCRAPER-1] [03:27:46] [8/16] OWASP/Juice-Shop...
[SCRAPER-1] [03:27:48] [9/16] swisskyrepo/PayloadsAllTheThings...
[SCRAPER-1] [03:27:50] [10/16] qazbnm456/awesome-web-security...
[SCRAPER-1] [03:27:52] [11/16] infoslack/awesome-web-hacking...
[SCRAPER-1] [03:27:54] [12/16] EdOverflow/bugbounty-cheatsheet...
[SCRAPER-1] [03:27:56] [13/16] KathanP19/HowToHunt...
[SCRAPER-1] [03:27:58] [14/16] nahamsec/Resources-for-Beginner-Bug-Bounty-Hunters...
[SCRAPER-1] [03:28:00] [15/16] pentestmonkey/php-reverse-shell...
[SCRAPER-1] [03:28:02] [16/16] tennc/webshell...
[SCRAPER-1] [03:28:04] ✅ CYCLE 77 DONE | Total: 0.0 MB
[SCRAPER-1] [03:29:04] 🔄 CYCLE 78 - Depth: 8300 files/repo
[SCRAPER-1] [03:29:04] [1/16] OWASP/CheatSheetSeries...
[SCRAPER-1] [03:29:06] [2/16] OWASP/wstg...
[SCRAPER-1] [03:29:08] [3/16] OWASP/ASVS...
[SCRAPER-1] [03:29:10] [4/16] OWASP/owasp-mstg...
[SCRAPER-1] [03:29:12] [5/16] OWASP/API-Security...
[SCRAPER-1] [03:29:14] [6/16] OWASP/Top10...
[SCRAPER-1] [03:29:16] [7/16] OWASP/WebGoat...
[SCRAPER-1] [03:29:18] [8/16] OWASP/Juice-Shop...
[SCRAPER-1] [03:29:20] [9/16] swisskyrepo/PayloadsAllTheThings...
[SCRAPER-1] [03:29:22] [10/16] qazbnm456/awesome-web-security...
[SCRAPER-1] [03:29:24] [11/16] infoslack/awesome-web-hacking...
[SCRAPER-1] [03:29:26] [12/16] EdOverflow/bugbounty-cheatsheet...
[SCRAPER-1] [03:29:28] [13/16] KathanP19/HowToHunt...
[SCRAPER-1] [03:29:30] [14/16] nahamsec/Resources-for-Beginner-Bug-Bounty-Hunters...
[SCRAPER-1] [03:29:32] [15/16] pentestmonkey/php-reverse-shell...
[SCRAPER-1] [03:29:34] [16/16] tennc/webshell...
[SCRAPER-1] [03:29:36] ✅ CYCLE 78 DONE | Total: 0.0 MB
[SCRAPER-1] [03:30:36] 🔄 CYCLE 79 - Depth: 8400 files/repo
[SCRAPER-1] [03:30:36] [1/16] OWASP/CheatSheetSeries...
[SCRAPER-1] [03:30:38] [2/16] OWASP/wstg...
[SCRAPER-1] [03:30:41] [3/16] OWASP/ASVS...
[SCRAPER-1] [03:30:43] [4/16] OWASP/owasp-mstg...
[SCRAPER-1] [03:30:45] [5/16] OWASP/API-Security...
[SCRAPER-1] [03:30:47] [6/16] OWASP/Top10...
[SCRAPER-1] [03:30:49] [7/16] OWASP/WebGoat...
[SCRAPER-1] [03:30:51] [8/16] OWASP/Juice-Shop...
[SCRAPER-1] [03:30:53] [9/16] swisskyrepo/PayloadsAllTheThings...
[SCRAPER-1] [03:30:55] [10/16] qazbnm456/awesome-web-security...
[SCRAPER-1] [03:30:57] [11/16] infoslack/awesome-web-hacking...
[SCRAPER-1] [03:30:59] [12/16] EdOverflow/bugbounty-cheatsheet...
[SCRAPER-1] [03:31:01] [13/16] KathanP19/HowToHunt...
[SCRAPER-1] [03:31:03] [14/16] nahamsec/Resources-for-Beginner-Bug-Bounty-Hunters...
[SCRAPER-1] [03:31:05] [15/16] pentestmonkey/php-reverse-shell...
[SCRAPER-1] [03:31:07] [16/16] tennc/webshell...
[SCRAPER-1] [03:31:09] ✅ CYCLE 79 DONE | Total: 0.0 MB
[SCRAPER-1] [03:32:09] 🔄 CYCLE 80 - Depth: 8500 files/repo
[SCRAPER-1] [03:32:09] [1/16] OWASP/CheatSheetSeries...
[SCRAPER-1] [03:32:11] [2/16] OWASP/wstg...
[SCRAPER-1] [03:32:13] [3/16] OWASP/ASVS...
[SCRAPER-1] [03:32:15] [4/16] OWASP/owasp-mstg...
[SCRAPER-1] [03:32:17] [5/16] OWASP/API-Security...
[SCRAPER-1] [03:32:19] [6/16] OWASP/Top10...
[SCRAPER-1] [03:32:21] [7/16] OWASP/WebGoat...
[SCRAPER-1] [03:32:23] [8/16] OWASP/Juice-Shop...
[SCRAPER-1] [03:32:25] [9/16] swisskyrepo/PayloadsAllTheThings...
[SCRAPER-1] [03:32:27] [10/16] qazbnm456/awesome-web-security...
[SCRAPER-1] [03:32:29] [11/16] infoslack/awesome-web-hacking...
[SCRAPER-1] [03:32:31] [12/16] EdOverflow/bugbounty-cheatsheet...
[SCRAPER-1] [03:32:33] [13/16] KathanP19/HowToHunt...
[SCRAPER-1] [03:32:35] [14/16] nahamsec/Resources-for-Beginner-Bug-Bounty-Hunters...
[SCRAPER-1] [03:32:37] [15/16] pentestmonkey/php-reverse-shell...
[SCRAPER-1] [03:32:39] [16/16] tennc/webshell...
[SCRAPER-1] [03:32:41] ✅ CYCLE 80 DONE | Total: 0.0 MB
[SCRAPER-1] [03:33:41] 🔄 CYCLE 81 - Depth: 8600 files/repo
[SCRAPER-1] [03:33:41] [1/16] OWASP/CheatSheetSeries...
[SCRAPER-1] [03:33:43] [2/16] OWASP/wstg...
[SCRAPER-1] [03:33:46] [3/16] OWASP/ASVS...
[SCRAPER-1] [03:33:48] [4/16] OWASP/owasp-mstg...
[SCRAPER-1] [03:33:50] [5/16] OWASP/API-Security...
[SCRAPER-1] [03:33:52] [6/16] OWASP/Top10...
[SCRAPER-1] [03:33:54] [7/16] OWASP/WebGoat...
[SCRAPER-1] [03:33:56] [8/16] OWASP/Juice-Shop...
[SCRAPER-1] [03:33:58] [9/16] swisskyrepo/PayloadsAllTheThings...
[SCRAPER-1] [03:34:00] [10/16] qazbnm456/awesome-web-security...
[SCRAPER-1] [03:34:02] [11/16] infoslack/awesome-web-hacking...
[SCRAPER-1] [03:34:04] [12/16] EdOverflow/bugbounty-cheatsheet...
[SCRAPER-1] [03:34:06] [13/16] KathanP19/HowToHunt...
[SCRAPER-1] [03:34:08] [14/16] nahamsec/Resources-for-Beginner-Bug-Bounty-Hunters...
[SCRAPER-1] [03:34:10] [15/16] pentestmonkey/php-reverse-shell...
[SCRAPER-1] [03:34:12] [16/16] tennc/webshell...
[SCRAPER-1] [03:34:14] ✅ CYCLE 81 DONE | Total: 0.0 MB
[SCRAPER-1] [03:35:14] 🔄 CYCLE 82 - Depth: 8700 files/repo
[SCRAPER-1] [03:35:14] [1/16] OWASP/CheatSheetSeries...
[SCRAPER-1] [03:35:16] [2/16] OWASP/wstg...
[SCRAPER-1] [03:35:18] [3/16] OWASP/ASVS...
[SCRAPER-1] [03:35:20] [4/16] OWASP/owasp-mstg...
[SCRAPER-1] [03:35:22] [5/16] OWASP/API-Security...
[SCRAPER-1] [03:35:24] [6/16] OWASP/Top10...
[SCRAPER-1] [03:35:26] [7/16] OWASP/WebGoat...
[SCRAPER-1] [03:35:28] [8/16] OWASP/Juice-Shop...
[SCRAPER-1] [03:35:30] [9/16] swisskyrepo/PayloadsAllTheThings...
[SCRAPER-1] [03:35:32] [10/16] qazbnm456/awesome-web-security...
[SCRAPER-1] [03:35:34] [11/16] infoslack/awesome-web-hacking...
[SCRAPER-1] [03:35:36] [12/16] EdOverflow/bugbounty-cheatsheet...
[SCRAPER-1] [03:35:38] [13/16] KathanP19/HowToHunt...
[SCRAPER-1] [03:35:40] [14/16] nahamsec/Resources-for-Beginner-Bug-Bounty-Hunters...
[SCRAPER-1] [03:35:42] [15/16] pentestmonkey/php-reverse-shell...
[SCRAPER-1] [03:35:44] [16/16] tennc/webshell...
[SCRAPER-1] [03:35:46] ✅ CYCLE 82 DONE | Total: 0.0 MB
[SCRAPER-1] [03:36:46] 🔄 CYCLE 83 - Depth: 8800 files/repo
[SCRAPER-1] [03:36:46] [1/16] OWASP/CheatSheetSeries...
[SCRAPER-1] [03:36:48] [2/16] OWASP/wstg...
[SCRAPER-1] [03:36:50] [3/16] OWASP/ASVS...
[SCRAPER-1] [03:36:52] [4/16] OWASP/owasp-mstg...
[SCRAPER-1] [03:36:55] [5/16] OWASP/API-Security...
[SCRAPER-1] [03:36:57] [6/16] OWASP/Top10...
[SCRAPER-1] [03:36:59] [7/16] OWASP/WebGoat...
[SCRAPER-1] [03:37:01] [8/16] OWASP/Juice-Shop...
[SCRAPER-1] [03:37:03] [9/16] swisskyrepo/PayloadsAllTheThings...
[SCRAPER-1] [03:37:05] [10/16] qazbnm456/awesome-web-security...
[SCRAPER-1] [03:37:07] [11/16] infoslack/awesome-web-hacking...
[SCRAPER-1] [03:37:09] [12/16] EdOverflow/bugbounty-cheatsheet...
[SCRAPER-1] [03:37:11] [13/16] KathanP19/HowToHunt...
[SCRAPER-1] [03:37:13] [14/16] nahamsec/Resources-for-Beginner-Bug-Bounty-Hunters...
[SCRAPER-1] [03:37:15] [15/16] pentestmonkey/php-reverse-shell...
[SCRAPER-1] [03:37:17] [16/16] tennc/webshell...
[SCRAPER-1] [03:37:19] ✅ CYCLE 83 DONE | Total: 0.0 MB
[SCRAPER-1] [03:38:19] 🔄 CYCLE 84 - Depth: 8900 files/repo
[SCRAPER-1] [03:38:19] [1/16] OWASP/CheatSheetSeries...
[SCRAPER-1] [03:38:21] [2/16] OWASP/wstg...
[SCRAPER-1] [03:38:23] [3/16] OWASP/ASVS...
[SCRAPER-1] [03:38:25] [4/16] OWASP/owasp-mstg...
[SCRAPER-1] [03:38:27] [5/16] OWASP/API-Security...
[SCRAPER-1] [03:38:29] [6/16] OWASP/Top10...
[SCRAPER-1] [03:38:31] [7/16] OWASP/WebGoat...
[SCRAPER-1] [03:38:33] [8/16] OWASP/Juice-Shop...
[SCRAPER-1] [03:38:35] [9/16] swisskyrepo/PayloadsAllTheThings...
[SCRAPER-1] [03:38:37] [10/16] qazbnm456/awesome-web-security...
[SCRAPER-1] [03:38:39] [11/16] infoslack/awesome-web-hacking...
[SCRAPER-1] [03:38:41] [12/16] EdOverflow/bugbounty-cheatsheet...
[SCRAPER-1] [03:38:43] [13/16] KathanP19/HowToHunt...
[SCRAPER-1] [03:38:45] [14/16] nahamsec/Resources-for-Beginner-Bug-Bounty-Hunters...
[SCRAPER-1] [03:38:47] [15/16] pentestmonkey/php-reverse-shell...
[SCRAPER-1] [03:38:49] [16/16] tennc/webshell...
[SCRAPER-1] [03:38:51] ✅ CYCLE 84 DONE | Total: 0.0 MB
[SCRAPER-1] [03:39:51] 🔄 CYCLE 85 - Depth: 9000 files/repo
[SCRAPER-1] [03:39:51] [1/16] OWASP/CheatSheetSeries...
[SCRAPER-1] [03:39:53] [2/16] OWASP/wstg...
[SCRAPER-1] [03:39:55] [3/16] OWASP/ASVS...
[SCRAPER-1] [03:39:57] [4/16] OWASP/owasp-mstg...
[SCRAPER-1] [03:39:59] [5/16] OWASP/API-Security...
[SCRAPER-1] [03:40:01] [6/16] OWASP/Top10...
[SCRAPER-1] [03:40:04] [7/16] OWASP/WebGoat...
[SCRAPER-1] [03:40:06] [8/16] OWASP/Juice-Shop...
[SCRAPER-1] [03:40:08] [9/16] swisskyrepo/PayloadsAllTheThings...
[SCRAPER-1] [03:40:10] [10/16] qazbnm456/awesome-web-security...
[SCRAPER-1] [03:40:12] [11/16] infoslack/awesome-web-hacking...
[SCRAPER-1] [03:40:14] [12/16] EdOverflow/bugbounty-cheatsheet...
[SCRAPER-1] [03:40:16] [13/16] KathanP19/HowToHunt...
[SCRAPER-1] [03:40:18] [14/16] nahamsec/Resources-for-Beginner-Bug-Bounty-Hunters...
[SCRAPER-1] [03:40:20] [15/16] pentestmonkey/php-reverse-shell...
[SCRAPER-1] [03:40:22] [16/16] tennc/webshell...
[SCRAPER-1] [03:40:24] ✅ CYCLE 85 DONE | Total: 0.0 MB
[SCRAPER-1] [03:41:24] 🔄 CYCLE 86 - Depth: 9100 files/repo
[SCRAPER-1] [03:41:24] [1/16] OWASP/CheatSheetSeries...
[SCRAPER-1] [03:41:26] [2/16] OWASP/wstg...
[SCRAPER-1] [03:41:28] [3/16] OWASP/ASVS...
[SCRAPER-1] [03:41:30] [4/16] OWASP/owasp-mstg...
[SCRAPER-1] [03:41:32] [5/16] OWASP/API-Security...
[SCRAPER-1] [03:41:34] [6/16] OWASP/Top10...
[SCRAPER-1] [03:41:36] [7/16] OWASP/WebGoat...
[SCRAPER-1] [03:41:38] [8/16] OWASP/Juice-Shop...
[SCRAPER-1] [03:41:40] [9/16] swisskyrepo/PayloadsAllTheThings...
[SCRAPER-1] [03:41:42] [10/16] qazbnm456/awesome-web-security...
[SCRAPER-1] [03:41:44] [11/16] infoslack/awesome-web-hacking...
[SCRAPER-1] [03:41:46] [12/16] EdOverflow/bugbounty-cheatsheet...
[SCRAPER-1] [03:41:48] [13/16] KathanP19/HowToHunt...
[SCRAPER-1] [03:41:50] [14/16] nahamsec/Resources-for-Beginner-Bug-Bounty-Hunters...
[SCRAPER-1] [03:41:52] [15/16] pentestmonkey/php-reverse-shell...
[SCRAPER-1] [03:41:54] [16/16] tennc/webshell...
[SCRAPER-1] [03:41:56] ✅ CYCLE 86 DONE | Total: 0.0 MB
[SCRAPER-1] [03:42:56] 🔄 CYCLE 87 - Depth: 9200 files/repo
[SCRAPER-1] [03:42:56] [1/16] OWASP/CheatSheetSeries...
[SCRAPER-1] [03:42:58] [2/16] OWASP/wstg...
[SCRAPER-1] [03:43:00] [3/16] OWASP/ASVS...
[SCRAPER-1] [03:43:02] [4/16] OWASP/owasp-mstg...
[SCRAPER-1] [03:43:04] [5/16] OWASP/API-Security...
[SCRAPER-1] [03:43:06] [6/16] OWASP/Top10...
[SCRAPER-1] [03:43:08] [7/16] OWASP/WebGoat...
[SCRAPER-1] [03:43:10] [8/16] OWASP/Juice-Shop...
[SCRAPER-1] [03:43:13] [9/16] swisskyrepo/PayloadsAllTheThings...
[SCRAPER-1] [03:43:15] [10/16] qazbnm456/awesome-web-security...
[SCRAPER-1] [03:43:17] [11/16] infoslack/awesome-web-hacking...
[SCRAPER-1] [03:43:19] [12/16] EdOverflow/bugbounty-cheatsheet...
[SCRAPER-1] [03:43:21] [13/16] KathanP19/HowToHunt...
[SCRAPER-1] [03:43:23] [14/16] nahamsec/Resources-for-Beginner-Bug-Bounty-Hunters...
[SCRAPER-1] [03:43:25] [15/16] pentestmonkey/php-reverse-shell...
[SCRAPER-1] [03:43:27] [16/16] tennc/webshell...
[SCRAPER-1] [03:43:29] ✅ CYCLE 87 DONE | Total: 0.0 MB
[SCRAPER-1] [03:44:29] 🔄 CYCLE 88 - Depth: 9300 files/repo
[SCRAPER-1] [03:44:29] [1/16] OWASP/CheatSheetSeries...
[SCRAPER-1] [03:44:31] [2/16] OWASP/wstg...
[SCRAPER-1] [03:44:33] [3/16] OWASP/ASVS...
[SCRAPER-1] [03:44:35] [4/16] OWASP/owasp-mstg...
[SCRAPER-1] [03:44:37] [5/16] OWASP/API-Security...
[SCRAPER-1] [03:44:39] [6/16] OWASP/Top10...
[SCRAPER-1] [03:44:41] [7/16] OWASP/WebGoat...
[SCRAPER-1] [03:44:43] [8/16] OWASP/Juice-Shop...
[SCRAPER-1] [03:44:45] [9/16] swisskyrepo/PayloadsAllTheThings...
[SCRAPER-1] [03:44:47] [10/16] qazbnm456/awesome-web-security...
[SCRAPER-1] [03:44:49] [11/16] infoslack/awesome-web-hacking...
[SCRAPER-1] [03:44:51] [12/16] EdOverflow/bugbounty-cheatsheet...
[SCRAPER-1] [03:44:53] [13/16] KathanP19/HowToHunt...
[SCRAPER-1] [03:44:55] [14/16] nahamsec/Resources-for-Beginner-Bug-Bounty-Hunters...
[SCRAPER-1] [03:44:57] [15/16] pentestmonkey/php-reverse-shell...
[SCRAPER-1] [03:44:59] [16/16] tennc/webshell...
[SCRAPER-1] [03:45:01] ✅ CYCLE 88 DONE | Total: 0.0 MB
[SCRAPER-1] [03:46:01] 🔄 CYCLE 89 - Depth: 9400 files/repo
[SCRAPER-1] [03:46:01] [1/16] OWASP/CheatSheetSeries...
[SCRAPER-1] [03:46:03] [2/16] OWASP/wstg...
[SCRAPER-1] [03:46:05] [3/16] OWASP/ASVS...
[SCRAPER-1] [03:46:07] [4/16] OWASP/owasp-mstg...
[SCRAPER-1] [03:46:09] [5/16] OWASP/API-Security...
[SCRAPER-1] [03:46:11] [6/16] OWASP/Top10...
[SCRAPER-1] [03:46:13] [7/16] OWASP/WebGoat...
[SCRAPER-1] [03:46:15] [8/16] OWASP/Juice-Shop...
[SCRAPER-1] [03:46:17] [9/16] swisskyrepo/PayloadsAllTheThings...
[SCRAPER-1] [03:46:19] [10/16] qazbnm456/awesome-web-security...
[SCRAPER-1] [03:46:21] [11/16] infoslack/awesome-web-hacking...
[SCRAPER-1] [03:46:24] [12/16] EdOverflow/bugbounty-cheatsheet...
[SCRAPER-1] [03:46:26] [13/16] KathanP19/HowToHunt...
[SCRAPER-1] [03:46:28] [14/16] nahamsec/Resources-for-Beginner-Bug-Bounty-Hunters...
[SCRAPER-1] [03:46:30] [15/16] pentestmonkey/php-reverse-shell...
[SCRAPER-1] [03:46:32] [16/16] tennc/webshell...
[SCRAPER-1] [03:46:34] ✅ CYCLE 89 DONE | Total: 0.0 MB
[SCRAPER-1] [03:47:34] 🔄 CYCLE 90 - Depth: 9500 files/repo
[SCRAPER-1] [03:47:34] [1/16] OWASP/CheatSheetSeries...
[SCRAPER-1] [03:47:36] [2/16] OWASP/wstg...
[SCRAPER-1] [03:47:38] [3/16] OWASP/ASVS...
[SCRAPER-1] [03:47:40] [4/16] OWASP/owasp-mstg...
[SCRAPER-1] [03:47:42] [5/16] OWASP/API-Security...
[SCRAPER-1] [03:47:44] [6/16] OWASP/Top10...
[SCRAPER-1] [03:47:46] [7/16] OWASP/WebGoat...
[SCRAPER-1] [03:47:48] [8/16] OWASP/Juice-Shop...
[SCRAPER-1] [03:47:50] [9/16] swisskyrepo/PayloadsAllTheThings...
[SCRAPER-1] [03:47:52] [10/16] qazbnm456/awesome-web-security...
[SCRAPER-1] [03:47:54] [11/16] infoslack/awesome-web-hacking...
[SCRAPER-1] [03:47:56] [12/16] EdOverflow/bugbounty-cheatsheet...
[SCRAPER-1] [03:47:58] [13/16] KathanP19/HowToHunt...
[SCRAPER-1] [03:48:00] [14/16] nahamsec/Resources-for-Beginner-Bug-Bounty-Hunters...
[SCRAPER-1] [03:48:02] [15/16] pentestmonkey/php-reverse-shell...
[SCRAPER-1] [03:48:04] [16/16] tennc/webshell...
[SCRAPER-1] [03:48:06] ✅ CYCLE 90 DONE | Total: 0.0 MB
[SCRAPER-1] [03:49:06] 🔄 CYCLE 91 - Depth: 9600 files/repo
[SCRAPER-1] [03:49:06] [1/16] OWASP/CheatSheetSeries...
[SCRAPER-1] [03:49:08] [2/16] OWASP/wstg...
[SCRAPER-1] [03:49:10] [3/16] OWASP/ASVS...
[SCRAPER-1] [03:49:12] [4/16] OWASP/owasp-mstg...
[SCRAPER-1] [03:49:14] [5/16] OWASP/API-Security...
[SCRAPER-1] [03:49:16] [6/16] OWASP/Top10...
[SCRAPER-1] [03:49:18] [7/16] OWASP/WebGoat...
[SCRAPER-1] [03:49:20] [8/16] OWASP/Juice-Shop...
[SCRAPER-1] [03:49:22] [9/16] swisskyrepo/PayloadsAllTheThings...
[SCRAPER-1] [03:49:24] [10/16] qazbnm456/awesome-web-security...
[SCRAPER-1] [03:49:27] [11/16] infoslack/awesome-web-hacking...
[SCRAPER-1] [03:49:29] [12/16] EdOverflow/bugbounty-cheatsheet...
[SCRAPER-1] [03:49:31] [13/16] KathanP19/HowToHunt...
[SCRAPER-1] [03:49:33] [14/16] nahamsec/Resources-for-Beginner-Bug-Bounty-Hunters...
[SCRAPER-1] [03:49:35] [15/16] pentestmonkey/php-reverse-shell...
[SCRAPER-1] [03:49:37] [16/16] tennc/webshell...
[SCRAPER-1] [03:49:39] ✅ CYCLE 91 DONE | Total: 0.0 MB
[SCRAPER-1] [03:50:39] 🔄 CYCLE 92 - Depth: 9700 files/repo
[SCRAPER-1] [03:50:39] [1/16] OWASP/CheatSheetSeries...
[SCRAPER-1] [03:50:41] [2/16] OWASP/wstg...
[SCRAPER-1] [03:50:43] [3/16] OWASP/ASVS...
[SCRAPER-1] [03:50:45] [4/16] OWASP/owasp-mstg...
[SCRAPER-1] [03:50:47] [5/16] OWASP/API-Security...
[SCRAPER-1] [03:50:49] [6/16] OWASP/Top10...
[SCRAPER-1] [03:50:51] [7/16] OWASP/WebGoat...
[SCRAPER-1] [03:50:53] [8/16] OWASP/Juice-Shop...
[SCRAPER-1] [03:50:55] [9/16] swisskyrepo/PayloadsAllTheThings...
[SCRAPER-1] [03:50:57] [10/16] qazbnm456/awesome-web-security...
[SCRAPER-1] [03:50:59] [11/16] infoslack/awesome-web-hacking...
[SCRAPER-1] [03:51:01] [12/16] EdOverflow/bugbounty-cheatsheet...
[SCRAPER-1] [03:51:03] [13/16] KathanP19/HowToHunt...
[SCRAPER-1] [03:51:05] [14/16] nahamsec/Resources-for-Beginner-Bug-Bounty-Hunters...
[SCRAPER-1] [03:51:07] [15/16] pentestmonkey/php-reverse-shell...
[SCRAPER-1] [03:51:09] [16/16] tennc/webshell...
[SCRAPER-1] [03:51:11] ✅ CYCLE 92 DONE | Total: 0.0 MB
[SCRAPER-1] [03:52:11] 🔄 CYCLE 93 - Depth: 9800 files/repo
[SCRAPER-1] [03:52:11] [1/16] OWASP/CheatSheetSeries...
[SCRAPER-1] [03:52:13] [2/16] OWASP/wstg...
[SCRAPER-1] [03:52:15] [3/16] OWASP/ASVS...
[SCRAPER-1] [03:52:17] [4/16] OWASP/owasp-mstg...
[SCRAPER-1] [03:52:19] [5/16] OWASP/API-Security...
[SCRAPER-1] [03:52:21] [6/16] OWASP/Top10...
[SCRAPER-1] [03:52:23] [7/16] OWASP/WebGoat...
[SCRAPER-1] [03:52:25] [8/16] OWASP/Juice-Shop...
[SCRAPER-1] [03:52:27] [9/16] swisskyrepo/PayloadsAllTheThings...
[SCRAPER-1] [03:52:29] [10/16] qazbnm456/awesome-web-security...
[SCRAPER-1] [03:52:32] [11/16] infoslack/awesome-web-hacking...
[SCRAPER-1] [03:52:34] [12/16] EdOverflow/bugbounty-cheatsheet...
[SCRAPER-1] [03:52:36] [13/16] KathanP19/HowToHunt...
[SCRAPER-1] [03:52:38] [14/16] nahamsec/Resources-for-Beginner-Bug-Bounty-Hunters...
[SCRAPER-1] [03:52:40] [15/16] pentestmonkey/php-reverse-shell...
[SCRAPER-1] [03:52:42] [16/16] tennc/webshell...
[SCRAPER-1] [03:52:44] ✅ CYCLE 93 DONE | Total: 0.0 MB
[SCRAPER-1] [03:53:44] 🔄 CYCLE 94 - Depth: 9900 files/repo
[SCRAPER-1] [03:53:44] [1/16] OWASP/CheatSheetSeries...
[SCRAPER-1] [03:53:46] [2/16] OWASP/wstg...
[SCRAPER-1] [03:53:48] [3/16] OWASP/ASVS...
[SCRAPER-1] [03:53:50] [4/16] OWASP/owasp-mstg...
[SCRAPER-1] [03:53:52] [5/16] OWASP/API-Security...
[SCRAPER-1] [03:53:54] [6/16] OWASP/Top10...
[SCRAPER-1] [03:53:56] [7/16] OWASP/WebGoat...
[SCRAPER-1] [03:53:58] [8/16] OWASP/Juice-Shop...
[SCRAPER-1] [03:54:00] [9/16] swisskyrepo/PayloadsAllTheThings...
[SCRAPER-1] [03:54:02] [10/16] qazbnm456/awesome-web-security...
[SCRAPER-1] [03:54:04] [11/16] infoslack/awesome-web-hacking...
[SCRAPER-1] [03:54:06] [12/16] EdOverflow/bugbounty-cheatsheet...
[SCRAPER-1] [03:54:08] [13/16] KathanP19/HowToHunt...
[SCRAPER-1] [03:54:10] [14/16] nahamsec/Resources-for-Beginner-Bug-Bounty-Hunters...
[SCRAPER-1] [03:54:12] [15/16] pentestmonkey/php-reverse-shell...
[SCRAPER-1] [03:54:14] [16/16] tennc/webshell...
[SCRAPER-1] [03:54:16] ✅ CYCLE 94 DONE | Total: 0.0 MB
