[SCRAPER-3] [01:30:25] 🚀 SCRAPER 3 STARTED: CTF & Reverse Engineering
[SCRAPER-3] [01:30:25] 🔄 CYCLE 1 - Depth: 600 files/repo
[SCRAPER-3] [01:30:25] [1/15] Gallopsled/pwntools...
[SCRAPER-3] [01:30:27] [2/15] pwndbg/pwndbg...
[SCRAPER-3] [01:30:29] [3/15] longld/peda...
[SCRAPER-3] [01:30:31] [4/15] hugsy/gef...
[SCRAPER-3] [01:30:33] [5/15] NationalSecurityAgency/ghidra...
[SCRAPER-3] [01:30:35] [6/15] radare/radare2...
[SCRAPER-3] [01:30:37] [7/15] rizinorg/rizin...
[SCRAPER-3] [01:30:39] [8/15] ctfs/write-ups-2016...
[SCRAPER-3] [01:30:41] [9/15] ctfs/write-ups-2015...
[SCRAPER-3] [01:30:43] [10/15] p4-team/ctf...
[SCRAPER-3] [01:30:45] [11/15] apsdehal/awesome-ctf...
[SCRAPER-3] [01:30:47] [12/15] facebook/fbctf...
[SCRAPER-3] [01:30:49] [13/15] CTFd/CTFd...
[SCRAPER-3] [01:30:51] [14/15] google/google-ctf...
[SCRAPER-3] [01:30:53] [15/15] RsaCtfTool/RsaCtfTool...
[SCRAPER-3] [01:30:55] ✅ CYCLE 1 DONE | Total: 0.0 MB
[SCRAPER-3] [01:31:55] 🔄 CYCLE 2 - Depth: 700 files/repo
[SCRAPER-3] [01:31:55] [1/15] Gallopsled/pwntools...
[SCRAPER-3] [01:31:57] [2/15] pwndbg/pwndbg...
[SCRAPER-3] [01:31:59] [3/15] longld/peda...
[SCRAPER-3] [01:32:01] [4/15] hugsy/gef...
[SCRAPER-3] [01:32:03] [5/15] NationalSecurityAgency/ghidra...
[SCRAPER-3] [01:32:05] [6/15] radare/radare2...
[SCRAPER-3] [01:32:07] [7/15] rizinorg/rizin...
[SCRAPER-3] [01:32:09] [8/15] ctfs/write-ups-2016...
[SCRAPER-3] [01:32:11] [9/15] ctfs/write-ups-2015...
[SCRAPER-3] [01:32:14] [10/15] p4-team/ctf...
[SCRAPER-3] [01:32:16] [11/15] apsdehal/awesome-ctf...
[SCRAPER-3] [01:32:18] [12/15] facebook/fbctf...
[SCRAPER-3] [01:32:20] [13/15] CTFd/CTFd...
[SCRAPER-3] [01:32:22] [14/15] google/google-ctf...
[SCRAPER-3] [01:32:24] [15/15] RsaCtfTool/RsaCtfTool...
[SCRAPER-3] [01:32:26] ✅ CYCLE 2 DONE | Total: 0.0 MB
[SCRAPER-3] [01:33:26] 🔄 CYCLE 3 - Depth: 800 files/repo
[SCRAPER-3] [01:33:26] [1/15] Gallopsled/pwntools...
[SCRAPER-3] [01:33:28] [2/15] pwndbg/pwndbg...
[SCRAPER-3] [01:33:30] [3/15] longld/peda...
[SCRAPER-3] [01:33:32] [4/15] hugsy/gef...
[SCRAPER-3] [01:33:34] [5/15] NationalSecurityAgency/ghidra...
[SCRAPER-3] [01:33:36] [6/15] radare/radare2...
[SCRAPER-3] [01:33:38] [7/15] rizinorg/rizin...
[SCRAPER-3] [01:33:40] [8/15] ctfs/write-ups-2016...
[SCRAPER-3] [01:33:42] [9/15] ctfs/write-ups-2015...
[SCRAPER-3] [01:33:44] [10/15] p4-team/ctf...
[SCRAPER-3] [01:33:46] [11/15] apsdehal/awesome-ctf...
[SCRAPER-3] [01:33:48] [12/15] facebook/fbctf...
[SCRAPER-3] [01:33:50] [13/15] CTFd/CTFd...
[SCRAPER-3] [01:33:52] [14/15] google/google-ctf...
[SCRAPER-3] [01:33:54] [15/15] RsaCtfTool/RsaCtfTool...
[SCRAPER-3] [01:33:56] ✅ CYCLE 3 DONE | Total: 0.0 MB
[SCRAPER-3] [01:34:56] 🔄 CYCLE 4 - Depth: 900 files/repo
[SCRAPER-3] [01:34:56] [1/15] Gallopsled/pwntools...
[SCRAPER-3] [01:34:58] [2/15] pwndbg/pwndbg...
[SCRAPER-3] [01:35:00] [3/15] longld/peda...
[SCRAPER-3] [01:35:02] [4/15] hugsy/gef...
[SCRAPER-3] [01:35:04] [5/15] NationalSecurityAgency/ghidra...
[SCRAPER-3] [01:35:06] [6/15] radare/radare2...
[SCRAPER-3] [01:35:08] [7/15] rizinorg/rizin...
[SCRAPER-3] [01:35:10] [8/15] ctfs/write-ups-2016...
[SCRAPER-3] [01:35:12] [9/15] ctfs/write-ups-2015...
[SCRAPER-3] [01:35:14] [10/15] p4-team/ctf...
[SCRAPER-3] [01:35:16] [11/15] apsdehal/awesome-ctf...
[SCRAPER-3] [01:35:18] [12/15] facebook/fbctf...
[SCRAPER-3] [01:35:21] [13/15] CTFd/CTFd...
[SCRAPER-3] [01:35:23] [14/15] google/google-ctf...
[SCRAPER-3] [01:35:25] [15/15] RsaCtfTool/RsaCtfTool...
[SCRAPER-3] [01:35:27] ✅ CYCLE 4 DONE | Total: 0.0 MB
[SCRAPER-3] [01:36:27] 🔄 CYCLE 5 - Depth: 1000 files/repo
[SCRAPER-3] [01:36:27] [1/15] Gallopsled/pwntools...
[SCRAPER-3] [01:36:29] [2/15] pwndbg/pwndbg...
[SCRAPER-3] [01:36:31] [3/15] longld/peda...
[SCRAPER-3] [01:36:33] [4/15] hugsy/gef...
[SCRAPER-3] [01:36:35] [5/15] NationalSecurityAgency/ghidra...
[SCRAPER-3] [01:36:37] [6/15] radare/radare2...
[SCRAPER-3] [01:36:39] [7/15] rizinorg/rizin...
[SCRAPER-3] [01:36:41] [8/15] ctfs/write-ups-2016...
[SCRAPER-3] [01:36:43] [9/15] ctfs/write-ups-2015...
[SCRAPER-3] [01:36:45] [10/15] p4-team/ctf...
[SCRAPER-3] [01:36:47] [11/15] apsdehal/awesome-ctf...
[SCRAPER-3] [01:36:49] [12/15] facebook/fbctf...
[SCRAPER-3] [01:36:51] [13/15] CTFd/CTFd...
[SCRAPER-3] [01:36:53] [14/15] google/google-ctf...
[SCRAPER-3] [01:36:55] [15/15] RsaCtfTool/RsaCtfTool...
[SCRAPER-3] [01:36:57] ✅ CYCLE 5 DONE | Total: 0.0 MB
[SCRAPER-3] [01:37:57] 🔄 CYCLE 6 - Depth: 1100 files/repo
[SCRAPER-3] [01:37:57] [1/15] Gallopsled/pwntools...
[SCRAPER-3] [01:37:59] [2/15] pwndbg/pwndbg...
[SCRAPER-3] [01:38:01] [3/15] longld/peda...
[SCRAPER-3] [01:38:03] [4/15] hugsy/gef...
[SCRAPER-3] [01:38:05] [5/15] NationalSecurityAgency/ghidra...
[SCRAPER-3] [01:38:07] [6/15] radare/radare2...
[SCRAPER-3] [01:38:09] [7/15] rizinorg/rizin...
[SCRAPER-3] [01:38:11] [8/15] ctfs/write-ups-2016...
[SCRAPER-3] [01:38:13] [9/15] ctfs/write-ups-2015...
[SCRAPER-3] [01:38:15] [10/15] p4-team/ctf...
[SCRAPER-3] [01:38:17] [11/15] apsdehal/awesome-ctf...
[SCRAPER-3] [01:38:19] [12/15] facebook/fbctf...
[SCRAPER-3] [01:38:21] [13/15] CTFd/CTFd...
[SCRAPER-3] [01:38:23] [14/15] google/google-ctf...
[SCRAPER-3] [01:38:26] [15/15] RsaCtfTool/RsaCtfTool...
[SCRAPER-3] [01:38:28] ✅ CYCLE 6 DONE | Total: 0.0 MB
[SCRAPER-3] [01:39:28] 🔄 CYCLE 7 - Depth: 1200 files/repo
[SCRAPER-3] [01:39:28] [1/15] Gallopsled/pwntools...
[SCRAPER-3] [01:39:30] [2/15] pwndbg/pwndbg...
[SCRAPER-3] [01:39:32] [3/15] longld/peda...
[SCRAPER-3] [01:39:34] [4/15] hugsy/gef...
[SCRAPER-3] [01:39:36] [5/15] NationalSecurityAgency/ghidra...
[SCRAPER-3] [01:39:38] [6/15] radare/radare2...
[SCRAPER-3] [01:39:40] [7/15] rizinorg/rizin...
[SCRAPER-3] [01:39:42] [8/15] ctfs/write-ups-2016...
[SCRAPER-3] [01:39:44] [9/15] ctfs/write-ups-2015...
[SCRAPER-3] [01:39:46] [10/15] p4-team/ctf...
[SCRAPER-3] [01:39:48] [11/15] apsdehal/awesome-ctf...
[SCRAPER-3] [01:39:50] [12/15] facebook/fbctf...
[SCRAPER-3] [01:39:52] [13/15] CTFd/CTFd...
[SCRAPER-3] [01:39:54] [14/15] google/google-ctf...
[SCRAPER-3] [01:39:56] [15/15] RsaCtfTool/RsaCtfTool...
[SCRAPER-3] [01:39:58] ✅ CYCLE 7 DONE | Total: 0.0 MB
[SCRAPER-3] [01:40:58] 🔄 CYCLE 8 - Depth: 1300 files/repo
[SCRAPER-3] [01:40:58] [1/15] Gallopsled/pwntools...
[SCRAPER-3] [01:41:00] [2/15] pwndbg/pwndbg...
[SCRAPER-3] [01:41:02] [3/15] longld/peda...
[SCRAPER-3] [01:41:04] [4/15] hugsy/gef...
[SCRAPER-3] [01:41:06] [5/15] NationalSecurityAgency/ghidra...
[SCRAPER-3] [01:41:08] [6/15] radare/radare2...
[SCRAPER-3] [01:41:10] [7/15] rizinorg/rizin...
[SCRAPER-3] [01:41:12] [8/15] ctfs/write-ups-2016...
[SCRAPER-3] [01:41:14] [9/15] ctfs/write-ups-2015...
[SCRAPER-3] [01:41:16] [10/15] p4-team/ctf...
[SCRAPER-3] [01:41:18] [11/15] apsdehal/awesome-ctf...
[SCRAPER-3] [01:41:20] [12/15] facebook/fbctf...
[SCRAPER-3] [01:41:22] [13/15] CTFd/CTFd...
[SCRAPER-3] [01:41:24] [14/15] google/google-ctf...
[SCRAPER-3] [01:41:26] [15/15] RsaCtfTool/RsaCtfTool...
[SCRAPER-3] [01:41:28] ✅ CYCLE 8 DONE | Total: 0.0 MB
[SCRAPER-3] [01:42:28] 🔄 CYCLE 9 - Depth: 1400 files/repo
[SCRAPER-3] [01:42:28] [1/15] Gallopsled/pwntools...
[SCRAPER-3] [01:42:30] [2/15] pwndbg/pwndbg...
[SCRAPER-3] [01:42:32] [3/15] longld/peda...
[SCRAPER-3] [01:42:35] [4/15] hugsy/gef...
[SCRAPER-3] [01:42:37] [5/15] NationalSecurityAgency/ghidra...
[SCRAPER-3] [01:42:39] [6/15] radare/radare2...
[SCRAPER-3] [01:42:41] [7/15] rizinorg/rizin...
[SCRAPER-3] [01:42:43] [8/15] ctfs/write-ups-2016...
[SCRAPER-3] [01:42:45] [9/15] ctfs/write-ups-2015...
[SCRAPER-3] [01:42:47] [10/15] p4-team/ctf...
[SCRAPER-3] [01:42:49] [11/15] apsdehal/awesome-ctf...
[SCRAPER-3] [01:42:51] [12/15] facebook/fbctf...
[SCRAPER-3] [01:42:53] [13/15] CTFd/CTFd...
[SCRAPER-3] [01:42:55] [14/15] google/google-ctf...
[SCRAPER-3] [01:42:57] [15/15] RsaCtfTool/RsaCtfTool...
[SCRAPER-3] [01:42:59] ✅ CYCLE 9 DONE | Total: 0.0 MB
[SCRAPER-3] [01:43:59] 🔄 CYCLE 10 - Depth: 1500 files/repo
[SCRAPER-3] [01:43:59] [1/15] Gallopsled/pwntools...
[SCRAPER-3] [01:44:01] [2/15] pwndbg/pwndbg...
[SCRAPER-3] [01:44:03] [3/15] longld/peda...
[SCRAPER-3] [01:44:05] [4/15] hugsy/gef...
[SCRAPER-3] [01:44:07] [5/15] NationalSecurityAgency/ghidra...
[SCRAPER-3] [01:44:09] [6/15] radare/radare2...
[SCRAPER-3] [01:44:11] [7/15] rizinorg/rizin...
[SCRAPER-3] [01:44:13] [8/15] ctfs/write-ups-2016...
[SCRAPER-3] [01:44:15] [9/15] ctfs/write-ups-2015...
[SCRAPER-3] [01:44:17] [10/15] p4-team/ctf...
[SCRAPER-3] [01:44:19] [11/15] apsdehal/awesome-ctf...
[SCRAPER-3] [01:44:21] [12/15] facebook/fbctf...
[SCRAPER-3] [01:44:23] [13/15] CTFd/CTFd...
[SCRAPER-3] [01:44:25] [14/15] google/google-ctf...
[SCRAPER-3] [01:44:27] [15/15] RsaCtfTool/RsaCtfTool...
[SCRAPER-3] [01:44:29] ✅ CYCLE 10 DONE | Total: 0.0 MB
[SCRAPER-3] [01:45:29] 🔄 CYCLE 11 - Depth: 1600 files/repo
[SCRAPER-3] [01:45:29] [1/15] Gallopsled/pwntools...
[SCRAPER-3] [01:45:31] [2/15] pwndbg/pwndbg...
[SCRAPER-3] [01:45:33] [3/15] longld/peda...
[SCRAPER-3] [01:45:35] [4/15] hugsy/gef...
[SCRAPER-3] [01:45:38] [5/15] NationalSecurityAgency/ghidra...
[SCRAPER-3] [01:45:40] [6/15] radare/radare2...
[SCRAPER-3] [01:45:42] [7/15] rizinorg/rizin...
[SCRAPER-3] [01:45:44] [8/15] ctfs/write-ups-2016...
[SCRAPER-3] [01:45:46] [9/15] ctfs/write-ups-2015...
[SCRAPER-3] [01:45:48] [10/15] p4-team/ctf...
[SCRAPER-3] [01:45:50] [11/15] apsdehal/awesome-ctf...
[SCRAPER-3] [01:45:52] [12/15] facebook/fbctf...
[SCRAPER-3] [01:45:54] [13/15] CTFd/CTFd...
[SCRAPER-3] [01:45:56] [14/15] google/google-ctf...
[SCRAPER-3] [01:45:58] [15/15] RsaCtfTool/RsaCtfTool...
[SCRAPER-3] [01:46:00] ✅ CYCLE 11 DONE | Total: 0.0 MB
[SCRAPER-3] [01:47:00] 🔄 CYCLE 12 - Depth: 1700 files/repo
[SCRAPER-3] [01:47:00] [1/15] Gallopsled/pwntools...
[SCRAPER-3] [01:47:02] [2/15] pwndbg/pwndbg...
[SCRAPER-3] [01:47:04] [3/15] longld/peda...
[SCRAPER-3] [01:47:06] [4/15] hugsy/gef...
[SCRAPER-3] [01:47:08] [5/15] NationalSecurityAgency/ghidra...
[SCRAPER-3] [01:47:10] [6/15] radare/radare2...
[SCRAPER-3] [01:47:12] [7/15] rizinorg/rizin...
[SCRAPER-3] [01:47:14] [8/15] ctfs/write-ups-2016...
[SCRAPER-3] [01:47:16] [9/15] ctfs/write-ups-2015...
[SCRAPER-3] [01:47:18] [10/15] p4-team/ctf...
[SCRAPER-3] [01:47:20] [11/15] apsdehal/awesome-ctf...
[SCRAPER-3] [01:47:22] [12/15] facebook/fbctf...
[SCRAPER-3] [01:47:24] [13/15] CTFd/CTFd...
[SCRAPER-3] [01:47:26] [14/15] google/google-ctf...
[SCRAPER-3] [01:47:28] [15/15] RsaCtfTool/RsaCtfTool...
[SCRAPER-3] [01:47:30] ✅ CYCLE 12 DONE | Total: 0.0 MB
[SCRAPER-3] [01:48:30] 🔄 CYCLE 13 - Depth: 1800 files/repo
[SCRAPER-3] [01:48:30] [1/15] Gallopsled/pwntools...
[SCRAPER-3] [01:48:32] [2/15] pwndbg/pwndbg...
[SCRAPER-3] [01:48:34] [3/15] longld/peda...
[SCRAPER-3] [01:48:36] [4/15] hugsy/gef...
[SCRAPER-3] [01:48:38] [5/15] NationalSecurityAgency/ghidra...
[SCRAPER-3] [01:48:40] [6/15] radare/radare2...
[SCRAPER-3] [01:48:43] [7/15] rizinorg/rizin...
[SCRAPER-3] [01:48:45] [8/15] ctfs/write-ups-2016...
[SCRAPER-3] [01:48:47] [9/15] ctfs/write-ups-2015...
[SCRAPER-3] [01:48:49] [10/15] p4-team/ctf...
[SCRAPER-3] [01:48:51] [11/15] apsdehal/awesome-ctf...
[SCRAPER-3] [01:48:53] [12/15] facebook/fbctf...
[SCRAPER-3] [01:48:55] [13/15] CTFd/CTFd...
[SCRAPER-3] [01:48:57] [14/15] google/google-ctf...
[SCRAPER-3] [01:48:59] [15/15] RsaCtfTool/RsaCtfTool...
[SCRAPER-3] [01:49:01] ✅ CYCLE 13 DONE | Total: 0.0 MB
[SCRAPER-3] [01:50:01] 🔄 CYCLE 14 - Depth: 1900 files/repo
[SCRAPER-3] [01:50:01] [1/15] Gallopsled/pwntools...
[SCRAPER-3] [01:50:03] [2/15] pwndbg/pwndbg...
[SCRAPER-3] [01:50:05] [3/15] longld/peda...
[SCRAPER-3] [01:50:07] [4/15] hugsy/gef...
[SCRAPER-3] [01:50:09] [5/15] NationalSecurityAgency/ghidra...
[SCRAPER-3] [01:50:11] [6/15] radare/radare2...
[SCRAPER-3] [01:50:13] [7/15] rizinorg/rizin...
[SCRAPER-3] [01:50:15] [8/15] ctfs/write-ups-2016...
[SCRAPER-3] [01:50:17] [9/15] ctfs/write-ups-2015...
[SCRAPER-3] [01:50:19] [10/15] p4-team/ctf...
[SCRAPER-3] [01:50:21] [11/15] apsdehal/awesome-ctf...
[SCRAPER-3] [01:50:23] [12/15] facebook/fbctf...
[SCRAPER-3] [01:50:25] [13/15] CTFd/CTFd...
[SCRAPER-3] [01:50:27] [14/15] google/google-ctf...
[SCRAPER-3] [01:50:29] [15/15] RsaCtfTool/RsaCtfTool...
[SCRAPER-3] [01:50:31] ✅ CYCLE 14 DONE | Total: 0.0 MB
[SCRAPER-3] [01:51:31] 🔄 CYCLE 15 - Depth: 2000 files/repo
[SCRAPER-3] [01:51:31] [1/15] Gallopsled/pwntools...
[SCRAPER-3] [01:51:33] [2/15] pwndbg/pwndbg...
[SCRAPER-3] [01:51:35] [3/15] longld/peda...
[SCRAPER-3] [01:51:37] [4/15] hugsy/gef...
[SCRAPER-3] [01:51:39] [5/15] NationalSecurityAgency/ghidra...
[SCRAPER-3] [01:51:41] [6/15] radare/radare2...
[SCRAPER-3] [01:51:43] [7/15] rizinorg/rizin...
[SCRAPER-3] [01:51:46] [8/15] ctfs/write-ups-2016...
[SCRAPER-3] [01:51:48] [9/15] ctfs/write-ups-2015...
[SCRAPER-3] [01:51:50] [10/15] p4-team/ctf...
[SCRAPER-3] [01:51:52] [11/15] apsdehal/awesome-ctf...
[SCRAPER-3] [01:51:54] [12/15] facebook/fbctf...
[SCRAPER-3] [01:51:56] [13/15] CTFd/CTFd...
[SCRAPER-3] [01:51:58] [14/15] google/google-ctf...
[SCRAPER-3] [01:52:00] [15/15] RsaCtfTool/RsaCtfTool...
[SCRAPER-3] [01:52:02] ✅ CYCLE 15 DONE | Total: 0.0 MB
[SCRAPER-3] [01:53:02] 🔄 CYCLE 16 - Depth: 2100 files/repo
[SCRAPER-3] [01:53:02] [1/15] Gallopsled/pwntools...
[SCRAPER-3] [01:53:04] [2/15] pwndbg/pwndbg...
[SCRAPER-3] [01:53:06] [3/15] longld/peda...
[SCRAPER-3] [01:53:08] [4/15] hugsy/gef...
[SCRAPER-3] [01:53:10] [5/15] NationalSecurityAgency/ghidra...
[SCRAPER-3] [01:53:12] [6/15] radare/radare2...
[SCRAPER-3] [01:53:14] [7/15] rizinorg/rizin...
[SCRAPER-3] [01:53:16] [8/15] ctfs/write-ups-2016...
[SCRAPER-3] [01:53:18] [9/15] ctfs/write-ups-2015...
[SCRAPER-3] [01:53:20] [10/15] p4-team/ctf...
[SCRAPER-3] [01:53:22] [11/15] apsdehal/awesome-ctf...
[SCRAPER-3] [01:53:24] [12/15] facebook/fbctf...
[SCRAPER-3] [01:53:26] [13/15] CTFd/CTFd...
[SCRAPER-3] [01:53:28] [14/15] google/google-ctf...
[SCRAPER-3] [01:53:30] [15/15] RsaCtfTool/RsaCtfTool...
[SCRAPER-3] [01:53:32] ✅ CYCLE 16 DONE | Total: 0.0 MB
[SCRAPER-3] [01:54:32] 🔄 CYCLE 17 - Depth: 2200 files/repo
[SCRAPER-3] [01:54:32] [1/15] Gallopsled/pwntools...
[SCRAPER-3] [01:54:34] [2/15] pwndbg/pwndbg...
[SCRAPER-3] [01:54:36] [3/15] longld/peda...
[SCRAPER-3] [01:54:38] [4/15] hugsy/gef...
[SCRAPER-3] [01:54:40] [5/15] NationalSecurityAgency/ghidra...
[SCRAPER-3] [01:54:42] [6/15] radare/radare2...
[SCRAPER-3] [01:54:44] [7/15] rizinorg/rizin...
[SCRAPER-3] [01:54:46] [8/15] ctfs/write-ups-2016...
[SCRAPER-3] [01:54:48] [9/15] ctfs/write-ups-2015...
[SCRAPER-3] [01:54:51] [10/15] p4-team/ctf...
[SCRAPER-3] [01:54:53] [11/15] apsdehal/awesome-ctf...
[SCRAPER-3] [01:54:55] [12/15] facebook/fbctf...
[SCRAPER-3] [01:54:57] [13/15] CTFd/CTFd...
[SCRAPER-3] [01:54:59] [14/15] google/google-ctf...
[SCRAPER-3] [01:55:01] [15/15] RsaCtfTool/RsaCtfTool...
[SCRAPER-3] [01:55:03] ✅ CYCLE 17 DONE | Total: 0.0 MB
[SCRAPER-3] [01:56:03] 🔄 CYCLE 18 - Depth: 2300 files/repo
[SCRAPER-3] [01:56:03] [1/15] Gallopsled/pwntools...
[SCRAPER-3] [01:56:05] [2/15] pwndbg/pwndbg...
[SCRAPER-3] [01:56:07] [3/15] longld/peda...
[SCRAPER-3] [01:56:09] [4/15] hugsy/gef...
[SCRAPER-3] [01:56:11] [5/15] NationalSecurityAgency/ghidra...
[SCRAPER-3] [01:56:13] [6/15] radare/radare2...
[SCRAPER-3] [01:56:15] [7/15] rizinorg/rizin...
[SCRAPER-3] [01:56:17] [8/15] ctfs/write-ups-2016...
[SCRAPER-3] [01:56:19] [9/15] ctfs/write-ups-2015...
[SCRAPER-3] [01:56:21] [10/15] p4-team/ctf...
[SCRAPER-3] [01:56:23] [11/15] apsdehal/awesome-ctf...
[SCRAPER-3] [01:56:25] [12/15] facebook/fbctf...
[SCRAPER-3] [01:56:27] [13/15] CTFd/CTFd...
[SCRAPER-3] [01:56:29] [14/15] google/google-ctf...
[SCRAPER-3] [01:56:31] [15/15] RsaCtfTool/RsaCtfTool...
[SCRAPER-3] [01:56:33] ✅ CYCLE 18 DONE | Total: 0.0 MB
[SCRAPER-3] [01:57:33] 🔄 CYCLE 19 - Depth: 2400 files/repo
[SCRAPER-3] [01:57:33] [1/15] Gallopsled/pwntools...
[SCRAPER-3] [01:57:35] [2/15] pwndbg/pwndbg...
[SCRAPER-3] [01:57:37] [3/15] longld/peda...
[SCRAPER-3] [01:57:39] [4/15] hugsy/gef...
[SCRAPER-3] [01:57:41] [5/15] NationalSecurityAgency/ghidra...
[SCRAPER-3] [01:57:43] [6/15] radare/radare2...
[SCRAPER-3] [01:57:45] [7/15] rizinorg/rizin...
[SCRAPER-3] [01:57:47] [8/15] ctfs/write-ups-2016...
[SCRAPER-3] [01:57:49] [9/15] ctfs/write-ups-2015...
[SCRAPER-3] [01:57:51] [10/15] p4-team/ctf...
[SCRAPER-3] [01:57:54] [11/15] apsdehal/awesome-ctf...
[SCRAPER-3] [01:57:56] [12/15] facebook/fbctf...
[SCRAPER-3] [01:57:58] [13/15] CTFd/CTFd...
[SCRAPER-3] [01:58:00] [14/15] google/google-ctf...
[SCRAPER-3] [01:58:02] [15/15] RsaCtfTool/RsaCtfTool...
[SCRAPER-3] [01:58:04] ✅ CYCLE 19 DONE | Total: 0.0 MB
[SCRAPER-3] [01:59:04] 🔄 CYCLE 20 - Depth: 2500 files/repo
[SCRAPER-3] [01:59:04] [1/15] Gallopsled/pwntools...
[SCRAPER-3] [01:59:06] [2/15] pwndbg/pwndbg...
[SCRAPER-3] [01:59:08] [3/15] longld/peda...
[SCRAPER-3] [01:59:10] [4/15] hugsy/gef...
[SCRAPER-3] [01:59:12] [5/15] NationalSecurityAgency/ghidra...
[SCRAPER-3] [01:59:14] [6/15] radare/radare2...
[SCRAPER-3] [01:59:16] [7/15] rizinorg/rizin...
[SCRAPER-3] [01:59:18] [8/15] ctfs/write-ups-2016...
[SCRAPER-3] [01:59:20] [9/15] ctfs/write-ups-2015...
[SCRAPER-3] [01:59:22] [10/15] p4-team/ctf...
[SCRAPER-3] [01:59:24] [11/15] apsdehal/awesome-ctf...
[SCRAPER-3] [01:59:26] [12/15] facebook/fbctf...
[SCRAPER-3] [01:59:28] [13/15] CTFd/CTFd...
[SCRAPER-3] [01:59:30] [14/15] google/google-ctf...
[SCRAPER-3] [01:59:32] [15/15] RsaCtfTool/RsaCtfTool...
[SCRAPER-3] [01:59:34] ✅ CYCLE 20 DONE | Total: 0.0 MB
[SCRAPER-3] [02:00:34] 🔄 CYCLE 21 - Depth: 2600 files/repo
[SCRAPER-3] [02:00:34] [1/15] Gallopsled/pwntools...
[SCRAPER-3] [02:00:36] [2/15] pwndbg/pwndbg...
[SCRAPER-3] [02:00:38] [3/15] longld/peda...
[SCRAPER-3] [02:00:40] [4/15] hugsy/gef...
[SCRAPER-3] [02:00:42] [5/15] NationalSecurityAgency/ghidra...
[SCRAPER-3] [02:00:44] [6/15] radare/radare2...
[SCRAPER-3] [02:00:46] [7/15] rizinorg/rizin...
[SCRAPER-3] [02:00:48] [8/15] ctfs/write-ups-2016...
[SCRAPER-3] [02:00:50] [9/15] ctfs/write-ups-2015...
[SCRAPER-3] [02:00:52] [10/15] p4-team/ctf...
[SCRAPER-3] [02:00:54] [11/15] apsdehal/awesome-ctf...
[SCRAPER-3] [02:00:56] [12/15] facebook/fbctf...
[SCRAPER-3] [02:00:59] [13/15] CTFd/CTFd...
[SCRAPER-3] [02:01:01] [14/15] google/google-ctf...
[SCRAPER-3] [02:01:03] [15/15] RsaCtfTool/RsaCtfTool...
[SCRAPER-3] [02:01:05] ✅ CYCLE 21 DONE | Total: 0.0 MB
[SCRAPER-3] [02:02:05] 🔄 CYCLE 22 - Depth: 2700 files/repo
[SCRAPER-3] [02:02:05] [1/15] Gallopsled/pwntools...
[SCRAPER-3] [02:02:07] [2/15] pwndbg/pwndbg...
[SCRAPER-3] [02:02:09] [3/15] longld/peda...
[SCRAPER-3] [02:02:11] [4/15] hugsy/gef...
[SCRAPER-3] [02:02:13] [5/15] NationalSecurityAgency/ghidra...
[SCRAPER-3] [02:02:15] [6/15] radare/radare2...
[SCRAPER-3] [02:02:17] [7/15] rizinorg/rizin...
[SCRAPER-3] [02:02:19] [8/15] ctfs/write-ups-2016...
[SCRAPER-3] [02:02:21] [9/15] ctfs/write-ups-2015...
[SCRAPER-3] [02:02:23] [10/15] p4-team/ctf...
[SCRAPER-3] [02:02:25] [11/15] apsdehal/awesome-ctf...
[SCRAPER-3] [02:02:27] [12/15] facebook/fbctf...
[SCRAPER-3] [02:02:29] [13/15] CTFd/CTFd...
[SCRAPER-3] [02:02:31] [14/15] google/google-ctf...
[SCRAPER-3] [02:02:33] [15/15] RsaCtfTool/RsaCtfTool...
[SCRAPER-3] [02:02:35] ✅ CYCLE 22 DONE | Total: 0.0 MB
[SCRAPER-3] [02:03:35] 🔄 CYCLE 23 - Depth: 2800 files/repo
[SCRAPER-3] [02:03:35] [1/15] Gallopsled/pwntools...
[SCRAPER-3] [02:03:37] [2/15] pwndbg/pwndbg...
[SCRAPER-3] [02:03:39] [3/15] longld/peda...
[SCRAPER-3] [02:03:41] [4/15] hugsy/gef...
[SCRAPER-3] [02:03:43] [5/15] NationalSecurityAgency/ghidra...
[SCRAPER-3] [02:03:45] [6/15] radare/radare2...
[SCRAPER-3] [02:03:47] [7/15] rizinorg/rizin...
[SCRAPER-3] [02:03:49] [8/15] ctfs/write-ups-2016...
[SCRAPER-3] [02:03:51] [9/15] ctfs/write-ups-2015...
[SCRAPER-3] [02:03:53] [10/15] p4-team/ctf...
[SCRAPER-3] [02:03:55] [11/15] apsdehal/awesome-ctf...
[SCRAPER-3] [02:03:57] [12/15] facebook/fbctf...
[SCRAPER-3] [02:03:59] [13/15] CTFd/CTFd...
[SCRAPER-3] [02:04:01] [14/15] google/google-ctf...
[SCRAPER-3] [02:04:03] [15/15] RsaCtfTool/RsaCtfTool...
[SCRAPER-3] [02:04:06] ✅ CYCLE 23 DONE | Total: 0.0 MB
[SCRAPER-3] [02:05:06] 🔄 CYCLE 24 - Depth: 2900 files/repo
[SCRAPER-3] [02:05:06] [1/15] Gallopsled/pwntools...
[SCRAPER-3] [02:05:08] [2/15] pwndbg/pwndbg...
[SCRAPER-3] [02:05:10] [3/15] longld/peda...
[SCRAPER-3] [02:05:12] [4/15] hugsy/gef...
[SCRAPER-3] [02:05:14] [5/15] NationalSecurityAgency/ghidra...
[SCRAPER-3] [02:05:16] [6/15] radare/radare2...
[SCRAPER-3] [02:05:18] [7/15] rizinorg/rizin...
[SCRAPER-3] [02:05:20] [8/15] ctfs/write-ups-2016...
[SCRAPER-3] [02:05:22] [9/15] ctfs/write-ups-2015...
[SCRAPER-3] [02:05:24] [10/15] p4-team/ctf...
[SCRAPER-3] [02:05:26] [11/15] apsdehal/awesome-ctf...
[SCRAPER-3] [02:05:28] [12/15] facebook/fbctf...
[SCRAPER-3] [02:05:30] [13/15] CTFd/CTFd...
[SCRAPER-3] [02:05:32] [14/15] google/google-ctf...
[SCRAPER-3] [02:05:34] [15/15] RsaCtfTool/RsaCtfTool...
[SCRAPER-3] [02:05:36] ✅ CYCLE 24 DONE | Total: 0.0 MB
[SCRAPER-3] [02:06:36] 🔄 CYCLE 25 - Depth: 3000 files/repo
[SCRAPER-3] [02:06:36] [1/15] Gallopsled/pwntools...
[SCRAPER-3] [02:06:38] [2/15] pwndbg/pwndbg...
[SCRAPER-3] [02:06:40] [3/15] longld/peda...
[SCRAPER-3] [02:06:42] [4/15] hugsy/gef...
[SCRAPER-3] [02:06:44] [5/15] NationalSecurityAgency/ghidra...
[SCRAPER-3] [02:06:46] [6/15] radare/radare2...
[SCRAPER-3] [02:06:48] [7/15] rizinorg/rizin...
[SCRAPER-3] [02:06:50] [8/15] ctfs/write-ups-2016...
[SCRAPER-3] [02:06:52] [9/15] ctfs/write-ups-2015...
[SCRAPER-3] [02:06:54] [10/15] p4-team/ctf...
[SCRAPER-3] [02:06:56] [11/15] apsdehal/awesome-ctf...
[SCRAPER-3] [02:06:58] [12/15] facebook/fbctf...
[SCRAPER-3] [02:07:00] [13/15] CTFd/CTFd...
[SCRAPER-3] [02:07:02] [14/15] google/google-ctf...
[SCRAPER-3] [02:07:04] [15/15] RsaCtfTool/RsaCtfTool...
[SCRAPER-3] [02:07:06] ✅ CYCLE 25 DONE | Total: 0.0 MB
[SCRAPER-3] [02:08:06] 🔄 CYCLE 26 - Depth: 3100 files/repo
[SCRAPER-3] [02:08:06] [1/15] Gallopsled/pwntools...
[SCRAPER-3] [02:08:08] [2/15] pwndbg/pwndbg...
[SCRAPER-3] [02:08:11] [3/15] longld/peda...
[SCRAPER-3] [02:08:13] [4/15] hugsy/gef...
[SCRAPER-3] [02:08:15] [5/15] NationalSecurityAgency/ghidra...
[SCRAPER-3] [02:08:17] [6/15] radare/radare2...
[SCRAPER-3] [02:08:19] [7/15] rizinorg/rizin...
[SCRAPER-3] [02:08:21] [8/15] ctfs/write-ups-2016...
[SCRAPER-3] [02:08:23] [9/15] ctfs/write-ups-2015...
[SCRAPER-3] [02:08:25] [10/15] p4-team/ctf...
[SCRAPER-3] [02:08:27] [11/15] apsdehal/awesome-ctf...
[SCRAPER-3] [02:08:29] [12/15] facebook/fbctf...
[SCRAPER-3] [02:08:31] [13/15] CTFd/CTFd...
[SCRAPER-3] [02:08:33] [14/15] google/google-ctf...
[SCRAPER-3] [02:08:35] [15/15] RsaCtfTool/RsaCtfTool...
[SCRAPER-3] [02:08:37] ✅ CYCLE 26 DONE | Total: 0.0 MB
[SCRAPER-3] [02:09:37] 🔄 CYCLE 27 - Depth: 3200 files/repo
[SCRAPER-3] [02:09:37] [1/15] Gallopsled/pwntools...
[SCRAPER-3] [02:09:39] [2/15] pwndbg/pwndbg...
[SCRAPER-3] [02:09:41] [3/15] longld/peda...
[SCRAPER-3] [02:09:43] [4/15] hugsy/gef...
[SCRAPER-3] [02:09:45] [5/15] NationalSecurityAgency/ghidra...
[SCRAPER-3] [02:09:47] [6/15] radare/radare2...
[SCRAPER-3] [02:09:49] [7/15] rizinorg/rizin...
[SCRAPER-3] [02:09:51] [8/15] ctfs/write-ups-2016...
[SCRAPER-3] [02:09:53] [9/15] ctfs/write-ups-2015...
[SCRAPER-3] [02:09:55] [10/15] p4-team/ctf...
[SCRAPER-3] [02:09:57] [11/15] apsdehal/awesome-ctf...
[SCRAPER-3] [02:09:59] [12/15] facebook/fbctf...
[SCRAPER-3] [02:10:01] [13/15] CTFd/CTFd...
[SCRAPER-3] [02:10:03] [14/15] google/google-ctf...
[SCRAPER-3] [02:10:05] [15/15] RsaCtfTool/RsaCtfTool...
[SCRAPER-3] [02:10:07] ✅ CYCLE 27 DONE | Total: 0.0 MB
[SCRAPER-3] [02:11:07] 🔄 CYCLE 28 - Depth: 3300 files/repo
[SCRAPER-3] [02:11:07] [1/15] Gallopsled/pwntools...
[SCRAPER-3] [02:11:09] [2/15] pwndbg/pwndbg...
[SCRAPER-3] [02:11:11] [3/15] longld/peda...
[SCRAPER-3] [02:11:13] [4/15] hugsy/gef...
[SCRAPER-3] [02:11:15] [5/15] NationalSecurityAgency/ghidra...
[SCRAPER-3] [02:11:18] [6/15] radare/radare2...
[SCRAPER-3] [02:11:20] [7/15] rizinorg/rizin...
[SCRAPER-3] [02:11:22] [8/15] ctfs/write-ups-2016...
[SCRAPER-3] [02:11:24] [9/15] ctfs/write-ups-2015...
[SCRAPER-3] [02:11:26] [10/15] p4-team/ctf...
[SCRAPER-3] [02:11:28] [11/15] apsdehal/awesome-ctf...
[SCRAPER-3] [02:11:30] [12/15] facebook/fbctf...
[SCRAPER-3] [02:11:32] [13/15] CTFd/CTFd...
[SCRAPER-3] [02:11:34] [14/15] google/google-ctf...
[SCRAPER-3] [02:11:36] [15/15] RsaCtfTool/RsaCtfTool...
[SCRAPER-3] [02:11:38] ✅ CYCLE 28 DONE | Total: 0.0 MB
[SCRAPER-3] [02:12:38] 🔄 CYCLE 29 - Depth: 3400 files/repo
[SCRAPER-3] [02:12:38] [1/15] Gallopsled/pwntools...
[SCRAPER-3] [02:12:40] [2/15] pwndbg/pwndbg...
[SCRAPER-3] [02:12:42] [3/15] longld/peda...
[SCRAPER-3] [02:12:44] [4/15] hugsy/gef...
[SCRAPER-3] [02:12:46] [5/15] NationalSecurityAgency/ghidra...
[SCRAPER-3] [02:12:48] [6/15] radare/radare2...
[SCRAPER-3] [02:12:50] [7/15] rizinorg/rizin...
[SCRAPER-3] [02:12:52] [8/15] ctfs/write-ups-2016...
[SCRAPER-3] [02:12:54] [9/15] ctfs/write-ups-2015...
[SCRAPER-3] [02:12:56] [10/15] p4-team/ctf...
[SCRAPER-3] [02:12:58] [11/15] apsdehal/awesome-ctf...
[SCRAPER-3] [02:13:00] [12/15] facebook/fbctf...
[SCRAPER-3] [02:13:02] [13/15] CTFd/CTFd...
[SCRAPER-3] [02:13:04] [14/15] google/google-ctf...
[SCRAPER-3] [02:13:06] [15/15] RsaCtfTool/RsaCtfTool...
[SCRAPER-3] [02:13:08] ✅ CYCLE 29 DONE | Total: 0.0 MB
[SCRAPER-3] [02:14:08] 🔄 CYCLE 30 - Depth: 3500 files/repo
[SCRAPER-3] [02:14:08] [1/15] Gallopsled/pwntools...
[SCRAPER-3] [02:14:10] [2/15] pwndbg/pwndbg...
[SCRAPER-3] [02:14:12] [3/15] longld/peda...
[SCRAPER-3] [02:14:14] [4/15] hugsy/gef...
[SCRAPER-3] [02:14:16] [5/15] NationalSecurityAgency/ghidra...
[SCRAPER-3] [02:14:18] [6/15] radare/radare2...
[SCRAPER-3] [02:14:20] [7/15] rizinorg/rizin...
[SCRAPER-3] [02:14:23] [8/15] ctfs/write-ups-2016...
[SCRAPER-3] [02:14:25] [9/15] ctfs/write-ups-2015...
[SCRAPER-3] [02:14:27] [10/15] p4-team/ctf...
[SCRAPER-3] [02:14:29] [11/15] apsdehal/awesome-ctf...
[SCRAPER-3] [02:14:31] [12/15] facebook/fbctf...
[SCRAPER-3] [02:14:33] [13/15] CTFd/CTFd...
[SCRAPER-3] [02:14:35] [14/15] google/google-ctf...
[SCRAPER-3] [02:14:37] [15/15] RsaCtfTool/RsaCtfTool...
[SCRAPER-3] [02:14:39] ✅ CYCLE 30 DONE | Total: 0.0 MB
[SCRAPER-3] [02:15:39] 🔄 CYCLE 31 - Depth: 3600 files/repo
[SCRAPER-3] [02:15:39] [1/15] Gallopsled/pwntools...
[SCRAPER-3] [02:15:41] [2/15] pwndbg/pwndbg...
[SCRAPER-3] [02:15:43] [3/15] longld/peda...
[SCRAPER-3] [02:15:45] [4/15] hugsy/gef...
[SCRAPER-3] [02:15:47] [5/15] NationalSecurityAgency/ghidra...
[SCRAPER-3] [02:15:49] [6/15] radare/radare2...
[SCRAPER-3] [02:15:51] [7/15] rizinorg/rizin...
[SCRAPER-3] [02:15:53] [8/15] ctfs/write-ups-2016...
[SCRAPER-3] [02:15:55] [9/15] ctfs/write-ups-2015...
[SCRAPER-3] [02:15:57] [10/15] p4-team/ctf...
[SCRAPER-3] [02:15:59] [11/15] apsdehal/awesome-ctf...
[SCRAPER-3] [02:16:01] [12/15] facebook/fbctf...
[SCRAPER-3] [02:16:03] [13/15] CTFd/CTFd...
[SCRAPER-3] [02:16:05] [14/15] google/google-ctf...
[SCRAPER-3] [02:16:07] [15/15] RsaCtfTool/RsaCtfTool...
[SCRAPER-3] [02:16:09] ✅ CYCLE 31 DONE | Total: 0.0 MB
[SCRAPER-3] [02:17:09] 🔄 CYCLE 32 - Depth: 3700 files/repo
[SCRAPER-3] [02:17:09] [1/15] Gallopsled/pwntools...
[SCRAPER-3] [02:17:11] [2/15] pwndbg/pwndbg...
[SCRAPER-3] [02:17:13] [3/15] longld/peda...
[SCRAPER-3] [02:17:15] [4/15] hugsy/gef...
[SCRAPER-3] [02:17:17] [5/15] NationalSecurityAgency/ghidra...
[SCRAPER-3] [02:17:19] [6/15] radare/radare2...
[SCRAPER-3] [02:17:21] [7/15] rizinorg/rizin...
[SCRAPER-3] [02:17:23] [8/15] ctfs/write-ups-2016...
[SCRAPER-3] [02:17:26] [9/15] ctfs/write-ups-2015...
[SCRAPER-3] [02:17:28] [10/15] p4-team/ctf...
[SCRAPER-3] [02:17:30] [11/15] apsdehal/awesome-ctf...
[SCRAPER-3] [02:17:32] [12/15] facebook/fbctf...
[SCRAPER-3] [02:17:34] [13/15] CTFd/CTFd...
[SCRAPER-3] [02:17:36] [14/15] google/google-ctf...
[SCRAPER-3] [02:17:38] [15/15] RsaCtfTool/RsaCtfTool...
[SCRAPER-3] [02:17:40] ✅ CYCLE 32 DONE | Total: 0.0 MB
[SCRAPER-3] [02:18:40] 🔄 CYCLE 33 - Depth: 3800 files/repo
[SCRAPER-3] [02:18:40] [1/15] Gallopsled/pwntools...
[SCRAPER-3] [02:18:42] [2/15] pwndbg/pwndbg...
[SCRAPER-3] [02:18:44] [3/15] longld/peda...
[SCRAPER-3] [02:18:46] [4/15] hugsy/gef...
[SCRAPER-3] [02:18:48] [5/15] NationalSecurityAgency/ghidra...
[SCRAPER-3] [02:18:50] [6/15] radare/radare2...
[SCRAPER-3] [02:18:52] [7/15] rizinorg/rizin...
[SCRAPER-3] [02:18:54] [8/15] ctfs/write-ups-2016...
[SCRAPER-3] [02:18:56] [9/15] ctfs/write-ups-2015...
[SCRAPER-3] [02:18:58] [10/15] p4-team/ctf...
[SCRAPER-3] [02:19:00] [11/15] apsdehal/awesome-ctf...
[SCRAPER-3] [02:19:02] [12/15] facebook/fbctf...
[SCRAPER-3] [02:19:04] [13/15] CTFd/CTFd...
[SCRAPER-3] [02:19:06] [14/15] google/google-ctf...
[SCRAPER-3] [02:19:08] [15/15] RsaCtfTool/RsaCtfTool...
[SCRAPER-3] [02:19:10] ✅ CYCLE 33 DONE | Total: 0.0 MB
[SCRAPER-3] [02:20:10] 🔄 CYCLE 34 - Depth: 3900 files/repo
[SCRAPER-3] [02:20:10] [1/15] Gallopsled/pwntools...
[SCRAPER-3] [02:20:12] [2/15] pwndbg/pwndbg...
[SCRAPER-3] [02:20:14] [3/15] longld/peda...
[SCRAPER-3] [02:20:16] [4/15] hugsy/gef...
[SCRAPER-3] [02:20:18] [5/15] NationalSecurityAgency/ghidra...
[SCRAPER-3] [02:20:20] [6/15] radare/radare2...
[SCRAPER-3] [02:20:22] [7/15] rizinorg/rizin...
[SCRAPER-3] [02:20:24] [8/15] ctfs/write-ups-2016...
[SCRAPER-3] [02:20:26] [9/15] ctfs/write-ups-2015...
[SCRAPER-3] [02:20:28] [10/15] p4-team/ctf...
[SCRAPER-3] [02:20:30] [11/15] apsdehal/awesome-ctf...
[SCRAPER-3] [02:20:32] [12/15] facebook/fbctf...
[SCRAPER-3] [02:20:35] [13/15] CTFd/CTFd...
[SCRAPER-3] [02:20:37] [14/15] google/google-ctf...
[SCRAPER-3] [02:20:39] [15/15] RsaCtfTool/RsaCtfTool...
[SCRAPER-3] [02:20:41] ✅ CYCLE 34 DONE | Total: 0.0 MB
[SCRAPER-3] [02:21:41] 🔄 CYCLE 35 - Depth: 4000 files/repo
[SCRAPER-3] [02:21:41] [1/15] Gallopsled/pwntools...
[SCRAPER-3] [02:21:43] [2/15] pwndbg/pwndbg...
[SCRAPER-3] [02:21:45] [3/15] longld/peda...
[SCRAPER-3] [02:21:47] [4/15] hugsy/gef...
[SCRAPER-3] [02:21:49] [5/15] NationalSecurityAgency/ghidra...
[SCRAPER-3] [02:21:51] [6/15] radare/radare2...
[SCRAPER-3] [02:21:53] [7/15] rizinorg/rizin...
[SCRAPER-3] [02:21:55] [8/15] ctfs/write-ups-2016...
[SCRAPER-3] [02:21:57] [9/15] ctfs/write-ups-2015...
[SCRAPER-3] [02:21:59] [10/15] p4-team/ctf...
[SCRAPER-3] [02:22:01] [11/15] apsdehal/awesome-ctf...
[SCRAPER-3] [02:22:03] [12/15] facebook/fbctf...
[SCRAPER-3] [02:22:05] [13/15] CTFd/CTFd...
[SCRAPER-3] [02:22:07] [14/15] google/google-ctf...
[SCRAPER-3] [02:22:09] [15/15] RsaCtfTool/RsaCtfTool...
[SCRAPER-3] [02:22:11] ✅ CYCLE 35 DONE | Total: 0.0 MB
[SCRAPER-3] [02:23:11] 🔄 CYCLE 36 - Depth: 4100 files/repo
[SCRAPER-3] [02:23:11] [1/15] Gallopsled/pwntools...
[SCRAPER-3] [02:23:13] [2/15] pwndbg/pwndbg...
[SCRAPER-3] [02:23:15] [3/15] longld/peda...
[SCRAPER-3] [02:23:17] [4/15] hugsy/gef...
[SCRAPER-3] [02:23:19] [5/15] NationalSecurityAgency/ghidra...
[SCRAPER-3] [02:23:21] [6/15] radare/radare2...
[SCRAPER-3] [02:23:23] [7/15] rizinorg/rizin...
[SCRAPER-3] [02:23:25] [8/15] ctfs/write-ups-2016...
[SCRAPER-3] [02:23:27] [9/15] ctfs/write-ups-2015...
[SCRAPER-3] [02:23:29] [10/15] p4-team/ctf...
[SCRAPER-3] [02:23:31] [11/15] apsdehal/awesome-ctf...
[SCRAPER-3] [02:23:33] [12/15] facebook/fbctf...
[SCRAPER-3] [02:23:35] [13/15] CTFd/CTFd...
[SCRAPER-3] [02:23:37] [14/15] google/google-ctf...
[SCRAPER-3] [02:23:39] [15/15] RsaCtfTool/RsaCtfTool...
[SCRAPER-3] [02:23:41] ✅ CYCLE 36 DONE | Total: 0.0 MB
[SCRAPER-3] [02:24:41] 🔄 CYCLE 37 - Depth: 4200 files/repo
[SCRAPER-3] [02:24:41] [1/15] Gallopsled/pwntools...
[SCRAPER-3] [02:24:44] [2/15] pwndbg/pwndbg...
[SCRAPER-3] [02:24:46] [3/15] longld/peda...
[SCRAPER-3] [02:24:48] [4/15] hugsy/gef...
[SCRAPER-3] [02:24:50] [5/15] NationalSecurityAgency/ghidra...
[SCRAPER-3] [02:24:52] [6/15] radare/radare2...
[SCRAPER-3] [02:24:54] [7/15] rizinorg/rizin...
[SCRAPER-3] [02:24:56] [8/15] ctfs/write-ups-2016...
[SCRAPER-3] [02:24:58] [9/15] ctfs/write-ups-2015...
[SCRAPER-3] [02:25:00] [10/15] p4-team/ctf...
[SCRAPER-3] [02:25:02] [11/15] apsdehal/awesome-ctf...
[SCRAPER-3] [02:25:04] [12/15] facebook/fbctf...
[SCRAPER-3] [02:25:06] [13/15] CTFd/CTFd...
[SCRAPER-3] [02:25:08] [14/15] google/google-ctf...
[SCRAPER-3] [02:25:10] [15/15] RsaCtfTool/RsaCtfTool...
[SCRAPER-3] [02:25:12] ✅ CYCLE 37 DONE | Total: 0.0 MB
[SCRAPER-3] [02:26:12] 🔄 CYCLE 38 - Depth: 4300 files/repo
[SCRAPER-3] [02:26:12] [1/15] Gallopsled/pwntools...
[SCRAPER-3] [02:26:14] [2/15] pwndbg/pwndbg...
[SCRAPER-3] [02:26:16] [3/15] longld/peda...
[SCRAPER-3] [02:26:18] [4/15] hugsy/gef...
[SCRAPER-3] [02:26:20] [5/15] NationalSecurityAgency/ghidra...
[SCRAPER-3] [02:26:22] [6/15] radare/radare2...
[SCRAPER-3] [02:26:24] [7/15] rizinorg/rizin...
[SCRAPER-3] [02:26:26] [8/15] ctfs/write-ups-2016...
[SCRAPER-3] [02:26:28] [9/15] ctfs/write-ups-2015...
[SCRAPER-3] [02:26:30] [10/15] p4-team/ctf...
[SCRAPER-3] [02:26:32] [11/15] apsdehal/awesome-ctf...
[SCRAPER-3] [02:26:34] [12/15] facebook/fbctf...
[SCRAPER-3] [02:26:36] [13/15] CTFd/CTFd...
[SCRAPER-3] [02:26:38] [14/15] google/google-ctf...
[SCRAPER-3] [02:26:40] [15/15] RsaCtfTool/RsaCtfTool...
[SCRAPER-3] [02:26:42] ✅ CYCLE 38 DONE | Total: 0.0 MB
[SCRAPER-3] [02:27:42] 🔄 CYCLE 39 - Depth: 4400 files/repo
[SCRAPER-3] [02:27:42] [1/15] Gallopsled/pwntools...
[SCRAPER-3] [02:27:44] [2/15] pwndbg/pwndbg...
[SCRAPER-3] [02:27:46] [3/15] longld/peda...
[SCRAPER-3] [02:27:49] [4/15] hugsy/gef...
[SCRAPER-3] [02:27:51] [5/15] NationalSecurityAgency/ghidra...
[SCRAPER-3] [02:27:53] [6/15] radare/radare2...
[SCRAPER-3] [02:27:55] [7/15] rizinorg/rizin...
[SCRAPER-3] [02:27:57] [8/15] ctfs/write-ups-2016...
[SCRAPER-3] [02:27:59] [9/15] ctfs/write-ups-2015...
[SCRAPER-3] [02:28:01] [10/15] p4-team/ctf...
[SCRAPER-3] [02:28:03] [11/15] apsdehal/awesome-ctf...
[SCRAPER-3] [02:28:05] [12/15] facebook/fbctf...
[SCRAPER-3] [02:28:07] [13/15] CTFd/CTFd...
[SCRAPER-3] [02:28:09] [14/15] google/google-ctf...
[SCRAPER-3] [02:28:11] [15/15] RsaCtfTool/RsaCtfTool...
[SCRAPER-3] [02:28:13] ✅ CYCLE 39 DONE | Total: 0.0 MB
[SCRAPER-3] [02:29:13] 🔄 CYCLE 40 - Depth: 4500 files/repo
[SCRAPER-3] [02:29:13] [1/15] Gallopsled/pwntools...
[SCRAPER-3] [02:29:15] [2/15] pwndbg/pwndbg...
[SCRAPER-3] [02:29:17] [3/15] longld/peda...
[SCRAPER-3] [02:29:19] [4/15] hugsy/gef...
[SCRAPER-3] [02:29:21] [5/15] NationalSecurityAgency/ghidra...
[SCRAPER-3] [02:29:23] [6/15] radare/radare2...
[SCRAPER-3] [02:29:25] [7/15] rizinorg/rizin...
[SCRAPER-3] [02:29:27] [8/15] ctfs/write-ups-2016...
[SCRAPER-3] [02:29:29] [9/15] ctfs/write-ups-2015...
[SCRAPER-3] [02:29:31] [10/15] p4-team/ctf...
[SCRAPER-3] [02:29:33] [11/15] apsdehal/awesome-ctf...
[SCRAPER-3] [02:29:36] [12/15] facebook/fbctf...
[SCRAPER-3] [02:29:38] [13/15] CTFd/CTFd...
[SCRAPER-3] [02:29:40] [14/15] google/google-ctf...
[SCRAPER-3] [02:29:42] [15/15] RsaCtfTool/RsaCtfTool...
[SCRAPER-3] [02:29:44] ✅ CYCLE 40 DONE | Total: 0.0 MB
[SCRAPER-3] [02:30:44] 🔄 CYCLE 41 - Depth: 4600 files/repo
[SCRAPER-3] [02:30:44] [1/15] Gallopsled/pwntools...
[SCRAPER-3] [02:30:46] [2/15] pwndbg/pwndbg...
[SCRAPER-3] [02:30:48] [3/15] longld/peda...
[SCRAPER-3] [02:30:50] [4/15] hugsy/gef...
[SCRAPER-3] [02:30:52] [5/15] NationalSecurityAgency/ghidra...
[SCRAPER-3] [02:30:54] [6/15] radare/radare2...
[SCRAPER-3] [02:30:56] [7/15] rizinorg/rizin...
[SCRAPER-3] [02:30:58] [8/15] ctfs/write-ups-2016...
[SCRAPER-3] [02:31:00] [9/15] ctfs/write-ups-2015...
[SCRAPER-3] [02:31:02] [10/15] p4-team/ctf...
[SCRAPER-3] [02:31:04] [11/15] apsdehal/awesome-ctf...
[SCRAPER-3] [02:31:06] [12/15] facebook/fbctf...
[SCRAPER-3] [02:31:08] [13/15] CTFd/CTFd...
[SCRAPER-3] [02:31:10] [14/15] google/google-ctf...
[SCRAPER-3] [02:31:12] [15/15] RsaCtfTool/RsaCtfTool...
[SCRAPER-3] [02:31:14] ✅ CYCLE 41 DONE | Total: 0.0 MB
[SCRAPER-3] [02:32:14] 🔄 CYCLE 42 - Depth: 4700 files/repo
[SCRAPER-3] [02:32:14] [1/15] Gallopsled/pwntools...
[SCRAPER-3] [02:32:16] [2/15] pwndbg/pwndbg...
[SCRAPER-3] [02:32:18] [3/15] longld/peda...
[SCRAPER-3] [02:32:20] [4/15] hugsy/gef...
[SCRAPER-3] [02:32:22] [5/15] NationalSecurityAgency/ghidra...
[SCRAPER-3] [02:32:24] [6/15] radare/radare2...
[SCRAPER-3] [02:32:26] [7/15] rizinorg/rizin...
[SCRAPER-3] [02:32:28] [8/15] ctfs/write-ups-2016...
[SCRAPER-3] [02:32:30] [9/15] ctfs/write-ups-2015...
[SCRAPER-3] [02:32:32] [10/15] p4-team/ctf...
[SCRAPER-3] [02:32:34] [11/15] apsdehal/awesome-ctf...
[SCRAPER-3] [02:32:37] [12/15] facebook/fbctf...
[SCRAPER-3] [02:32:39] [13/15] CTFd/CTFd...
[SCRAPER-3] [02:32:41] [14/15] google/google-ctf...
[SCRAPER-3] [02:32:43] [15/15] RsaCtfTool/RsaCtfTool...
[SCRAPER-3] [02:32:45] ✅ CYCLE 42 DONE | Total: 0.0 MB
[SCRAPER-3] [02:33:45] 🔄 CYCLE 43 - Depth: 4800 files/repo
[SCRAPER-3] [02:33:45] [1/15] Gallopsled/pwntools...
[SCRAPER-3] [02:33:47] [2/15] pwndbg/pwndbg...
[SCRAPER-3] [02:33:49] [3/15] longld/peda...
[SCRAPER-3] [02:33:51] [4/15] hugsy/gef...
[SCRAPER-3] [02:33:53] [5/15] NationalSecurityAgency/ghidra...
[SCRAPER-3] [02:33:55] [6/15] radare/radare2...
[SCRAPER-3] [02:33:57] [7/15] rizinorg/rizin...
[SCRAPER-3] [02:33:59] [8/15] ctfs/write-ups-2016...
[SCRAPER-3] [02:34:01] [9/15] ctfs/write-ups-2015...
[SCRAPER-3] [02:34:03] [10/15] p4-team/ctf...
[SCRAPER-3] [02:34:05] [11/15] apsdehal/awesome-ctf...
[SCRAPER-3] [02:34:07] [12/15] facebook/fbctf...
[SCRAPER-3] [02:34:09] [13/15] CTFd/CTFd...
[SCRAPER-3] [02:34:11] [14/15] google/google-ctf...
[SCRAPER-3] [02:34:13] [15/15] RsaCtfTool/RsaCtfTool...
[SCRAPER-3] [02:34:15] ✅ CYCLE 43 DONE | Total: 0.0 MB
[SCRAPER-3] [02:35:15] 🔄 CYCLE 44 - Depth: 4900 files/repo
[SCRAPER-3] [02:35:15] [1/15] Gallopsled/pwntools...
[SCRAPER-3] [02:35:17] [2/15] pwndbg/pwndbg...
[SCRAPER-3] [02:35:19] [3/15] longld/peda...
[SCRAPER-3] [02:35:21] [4/15] hugsy/gef...
[SCRAPER-3] [02:35:23] [5/15] NationalSecurityAgency/ghidra...
[SCRAPER-3] [02:35:25] [6/15] radare/radare2...
[SCRAPER-3] [02:35:27] [7/15] rizinorg/rizin...
[SCRAPER-3] [02:35:29] [8/15] ctfs/write-ups-2016...
[SCRAPER-3] [02:35:31] [9/15] ctfs/write-ups-2015...
[SCRAPER-3] [02:35:33] [10/15] p4-team/ctf...
[SCRAPER-3] [02:35:35] [11/15] apsdehal/awesome-ctf...
[SCRAPER-3] [02:35:37] [12/15] facebook/fbctf...
[SCRAPER-3] [02:35:39] [13/15] CTFd/CTFd...
[SCRAPER-3] [02:35:42] [14/15] google/google-ctf...
[SCRAPER-3] [02:35:44] [15/15] RsaCtfTool/RsaCtfTool...
[SCRAPER-3] [02:35:46] ✅ CYCLE 44 DONE | Total: 0.0 MB
[SCRAPER-3] [02:36:46] 🔄 CYCLE 45 - Depth: 5000 files/repo
[SCRAPER-3] [02:36:46] [1/15] Gallopsled/pwntools...
[SCRAPER-3] [02:36:48] [2/15] pwndbg/pwndbg...
[SCRAPER-3] [02:36:50] [3/15] longld/peda...
[SCRAPER-3] [02:36:52] [4/15] hugsy/gef...
[SCRAPER-3] [02:36:54] [5/15] NationalSecurityAgency/ghidra...
[SCRAPER-3] [02:36:56] [6/15] radare/radare2...
[SCRAPER-3] [02:36:58] [7/15] rizinorg/rizin...
[SCRAPER-3] [02:37:00] [8/15] ctfs/write-ups-2016...
[SCRAPER-3] [02:37:02] [9/15] ctfs/write-ups-2015...
[SCRAPER-3] [02:37:04] [10/15] p4-team/ctf...
[SCRAPER-3] [02:37:06] [11/15] apsdehal/awesome-ctf...
[SCRAPER-3] [02:37:08] [12/15] facebook/fbctf...
[SCRAPER-3] [02:37:10] [13/15] CTFd/CTFd...
[SCRAPER-3] [02:37:12] [14/15] google/google-ctf...
[SCRAPER-3] [02:37:14] [15/15] RsaCtfTool/RsaCtfTool...
[SCRAPER-3] [02:37:16] ✅ CYCLE 45 DONE | Total: 0.0 MB
[SCRAPER-3] [02:38:16] 🔄 CYCLE 46 - Depth: 5100 files/repo
[SCRAPER-3] [02:38:16] [1/15] Gallopsled/pwntools...
[SCRAPER-3] [02:38:18] [2/15] pwndbg/pwndbg...
[SCRAPER-3] [02:38:20] [3/15] longld/peda...
[SCRAPER-3] [02:38:22] [4/15] hugsy/gef...
[SCRAPER-3] [02:38:24] [5/15] NationalSecurityAgency/ghidra...
[SCRAPER-3] [02:38:26] [6/15] radare/radare2...
[SCRAPER-3] [02:38:28] [7/15] rizinorg/rizin...
[SCRAPER-3] [02:38:30] [8/15] ctfs/write-ups-2016...
[SCRAPER-3] [02:38:32] [9/15] ctfs/write-ups-2015...
[SCRAPER-3] [02:38:34] [10/15] p4-team/ctf...
[SCRAPER-3] [02:38:36] [11/15] apsdehal/awesome-ctf...
[SCRAPER-3] [02:38:38] [12/15] facebook/fbctf...
[SCRAPER-3] [02:38:40] [13/15] CTFd/CTFd...
[SCRAPER-3] [02:38:43] [14/15] google/google-ctf...
[SCRAPER-3] [02:38:45] [15/15] RsaCtfTool/RsaCtfTool...
[SCRAPER-3] [02:38:47] ✅ CYCLE 46 DONE | Total: 0.0 MB
[SCRAPER-3] [02:39:47] 🔄 CYCLE 47 - Depth: 5200 files/repo
[SCRAPER-3] [02:39:47] [1/15] Gallopsled/pwntools...
[SCRAPER-3] [02:39:49] [2/15] pwndbg/pwndbg...
[SCRAPER-3] [02:39:51] [3/15] longld/peda...
[SCRAPER-3] [02:39:53] [4/15] hugsy/gef...
[SCRAPER-3] [02:39:55] [5/15] NationalSecurityAgency/ghidra...
[SCRAPER-3] [02:39:57] [6/15] radare/radare2...
[SCRAPER-3] [02:39:59] [7/15] rizinorg/rizin...
[SCRAPER-3] [02:40:01] [8/15] ctfs/write-ups-2016...
[SCRAPER-3] [02:40:03] [9/15] ctfs/write-ups-2015...
[SCRAPER-3] [02:40:05] [10/15] p4-team/ctf...
[SCRAPER-3] [02:40:07] [11/15] apsdehal/awesome-ctf...
[SCRAPER-3] [02:40:09] [12/15] facebook/fbctf...
[SCRAPER-3] [02:40:11] [13/15] CTFd/CTFd...
[SCRAPER-3] [02:40:13] [14/15] google/google-ctf...
[SCRAPER-3] [02:40:15] [15/15] RsaCtfTool/RsaCtfTool...
[SCRAPER-3] [02:40:17] ✅ CYCLE 47 DONE | Total: 0.0 MB
[SCRAPER-3] [02:41:17] 🔄 CYCLE 48 - Depth: 5300 files/repo
[SCRAPER-3] [02:41:17] [1/15] Gallopsled/pwntools...
[SCRAPER-3] [02:41:19] [2/15] pwndbg/pwndbg...
[SCRAPER-3] [02:41:21] [3/15] longld/peda...
[SCRAPER-3] [02:41:23] [4/15] hugsy/gef...
[SCRAPER-3] [02:41:25] [5/15] NationalSecurityAgency/ghidra...
[SCRAPER-3] [02:41:27] [6/15] radare/radare2...
[SCRAPER-3] [02:41:29] [7/15] rizinorg/rizin...
[SCRAPER-3] [02:41:31] [8/15] ctfs/write-ups-2016...
[SCRAPER-3] [02:41:33] [9/15] ctfs/write-ups-2015...
[SCRAPER-3] [02:41:35] [10/15] p4-team/ctf...
[SCRAPER-3] [02:41:37] [11/15] apsdehal/awesome-ctf...
[SCRAPER-3] [02:41:39] [12/15] facebook/fbctf...
[SCRAPER-3] [02:41:41] [13/15] CTFd/CTFd...
[SCRAPER-3] [02:41:43] [14/15] google/google-ctf...
[SCRAPER-3] [02:41:46] [15/15] RsaCtfTool/RsaCtfTool...
[SCRAPER-3] [02:41:48] ✅ CYCLE 48 DONE | Total: 0.0 MB
[SCRAPER-3] [02:42:48] 🔄 CYCLE 49 - Depth: 5400 files/repo
[SCRAPER-3] [02:42:48] [1/15] Gallopsled/pwntools...
[SCRAPER-3] [02:42:50] [2/15] pwndbg/pwndbg...
[SCRAPER-3] [02:42:52] [3/15] longld/peda...
[SCRAPER-3] [02:42:54] [4/15] hugsy/gef...
[SCRAPER-3] [02:42:56] [5/15] NationalSecurityAgency/ghidra...
[SCRAPER-3] [02:42:58] [6/15] radare/radare2...
[SCRAPER-3] [02:43:00] [7/15] rizinorg/rizin...
[SCRAPER-3] [02:43:02] [8/15] ctfs/write-ups-2016...
[SCRAPER-3] [02:43:04] [9/15] ctfs/write-ups-2015...
[SCRAPER-3] [02:43:06] [10/15] p4-team/ctf...
[SCRAPER-3] [02:43:08] [11/15] apsdehal/awesome-ctf...
[SCRAPER-3] [02:43:10] [12/15] facebook/fbctf...
[SCRAPER-3] [02:43:12] [13/15] CTFd/CTFd...
[SCRAPER-3] [02:43:14] [14/15] google/google-ctf...
[SCRAPER-3] [02:43:16] [15/15] RsaCtfTool/RsaCtfTool...
[SCRAPER-3] [02:43:18] ✅ CYCLE 49 DONE | Total: 0.0 MB
[SCRAPER-3] [02:44:18] 🔄 CYCLE 50 - Depth: 5500 files/repo
[SCRAPER-3] [02:44:18] [1/15] Gallopsled/pwntools...
[SCRAPER-3] [02:44:20] [2/15] pwndbg/pwndbg...
[SCRAPER-3] [02:44:22] [3/15] longld/peda...
[SCRAPER-3] [02:44:24] [4/15] hugsy/gef...
[SCRAPER-3] [02:44:26] [5/15] NationalSecurityAgency/ghidra...
[SCRAPER-3] [02:44:28] [6/15] radare/radare2...
[SCRAPER-3] [02:44:30] [7/15] rizinorg/rizin...
[SCRAPER-3] [02:44:32] [8/15] ctfs/write-ups-2016...
[SCRAPER-3] [02:44:34] [9/15] ctfs/write-ups-2015...
[SCRAPER-3] [02:44:36] [10/15] p4-team/ctf...
[SCRAPER-3] [02:44:38] [11/15] apsdehal/awesome-ctf...
[SCRAPER-3] [02:44:40] [12/15] facebook/fbctf...
[SCRAPER-3] [02:44:42] [13/15] CTFd/CTFd...
[SCRAPER-3] [02:44:44] [14/15] google/google-ctf...
[SCRAPER-3] [02:44:46] [15/15] RsaCtfTool/RsaCtfTool...
[SCRAPER-3] [02:44:48] ✅ CYCLE 50 DONE | Total: 0.0 MB
[SCRAPER-3] [02:45:48] 🔄 CYCLE 51 - Depth: 5600 files/repo
[SCRAPER-3] [02:45:48] [1/15] Gallopsled/pwntools...
[SCRAPER-3] [02:45:51] [2/15] pwndbg/pwndbg...
[SCRAPER-3] [02:45:53] [3/15] longld/peda...
[SCRAPER-3] [02:45:55] [4/15] hugsy/gef...
[SCRAPER-3] [02:45:57] [5/15] NationalSecurityAgency/ghidra...
[SCRAPER-3] [02:45:59] [6/15] radare/radare2...
[SCRAPER-3] [02:46:01] [7/15] rizinorg/rizin...
[SCRAPER-3] [02:46:03] [8/15] ctfs/write-ups-2016...
[SCRAPER-3] [02:46:05] [9/15] ctfs/write-ups-2015...
[SCRAPER-3] [02:46:07] [10/15] p4-team/ctf...
[SCRAPER-3] [02:46:09] [11/15] apsdehal/awesome-ctf...
[SCRAPER-3] [02:46:11] [12/15] facebook/fbctf...
[SCRAPER-3] [02:46:13] [13/15] CTFd/CTFd...
[SCRAPER-3] [02:46:15] [14/15] google/google-ctf...
[SCRAPER-3] [02:46:17] [15/15] RsaCtfTool/RsaCtfTool...
[SCRAPER-3] [02:46:19] ✅ CYCLE 51 DONE | Total: 0.0 MB
[SCRAPER-3] [02:47:19] 🔄 CYCLE 52 - Depth: 5700 files/repo
[SCRAPER-3] [02:47:19] [1/15] Gallopsled/pwntools...
[SCRAPER-3] [02:47:21] [2/15] pwndbg/pwndbg...
[SCRAPER-3] [02:47:23] [3/15] longld/peda...
[SCRAPER-3] [02:47:25] [4/15] hugsy/gef...
[SCRAPER-3] [02:47:27] [5/15] NationalSecurityAgency/ghidra...
[SCRAPER-3] [02:47:29] [6/15] radare/radare2...
[SCRAPER-3] [02:47:31] [7/15] rizinorg/rizin...
[SCRAPER-3] [02:47:33] [8/15] ctfs/write-ups-2016...
[SCRAPER-3] [02:47:35] [9/15] ctfs/write-ups-2015...
[SCRAPER-3] [02:47:37] [10/15] p4-team/ctf...
[SCRAPER-3] [02:47:39] [11/15] apsdehal/awesome-ctf...
[SCRAPER-3] [02:47:41] [12/15] facebook/fbctf...
[SCRAPER-3] [02:47:43] [13/15] CTFd/CTFd...
[SCRAPER-3] [02:47:45] [14/15] google/google-ctf...
[SCRAPER-3] [02:47:47] [15/15] RsaCtfTool/RsaCtfTool...
[SCRAPER-3] [02:47:49] ✅ CYCLE 52 DONE | Total: 0.0 MB
[SCRAPER-3] [02:48:49] 🔄 CYCLE 53 - Depth: 5800 files/repo
[SCRAPER-3] [02:48:49] [1/15] Gallopsled/pwntools...
[SCRAPER-3] [02:48:51] [2/15] pwndbg/pwndbg...
[SCRAPER-3] [02:48:53] [3/15] longld/peda...
[SCRAPER-3] [02:48:56] [4/15] hugsy/gef...
[SCRAPER-3] [02:48:58] [5/15] NationalSecurityAgency/ghidra...
[SCRAPER-3] [02:49:00] [6/15] radare/radare2...
[SCRAPER-3] [02:49:02] [7/15] rizinorg/rizin...
[SCRAPER-3] [02:49:04] [8/15] ctfs/write-ups-2016...
[SCRAPER-3] [02:49:06] [9/15] ctfs/write-ups-2015...
[SCRAPER-3] [02:49:08] [10/15] p4-team/ctf...
[SCRAPER-3] [02:49:10] [11/15] apsdehal/awesome-ctf...
[SCRAPER-3] [02:49:12] [12/15] facebook/fbctf...
[SCRAPER-3] [02:49:14] [13/15] CTFd/CTFd...
[SCRAPER-3] [02:49:16] [14/15] google/google-ctf...
[SCRAPER-3] [02:49:18] [15/15] RsaCtfTool/RsaCtfTool...
[SCRAPER-3] [02:49:20] ✅ CYCLE 53 DONE | Total: 0.0 MB
[SCRAPER-3] [02:50:20] 🔄 CYCLE 54 - Depth: 5900 files/repo
[SCRAPER-3] [02:50:20] [1/15] Gallopsled/pwntools...
[SCRAPER-3] [02:50:22] [2/15] pwndbg/pwndbg...
[SCRAPER-3] [02:50:24] [3/15] longld/peda...
[SCRAPER-3] [02:50:26] [4/15] hugsy/gef...
[SCRAPER-3] [02:50:28] [5/15] NationalSecurityAgency/ghidra...
[SCRAPER-3] [02:50:30] [6/15] radare/radare2...
[SCRAPER-3] [02:50:32] [7/15] rizinorg/rizin...
[SCRAPER-3] [02:50:34] [8/15] ctfs/write-ups-2016...
[SCRAPER-3] [02:50:36] [9/15] ctfs/write-ups-2015...
[SCRAPER-3] [02:50:38] [10/15] p4-team/ctf...
[SCRAPER-3] [02:50:40] [11/15] apsdehal/awesome-ctf...
[SCRAPER-3] [02:50:42] [12/15] facebook/fbctf...
[SCRAPER-3] [02:50:44] [13/15] CTFd/CTFd...
[SCRAPER-3] [02:50:46] [14/15] google/google-ctf...
[SCRAPER-3] [02:50:48] [15/15] RsaCtfTool/RsaCtfTool...
[SCRAPER-3] [02:50:50] ✅ CYCLE 54 DONE | Total: 0.0 MB
[SCRAPER-3] [02:51:50] 🔄 CYCLE 55 - Depth: 6000 files/repo
[SCRAPER-3] [02:51:50] [1/15] Gallopsled/pwntools...
[SCRAPER-3] [02:51:52] [2/15] pwndbg/pwndbg...
[SCRAPER-3] [02:51:54] [3/15] longld/peda...
[SCRAPER-3] [02:51:56] [4/15] hugsy/gef...
[SCRAPER-3] [02:51:59] [5/15] NationalSecurityAgency/ghidra...
[SCRAPER-3] [02:52:01] [6/15] radare/radare2...
[SCRAPER-3] [02:52:03] [7/15] rizinorg/rizin...
[SCRAPER-3] [02:52:05] [8/15] ctfs/write-ups-2016...
[SCRAPER-3] [02:52:07] [9/15] ctfs/write-ups-2015...
[SCRAPER-3] [02:52:09] [10/15] p4-team/ctf...
[SCRAPER-3] [02:52:11] [11/15] apsdehal/awesome-ctf...
[SCRAPER-3] [02:52:13] [12/15] facebook/fbctf...
[SCRAPER-3] [02:52:15] [13/15] CTFd/CTFd...
[SCRAPER-3] [02:52:17] [14/15] google/google-ctf...
[SCRAPER-3] [02:52:19] [15/15] RsaCtfTool/RsaCtfTool...
[SCRAPER-3] [02:52:21] ✅ CYCLE 55 DONE | Total: 0.0 MB
[SCRAPER-3] [02:53:21] 🔄 CYCLE 56 - Depth: 6100 files/repo
[SCRAPER-3] [02:53:21] [1/15] Gallopsled/pwntools...
[SCRAPER-3] [02:53:23] [2/15] pwndbg/pwndbg...
[SCRAPER-3] [02:53:25] [3/15] longld/peda...
[SCRAPER-3] [02:53:27] [4/15] hugsy/gef...
[SCRAPER-3] [02:53:29] [5/15] NationalSecurityAgency/ghidra...
[SCRAPER-3] [02:53:31] [6/15] radare/radare2...
[SCRAPER-3] [02:53:33] [7/15] rizinorg/rizin...
[SCRAPER-3] [02:53:35] [8/15] ctfs/write-ups-2016...
[SCRAPER-3] [02:53:37] [9/15] ctfs/write-ups-2015...
[SCRAPER-3] [02:53:39] [10/15] p4-team/ctf...
[SCRAPER-3] [02:53:41] [11/15] apsdehal/awesome-ctf...
[SCRAPER-3] [02:53:43] [12/15] facebook/fbctf...
[SCRAPER-3] [02:53:45] [13/15] CTFd/CTFd...
[SCRAPER-3] [02:53:47] [14/15] google/google-ctf...
[SCRAPER-3] [02:53:49] [15/15] RsaCtfTool/RsaCtfTool...
[SCRAPER-3] [02:53:51] ✅ CYCLE 56 DONE | Total: 0.0 MB
[SCRAPER-3] [02:54:51] 🔄 CYCLE 57 - Depth: 6200 files/repo
[SCRAPER-3] [02:54:51] [1/15] Gallopsled/pwntools...
[SCRAPER-3] [02:54:53] [2/15] pwndbg/pwndbg...
[SCRAPER-3] [02:54:55] [3/15] longld/peda...
[SCRAPER-3] [02:54:57] [4/15] hugsy/gef...
[SCRAPER-3] [02:55:00] [5/15] NationalSecurityAgency/ghidra...
[SCRAPER-3] [02:55:02] [6/15] radare/radare2...
[SCRAPER-3] [02:55:04] [7/15] rizinorg/rizin...
[SCRAPER-3] [02:55:06] [8/15] ctfs/write-ups-2016...
[SCRAPER-3] [02:55:08] [9/15] ctfs/write-ups-2015...
[SCRAPER-3] [02:55:10] [10/15] p4-team/ctf...
[SCRAPER-3] [02:55:12] [11/15] apsdehal/awesome-ctf...
[SCRAPER-3] [02:55:14] [12/15] facebook/fbctf...
[SCRAPER-3] [02:55:16] [13/15] CTFd/CTFd...
[SCRAPER-3] [02:55:18] [14/15] google/google-ctf...
[SCRAPER-3] [02:55:20] [15/15] RsaCtfTool/RsaCtfTool...
[SCRAPER-3] [02:55:22] ✅ CYCLE 57 DONE | Total: 0.0 MB
[SCRAPER-3] [02:56:22] 🔄 CYCLE 58 - Depth: 6300 files/repo
[SCRAPER-3] [02:56:22] [1/15] Gallopsled/pwntools...
[SCRAPER-3] [02:56:24] [2/15] pwndbg/pwndbg...
[SCRAPER-3] [02:56:26] [3/15] longld/peda...
[SCRAPER-3] [02:56:28] [4/15] hugsy/gef...
[SCRAPER-3] [02:56:30] [5/15] NationalSecurityAgency/ghidra...
[SCRAPER-3] [02:56:32] [6/15] radare/radare2...
[SCRAPER-3] [02:56:34] [7/15] rizinorg/rizin...
[SCRAPER-3] [02:56:36] [8/15] ctfs/write-ups-2016...
[SCRAPER-3] [02:56:38] [9/15] ctfs/write-ups-2015...
[SCRAPER-3] [02:56:40] [10/15] p4-team/ctf...
[SCRAPER-3] [02:56:42] [11/15] apsdehal/awesome-ctf...
[SCRAPER-3] [02:56:44] [12/15] facebook/fbctf...
[SCRAPER-3] [02:56:46] [13/15] CTFd/CTFd...
[SCRAPER-3] [02:56:48] [14/15] google/google-ctf...
[SCRAPER-3] [02:56:50] [15/15] RsaCtfTool/RsaCtfTool...
[SCRAPER-3] [02:56:52] ✅ CYCLE 58 DONE | Total: 0.0 MB
[SCRAPER-3] [02:57:52] 🔄 CYCLE 59 - Depth: 6400 files/repo
[SCRAPER-3] [02:57:52] [1/15] Gallopsled/pwntools...
[SCRAPER-3] [02:57:54] [2/15] pwndbg/pwndbg...
[SCRAPER-3] [02:57:56] [3/15] longld/peda...
[SCRAPER-3] [02:57:58] [4/15] hugsy/gef...
[SCRAPER-3] [02:58:01] [5/15] NationalSecurityAgency/ghidra...
[SCRAPER-3] [02:58:03] [6/15] radare/radare2...
[SCRAPER-3] [02:58:05] [7/15] rizinorg/rizin...
[SCRAPER-3] [02:58:07] [8/15] ctfs/write-ups-2016...
[SCRAPER-3] [02:58:09] [9/15] ctfs/write-ups-2015...
[SCRAPER-3] [02:58:11] [10/15] p4-team/ctf...
[SCRAPER-3] [02:58:13] [11/15] apsdehal/awesome-ctf...
[SCRAPER-3] [02:58:15] [12/15] facebook/fbctf...
[SCRAPER-3] [02:58:17] [13/15] CTFd/CTFd...
[SCRAPER-3] [02:58:19] [14/15] google/google-ctf...
[SCRAPER-3] [02:58:21] [15/15] RsaCtfTool/RsaCtfTool...
[SCRAPER-3] [02:58:23] ✅ CYCLE 59 DONE | Total: 0.0 MB
[SCRAPER-3] [02:59:23] 🔄 CYCLE 60 - Depth: 6500 files/repo
[SCRAPER-3] [02:59:23] [1/15] Gallopsled/pwntools...
[SCRAPER-3] [02:59:25] [2/15] pwndbg/pwndbg...
[SCRAPER-3] [02:59:27] [3/15] longld/peda...
[SCRAPER-3] [02:59:29] [4/15] hugsy/gef...
[SCRAPER-3] [02:59:31] [5/15] NationalSecurityAgency/ghidra...
[SCRAPER-3] [02:59:33] [6/15] radare/radare2...
[SCRAPER-3] [02:59:35] [7/15] rizinorg/rizin...
[SCRAPER-3] [02:59:37] [8/15] ctfs/write-ups-2016...
[SCRAPER-3] [02:59:39] [9/15] ctfs/write-ups-2015...
[SCRAPER-3] [02:59:41] [10/15] p4-team/ctf...
[SCRAPER-3] [02:59:43] [11/15] apsdehal/awesome-ctf...
[SCRAPER-3] [02:59:45] [12/15] facebook/fbctf...
[SCRAPER-3] [02:59:47] [13/15] CTFd/CTFd...
[SCRAPER-3] [02:59:49] [14/15] google/google-ctf...
[SCRAPER-3] [02:59:51] [15/15] RsaCtfTool/RsaCtfTool...
[SCRAPER-3] [02:59:53] ✅ CYCLE 60 DONE | Total: 0.0 MB
[SCRAPER-3] [03:00:53] 🔄 CYCLE 61 - Depth: 6600 files/repo
[SCRAPER-3] [03:00:53] [1/15] Gallopsled/pwntools...
[SCRAPER-3] [03:00:55] [2/15] pwndbg/pwndbg...
[SCRAPER-3] [03:00:57] [3/15] longld/peda...
[SCRAPER-3] [03:00:59] [4/15] hugsy/gef...
[SCRAPER-3] [03:01:01] [5/15] NationalSecurityAgency/ghidra...
[SCRAPER-3] [03:01:03] [6/15] radare/radare2...
[SCRAPER-3] [03:01:06] [7/15] rizinorg/rizin...
[SCRAPER-3] [03:01:08] [8/15] ctfs/write-ups-2016...
[SCRAPER-3] [03:01:10] [9/15] ctfs/write-ups-2015...
[SCRAPER-3] [03:01:12] [10/15] p4-team/ctf...
[SCRAPER-3] [03:01:14] [11/15] apsdehal/awesome-ctf...
[SCRAPER-3] [03:01:16] [12/15] facebook/fbctf...
[SCRAPER-3] [03:01:18] [13/15] CTFd/CTFd...
[SCRAPER-3] [03:01:20] [14/15] google/google-ctf...
[SCRAPER-3] [03:01:22] [15/15] RsaCtfTool/RsaCtfTool...
[SCRAPER-3] [03:01:24] ✅ CYCLE 61 DONE | Total: 0.0 MB
[SCRAPER-3] [03:02:24] 🔄 CYCLE 62 - Depth: 6700 files/repo
[SCRAPER-3] [03:02:24] [1/15] Gallopsled/pwntools...
[SCRAPER-3] [03:02:26] [2/15] pwndbg/pwndbg...
[SCRAPER-3] [03:02:28] [3/15] longld/peda...
[SCRAPER-3] [03:02:30] [4/15] hugsy/gef...
[SCRAPER-3] [03:02:32] [5/15] NationalSecurityAgency/ghidra...
[SCRAPER-3] [03:02:34] [6/15] radare/radare2...
[SCRAPER-3] [03:02:36] [7/15] rizinorg/rizin...
[SCRAPER-3] [03:02:38] [8/15] ctfs/write-ups-2016...
[SCRAPER-3] [03:02:40] [9/15] ctfs/write-ups-2015...
[SCRAPER-3] [03:02:42] [10/15] p4-team/ctf...
[SCRAPER-3] [03:02:44] [11/15] apsdehal/awesome-ctf...
[SCRAPER-3] [03:02:46] [12/15] facebook/fbctf...
[SCRAPER-3] [03:02:48] [13/15] CTFd/CTFd...
[SCRAPER-3] [03:02:50] [14/15] google/google-ctf...
[SCRAPER-3] [03:02:52] [15/15] RsaCtfTool/RsaCtfTool...
[SCRAPER-3] [03:02:54] ✅ CYCLE 62 DONE | Total: 0.0 MB
[SCRAPER-3] [03:03:54] 🔄 CYCLE 63 - Depth: 6800 files/repo
[SCRAPER-3] [03:03:54] [1/15] Gallopsled/pwntools...
[SCRAPER-3] [03:03:56] [2/15] pwndbg/pwndbg...
[SCRAPER-3] [03:03:58] [3/15] longld/peda...
[SCRAPER-3] [03:04:00] [4/15] hugsy/gef...
[SCRAPER-3] [03:04:02] [5/15] NationalSecurityAgency/ghidra...
[SCRAPER-3] [03:04:04] [6/15] radare/radare2...
[SCRAPER-3] [03:04:06] [7/15] rizinorg/rizin...
[SCRAPER-3] [03:04:09] [8/15] ctfs/write-ups-2016...
[SCRAPER-3] [03:04:11] [9/15] ctfs/write-ups-2015...
[SCRAPER-3] [03:04:13] [10/15] p4-team/ctf...
[SCRAPER-3] [03:04:15] [11/15] apsdehal/awesome-ctf...
[SCRAPER-3] [03:04:17] [12/15] facebook/fbctf...
[SCRAPER-3] [03:04:19] [13/15] CTFd/CTFd...
[SCRAPER-3] [03:04:21] [14/15] google/google-ctf...
[SCRAPER-3] [03:04:23] [15/15] RsaCtfTool/RsaCtfTool...
[SCRAPER-3] [03:04:25] ✅ CYCLE 63 DONE | Total: 0.0 MB
[SCRAPER-3] [03:05:25] 🔄 CYCLE 64 - Depth: 6900 files/repo
[SCRAPER-3] [03:05:25] [1/15] Gallopsled/pwntools...
[SCRAPER-3] [03:05:27] [2/15] pwndbg/pwndbg...
[SCRAPER-3] [03:05:29] [3/15] longld/peda...
[SCRAPER-3] [03:05:31] [4/15] hugsy/gef...
[SCRAPER-3] [03:05:33] [5/15] NationalSecurityAgency/ghidra...
[SCRAPER-3] [03:05:35] [6/15] radare/radare2...
[SCRAPER-3] [03:05:37] [7/15] rizinorg/rizin...
[SCRAPER-3] [03:05:39] [8/15] ctfs/write-ups-2016...
[SCRAPER-3] [03:05:41] [9/15] ctfs/write-ups-2015...
[SCRAPER-3] [03:05:43] [10/15] p4-team/ctf...
[SCRAPER-3] [03:05:45] [11/15] apsdehal/awesome-ctf...
[SCRAPER-3] [03:05:47] [12/15] facebook/fbctf...
[SCRAPER-3] [03:05:49] [13/15] CTFd/CTFd...
[SCRAPER-3] [03:05:51] [14/15] google/google-ctf...
[SCRAPER-3] [03:05:53] [15/15] RsaCtfTool/RsaCtfTool...
[SCRAPER-3] [03:05:55] ✅ CYCLE 64 DONE | Total: 0.0 MB
[SCRAPER-3] [03:06:55] 🔄 CYCLE 65 - Depth: 7000 files/repo
[SCRAPER-3] [03:06:55] [1/15] Gallopsled/pwntools...
[SCRAPER-3] [03:06:57] [2/15] pwndbg/pwndbg...
[SCRAPER-3] [03:06:59] [3/15] longld/peda...
[SCRAPER-3] [03:07:01] [4/15] hugsy/gef...
[SCRAPER-3] [03:07:03] [5/15] NationalSecurityAgency/ghidra...
[SCRAPER-3] [03:07:05] [6/15] radare/radare2...
[SCRAPER-3] [03:07:07] [7/15] rizinorg/rizin...
[SCRAPER-3] [03:07:09] [8/15] ctfs/write-ups-2016...
[SCRAPER-3] [03:07:11] [9/15] ctfs/write-ups-2015...
[SCRAPER-3] [03:07:13] [10/15] p4-team/ctf...
[SCRAPER-3] [03:07:15] [11/15] apsdehal/awesome-ctf...
[SCRAPER-3] [03:07:18] [12/15] facebook/fbctf...
[SCRAPER-3] [03:07:20] [13/15] CTFd/CTFd...
[SCRAPER-3] [03:07:22] [14/15] google/google-ctf...
[SCRAPER-3] [03:07:24] [15/15] RsaCtfTool/RsaCtfTool...
[SCRAPER-3] [03:07:26] ✅ CYCLE 65 DONE | Total: 0.0 MB
[SCRAPER-3] [03:08:26] 🔄 CYCLE 66 - Depth: 7100 files/repo
[SCRAPER-3] [03:08:26] [1/15] Gallopsled/pwntools...
[SCRAPER-3] [03:08:28] [2/15] pwndbg/pwndbg...
[SCRAPER-3] [03:08:30] [3/15] longld/peda...
[SCRAPER-3] [03:08:32] [4/15] hugsy/gef...
[SCRAPER-3] [03:08:34] [5/15] NationalSecurityAgency/ghidra...
[SCRAPER-3] [03:08:36] [6/15] radare/radare2...
[SCRAPER-3] [03:08:38] [7/15] rizinorg/rizin...
[SCRAPER-3] [03:08:40] [8/15] ctfs/write-ups-2016...
[SCRAPER-3] [03:08:42] [9/15] ctfs/write-ups-2015...
[SCRAPER-3] [03:08:44] [10/15] p4-team/ctf...
[SCRAPER-3] [03:08:46] [11/15] apsdehal/awesome-ctf...
[SCRAPER-3] [03:08:48] [12/15] facebook/fbctf...
[SCRAPER-3] [03:08:50] [13/15] CTFd/CTFd...
[SCRAPER-3] [03:08:52] [14/15] google/google-ctf...
[SCRAPER-3] [03:08:54] [15/15] RsaCtfTool/RsaCtfTool...
[SCRAPER-3] [03:08:56] ✅ CYCLE 66 DONE | Total: 0.0 MB
[SCRAPER-3] [03:09:56] 🔄 CYCLE 67 - Depth: 7200 files/repo
[SCRAPER-3] [03:09:56] [1/15] Gallopsled/pwntools...
[SCRAPER-3] [03:09:58] [2/15] pwndbg/pwndbg...
[SCRAPER-3] [03:10:00] [3/15] longld/peda...
[SCRAPER-3] [03:10:02] [4/15] hugsy/gef...
[SCRAPER-3] [03:10:04] [5/15] NationalSecurityAgency/ghidra...
[SCRAPER-3] [03:10:06] [6/15] radare/radare2...
[SCRAPER-3] [03:10:08] [7/15] rizinorg/rizin...
[SCRAPER-3] [03:10:10] [8/15] ctfs/write-ups-2016...
[SCRAPER-3] [03:10:12] [9/15] ctfs/write-ups-2015...
[SCRAPER-3] [03:10:14] [10/15] p4-team/ctf...
[SCRAPER-3] [03:10:17] [11/15] apsdehal/awesome-ctf...
[SCRAPER-3] [03:10:19] [12/15] facebook/fbctf...
[SCRAPER-3] [03:10:21] [13/15] CTFd/CTFd...
[SCRAPER-3] [03:10:23] [14/15] google/google-ctf...
[SCRAPER-3] [03:10:25] [15/15] RsaCtfTool/RsaCtfTool...
[SCRAPER-3] [03:10:27] ✅ CYCLE 67 DONE | Total: 0.0 MB
[SCRAPER-3] [03:11:27] 🔄 CYCLE 68 - Depth: 7300 files/repo
[SCRAPER-3] [03:11:27] [1/15] Gallopsled/pwntools...
[SCRAPER-3] [03:11:29] [2/15] pwndbg/pwndbg...
[SCRAPER-3] [03:11:31] [3/15] longld/peda...
[SCRAPER-3] [03:11:33] [4/15] hugsy/gef...
[SCRAPER-3] [03:11:35] [5/15] NationalSecurityAgency/ghidra...
[SCRAPER-3] [03:11:37] [6/15] radare/radare2...
[SCRAPER-3] [03:11:39] [7/15] rizinorg/rizin...
[SCRAPER-3] [03:11:41] [8/15] ctfs/write-ups-2016...
[SCRAPER-3] [03:11:43] [9/15] ctfs/write-ups-2015...
[SCRAPER-3] [03:11:45] [10/15] p4-team/ctf...
[SCRAPER-3] [03:11:47] [11/15] apsdehal/awesome-ctf...
[SCRAPER-3] [03:11:49] [12/15] facebook/fbctf...
[SCRAPER-3] [03:11:51] [13/15] CTFd/CTFd...
[SCRAPER-3] [03:11:53] [14/15] google/google-ctf...
[SCRAPER-3] [03:11:55] [15/15] RsaCtfTool/RsaCtfTool...
[SCRAPER-3] [03:11:57] ✅ CYCLE 68 DONE | Total: 0.0 MB
[SCRAPER-3] [03:12:57] 🔄 CYCLE 69 - Depth: 7400 files/repo
[SCRAPER-3] [03:12:57] [1/15] Gallopsled/pwntools...
[SCRAPER-3] [03:12:59] [2/15] pwndbg/pwndbg...
[SCRAPER-3] [03:13:01] [3/15] longld/peda...
[SCRAPER-3] [03:13:03] [4/15] hugsy/gef...
[SCRAPER-3] [03:13:05] [5/15] NationalSecurityAgency/ghidra...
[SCRAPER-3] [03:13:07] [6/15] radare/radare2...
[SCRAPER-3] [03:13:09] [7/15] rizinorg/rizin...
[SCRAPER-3] [03:13:11] [8/15] ctfs/write-ups-2016...
[SCRAPER-3] [03:13:13] [9/15] ctfs/write-ups-2015...
[SCRAPER-3] [03:13:15] [10/15] p4-team/ctf...
[SCRAPER-3] [03:13:17] [11/15] apsdehal/awesome-ctf...
[SCRAPER-3] [03:13:20] [12/15] facebook/fbctf...
[SCRAPER-3] [03:13:22] [13/15] CTFd/CTFd...
[SCRAPER-3] [03:13:24] [14/15] google/google-ctf...
[SCRAPER-3] [03:13:26] [15/15] RsaCtfTool/RsaCtfTool...
[SCRAPER-3] [03:13:28] ✅ CYCLE 69 DONE | Total: 0.0 MB
[SCRAPER-3] [03:14:28] 🔄 CYCLE 70 - Depth: 7500 files/repo
[SCRAPER-3] [03:14:28] [1/15] Gallopsled/pwntools...
[SCRAPER-3] [03:14:30] [2/15] pwndbg/pwndbg...
[SCRAPER-3] [03:14:32] [3/15] longld/peda...
[SCRAPER-3] [03:14:34] [4/15] hugsy/gef...
[SCRAPER-3] [03:14:36] [5/15] NationalSecurityAgency/ghidra...
[SCRAPER-3] [03:14:38] [6/15] radare/radare2...
[SCRAPER-3] [03:14:40] [7/15] rizinorg/rizin...
[SCRAPER-3] [03:14:42] [8/15] ctfs/write-ups-2016...
[SCRAPER-3] [03:14:44] [9/15] ctfs/write-ups-2015...
[SCRAPER-3] [03:14:46] [10/15] p4-team/ctf...
[SCRAPER-3] [03:14:48] [11/15] apsdehal/awesome-ctf...
[SCRAPER-3] [03:14:50] [12/15] facebook/fbctf...
[SCRAPER-3] [03:14:52] [13/15] CTFd/CTFd...
[SCRAPER-3] [03:14:54] [14/15] google/google-ctf...
[SCRAPER-3] [03:14:56] [15/15] RsaCtfTool/RsaCtfTool...
[SCRAPER-3] [03:14:58] ✅ CYCLE 70 DONE | Total: 0.0 MB
[SCRAPER-3] [03:15:58] 🔄 CYCLE 71 - Depth: 7600 files/repo
[SCRAPER-3] [03:15:58] [1/15] Gallopsled/pwntools...
[SCRAPER-3] [03:16:00] [2/15] pwndbg/pwndbg...
[SCRAPER-3] [03:16:02] [3/15] longld/peda...
[SCRAPER-3] [03:16:04] [4/15] hugsy/gef...
[SCRAPER-3] [03:16:06] [5/15] NationalSecurityAgency/ghidra...
[SCRAPER-3] [03:16:08] [6/15] radare/radare2...
[SCRAPER-3] [03:16:10] [7/15] rizinorg/rizin...
[SCRAPER-3] [03:16:12] [8/15] ctfs/write-ups-2016...
[SCRAPER-3] [03:16:14] [9/15] ctfs/write-ups-2015...
[SCRAPER-3] [03:16:16] [10/15] p4-team/ctf...
[SCRAPER-3] [03:16:18] [11/15] apsdehal/awesome-ctf...
[SCRAPER-3] [03:16:20] [12/15] facebook/fbctf...
[SCRAPER-3] [03:16:22] [13/15] CTFd/CTFd...
[SCRAPER-3] [03:16:25] [14/15] google/google-ctf...
[SCRAPER-3] [03:16:27] [15/15] RsaCtfTool/RsaCtfTool...
[SCRAPER-3] [03:16:29] ✅ CYCLE 71 DONE | Total: 0.0 MB
[SCRAPER-3] [03:17:29] 🔄 CYCLE 72 - Depth: 7700 files/repo
[SCRAPER-3] [03:17:29] [1/15] Gallopsled/pwntools...
[SCRAPER-3] [03:17:31] [2/15] pwndbg/pwndbg...
[SCRAPER-3] [03:17:33] [3/15] longld/peda...
[SCRAPER-3] [03:17:35] [4/15] hugsy/gef...
[SCRAPER-3] [03:17:37] [5/15] NationalSecurityAgency/ghidra...
[SCRAPER-3] [03:17:39] [6/15] radare/radare2...
[SCRAPER-3] [03:17:41] [7/15] rizinorg/rizin...
[SCRAPER-3] [03:17:43] [8/15] ctfs/write-ups-2016...
[SCRAPER-3] [03:17:45] [9/15] ctfs/write-ups-2015...
[SCRAPER-3] [03:17:47] [10/15] p4-team/ctf...
[SCRAPER-3] [03:17:49] [11/15] apsdehal/awesome-ctf...
[SCRAPER-3] [03:17:51] [12/15] facebook/fbctf...
[SCRAPER-3] [03:17:53] [13/15] CTFd/CTFd...
[SCRAPER-3] [03:17:55] [14/15] google/google-ctf...
[SCRAPER-3] [03:17:57] [15/15] RsaCtfTool/RsaCtfTool...
[SCRAPER-3] [03:17:59] ✅ CYCLE 72 DONE | Total: 0.0 MB
[SCRAPER-3] [03:18:59] 🔄 CYCLE 73 - Depth: 7800 files/repo
[SCRAPER-3] [03:18:59] [1/15] Gallopsled/pwntools...
[SCRAPER-3] [03:19:01] [2/15] pwndbg/pwndbg...
[SCRAPER-3] [03:19:03] [3/15] longld/peda...
[SCRAPER-3] [03:19:05] [4/15] hugsy/gef...
[SCRAPER-3] [03:19:07] [5/15] NationalSecurityAgency/ghidra...
[SCRAPER-3] [03:19:09] [6/15] radare/radare2...
[SCRAPER-3] [03:19:11] [7/15] rizinorg/rizin...
[SCRAPER-3] [03:19:13] [8/15] ctfs/write-ups-2016...
[SCRAPER-3] [03:19:15] [9/15] ctfs/write-ups-2015...
[SCRAPER-3] [03:19:17] [10/15] p4-team/ctf...
[SCRAPER-3] [03:19:19] [11/15] apsdehal/awesome-ctf...
[SCRAPER-3] [03:19:21] [12/15] facebook/fbctf...
[SCRAPER-3] [03:19:23] [13/15] CTFd/CTFd...
[SCRAPER-3] [03:19:25] [14/15] google/google-ctf...
[SCRAPER-3] [03:19:27] [15/15] RsaCtfTool/RsaCtfTool...
[SCRAPER-3] [03:19:30] ✅ CYCLE 73 DONE | Total: 0.0 MB
[SCRAPER-3] [03:20:30] 🔄 CYCLE 74 - Depth: 7900 files/repo
[SCRAPER-3] [03:20:30] [1/15] Gallopsled/pwntools...
[SCRAPER-3] [03:20:32] [2/15] pwndbg/pwndbg...
[SCRAPER-3] [03:20:34] [3/15] longld/peda...
[SCRAPER-3] [03:20:36] [4/15] hugsy/gef...
[SCRAPER-3] [03:20:38] [5/15] NationalSecurityAgency/ghidra...
[SCRAPER-3] [03:20:40] [6/15] radare/radare2...
[SCRAPER-3] [03:20:42] [7/15] rizinorg/rizin...
[SCRAPER-3] [03:20:44] [8/15] ctfs/write-ups-2016...
[SCRAPER-3] [03:20:46] [9/15] ctfs/write-ups-2015...
[SCRAPER-3] [03:20:48] [10/15] p4-team/ctf...
[SCRAPER-3] [03:20:50] [11/15] apsdehal/awesome-ctf...
[SCRAPER-3] [03:20:52] [12/15] facebook/fbctf...
[SCRAPER-3] [03:20:54] [13/15] CTFd/CTFd...
[SCRAPER-3] [03:20:56] [14/15] google/google-ctf...
[SCRAPER-3] [03:20:58] [15/15] RsaCtfTool/RsaCtfTool...
[SCRAPER-3] [03:21:00] ✅ CYCLE 74 DONE | Total: 0.0 MB
[SCRAPER-3] [03:22:00] 🔄 CYCLE 75 - Depth: 8000 files/repo
[SCRAPER-3] [03:22:00] [1/15] Gallopsled/pwntools...
[SCRAPER-3] [03:22:02] [2/15] pwndbg/pwndbg...
[SCRAPER-3] [03:22:04] [3/15] longld/peda...
[SCRAPER-3] [03:22:06] [4/15] hugsy/gef...
[SCRAPER-3] [03:22:08] [5/15] NationalSecurityAgency/ghidra...
[SCRAPER-3] [03:22:10] [6/15] radare/radare2...
[SCRAPER-3] [03:22:12] [7/15] rizinorg/rizin...
[SCRAPER-3] [03:22:14] [8/15] ctfs/write-ups-2016...
[SCRAPER-3] [03:22:16] [9/15] ctfs/write-ups-2015...
[SCRAPER-3] [03:22:18] [10/15] p4-team/ctf...
[SCRAPER-3] [03:22:20] [11/15] apsdehal/awesome-ctf...
[SCRAPER-3] [03:22:22] [12/15] facebook/fbctf...
[SCRAPER-3] [03:22:24] [13/15] CTFd/CTFd...
[SCRAPER-3] [03:22:26] [14/15] google/google-ctf...
[SCRAPER-3] [03:22:28] [15/15] RsaCtfTool/RsaCtfTool...
[SCRAPER-3] [03:22:30] ✅ CYCLE 75 DONE | Total: 0.0 MB
[SCRAPER-3] [03:23:30] 🔄 CYCLE 76 - Depth: 8100 files/repo
[SCRAPER-3] [03:23:30] [1/15] Gallopsled/pwntools...
[SCRAPER-3] [03:23:33] [2/15] pwndbg/pwndbg...
[SCRAPER-3] [03:23:35] [3/15] longld/peda...
[SCRAPER-3] [03:23:37] [4/15] hugsy/gef...
[SCRAPER-3] [03:23:39] [5/15] NationalSecurityAgency/ghidra...
[SCRAPER-3] [03:23:41] [6/15] radare/radare2...
[SCRAPER-3] [03:23:43] [7/15] rizinorg/rizin...
[SCRAPER-3] [03:23:45] [8/15] ctfs/write-ups-2016...
[SCRAPER-3] [03:23:47] [9/15] ctfs/write-ups-2015...
[SCRAPER-3] [03:23:49] [10/15] p4-team/ctf...
[SCRAPER-3] [03:23:51] [11/15] apsdehal/awesome-ctf...
[SCRAPER-3] [03:23:53] [12/15] facebook/fbctf...
[SCRAPER-3] [03:23:55] [13/15] CTFd/CTFd...
[SCRAPER-3] [03:23:57] [14/15] google/google-ctf...
[SCRAPER-3] [03:23:59] [15/15] RsaCtfTool/RsaCtfTool...
[SCRAPER-3] [03:24:01] ✅ CYCLE 76 DONE | Total: 0.0 MB
[SCRAPER-3] [03:25:01] 🔄 CYCLE 77 - Depth: 8200 files/repo
[SCRAPER-3] [03:25:01] [1/15] Gallopsled/pwntools...
[SCRAPER-3] [03:25:03] [2/15] pwndbg/pwndbg...
[SCRAPER-3] [03:25:05] [3/15] longld/peda...
[SCRAPER-3] [03:25:07] [4/15] hugsy/gef...
[SCRAPER-3] [03:25:09] [5/15] NationalSecurityAgency/ghidra...
[SCRAPER-3] [03:25:11] [6/15] radare/radare2...
[SCRAPER-3] [03:25:13] [7/15] rizinorg/rizin...
[SCRAPER-3] [03:25:15] [8/15] ctfs/write-ups-2016...
[SCRAPER-3] [03:25:17] [9/15] ctfs/write-ups-2015...
[SCRAPER-3] [03:25:19] [10/15] p4-team/ctf...
[SCRAPER-3] [03:25:21] [11/15] apsdehal/awesome-ctf...
[SCRAPER-3] [03:25:23] [12/15] facebook/fbctf...
[SCRAPER-3] [03:25:25] [13/15] CTFd/CTFd...
[SCRAPER-3] [03:25:27] [14/15] google/google-ctf...
[SCRAPER-3] [03:25:29] [15/15] RsaCtfTool/RsaCtfTool...
[SCRAPER-3] [03:25:31] ✅ CYCLE 77 DONE | Total: 0.0 MB
[SCRAPER-3] [03:26:31] 🔄 CYCLE 78 - Depth: 8300 files/repo
[SCRAPER-3] [03:26:31] [1/15] Gallopsled/pwntools...
[SCRAPER-3] [03:26:33] [2/15] pwndbg/pwndbg...
[SCRAPER-3] [03:26:36] [3/15] longld/peda...
[SCRAPER-3] [03:26:38] [4/15] hugsy/gef...
[SCRAPER-3] [03:26:40] [5/15] NationalSecurityAgency/ghidra...
[SCRAPER-3] [03:26:42] [6/15] radare/radare2...
[SCRAPER-3] [03:26:44] [7/15] rizinorg/rizin...
[SCRAPER-3] [03:26:46] [8/15] ctfs/write-ups-2016...
[SCRAPER-3] [03:26:48] [9/15] ctfs/write-ups-2015...
[SCRAPER-3] [03:26:50] [10/15] p4-team/ctf...
[SCRAPER-3] [03:26:52] [11/15] apsdehal/awesome-ctf...
[SCRAPER-3] [03:26:54] [12/15] facebook/fbctf...
[SCRAPER-3] [03:26:56] [13/15] CTFd/CTFd...
[SCRAPER-3] [03:26:58] [14/15] google/google-ctf...
[SCRAPER-3] [03:27:00] [15/15] RsaCtfTool/RsaCtfTool...
[SCRAPER-3] [03:27:02] ✅ CYCLE 78 DONE | Total: 0.0 MB
[SCRAPER-3] [03:28:02] 🔄 CYCLE 79 - Depth: 8400 files/repo
[SCRAPER-3] [03:28:02] [1/15] Gallopsled/pwntools...
[SCRAPER-3] [03:28:04] [2/15] pwndbg/pwndbg...
[SCRAPER-3] [03:28:06] [3/15] longld/peda...
[SCRAPER-3] [03:28:08] [4/15] hugsy/gef...
[SCRAPER-3] [03:28:10] [5/15] NationalSecurityAgency/ghidra...
[SCRAPER-3] [03:28:12] [6/15] radare/radare2...
[SCRAPER-3] [03:28:14] [7/15] rizinorg/rizin...
[SCRAPER-3] [03:28:16] [8/15] ctfs/write-ups-2016...
[SCRAPER-3] [03:28:18] [9/15] ctfs/write-ups-2015...
[SCRAPER-3] [03:28:20] [10/15] p4-team/ctf...
[SCRAPER-3] [03:28:22] [11/15] apsdehal/awesome-ctf...
[SCRAPER-3] [03:28:24] [12/15] facebook/fbctf...
[SCRAPER-3] [03:28:26] [13/15] CTFd/CTFd...
[SCRAPER-3] [03:28:28] [14/15] google/google-ctf...
[SCRAPER-3] [03:28:30] [15/15] RsaCtfTool/RsaCtfTool...
[SCRAPER-3] [03:28:32] ✅ CYCLE 79 DONE | Total: 0.0 MB
[SCRAPER-3] [03:29:32] 🔄 CYCLE 80 - Depth: 8500 files/repo
[SCRAPER-3] [03:29:32] [1/15] Gallopsled/pwntools...
[SCRAPER-3] [03:29:34] [2/15] pwndbg/pwndbg...
[SCRAPER-3] [03:29:36] [3/15] longld/peda...
[SCRAPER-3] [03:29:38] [4/15] hugsy/gef...
[SCRAPER-3] [03:29:40] [5/15] NationalSecurityAgency/ghidra...
[SCRAPER-3] [03:29:42] [6/15] radare/radare2...
[SCRAPER-3] [03:29:44] [7/15] rizinorg/rizin...
[SCRAPER-3] [03:29:47] [8/15] ctfs/write-ups-2016...
[SCRAPER-3] [03:29:49] [9/15] ctfs/write-ups-2015...
[SCRAPER-3] [03:29:51] [10/15] p4-team/ctf...
[SCRAPER-3] [03:29:53] [11/15] apsdehal/awesome-ctf...
[SCRAPER-3] [03:29:55] [12/15] facebook/fbctf...
[SCRAPER-3] [03:29:57] [13/15] CTFd/CTFd...
[SCRAPER-3] [03:29:59] [14/15] google/google-ctf...
[SCRAPER-3] [03:30:01] [15/15] RsaCtfTool/RsaCtfTool...
[SCRAPER-3] [03:30:03] ✅ CYCLE 80 DONE | Total: 0.0 MB
[SCRAPER-3] [03:31:03] 🔄 CYCLE 81 - Depth: 8600 files/repo
[SCRAPER-3] [03:31:03] [1/15] Gallopsled/pwntools...
[SCRAPER-3] [03:31:05] [2/15] pwndbg/pwndbg...
[SCRAPER-3] [03:31:07] [3/15] longld/peda...
[SCRAPER-3] [03:31:09] [4/15] hugsy/gef...
[SCRAPER-3] [03:31:11] [5/15] NationalSecurityAgency/ghidra...
[SCRAPER-3] [03:31:13] [6/15] radare/radare2...
[SCRAPER-3] [03:31:15] [7/15] rizinorg/rizin...
[SCRAPER-3] [03:31:17] [8/15] ctfs/write-ups-2016...
[SCRAPER-3] [03:31:19] [9/15] ctfs/write-ups-2015...
[SCRAPER-3] [03:31:21] [10/15] p4-team/ctf...
[SCRAPER-3] [03:31:23] [11/15] apsdehal/awesome-ctf...
[SCRAPER-3] [03:31:25] [12/15] facebook/fbctf...
[SCRAPER-3] [03:31:27] [13/15] CTFd/CTFd...
[SCRAPER-3] [03:31:29] [14/15] google/google-ctf...
[SCRAPER-3] [03:31:31] [15/15] RsaCtfTool/RsaCtfTool...
[SCRAPER-3] [03:31:33] ✅ CYCLE 81 DONE | Total: 0.0 MB
[SCRAPER-3] [03:32:33] 🔄 CYCLE 82 - Depth: 8700 files/repo
[SCRAPER-3] [03:32:33] [1/15] Gallopsled/pwntools...
[SCRAPER-3] [03:32:35] [2/15] pwndbg/pwndbg...
[SCRAPER-3] [03:32:37] [3/15] longld/peda...
[SCRAPER-3] [03:32:39] [4/15] hugsy/gef...
[SCRAPER-3] [03:32:41] [5/15] NationalSecurityAgency/ghidra...
[SCRAPER-3] [03:32:43] [6/15] radare/radare2...
[SCRAPER-3] [03:32:45] [7/15] rizinorg/rizin...
[SCRAPER-3] [03:32:47] [8/15] ctfs/write-ups-2016...
[SCRAPER-3] [03:32:49] [9/15] ctfs/write-ups-2015...
[SCRAPER-3] [03:32:51] [10/15] p4-team/ctf...
[SCRAPER-3] [03:32:53] [11/15] apsdehal/awesome-ctf...
[SCRAPER-3] [03:32:56] [12/15] facebook/fbctf...
[SCRAPER-3] [03:32:58] [13/15] CTFd/CTFd...
[SCRAPER-3] [03:33:00] [14/15] google/google-ctf...
[SCRAPER-3] [03:33:02] [15/15] RsaCtfTool/RsaCtfTool...
[SCRAPER-3] [03:33:04] ✅ CYCLE 82 DONE | Total: 0.0 MB
[SCRAPER-3] [03:34:04] 🔄 CYCLE 83 - Depth: 8800 files/repo
[SCRAPER-3] [03:34:04] [1/15] Gallopsled/pwntools...
[SCRAPER-3] [03:34:06] [2/15] pwndbg/pwndbg...
[SCRAPER-3] [03:34:08] [3/15] longld/peda...
[SCRAPER-3] [03:34:10] [4/15] hugsy/gef...
[SCRAPER-3] [03:34:12] [5/15] NationalSecurityAgency/ghidra...
[SCRAPER-3] [03:34:14] [6/15] radare/radare2...
[SCRAPER-3] [03:34:16] [7/15] rizinorg/rizin...
[SCRAPER-3] [03:34:18] [8/15] ctfs/write-ups-2016...
[SCRAPER-3] [03:34:20] [9/15] ctfs/write-ups-2015...
[SCRAPER-3] [03:34:22] [10/15] p4-team/ctf...
[SCRAPER-3] [03:34:24] [11/15] apsdehal/awesome-ctf...
[SCRAPER-3] [03:34:26] [12/15] facebook/fbctf...
[SCRAPER-3] [03:34:28] [13/15] CTFd/CTFd...
[SCRAPER-3] [03:34:30] [14/15] google/google-ctf...
[SCRAPER-3] [03:34:32] [15/15] RsaCtfTool/RsaCtfTool...
[SCRAPER-3] [03:34:34] ✅ CYCLE 83 DONE | Total: 0.0 MB
[SCRAPER-3] [03:35:34] 🔄 CYCLE 84 - Depth: 8900 files/repo
[SCRAPER-3] [03:35:34] [1/15] Gallopsled/pwntools...
[SCRAPER-3] [03:35:36] [2/15] pwndbg/pwndbg...
[SCRAPER-3] [03:35:38] [3/15] longld/peda...
[SCRAPER-3] [03:35:40] [4/15] hugsy/gef...
[SCRAPER-3] [03:35:42] [5/15] NationalSecurityAgency/ghidra...
[SCRAPER-3] [03:35:44] [6/15] radare/radare2...
[SCRAPER-3] [03:35:46] [7/15] rizinorg/rizin...
[SCRAPER-3] [03:35:48] [8/15] ctfs/write-ups-2016...
[SCRAPER-3] [03:35:50] [9/15] ctfs/write-ups-2015...
[SCRAPER-3] [03:35:52] [10/15] p4-team/ctf...
[SCRAPER-3] [03:35:54] [11/15] apsdehal/awesome-ctf...
[SCRAPER-3] [03:35:56] [12/15] facebook/fbctf...
[SCRAPER-3] [03:35:58] [13/15] CTFd/CTFd...
[SCRAPER-3] [03:36:00] [14/15] google/google-ctf...
[SCRAPER-3] [03:36:03] [15/15] RsaCtfTool/RsaCtfTool...
[SCRAPER-3] [03:36:05] ✅ CYCLE 84 DONE | Total: 0.0 MB
[SCRAPER-3] [03:37:05] 🔄 CYCLE 85 - Depth: 9000 files/repo
[SCRAPER-3] [03:37:05] [1/15] Gallopsled/pwntools...
[SCRAPER-3] [03:37:07] [2/15] pwndbg/pwndbg...
[SCRAPER-3] [03:37:09] [3/15] longld/peda...
[SCRAPER-3] [03:37:11] [4/15] hugsy/gef...
[SCRAPER-3] [03:37:13] [5/15] NationalSecurityAgency/ghidra...
[SCRAPER-3] [03:37:15] [6/15] radare/radare2...
[SCRAPER-3] [03:37:17] [7/15] rizinorg/rizin...
[SCRAPER-3] [03:37:19] [8/15] ctfs/write-ups-2016...
[SCRAPER-3] [03:37:21] [9/15] ctfs/write-ups-2015...
[SCRAPER-3] [03:37:23] [10/15] p4-team/ctf...
[SCRAPER-3] [03:37:25] [11/15] apsdehal/awesome-ctf...
[SCRAPER-3] [03:37:27] [12/15] facebook/fbctf...
[SCRAPER-3] [03:37:29] [13/15] CTFd/CTFd...
[SCRAPER-3] [03:37:31] [14/15] google/google-ctf...
[SCRAPER-3] [03:37:33] [15/15] RsaCtfTool/RsaCtfTool...
[SCRAPER-3] [03:37:35] ✅ CYCLE 85 DONE | Total: 0.0 MB
[SCRAPER-3] [03:38:35] 🔄 CYCLE 86 - Depth: 9100 files/repo
[SCRAPER-3] [03:38:35] [1/15] Gallopsled/pwntools...
[SCRAPER-3] [03:38:37] [2/15] pwndbg/pwndbg...
[SCRAPER-3] [03:38:39] [3/15] longld/peda...
[SCRAPER-3] [03:38:41] [4/15] hugsy/gef...
[SCRAPER-3] [03:38:43] [5/15] NationalSecurityAgency/ghidra...
[SCRAPER-3] [03:38:45] [6/15] radare/radare2...
[SCRAPER-3] [03:38:47] [7/15] rizinorg/rizin...
[SCRAPER-3] [03:38:49] [8/15] ctfs/write-ups-2016...
[SCRAPER-3] [03:38:51] [9/15] ctfs/write-ups-2015...
[SCRAPER-3] [03:38:53] [10/15] p4-team/ctf...
[SCRAPER-3] [03:38:55] [11/15] apsdehal/awesome-ctf...
[SCRAPER-3] [03:38:57] [12/15] facebook/fbctf...
[SCRAPER-3] [03:38:59] [13/15] CTFd/CTFd...
[SCRAPER-3] [03:39:01] [14/15] google/google-ctf...
[SCRAPER-3] [03:39:03] [15/15] RsaCtfTool/RsaCtfTool...
[SCRAPER-3] [03:39:05] ✅ CYCLE 86 DONE | Total: 0.0 MB
[SCRAPER-3] [03:40:05] 🔄 CYCLE 87 - Depth: 9200 files/repo
[SCRAPER-3] [03:40:05] [1/15] Gallopsled/pwntools...
[SCRAPER-3] [03:40:07] [2/15] pwndbg/pwndbg...
[SCRAPER-3] [03:40:09] [3/15] longld/peda...
[SCRAPER-3] [03:40:12] [4/15] hugsy/gef...
[SCRAPER-3] [03:40:14] [5/15] NationalSecurityAgency/ghidra...
[SCRAPER-3] [03:40:16] [6/15] radare/radare2...
[SCRAPER-3] [03:40:18] [7/15] rizinorg/rizin...
[SCRAPER-3] [03:40:20] [8/15] ctfs/write-ups-2016...
[SCRAPER-3] [03:40:22] [9/15] ctfs/write-ups-2015...
[SCRAPER-3] [03:40:24] [10/15] p4-team/ctf...
[SCRAPER-3] [03:40:26] [11/15] apsdehal/awesome-ctf...
[SCRAPER-3] [03:40:28] [12/15] facebook/fbctf...
[SCRAPER-3] [03:40:30] [13/15] CTFd/CTFd...
[SCRAPER-3] [03:40:32] [14/15] google/google-ctf...
[SCRAPER-3] [03:40:34] [15/15] RsaCtfTool/RsaCtfTool...
[SCRAPER-3] [03:40:36] ✅ CYCLE 87 DONE | Total: 0.0 MB
[SCRAPER-3] [03:41:36] 🔄 CYCLE 88 - Depth: 9300 files/repo
[SCRAPER-3] [03:41:36] [1/15] Gallopsled/pwntools...
[SCRAPER-3] [03:41:38] [2/15] pwndbg/pwndbg...
[SCRAPER-3] [03:41:40] [3/15] longld/peda...
[SCRAPER-3] [03:41:42] [4/15] hugsy/gef...
[SCRAPER-3] [03:41:44] [5/15] NationalSecurityAgency/ghidra...
[SCRAPER-3] [03:41:46] [6/15] radare/radare2...
[SCRAPER-3] [03:41:48] [7/15] rizinorg/rizin...
[SCRAPER-3] [03:41:50] [8/15] ctfs/write-ups-2016...
[SCRAPER-3] [03:41:52] [9/15] ctfs/write-ups-2015...
[SCRAPER-3] [03:41:54] [10/15] p4-team/ctf...
[SCRAPER-3] [03:41:56] [11/15] apsdehal/awesome-ctf...
[SCRAPER-3] [03:41:58] [12/15] facebook/fbctf...
[SCRAPER-3] [03:42:00] [13/15] CTFd/CTFd...
[SCRAPER-3] [03:42:02] [14/15] google/google-ctf...
[SCRAPER-3] [03:42:04] [15/15] RsaCtfTool/RsaCtfTool...
[SCRAPER-3] [03:42:06] ✅ CYCLE 88 DONE | Total: 0.0 MB
[SCRAPER-3] [03:43:06] 🔄 CYCLE 89 - Depth: 9400 files/repo
[SCRAPER-3] [03:43:06] [1/15] Gallopsled/pwntools...
[SCRAPER-3] [03:43:08] [2/15] pwndbg/pwndbg...
[SCRAPER-3] [03:43:10] [3/15] longld/peda...
[SCRAPER-3] [03:43:12] [4/15] hugsy/gef...
[SCRAPER-3] [03:43:14] [5/15] NationalSecurityAgency/ghidra...
[SCRAPER-3] [03:43:16] [6/15] radare/radare2...
[SCRAPER-3] [03:43:19] [7/15] rizinorg/rizin...
[SCRAPER-3] [03:43:21] [8/15] ctfs/write-ups-2016...
[SCRAPER-3] [03:43:23] [9/15] ctfs/write-ups-2015...
[SCRAPER-3] [03:43:25] [10/15] p4-team/ctf...
[SCRAPER-3] [03:43:27] [11/15] apsdehal/awesome-ctf...
[SCRAPER-3] [03:43:29] [12/15] facebook/fbctf...
[SCRAPER-3] [03:43:31] [13/15] CTFd/CTFd...
[SCRAPER-3] [03:43:33] [14/15] google/google-ctf...
[SCRAPER-3] [03:43:35] [15/15] RsaCtfTool/RsaCtfTool...
[SCRAPER-3] [03:43:37] ✅ CYCLE 89 DONE | Total: 0.0 MB
[SCRAPER-3] [03:44:37] 🔄 CYCLE 90 - Depth: 9500 files/repo
[SCRAPER-3] [03:44:37] [1/15] Gallopsled/pwntools...
[SCRAPER-3] [03:44:39] [2/15] pwndbg/pwndbg...
[SCRAPER-3] [03:44:41] [3/15] longld/peda...
[SCRAPER-3] [03:44:43] [4/15] hugsy/gef...
[SCRAPER-3] [03:44:45] [5/15] NationalSecurityAgency/ghidra...
[SCRAPER-3] [03:44:47] [6/15] radare/radare2...
[SCRAPER-3] [03:44:49] [7/15] rizinorg/rizin...
[SCRAPER-3] [03:44:51] [8/15] ctfs/write-ups-2016...
[SCRAPER-3] [03:44:53] [9/15] ctfs/write-ups-2015...
[SCRAPER-3] [03:44:55] [10/15] p4-team/ctf...
[SCRAPER-3] [03:44:57] [11/15] apsdehal/awesome-ctf...
[SCRAPER-3] [03:44:59] [12/15] facebook/fbctf...
[SCRAPER-3] [03:45:01] [13/15] CTFd/CTFd...
[SCRAPER-3] [03:45:03] [14/15] google/google-ctf...
[SCRAPER-3] [03:45:05] [15/15] RsaCtfTool/RsaCtfTool...
[SCRAPER-3] [03:45:07] ✅ CYCLE 90 DONE | Total: 0.0 MB
[SCRAPER-3] [03:46:07] 🔄 CYCLE 91 - Depth: 9600 files/repo
[SCRAPER-3] [03:46:07] [1/15] Gallopsled/pwntools...
[SCRAPER-3] [03:46:09] [2/15] pwndbg/pwndbg...
[SCRAPER-3] [03:46:11] [3/15] longld/peda...
[SCRAPER-3] [03:46:13] [4/15] hugsy/gef...
[SCRAPER-3] [03:46:15] [5/15] NationalSecurityAgency/ghidra...
[SCRAPER-3] [03:46:17] [6/15] radare/radare2...
[SCRAPER-3] [03:46:19] [7/15] rizinorg/rizin...
[SCRAPER-3] [03:46:21] [8/15] ctfs/write-ups-2016...
[SCRAPER-3] [03:46:24] [9/15] ctfs/write-ups-2015...
[SCRAPER-3] [03:46:26] [10/15] p4-team/ctf...
[SCRAPER-3] [03:46:28] [11/15] apsdehal/awesome-ctf...
[SCRAPER-3] [03:46:30] [12/15] facebook/fbctf...
[SCRAPER-3] [03:46:32] [13/15] CTFd/CTFd...
[SCRAPER-3] [03:46:34] [14/15] google/google-ctf...
[SCRAPER-3] [03:46:36] [15/15] RsaCtfTool/RsaCtfTool...
[SCRAPER-3] [03:46:38] ✅ CYCLE 91 DONE | Total: 0.0 MB
[SCRAPER-3] [03:47:38] 🔄 CYCLE 92 - Depth: 9700 files/repo
[SCRAPER-3] [03:47:38] [1/15] Gallopsled/pwntools...
[SCRAPER-3] [03:47:40] [2/15] pwndbg/pwndbg...
[SCRAPER-3] [03:47:42] [3/15] longld/peda...
[SCRAPER-3] [03:47:44] [4/15] hugsy/gef...
[SCRAPER-3] [03:47:46] [5/15] NationalSecurityAgency/ghidra...
[SCRAPER-3] [03:47:48] [6/15] radare/radare2...
[SCRAPER-3] [03:47:50] [7/15] rizinorg/rizin...
[SCRAPER-3] [03:47:52] [8/15] ctfs/write-ups-2016...
[SCRAPER-3] [03:47:54] [9/15] ctfs/write-ups-2015...
[SCRAPER-3] [03:47:56] [10/15] p4-team/ctf...
[SCRAPER-3] [03:47:58] [11/15] apsdehal/awesome-ctf...
[SCRAPER-3] [03:48:00] [12/15] facebook/fbctf...
[SCRAPER-3] [03:48:02] [13/15] CTFd/CTFd...
[SCRAPER-3] [03:48:04] [14/15] google/google-ctf...
[SCRAPER-3] [03:48:06] [15/15] RsaCtfTool/RsaCtfTool...
[SCRAPER-3] [03:48:08] ✅ CYCLE 92 DONE | Total: 0.0 MB
[SCRAPER-3] [03:49:08] 🔄 CYCLE 93 - Depth: 9800 files/repo
[SCRAPER-3] [03:49:08] [1/15] Gallopsled/pwntools...
[SCRAPER-3] [03:49:10] [2/15] pwndbg/pwndbg...
[SCRAPER-3] [03:49:12] [3/15] longld/peda...
[SCRAPER-3] [03:49:14] [4/15] hugsy/gef...
[SCRAPER-3] [03:49:16] [5/15] NationalSecurityAgency/ghidra...
[SCRAPER-3] [03:49:18] [6/15] radare/radare2...
[SCRAPER-3] [03:49:20] [7/15] rizinorg/rizin...
[SCRAPER-3] [03:49:22] [8/15] ctfs/write-ups-2016...
[SCRAPER-3] [03:49:24] [9/15] ctfs/write-ups-2015...
[SCRAPER-3] [03:49:27] [10/15] p4-team/ctf...
[SCRAPER-3] [03:49:29] [11/15] apsdehal/awesome-ctf...
[SCRAPER-3] [03:49:31] [12/15] facebook/fbctf...
[SCRAPER-3] [03:49:33] [13/15] CTFd/CTFd...
[SCRAPER-3] [03:49:35] [14/15] google/google-ctf...
[SCRAPER-3] [03:49:37] [15/15] RsaCtfTool/RsaCtfTool...
[SCRAPER-3] [03:49:39] ✅ CYCLE 93 DONE | Total: 0.0 MB
[SCRAPER-3] [03:50:39] 🔄 CYCLE 94 - Depth: 9900 files/repo
[SCRAPER-3] [03:50:39] [1/15] Gallopsled/pwntools...
[SCRAPER-3] [03:50:41] [2/15] pwndbg/pwndbg...
[SCRAPER-3] [03:50:43] [3/15] longld/peda...
[SCRAPER-3] [03:50:45] [4/15] hugsy/gef...
[SCRAPER-3] [03:50:47] [5/15] NationalSecurityAgency/ghidra...
[SCRAPER-3] [03:50:49] [6/15] radare/radare2...
[SCRAPER-3] [03:50:51] [7/15] rizinorg/rizin...
[SCRAPER-3] [03:50:53] [8/15] ctfs/write-ups-2016...
[SCRAPER-3] [03:50:55] [9/15] ctfs/write-ups-2015...
[SCRAPER-3] [03:50:57] [10/15] p4-team/ctf...
[SCRAPER-3] [03:50:59] [11/15] apsdehal/awesome-ctf...
[SCRAPER-3] [03:51:01] [12/15] facebook/fbctf...
[SCRAPER-3] [03:51:03] [13/15] CTFd/CTFd...
[SCRAPER-3] [03:51:05] [14/15] google/google-ctf...
[SCRAPER-3] [03:51:07] [15/15] RsaCtfTool/RsaCtfTool...
[SCRAPER-3] [03:51:09] ✅ CYCLE 94 DONE | Total: 0.0 MB
[SCRAPER-3] [03:52:09] 🔄 CYCLE 95 - Depth: 10000 files/repo
[SCRAPER-3] [03:52:09] [1/15] Gallopsled/pwntools...
[SCRAPER-3] [03:52:11] [2/15] pwndbg/pwndbg...
[SCRAPER-3] [03:52:13] [3/15] longld/peda...
[SCRAPER-3] [03:52:15] [4/15] hugsy/gef...
[SCRAPER-3] [03:52:17] [5/15] NationalSecurityAgency/ghidra...
[SCRAPER-3] [03:52:19] [6/15] radare/radare2...
[SCRAPER-3] [03:52:21] [7/15] rizinorg/rizin...
[SCRAPER-3] [03:52:23] [8/15] ctfs/write-ups-2016...
[SCRAPER-3] [03:52:25] [9/15] ctfs/write-ups-2015...
[SCRAPER-3] [03:52:27] [10/15] p4-team/ctf...
[SCRAPER-3] [03:52:29] [11/15] apsdehal/awesome-ctf...
[SCRAPER-3] [03:52:32] [12/15] facebook/fbctf...
[SCRAPER-3] [03:52:34] [13/15] CTFd/CTFd...
[SCRAPER-3] [03:52:36] [14/15] google/google-ctf...
[SCRAPER-3] [03:52:38] [15/15] RsaCtfTool/RsaCtfTool...
[SCRAPER-3] [03:52:40] ✅ CYCLE 95 DONE | Total: 0.0 MB
[SCRAPER-3] [03:53:40] 🔄 CYCLE 96 - Depth: 10100 files/repo
[SCRAPER-3] [03:53:40] [1/15] Gallopsled/pwntools...
[SCRAPER-3] [03:53:42] [2/15] pwndbg/pwndbg...
[SCRAPER-3] [03:53:44] [3/15] longld/peda...
[SCRAPER-3] [03:53:46] [4/15] hugsy/gef...
[SCRAPER-3] [03:53:48] [5/15] NationalSecurityAgency/ghidra...
[SCRAPER-3] [03:53:50] [6/15] radare/radare2...
[SCRAPER-3] [03:53:52] [7/15] rizinorg/rizin...
[SCRAPER-3] [03:53:54] [8/15] ctfs/write-ups-2016...
[SCRAPER-3] [03:53:56] [9/15] ctfs/write-ups-2015...
[SCRAPER-3] [03:53:58] [10/15] p4-team/ctf...
[SCRAPER-3] [03:54:00] [11/15] apsdehal/awesome-ctf...
[SCRAPER-3] [03:54:02] [12/15] facebook/fbctf...
[SCRAPER-3] [03:54:04] [13/15] CTFd/CTFd...
[SCRAPER-3] [03:54:06] [14/15] google/google-ctf...
[SCRAPER-3] [03:54:08] [15/15] RsaCtfTool/RsaCtfTool...
[SCRAPER-3] [03:54:10] ✅ CYCLE 96 DONE | Total: 0.0 MB
