[SCRAPER-4] [01:30:27] 🚀 SCRAPER 4 STARTED: Cloud Security & Vuln Tools
[SCRAPER-4] [01:30:27] 🔄 CYCLE 1 - Depth: 600 files/repo
[SCRAPER-4] [01:30:27] [1/17] Azure/Azure-Security-Center...
[SCRAPER-4] [01:30:29] [2/17] aquasecurity/trivy...
[SCRAPER-4] [01:30:31] [3/17] bridgecrewio/checkov...
[SCRAPER-4] [01:30:33] [4/17] RhinoSecurityLabs/pacu...
[SCRAPER-4] [01:30:35] [5/17] nccgroup/ScoutSuite...
[SCRAPER-4] [01:30:37] [6/17] toniblyx/prowler...
[SCRAPER-4] [01:30:39] [7/17] projectdiscovery/nuclei-templates...
[SCRAPER-4] [01:30:41] [8/17] projectdiscovery/nuclei...
[SCRAPER-4] [01:30:43] [9/17] sqlmapproject/sqlmap...
[SCRAPER-4] [01:30:45] [10/17] commixproject/commix...
[SCRAPER-4] [01:30:47] [11/17] epinna/tplmap...
[SCRAPER-4] [01:30:49] [12/17] urbanadventurer/WhatWeb...
[SCRAPER-4] [01:30:51] [13/17] EnableSecurity/wafw00f...
[SCRAPER-4] [01:30:53] [14/17] xmendez/wfuzz...
[SCRAPER-4] [01:30:55] [15/17] OJ/gobuster...
[SCRAPER-4] [01:30:57] [16/17] ffuf/ffuf...
[SCRAPER-4] [01:30:59] [17/17] tomnomnom/meg...
[SCRAPER-4] [01:31:01] ✅ CYCLE 1 DONE | Total: 0.0 MB
[SCRAPER-4] [01:32:01] 🔄 CYCLE 2 - Depth: 700 files/repo
[SCRAPER-4] [01:32:01] [1/17] Azure/Azure-Security-Center...
[SCRAPER-4] [01:32:04] [2/17] aquasecurity/trivy...
[SCRAPER-4] [01:32:06] [3/17] bridgecrewio/checkov...
[SCRAPER-4] [01:32:08] [4/17] RhinoSecurityLabs/pacu...
[SCRAPER-4] [01:32:10] [5/17] nccgroup/ScoutSuite...
[SCRAPER-4] [01:32:12] [6/17] toniblyx/prowler...
[SCRAPER-4] [01:32:14] [7/17] projectdiscovery/nuclei-templates...
[SCRAPER-4] [01:32:16] [8/17] projectdiscovery/nuclei...
[SCRAPER-4] [01:32:18] [9/17] sqlmapproject/sqlmap...
[SCRAPER-4] [01:32:20] [10/17] commixproject/commix...
[SCRAPER-4] [01:32:22] [11/17] epinna/tplmap...
[SCRAPER-4] [01:32:24] [12/17] urbanadventurer/WhatWeb...
[SCRAPER-4] [01:32:26] [13/17] EnableSecurity/wafw00f...
[SCRAPER-4] [01:32:28] [14/17] xmendez/wfuzz...
[SCRAPER-4] [01:32:30] [15/17] OJ/gobuster...
[SCRAPER-4] [01:32:32] [16/17] ffuf/ffuf...
[SCRAPER-4] [01:32:34] [17/17] tomnomnom/meg...
[SCRAPER-4] [01:32:36] ✅ CYCLE 2 DONE | Total: 0.0 MB
[SCRAPER-4] [01:33:36] 🔄 CYCLE 3 - Depth: 800 files/repo
[SCRAPER-4] [01:33:36] [1/17] Azure/Azure-Security-Center...
[SCRAPER-4] [01:33:38] [2/17] aquasecurity/trivy...
[SCRAPER-4] [01:33:40] [3/17] bridgecrewio/checkov...
[SCRAPER-4] [01:33:42] [4/17] RhinoSecurityLabs/pacu...
[SCRAPER-4] [01:33:44] [5/17] nccgroup/ScoutSuite...
[SCRAPER-4] [01:33:46] [6/17] toniblyx/prowler...
[SCRAPER-4] [01:33:48] [7/17] projectdiscovery/nuclei-templates...
[SCRAPER-4] [01:33:50] [8/17] projectdiscovery/nuclei...
[SCRAPER-4] [01:33:52] [9/17] sqlmapproject/sqlmap...
[SCRAPER-4] [01:33:54] [10/17] commixproject/commix...
[SCRAPER-4] [01:33:56] [11/17] epinna/tplmap...
[SCRAPER-4] [01:33:58] [12/17] urbanadventurer/WhatWeb...
[SCRAPER-4] [01:34:00] [13/17] EnableSecurity/wafw00f...
[SCRAPER-4] [01:34:02] [14/17] xmendez/wfuzz...
[SCRAPER-4] [01:34:04] [15/17] OJ/gobuster...
[SCRAPER-4] [01:34:06] [16/17] ffuf/ffuf...
[SCRAPER-4] [01:34:09] [17/17] tomnomnom/meg...
[SCRAPER-4] [01:34:11] ✅ CYCLE 3 DONE | Total: 0.0 MB
[SCRAPER-4] [01:35:11] 🔄 CYCLE 4 - Depth: 900 files/repo
[SCRAPER-4] [01:35:11] [1/17] Azure/Azure-Security-Center...
[SCRAPER-4] [01:35:13] [2/17] aquasecurity/trivy...
[SCRAPER-4] [01:35:15] [3/17] bridgecrewio/checkov...
[SCRAPER-4] [01:35:17] [4/17] RhinoSecurityLabs/pacu...
[SCRAPER-4] [01:35:19] [5/17] nccgroup/ScoutSuite...
[SCRAPER-4] [01:35:21] [6/17] toniblyx/prowler...
[SCRAPER-4] [01:35:23] [7/17] projectdiscovery/nuclei-templates...
[SCRAPER-4] [01:35:25] [8/17] projectdiscovery/nuclei...
[SCRAPER-4] [01:35:27] [9/17] sqlmapproject/sqlmap...
[SCRAPER-4] [01:35:29] [10/17] commixproject/commix...
[SCRAPER-4] [01:35:31] [11/17] epinna/tplmap...
[SCRAPER-4] [01:35:33] [12/17] urbanadventurer/WhatWeb...
[SCRAPER-4] [01:35:35] [13/17] EnableSecurity/wafw00f...
[SCRAPER-4] [01:35:37] [14/17] xmendez/wfuzz...
[SCRAPER-4] [01:35:39] [15/17] OJ/gobuster...
[SCRAPER-4] [01:35:41] [16/17] ffuf/ffuf...
[SCRAPER-4] [01:35:43] [17/17] tomnomnom/meg...
[SCRAPER-4] [01:35:45] ✅ CYCLE 4 DONE | Total: 0.0 MB
[SCRAPER-4] [01:36:45] 🔄 CYCLE 5 - Depth: 1000 files/repo
[SCRAPER-4] [01:36:45] [1/17] Azure/Azure-Security-Center...
[SCRAPER-4] [01:36:47] [2/17] aquasecurity/trivy...
[SCRAPER-4] [01:36:49] [3/17] bridgecrewio/checkov...
[SCRAPER-4] [01:36:51] [4/17] RhinoSecurityLabs/pacu...
[SCRAPER-4] [01:36:53] [5/17] nccgroup/ScoutSuite...
[SCRAPER-4] [01:36:55] [6/17] toniblyx/prowler...
[SCRAPER-4] [01:36:57] [7/17] projectdiscovery/nuclei-templates...
[SCRAPER-4] [01:36:59] [8/17] projectdiscovery/nuclei...
[SCRAPER-4] [01:37:01] [9/17] sqlmapproject/sqlmap...
[SCRAPER-4] [01:37:03] [10/17] commixproject/commix...
[SCRAPER-4] [01:37:05] [11/17] epinna/tplmap...
[SCRAPER-4] [01:37:07] [12/17] urbanadventurer/WhatWeb...
[SCRAPER-4] [01:37:09] [13/17] EnableSecurity/wafw00f...
[SCRAPER-4] [01:37:12] [14/17] xmendez/wfuzz...
[SCRAPER-4] [01:37:14] [15/17] OJ/gobuster...
[SCRAPER-4] [01:37:16] [16/17] ffuf/ffuf...
[SCRAPER-4] [01:37:18] [17/17] tomnomnom/meg...
[SCRAPER-4] [01:37:20] ✅ CYCLE 5 DONE | Total: 0.0 MB
[SCRAPER-4] [01:38:20] 🔄 CYCLE 6 - Depth: 1100 files/repo
[SCRAPER-4] [01:38:20] [1/17] Azure/Azure-Security-Center...
[SCRAPER-4] [01:38:22] [2/17] aquasecurity/trivy...
[SCRAPER-4] [01:38:24] [3/17] bridgecrewio/checkov...
[SCRAPER-4] [01:38:26] [4/17] RhinoSecurityLabs/pacu...
[SCRAPER-4] [01:38:28] [5/17] nccgroup/ScoutSuite...
[SCRAPER-4] [01:38:30] [6/17] toniblyx/prowler...
[SCRAPER-4] [01:38:32] [7/17] projectdiscovery/nuclei-templates...
[SCRAPER-4] [01:38:34] [8/17] projectdiscovery/nuclei...
[SCRAPER-4] [01:38:36] [9/17] sqlmapproject/sqlmap...
[SCRAPER-4] [01:38:38] [10/17] commixproject/commix...
[SCRAPER-4] [01:38:40] [11/17] epinna/tplmap...
[SCRAPER-4] [01:38:42] [12/17] urbanadventurer/WhatWeb...
[SCRAPER-4] [01:38:44] [13/17] EnableSecurity/wafw00f...
[SCRAPER-4] [01:38:46] [14/17] xmendez/wfuzz...
[SCRAPER-4] [01:38:48] [15/17] OJ/gobuster...
[SCRAPER-4] [01:38:50] [16/17] ffuf/ffuf...
[SCRAPER-4] [01:38:52] [17/17] tomnomnom/meg...
[SCRAPER-4] [01:38:54] ✅ CYCLE 6 DONE | Total: 0.0 MB
[SCRAPER-4] [01:39:54] 🔄 CYCLE 7 - Depth: 1200 files/repo
[SCRAPER-4] [01:39:54] [1/17] Azure/Azure-Security-Center...
[SCRAPER-4] [01:39:56] [2/17] aquasecurity/trivy...
[SCRAPER-4] [01:39:58] [3/17] bridgecrewio/checkov...
[SCRAPER-4] [01:40:00] [4/17] RhinoSecurityLabs/pacu...
[SCRAPER-4] [01:40:02] [5/17] nccgroup/ScoutSuite...
[SCRAPER-4] [01:40:04] [6/17] toniblyx/prowler...
[SCRAPER-4] [01:40:06] [7/17] projectdiscovery/nuclei-templates...
[SCRAPER-4] [01:40:08] [8/17] projectdiscovery/nuclei...
[SCRAPER-4] [01:40:10] [9/17] sqlmapproject/sqlmap...
[SCRAPER-4] [01:40:12] [10/17] commixproject/commix...
[SCRAPER-4] [01:40:14] [11/17] epinna/tplmap...
[SCRAPER-4] [01:40:16] [12/17] urbanadventurer/WhatWeb...
[SCRAPER-4] [01:40:19] [13/17] EnableSecurity/wafw00f...
[SCRAPER-4] [01:40:21] [14/17] xmendez/wfuzz...
[SCRAPER-4] [01:40:23] [15/17] OJ/gobuster...
[SCRAPER-4] [01:40:25] [16/17] ffuf/ffuf...
[SCRAPER-4] [01:40:27] [17/17] tomnomnom/meg...
[SCRAPER-4] [01:40:29] ✅ CYCLE 7 DONE | Total: 0.0 MB
[SCRAPER-4] [01:41:29] 🔄 CYCLE 8 - Depth: 1300 files/repo
[SCRAPER-4] [01:41:29] [1/17] Azure/Azure-Security-Center...
[SCRAPER-4] [01:41:31] [2/17] aquasecurity/trivy...
[SCRAPER-4] [01:41:33] [3/17] bridgecrewio/checkov...
[SCRAPER-4] [01:41:35] [4/17] RhinoSecurityLabs/pacu...
[SCRAPER-4] [01:41:37] [5/17] nccgroup/ScoutSuite...
[SCRAPER-4] [01:41:39] [6/17] toniblyx/prowler...
[SCRAPER-4] [01:41:41] [7/17] projectdiscovery/nuclei-templates...
[SCRAPER-4] [01:41:43] [8/17] projectdiscovery/nuclei...
[SCRAPER-4] [01:41:45] [9/17] sqlmapproject/sqlmap...
[SCRAPER-4] [01:41:47] [10/17] commixproject/commix...
[SCRAPER-4] [01:41:49] [11/17] epinna/tplmap...
[SCRAPER-4] [01:41:51] [12/17] urbanadventurer/WhatWeb...
[SCRAPER-4] [01:41:53] [13/17] EnableSecurity/wafw00f...
[SCRAPER-4] [01:41:55] [14/17] xmendez/wfuzz...
[SCRAPER-4] [01:41:57] [15/17] OJ/gobuster...
[SCRAPER-4] [01:41:59] [16/17] ffuf/ffuf...
[SCRAPER-4] [01:42:01] [17/17] tomnomnom/meg...
[SCRAPER-4] [01:42:03] ✅ CYCLE 8 DONE | Total: 0.0 MB
[SCRAPER-4] [01:43:03] 🔄 CYCLE 9 - Depth: 1400 files/repo
[SCRAPER-4] [01:43:03] [1/17] Azure/Azure-Security-Center...
[SCRAPER-4] [01:43:05] [2/17] aquasecurity/trivy...
[SCRAPER-4] [01:43:07] [3/17] bridgecrewio/checkov...
[SCRAPER-4] [01:43:09] [4/17] RhinoSecurityLabs/pacu...
[SCRAPER-4] [01:43:11] [5/17] nccgroup/ScoutSuite...
[SCRAPER-4] [01:43:13] [6/17] toniblyx/prowler...
[SCRAPER-4] [01:43:15] [7/17] projectdiscovery/nuclei-templates...
[SCRAPER-4] [01:43:17] [8/17] projectdiscovery/nuclei...
[SCRAPER-4] [01:43:19] [9/17] sqlmapproject/sqlmap...
[SCRAPER-4] [01:43:22] [10/17] commixproject/commix...
[SCRAPER-4] [01:43:24] [11/17] epinna/tplmap...
[SCRAPER-4] [01:43:26] [12/17] urbanadventurer/WhatWeb...
[SCRAPER-4] [01:43:28] [13/17] EnableSecurity/wafw00f...
[SCRAPER-4] [01:43:30] [14/17] xmendez/wfuzz...
[SCRAPER-4] [01:43:32] [15/17] OJ/gobuster...
[SCRAPER-4] [01:43:34] [16/17] ffuf/ffuf...
[SCRAPER-4] [01:43:36] [17/17] tomnomnom/meg...
[SCRAPER-4] [01:43:38] ✅ CYCLE 9 DONE | Total: 0.0 MB
[SCRAPER-4] [01:44:38] 🔄 CYCLE 10 - Depth: 1500 files/repo
[SCRAPER-4] [01:44:38] [1/17] Azure/Azure-Security-Center...
[SCRAPER-4] [01:44:40] [2/17] aquasecurity/trivy...
[SCRAPER-4] [01:44:42] [3/17] bridgecrewio/checkov...
[SCRAPER-4] [01:44:44] [4/17] RhinoSecurityLabs/pacu...
[SCRAPER-4] [01:44:46] [5/17] nccgroup/ScoutSuite...
[SCRAPER-4] [01:44:48] [6/17] toniblyx/prowler...
[SCRAPER-4] [01:44:50] [7/17] projectdiscovery/nuclei-templates...
[SCRAPER-4] [01:44:52] [8/17] projectdiscovery/nuclei...
[SCRAPER-4] [01:44:54] [9/17] sqlmapproject/sqlmap...
[SCRAPER-4] [01:44:56] [10/17] commixproject/commix...
[SCRAPER-4] [01:44:58] [11/17] epinna/tplmap...
[SCRAPER-4] [01:45:00] [12/17] urbanadventurer/WhatWeb...
[SCRAPER-4] [01:45:02] [13/17] EnableSecurity/wafw00f...
[SCRAPER-4] [01:45:04] [14/17] xmendez/wfuzz...
[SCRAPER-4] [01:45:06] [15/17] OJ/gobuster...
[SCRAPER-4] [01:45:08] [16/17] ffuf/ffuf...
[SCRAPER-4] [01:45:10] [17/17] tomnomnom/meg...
[SCRAPER-4] [01:45:12] ✅ CYCLE 10 DONE | Total: 0.0 MB
[SCRAPER-4] [01:46:12] 🔄 CYCLE 11 - Depth: 1600 files/repo
[SCRAPER-4] [01:46:12] [1/17] Azure/Azure-Security-Center...
[SCRAPER-4] [01:46:14] [2/17] aquasecurity/trivy...
[SCRAPER-4] [01:46:16] [3/17] bridgecrewio/checkov...
[SCRAPER-4] [01:46:18] [4/17] RhinoSecurityLabs/pacu...
[SCRAPER-4] [01:46:20] [5/17] nccgroup/ScoutSuite...
[SCRAPER-4] [01:46:22] [6/17] toniblyx/prowler...
[SCRAPER-4] [01:46:24] [7/17] projectdiscovery/nuclei-templates...
[SCRAPER-4] [01:46:27] [8/17] projectdiscovery/nuclei...
[SCRAPER-4] [01:46:29] [9/17] sqlmapproject/sqlmap...
[SCRAPER-4] [01:46:31] [10/17] commixproject/commix...
[SCRAPER-4] [01:46:33] [11/17] epinna/tplmap...
[SCRAPER-4] [01:46:35] [12/17] urbanadventurer/WhatWeb...
[SCRAPER-4] [01:46:37] [13/17] EnableSecurity/wafw00f...
[SCRAPER-4] [01:46:39] [14/17] xmendez/wfuzz...
[SCRAPER-4] [01:46:41] [15/17] OJ/gobuster...
[SCRAPER-4] [01:46:43] [16/17] ffuf/ffuf...
[SCRAPER-4] [01:46:45] [17/17] tomnomnom/meg...
[SCRAPER-4] [01:46:47] ✅ CYCLE 11 DONE | Total: 0.0 MB
[SCRAPER-4] [01:47:47] 🔄 CYCLE 12 - Depth: 1700 files/repo
[SCRAPER-4] [01:47:47] [1/17] Azure/Azure-Security-Center...
[SCRAPER-4] [01:47:49] [2/17] aquasecurity/trivy...
[SCRAPER-4] [01:47:51] [3/17] bridgecrewio/checkov...
[SCRAPER-4] [01:47:53] [4/17] RhinoSecurityLabs/pacu...
[SCRAPER-4] [01:47:55] [5/17] nccgroup/ScoutSuite...
[SCRAPER-4] [01:47:57] [6/17] toniblyx/prowler...
[SCRAPER-4] [01:47:59] [7/17] projectdiscovery/nuclei-templates...
[SCRAPER-4] [01:48:01] [8/17] projectdiscovery/nuclei...
[SCRAPER-4] [01:48:03] [9/17] sqlmapproject/sqlmap...
[SCRAPER-4] [01:48:05] [10/17] commixproject/commix...
[SCRAPER-4] [01:48:07] [11/17] epinna/tplmap...
[SCRAPER-4] [01:48:09] [12/17] urbanadventurer/WhatWeb...
[SCRAPER-4] [01:48:11] [13/17] EnableSecurity/wafw00f...
[SCRAPER-4] [01:48:13] [14/17] xmendez/wfuzz...
[SCRAPER-4] [01:48:15] [15/17] OJ/gobuster...
[SCRAPER-4] [01:48:17] [16/17] ffuf/ffuf...
[SCRAPER-4] [01:48:19] [17/17] tomnomnom/meg...
[SCRAPER-4] [01:48:21] ✅ CYCLE 12 DONE | Total: 0.0 MB
[SCRAPER-4] [01:49:21] 🔄 CYCLE 13 - Depth: 1800 files/repo
[SCRAPER-4] [01:49:21] [1/17] Azure/Azure-Security-Center...
[SCRAPER-4] [01:49:23] [2/17] aquasecurity/trivy...
[SCRAPER-4] [01:49:25] [3/17] bridgecrewio/checkov...
[SCRAPER-4] [01:49:28] [4/17] RhinoSecurityLabs/pacu...
[SCRAPER-4] [01:49:30] [5/17] nccgroup/ScoutSuite...
[SCRAPER-4] [01:49:32] [6/17] toniblyx/prowler...
[SCRAPER-4] [01:49:34] [7/17] projectdiscovery/nuclei-templates...
[SCRAPER-4] [01:49:36] [8/17] projectdiscovery/nuclei...
[SCRAPER-4] [01:49:38] [9/17] sqlmapproject/sqlmap...
[SCRAPER-4] [01:49:40] [10/17] commixproject/commix...
[SCRAPER-4] [01:49:42] [11/17] epinna/tplmap...
[SCRAPER-4] [01:49:44] [12/17] urbanadventurer/WhatWeb...
[SCRAPER-4] [01:49:46] [13/17] EnableSecurity/wafw00f...
[SCRAPER-4] [01:49:48] [14/17] xmendez/wfuzz...
[SCRAPER-4] [01:49:50] [15/17] OJ/gobuster...
[SCRAPER-4] [01:49:52] [16/17] ffuf/ffuf...
[SCRAPER-4] [01:49:54] [17/17] tomnomnom/meg...
[SCRAPER-4] [01:49:56] ✅ CYCLE 13 DONE | Total: 0.0 MB
[SCRAPER-4] [01:50:56] 🔄 CYCLE 14 - Depth: 1900 files/repo
[SCRAPER-4] [01:50:56] [1/17] Azure/Azure-Security-Center...
[SCRAPER-4] [01:50:58] [2/17] aquasecurity/trivy...
[SCRAPER-4] [01:51:00] [3/17] bridgecrewio/checkov...
[SCRAPER-4] [01:51:02] [4/17] RhinoSecurityLabs/pacu...
[SCRAPER-4] [01:51:04] [5/17] nccgroup/ScoutSuite...
[SCRAPER-4] [01:51:06] [6/17] toniblyx/prowler...
[SCRAPER-4] [01:51:08] [7/17] projectdiscovery/nuclei-templates...
[SCRAPER-4] [01:51:10] [8/17] projectdiscovery/nuclei...
[SCRAPER-4] [01:51:12] [9/17] sqlmapproject/sqlmap...
[SCRAPER-4] [01:51:14] [10/17] commixproject/commix...
[SCRAPER-4] [01:51:16] [11/17] epinna/tplmap...
[SCRAPER-4] [01:51:18] [12/17] urbanadventurer/WhatWeb...
[SCRAPER-4] [01:51:20] [13/17] EnableSecurity/wafw00f...
[SCRAPER-4] [01:51:22] [14/17] xmendez/wfuzz...
[SCRAPER-4] [01:51:24] [15/17] OJ/gobuster...
[SCRAPER-4] [01:51:26] [16/17] ffuf/ffuf...
[SCRAPER-4] [01:51:28] [17/17] tomnomnom/meg...
[SCRAPER-4] [01:51:31] ✅ CYCLE 14 DONE | Total: 0.0 MB
[SCRAPER-4] [01:52:31] 🔄 CYCLE 15 - Depth: 2000 files/repo
[SCRAPER-4] [01:52:31] [1/17] Azure/Azure-Security-Center...
[SCRAPER-4] [01:52:33] [2/17] aquasecurity/trivy...
[SCRAPER-4] [01:52:35] [3/17] bridgecrewio/checkov...
[SCRAPER-4] [01:52:37] [4/17] RhinoSecurityLabs/pacu...
[SCRAPER-4] [01:52:39] [5/17] nccgroup/ScoutSuite...
[SCRAPER-4] [01:52:41] [6/17] toniblyx/prowler...
[SCRAPER-4] [01:52:43] [7/17] projectdiscovery/nuclei-templates...
[SCRAPER-4] [01:52:45] [8/17] projectdiscovery/nuclei...
[SCRAPER-4] [01:52:47] [9/17] sqlmapproject/sqlmap...
[SCRAPER-4] [01:52:49] [10/17] commixproject/commix...
[SCRAPER-4] [01:52:51] [11/17] epinna/tplmap...
[SCRAPER-4] [01:52:53] [12/17] urbanadventurer/WhatWeb...
[SCRAPER-4] [01:52:55] [13/17] EnableSecurity/wafw00f...
[SCRAPER-4] [01:52:57] [14/17] xmendez/wfuzz...
[SCRAPER-4] [01:52:59] [15/17] OJ/gobuster...
[SCRAPER-4] [01:53:01] [16/17] ffuf/ffuf...
[SCRAPER-4] [01:53:03] [17/17] tomnomnom/meg...
[SCRAPER-4] [01:53:05] ✅ CYCLE 15 DONE | Total: 0.0 MB
[SCRAPER-4] [01:54:05] 🔄 CYCLE 16 - Depth: 2100 files/repo
[SCRAPER-4] [01:54:05] [1/17] Azure/Azure-Security-Center...
[SCRAPER-4] [01:54:07] [2/17] aquasecurity/trivy...
[SCRAPER-4] [01:54:09] [3/17] bridgecrewio/checkov...
[SCRAPER-4] [01:54:11] [4/17] RhinoSecurityLabs/pacu...
[SCRAPER-4] [01:54:13] [5/17] nccgroup/ScoutSuite...
[SCRAPER-4] [01:54:15] [6/17] toniblyx/prowler...
[SCRAPER-4] [01:54:17] [7/17] projectdiscovery/nuclei-templates...
[SCRAPER-4] [01:54:19] [8/17] projectdiscovery/nuclei...
[SCRAPER-4] [01:54:21] [9/17] sqlmapproject/sqlmap...
[SCRAPER-4] [01:54:23] [10/17] commixproject/commix...
[SCRAPER-4] [01:54:25] [11/17] epinna/tplmap...
[SCRAPER-4] [01:54:27] [12/17] urbanadventurer/WhatWeb...
[SCRAPER-4] [01:54:29] [13/17] EnableSecurity/wafw00f...
[SCRAPER-4] [01:54:31] [14/17] xmendez/wfuzz...
[SCRAPER-4] [01:54:34] [15/17] OJ/gobuster...
[SCRAPER-4] [01:54:36] [16/17] ffuf/ffuf...
[SCRAPER-4] [01:54:38] [17/17] tomnomnom/meg...
[SCRAPER-4] [01:54:40] ✅ CYCLE 16 DONE | Total: 0.0 MB
[SCRAPER-4] [01:55:40] 🔄 CYCLE 17 - Depth: 2200 files/repo
[SCRAPER-4] [01:55:40] [1/17] Azure/Azure-Security-Center...
[SCRAPER-4] [01:55:42] [2/17] aquasecurity/trivy...
[SCRAPER-4] [01:55:44] [3/17] bridgecrewio/checkov...
[SCRAPER-4] [01:55:46] [4/17] RhinoSecurityLabs/pacu...
[SCRAPER-4] [01:55:48] [5/17] nccgroup/ScoutSuite...
[SCRAPER-4] [01:55:50] [6/17] toniblyx/prowler...
[SCRAPER-4] [01:55:52] [7/17] projectdiscovery/nuclei-templates...
[SCRAPER-4] [01:55:54] [8/17] projectdiscovery/nuclei...
[SCRAPER-4] [01:55:56] [9/17] sqlmapproject/sqlmap...
[SCRAPER-4] [01:55:58] [10/17] commixproject/commix...
[SCRAPER-4] [01:56:00] [11/17] epinna/tplmap...
[SCRAPER-4] [01:56:02] [12/17] urbanadventurer/WhatWeb...
[SCRAPER-4] [01:56:04] [13/17] EnableSecurity/wafw00f...
[SCRAPER-4] [01:56:06] [14/17] xmendez/wfuzz...
[SCRAPER-4] [01:56:08] [15/17] OJ/gobuster...
[SCRAPER-4] [01:56:10] [16/17] ffuf/ffuf...
[SCRAPER-4] [01:56:12] [17/17] tomnomnom/meg...
[SCRAPER-4] [01:56:14] ✅ CYCLE 17 DONE | Total: 0.0 MB
[SCRAPER-4] [01:57:14] 🔄 CYCLE 18 - Depth: 2300 files/repo
[SCRAPER-4] [01:57:14] [1/17] Azure/Azure-Security-Center...
[SCRAPER-4] [01:57:16] [2/17] aquasecurity/trivy...
[SCRAPER-4] [01:57:18] [3/17] bridgecrewio/checkov...
[SCRAPER-4] [01:57:20] [4/17] RhinoSecurityLabs/pacu...
[SCRAPER-4] [01:57:22] [5/17] nccgroup/ScoutSuite...
[SCRAPER-4] [01:57:24] [6/17] toniblyx/prowler...
[SCRAPER-4] [01:57:26] [7/17] projectdiscovery/nuclei-templates...
[SCRAPER-4] [01:57:28] [8/17] projectdiscovery/nuclei...
[SCRAPER-4] [01:57:30] [9/17] sqlmapproject/sqlmap...
[SCRAPER-4] [01:57:32] [10/17] commixproject/commix...
[SCRAPER-4] [01:57:34] [11/17] epinna/tplmap...
[SCRAPER-4] [01:57:36] [12/17] urbanadventurer/WhatWeb...
[SCRAPER-4] [01:57:39] [13/17] EnableSecurity/wafw00f...
[SCRAPER-4] [01:57:41] [14/17] xmendez/wfuzz...
[SCRAPER-4] [01:57:43] [15/17] OJ/gobuster...
[SCRAPER-4] [01:57:45] [16/17] ffuf/ffuf...
[SCRAPER-4] [01:57:47] [17/17] tomnomnom/meg...
[SCRAPER-4] [01:57:49] ✅ CYCLE 18 DONE | Total: 0.0 MB
[SCRAPER-4] [01:58:49] 🔄 CYCLE 19 - Depth: 2400 files/repo
[SCRAPER-4] [01:58:49] [1/17] Azure/Azure-Security-Center...
[SCRAPER-4] [01:58:51] [2/17] aquasecurity/trivy...
[SCRAPER-4] [01:58:53] [3/17] bridgecrewio/checkov...
[SCRAPER-4] [01:58:55] [4/17] RhinoSecurityLabs/pacu...
[SCRAPER-4] [01:58:57] [5/17] nccgroup/ScoutSuite...
[SCRAPER-4] [01:58:59] [6/17] toniblyx/prowler...
[SCRAPER-4] [01:59:01] [7/17] projectdiscovery/nuclei-templates...
[SCRAPER-4] [01:59:03] [8/17] projectdiscovery/nuclei...
[SCRAPER-4] [01:59:05] [9/17] sqlmapproject/sqlmap...
[SCRAPER-4] [01:59:07] [10/17] commixproject/commix...
[SCRAPER-4] [01:59:09] [11/17] epinna/tplmap...
[SCRAPER-4] [01:59:11] [12/17] urbanadventurer/WhatWeb...
[SCRAPER-4] [01:59:13] [13/17] EnableSecurity/wafw00f...
[SCRAPER-4] [01:59:15] [14/17] xmendez/wfuzz...
[SCRAPER-4] [01:59:17] [15/17] OJ/gobuster...
[SCRAPER-4] [01:59:19] [16/17] ffuf/ffuf...
[SCRAPER-4] [01:59:21] [17/17] tomnomnom/meg...
[SCRAPER-4] [01:59:23] ✅ CYCLE 19 DONE | Total: 0.0 MB
[SCRAPER-4] [02:00:23] 🔄 CYCLE 20 - Depth: 2500 files/repo
[SCRAPER-4] [02:00:23] [1/17] Azure/Azure-Security-Center...
[SCRAPER-4] [02:00:25] [2/17] aquasecurity/trivy...
[SCRAPER-4] [02:00:27] [3/17] bridgecrewio/checkov...
[SCRAPER-4] [02:00:29] [4/17] RhinoSecurityLabs/pacu...
[SCRAPER-4] [02:00:31] [5/17] nccgroup/ScoutSuite...
[SCRAPER-4] [02:00:33] [6/17] toniblyx/prowler...
[SCRAPER-4] [02:00:35] [7/17] projectdiscovery/nuclei-templates...
[SCRAPER-4] [02:00:37] [8/17] projectdiscovery/nuclei...
[SCRAPER-4] [02:00:39] [9/17] sqlmapproject/sqlmap...
[SCRAPER-4] [02:00:42] [10/17] commixproject/commix...
[SCRAPER-4] [02:00:44] [11/17] epinna/tplmap...
[SCRAPER-4] [02:00:46] [12/17] urbanadventurer/WhatWeb...
[SCRAPER-4] [02:00:48] [13/17] EnableSecurity/wafw00f...
[SCRAPER-4] [02:00:50] [14/17] xmendez/wfuzz...
[SCRAPER-4] [02:00:52] [15/17] OJ/gobuster...
[SCRAPER-4] [02:00:54] [16/17] ffuf/ffuf...
[SCRAPER-4] [02:00:56] [17/17] tomnomnom/meg...
[SCRAPER-4] [02:00:58] ✅ CYCLE 20 DONE | Total: 0.0 MB
[SCRAPER-4] [02:01:58] 🔄 CYCLE 21 - Depth: 2600 files/repo
[SCRAPER-4] [02:01:58] [1/17] Azure/Azure-Security-Center...
[SCRAPER-4] [02:02:00] [2/17] aquasecurity/trivy...
[SCRAPER-4] [02:02:02] [3/17] bridgecrewio/checkov...
[SCRAPER-4] [02:02:04] [4/17] RhinoSecurityLabs/pacu...
[SCRAPER-4] [02:02:06] [5/17] nccgroup/ScoutSuite...
[SCRAPER-4] [02:02:08] [6/17] toniblyx/prowler...
[SCRAPER-4] [02:02:10] [7/17] projectdiscovery/nuclei-templates...
[SCRAPER-4] [02:02:12] [8/17] projectdiscovery/nuclei...
[SCRAPER-4] [02:02:14] [9/17] sqlmapproject/sqlmap...
[SCRAPER-4] [02:02:16] [10/17] commixproject/commix...
[SCRAPER-4] [02:02:18] [11/17] epinna/tplmap...
[SCRAPER-4] [02:02:20] [12/17] urbanadventurer/WhatWeb...
[SCRAPER-4] [02:02:22] [13/17] EnableSecurity/wafw00f...
[SCRAPER-4] [02:02:24] [14/17] xmendez/wfuzz...
[SCRAPER-4] [02:02:26] [15/17] OJ/gobuster...
[SCRAPER-4] [02:02:28] [16/17] ffuf/ffuf...
[SCRAPER-4] [02:02:30] [17/17] tomnomnom/meg...
[SCRAPER-4] [02:02:32] ✅ CYCLE 21 DONE | Total: 0.0 MB
[SCRAPER-4] [02:03:32] 🔄 CYCLE 22 - Depth: 2700 files/repo
[SCRAPER-4] [02:03:32] [1/17] Azure/Azure-Security-Center...
[SCRAPER-4] [02:03:34] [2/17] aquasecurity/trivy...
[SCRAPER-4] [02:03:36] [3/17] bridgecrewio/checkov...
[SCRAPER-4] [02:03:38] [4/17] RhinoSecurityLabs/pacu...
[SCRAPER-4] [02:03:40] [5/17] nccgroup/ScoutSuite...
[SCRAPER-4] [02:03:42] [6/17] toniblyx/prowler...
[SCRAPER-4] [02:03:45] [7/17] projectdiscovery/nuclei-templates...
[SCRAPER-4] [02:03:47] [8/17] projectdiscovery/nuclei...
[SCRAPER-4] [02:03:49] [9/17] sqlmapproject/sqlmap...
[SCRAPER-4] [02:03:51] [10/17] commixproject/commix...
[SCRAPER-4] [02:03:53] [11/17] epinna/tplmap...
[SCRAPER-4] [02:03:55] [12/17] urbanadventurer/WhatWeb...
[SCRAPER-4] [02:03:57] [13/17] EnableSecurity/wafw00f...
[SCRAPER-4] [02:03:59] [14/17] xmendez/wfuzz...
[SCRAPER-4] [02:04:01] [15/17] OJ/gobuster...
[SCRAPER-4] [02:04:03] [16/17] ffuf/ffuf...
[SCRAPER-4] [02:04:05] [17/17] tomnomnom/meg...
[SCRAPER-4] [02:04:07] ✅ CYCLE 22 DONE | Total: 0.0 MB
[SCRAPER-4] [02:05:07] 🔄 CYCLE 23 - Depth: 2800 files/repo
[SCRAPER-4] [02:05:07] [1/17] Azure/Azure-Security-Center...
[SCRAPER-4] [02:05:09] [2/17] aquasecurity/trivy...
[SCRAPER-4] [02:05:11] [3/17] bridgecrewio/checkov...
[SCRAPER-4] [02:05:13] [4/17] RhinoSecurityLabs/pacu...
[SCRAPER-4] [02:05:15] [5/17] nccgroup/ScoutSuite...
[SCRAPER-4] [02:05:17] [6/17] toniblyx/prowler...
[SCRAPER-4] [02:05:19] [7/17] projectdiscovery/nuclei-templates...
[SCRAPER-4] [02:05:21] [8/17] projectdiscovery/nuclei...
[SCRAPER-4] [02:05:23] [9/17] sqlmapproject/sqlmap...
[SCRAPER-4] [02:05:25] [10/17] commixproject/commix...
[SCRAPER-4] [02:05:27] [11/17] epinna/tplmap...
[SCRAPER-4] [02:05:29] [12/17] urbanadventurer/WhatWeb...
[SCRAPER-4] [02:05:31] [13/17] EnableSecurity/wafw00f...
[SCRAPER-4] [02:05:33] [14/17] xmendez/wfuzz...
[SCRAPER-4] [02:05:35] [15/17] OJ/gobuster...
[SCRAPER-4] [02:05:37] [16/17] ffuf/ffuf...
[SCRAPER-4] [02:05:39] [17/17] tomnomnom/meg...
[SCRAPER-4] [02:05:41] ✅ CYCLE 23 DONE | Total: 0.0 MB
[SCRAPER-4] [02:06:41] 🔄 CYCLE 24 - Depth: 2900 files/repo
[SCRAPER-4] [02:06:41] [1/17] Azure/Azure-Security-Center...
[SCRAPER-4] [02:06:43] [2/17] aquasecurity/trivy...
[SCRAPER-4] [02:06:45] [3/17] bridgecrewio/checkov...
[SCRAPER-4] [02:06:47] [4/17] RhinoSecurityLabs/pacu...
[SCRAPER-4] [02:06:49] [5/17] nccgroup/ScoutSuite...
[SCRAPER-4] [02:06:51] [6/17] toniblyx/prowler...
[SCRAPER-4] [02:06:54] [7/17] projectdiscovery/nuclei-templates...
[SCRAPER-4] [02:06:56] [8/17] projectdiscovery/nuclei...
[SCRAPER-4] [02:06:58] [9/17] sqlmapproject/sqlmap...
[SCRAPER-4] [02:07:00] [10/17] commixproject/commix...
[SCRAPER-4] [02:07:02] [11/17] epinna/tplmap...
[SCRAPER-4] [02:07:04] [12/17] urbanadventurer/WhatWeb...
[SCRAPER-4] [02:07:06] [13/17] EnableSecurity/wafw00f...
[SCRAPER-4] [02:07:08] [14/17] xmendez/wfuzz...
[SCRAPER-4] [02:07:10] [15/17] OJ/gobuster...
[SCRAPER-4] [02:07:12] [16/17] ffuf/ffuf...
[SCRAPER-4] [02:07:14] [17/17] tomnomnom/meg...
[SCRAPER-4] [02:07:16] ✅ CYCLE 24 DONE | Total: 0.0 MB
[SCRAPER-4] [02:08:16] 🔄 CYCLE 25 - Depth: 3000 files/repo
[SCRAPER-4] [02:08:16] [1/17] Azure/Azure-Security-Center...
[SCRAPER-4] [02:08:18] [2/17] aquasecurity/trivy...
[SCRAPER-4] [02:08:20] [3/17] bridgecrewio/checkov...
[SCRAPER-4] [02:08:22] [4/17] RhinoSecurityLabs/pacu...
[SCRAPER-4] [02:08:24] [5/17] nccgroup/ScoutSuite...
[SCRAPER-4] [02:08:26] [6/17] toniblyx/prowler...
[SCRAPER-4] [02:08:28] [7/17] projectdiscovery/nuclei-templates...
[SCRAPER-4] [02:08:30] [8/17] projectdiscovery/nuclei...
[SCRAPER-4] [02:08:32] [9/17] sqlmapproject/sqlmap...
[SCRAPER-4] [02:08:34] [10/17] commixproject/commix...
[SCRAPER-4] [02:08:36] [11/17] epinna/tplmap...
[SCRAPER-4] [02:08:38] [12/17] urbanadventurer/WhatWeb...
[SCRAPER-4] [02:08:40] [13/17] EnableSecurity/wafw00f...
[SCRAPER-4] [02:08:42] [14/17] xmendez/wfuzz...
[SCRAPER-4] [02:08:44] [15/17] OJ/gobuster...
[SCRAPER-4] [02:08:46] [16/17] ffuf/ffuf...
[SCRAPER-4] [02:08:48] [17/17] tomnomnom/meg...
[SCRAPER-4] [02:08:50] ✅ CYCLE 25 DONE | Total: 0.0 MB
[SCRAPER-4] [02:09:50] 🔄 CYCLE 26 - Depth: 3100 files/repo
[SCRAPER-4] [02:09:50] [1/17] Azure/Azure-Security-Center...
[SCRAPER-4] [02:09:52] [2/17] aquasecurity/trivy...
[SCRAPER-4] [02:09:54] [3/17] bridgecrewio/checkov...
[SCRAPER-4] [02:09:56] [4/17] RhinoSecurityLabs/pacu...
[SCRAPER-4] [02:09:59] [5/17] nccgroup/ScoutSuite...
[SCRAPER-4] [02:10:01] [6/17] toniblyx/prowler...
[SCRAPER-4] [02:10:03] [7/17] projectdiscovery/nuclei-templates...
[SCRAPER-4] [02:10:05] [8/17] projectdiscovery/nuclei...
[SCRAPER-4] [02:10:07] [9/17] sqlmapproject/sqlmap...
[SCRAPER-4] [02:10:09] [10/17] commixproject/commix...
[SCRAPER-4] [02:10:11] [11/17] epinna/tplmap...
[SCRAPER-4] [02:10:13] [12/17] urbanadventurer/WhatWeb...
[SCRAPER-4] [02:10:15] [13/17] EnableSecurity/wafw00f...
[SCRAPER-4] [02:10:17] [14/17] xmendez/wfuzz...
[SCRAPER-4] [02:10:19] [15/17] OJ/gobuster...
[SCRAPER-4] [02:10:21] [16/17] ffuf/ffuf...
[SCRAPER-4] [02:10:23] [17/17] tomnomnom/meg...
[SCRAPER-4] [02:10:25] ✅ CYCLE 26 DONE | Total: 0.0 MB
[SCRAPER-4] [02:11:25] 🔄 CYCLE 27 - Depth: 3200 files/repo
[SCRAPER-4] [02:11:25] [1/17] Azure/Azure-Security-Center...
[SCRAPER-4] [02:11:27] [2/17] aquasecurity/trivy...
[SCRAPER-4] [02:11:29] [3/17] bridgecrewio/checkov...
[SCRAPER-4] [02:11:31] [4/17] RhinoSecurityLabs/pacu...
[SCRAPER-4] [02:11:33] [5/17] nccgroup/ScoutSuite...
[SCRAPER-4] [02:11:35] [6/17] toniblyx/prowler...
[SCRAPER-4] [02:11:37] [7/17] projectdiscovery/nuclei-templates...
[SCRAPER-4] [02:11:39] [8/17] projectdiscovery/nuclei...
[SCRAPER-4] [02:11:41] [9/17] sqlmapproject/sqlmap...
[SCRAPER-4] [02:11:43] [10/17] commixproject/commix...
[SCRAPER-4] [02:11:45] [11/17] epinna/tplmap...
[SCRAPER-4] [02:11:47] [12/17] urbanadventurer/WhatWeb...
[SCRAPER-4] [02:11:49] [13/17] EnableSecurity/wafw00f...
[SCRAPER-4] [02:11:51] [14/17] xmendez/wfuzz...
[SCRAPER-4] [02:11:53] [15/17] OJ/gobuster...
[SCRAPER-4] [02:11:55] [16/17] ffuf/ffuf...
[SCRAPER-4] [02:11:57] [17/17] tomnomnom/meg...
[SCRAPER-4] [02:11:59] ✅ CYCLE 27 DONE | Total: 0.0 MB
[SCRAPER-4] [02:12:59] 🔄 CYCLE 28 - Depth: 3300 files/repo
[SCRAPER-4] [02:12:59] [1/17] Azure/Azure-Security-Center...
[SCRAPER-4] [02:13:01] [2/17] aquasecurity/trivy...
[SCRAPER-4] [02:13:03] [3/17] bridgecrewio/checkov...
[SCRAPER-4] [02:13:06] [4/17] RhinoSecurityLabs/pacu...
[SCRAPER-4] [02:13:08] [5/17] nccgroup/ScoutSuite...
[SCRAPER-4] [02:13:10] [6/17] toniblyx/prowler...
[SCRAPER-4] [02:13:12] [7/17] projectdiscovery/nuclei-templates...
[SCRAPER-4] [02:13:14] [8/17] projectdiscovery/nuclei...
[SCRAPER-4] [02:13:16] [9/17] sqlmapproject/sqlmap...
[SCRAPER-4] [02:13:18] [10/17] commixproject/commix...
[SCRAPER-4] [02:13:20] [11/17] epinna/tplmap...
[SCRAPER-4] [02:13:22] [12/17] urbanadventurer/WhatWeb...
[SCRAPER-4] [02:13:24] [13/17] EnableSecurity/wafw00f...
[SCRAPER-4] [02:13:26] [14/17] xmendez/wfuzz...
[SCRAPER-4] [02:13:28] [15/17] OJ/gobuster...
[SCRAPER-4] [02:13:30] [16/17] ffuf/ffuf...
[SCRAPER-4] [02:13:32] [17/17] tomnomnom/meg...
[SCRAPER-4] [02:13:34] ✅ CYCLE 28 DONE | Total: 0.0 MB
[SCRAPER-4] [02:14:34] 🔄 CYCLE 29 - Depth: 3400 files/repo
[SCRAPER-4] [02:14:34] [1/17] Azure/Azure-Security-Center...
[SCRAPER-4] [02:14:36] [2/17] aquasecurity/trivy...
[SCRAPER-4] [02:14:38] [3/17] bridgecrewio/checkov...
[SCRAPER-4] [02:14:40] [4/17] RhinoSecurityLabs/pacu...
[SCRAPER-4] [02:14:42] [5/17] nccgroup/ScoutSuite...
[SCRAPER-4] [02:14:44] [6/17] toniblyx/prowler...
[SCRAPER-4] [02:14:46] [7/17] projectdiscovery/nuclei-templates...
[SCRAPER-4] [02:14:48] [8/17] projectdiscovery/nuclei...
[SCRAPER-4] [02:14:50] [9/17] sqlmapproject/sqlmap...
[SCRAPER-4] [02:14:52] [10/17] commixproject/commix...
[SCRAPER-4] [02:14:54] [11/17] epinna/tplmap...
[SCRAPER-4] [02:14:56] [12/17] urbanadventurer/WhatWeb...
[SCRAPER-4] [02:14:58] [13/17] EnableSecurity/wafw00f...
[SCRAPER-4] [02:15:00] [14/17] xmendez/wfuzz...
[SCRAPER-4] [02:15:02] [15/17] OJ/gobuster...
[SCRAPER-4] [02:15:04] [16/17] ffuf/ffuf...
[SCRAPER-4] [02:15:06] [17/17] tomnomnom/meg...
[SCRAPER-4] [02:15:08] ✅ CYCLE 29 DONE | Total: 0.0 MB
[SCRAPER-4] [02:16:08] 🔄 CYCLE 30 - Depth: 3500 files/repo
[SCRAPER-4] [02:16:08] [1/17] Azure/Azure-Security-Center...
[SCRAPER-4] [02:16:11] [2/17] aquasecurity/trivy...
[SCRAPER-4] [02:16:13] [3/17] bridgecrewio/checkov...
[SCRAPER-4] [02:16:15] [4/17] RhinoSecurityLabs/pacu...
[SCRAPER-4] [02:16:17] [5/17] nccgroup/ScoutSuite...
[SCRAPER-4] [02:16:19] [6/17] toniblyx/prowler...
[SCRAPER-4] [02:16:21] [7/17] projectdiscovery/nuclei-templates...
[SCRAPER-4] [02:16:23] [8/17] projectdiscovery/nuclei...
[SCRAPER-4] [02:16:25] [9/17] sqlmapproject/sqlmap...
[SCRAPER-4] [02:16:27] [10/17] commixproject/commix...
[SCRAPER-4] [02:16:29] [11/17] epinna/tplmap...
[SCRAPER-4] [02:16:31] [12/17] urbanadventurer/WhatWeb...
[SCRAPER-4] [02:16:33] [13/17] EnableSecurity/wafw00f...
[SCRAPER-4] [02:16:35] [14/17] xmendez/wfuzz...
[SCRAPER-4] [02:16:37] [15/17] OJ/gobuster...
[SCRAPER-4] [02:16:39] [16/17] ffuf/ffuf...
[SCRAPER-4] [02:16:41] [17/17] tomnomnom/meg...
[SCRAPER-4] [02:16:43] ✅ CYCLE 30 DONE | Total: 0.0 MB
[SCRAPER-4] [02:17:43] 🔄 CYCLE 31 - Depth: 3600 files/repo
[SCRAPER-4] [02:17:43] [1/17] Azure/Azure-Security-Center...
[SCRAPER-4] [02:17:45] [2/17] aquasecurity/trivy...
[SCRAPER-4] [02:17:47] [3/17] bridgecrewio/checkov...
[SCRAPER-4] [02:17:49] [4/17] RhinoSecurityLabs/pacu...
[SCRAPER-4] [02:17:51] [5/17] nccgroup/ScoutSuite...
[SCRAPER-4] [02:17:53] [6/17] toniblyx/prowler...
[SCRAPER-4] [02:17:55] [7/17] projectdiscovery/nuclei-templates...
[SCRAPER-4] [02:17:57] [8/17] projectdiscovery/nuclei...
[SCRAPER-4] [02:17:59] [9/17] sqlmapproject/sqlmap...
[SCRAPER-4] [02:18:01] [10/17] commixproject/commix...
[SCRAPER-4] [02:18:03] [11/17] epinna/tplmap...
[SCRAPER-4] [02:18:05] [12/17] urbanadventurer/WhatWeb...
[SCRAPER-4] [02:18:07] [13/17] EnableSecurity/wafw00f...
[SCRAPER-4] [02:18:09] [14/17] xmendez/wfuzz...
[SCRAPER-4] [02:18:11] [15/17] OJ/gobuster...
[SCRAPER-4] [02:18:13] [16/17] ffuf/ffuf...
[SCRAPER-4] [02:18:15] [17/17] tomnomnom/meg...
[SCRAPER-4] [02:18:18] ✅ CYCLE 31 DONE | Total: 0.0 MB
[SCRAPER-4] [02:19:18] 🔄 CYCLE 32 - Depth: 3700 files/repo
[SCRAPER-4] [02:19:18] [1/17] Azure/Azure-Security-Center...
[SCRAPER-4] [02:19:20] [2/17] aquasecurity/trivy...
[SCRAPER-4] [02:19:22] [3/17] bridgecrewio/checkov...
[SCRAPER-4] [02:19:24] [4/17] RhinoSecurityLabs/pacu...
[SCRAPER-4] [02:19:26] [5/17] nccgroup/ScoutSuite...
[SCRAPER-4] [02:19:28] [6/17] toniblyx/prowler...
[SCRAPER-4] [02:19:30] [7/17] projectdiscovery/nuclei-templates...
[SCRAPER-4] [02:19:32] [8/17] projectdiscovery/nuclei...
[SCRAPER-4] [02:19:34] [9/17] sqlmapproject/sqlmap...
[SCRAPER-4] [02:19:36] [10/17] commixproject/commix...
[SCRAPER-4] [02:19:38] [11/17] epinna/tplmap...
[SCRAPER-4] [02:19:40] [12/17] urbanadventurer/WhatWeb...
[SCRAPER-4] [02:19:42] [13/17] EnableSecurity/wafw00f...
[SCRAPER-4] [02:19:44] [14/17] xmendez/wfuzz...
[SCRAPER-4] [02:19:46] [15/17] OJ/gobuster...
[SCRAPER-4] [02:19:48] [16/17] ffuf/ffuf...
[SCRAPER-4] [02:19:50] [17/17] tomnomnom/meg...
[SCRAPER-4] [02:19:52] ✅ CYCLE 32 DONE | Total: 0.0 MB
[SCRAPER-4] [02:20:52] 🔄 CYCLE 33 - Depth: 3800 files/repo
[SCRAPER-4] [02:20:52] [1/17] Azure/Azure-Security-Center...
[SCRAPER-4] [02:20:54] [2/17] aquasecurity/trivy...
[SCRAPER-4] [02:20:56] [3/17] bridgecrewio/checkov...
[SCRAPER-4] [02:20:58] [4/17] RhinoSecurityLabs/pacu...
[SCRAPER-4] [02:21:00] [5/17] nccgroup/ScoutSuite...
[SCRAPER-4] [02:21:02] [6/17] toniblyx/prowler...
[SCRAPER-4] [02:21:04] [7/17] projectdiscovery/nuclei-templates...
[SCRAPER-4] [02:21:06] [8/17] projectdiscovery/nuclei...
[SCRAPER-4] [02:21:08] [9/17] sqlmapproject/sqlmap...
[SCRAPER-4] [02:21:10] [10/17] commixproject/commix...
[SCRAPER-4] [02:21:12] [11/17] epinna/tplmap...
[SCRAPER-4] [02:21:14] [12/17] urbanadventurer/WhatWeb...
[SCRAPER-4] [02:21:16] [13/17] EnableSecurity/wafw00f...
[SCRAPER-4] [02:21:18] [14/17] xmendez/wfuzz...
[SCRAPER-4] [02:21:20] [15/17] OJ/gobuster...
[SCRAPER-4] [02:21:22] [16/17] ffuf/ffuf...
[SCRAPER-4] [02:21:25] [17/17] tomnomnom/meg...
[SCRAPER-4] [02:21:27] ✅ CYCLE 33 DONE | Total: 0.0 MB
[SCRAPER-4] [02:22:27] 🔄 CYCLE 34 - Depth: 3900 files/repo
[SCRAPER-4] [02:22:27] [1/17] Azure/Azure-Security-Center...
[SCRAPER-4] [02:22:29] [2/17] aquasecurity/trivy...
[SCRAPER-4] [02:22:31] [3/17] bridgecrewio/checkov...
[SCRAPER-4] [02:22:33] [4/17] RhinoSecurityLabs/pacu...
[SCRAPER-4] [02:22:35] [5/17] nccgroup/ScoutSuite...
[SCRAPER-4] [02:22:37] [6/17] toniblyx/prowler...
[SCRAPER-4] [02:22:39] [7/17] projectdiscovery/nuclei-templates...
[SCRAPER-4] [02:22:41] [8/17] projectdiscovery/nuclei...
[SCRAPER-4] [02:22:43] [9/17] sqlmapproject/sqlmap...
[SCRAPER-4] [02:22:45] [10/17] commixproject/commix...
[SCRAPER-4] [02:22:47] [11/17] epinna/tplmap...
[SCRAPER-4] [02:22:49] [12/17] urbanadventurer/WhatWeb...
[SCRAPER-4] [02:22:51] [13/17] EnableSecurity/wafw00f...
[SCRAPER-4] [02:22:53] [14/17] xmendez/wfuzz...
[SCRAPER-4] [02:22:55] [15/17] OJ/gobuster...
[SCRAPER-4] [02:22:57] [16/17] ffuf/ffuf...
[SCRAPER-4] [02:22:59] [17/17] tomnomnom/meg...
[SCRAPER-4] [02:23:01] ✅ CYCLE 34 DONE | Total: 0.0 MB
[SCRAPER-4] [02:24:01] 🔄 CYCLE 35 - Depth: 4000 files/repo
[SCRAPER-4] [02:24:01] [1/17] Azure/Azure-Security-Center...
[SCRAPER-4] [02:24:03] [2/17] aquasecurity/trivy...
[SCRAPER-4] [02:24:05] [3/17] bridgecrewio/checkov...
[SCRAPER-4] [02:24:07] [4/17] RhinoSecurityLabs/pacu...
[SCRAPER-4] [02:24:09] [5/17] nccgroup/ScoutSuite...
[SCRAPER-4] [02:24:11] [6/17] toniblyx/prowler...
[SCRAPER-4] [02:24:13] [7/17] projectdiscovery/nuclei-templates...
[SCRAPER-4] [02:24:15] [8/17] projectdiscovery/nuclei...
[SCRAPER-4] [02:24:17] [9/17] sqlmapproject/sqlmap...
[SCRAPER-4] [02:24:19] [10/17] commixproject/commix...
[SCRAPER-4] [02:24:21] [11/17] epinna/tplmap...
[SCRAPER-4] [02:24:23] [12/17] urbanadventurer/WhatWeb...
[SCRAPER-4] [02:24:25] [13/17] EnableSecurity/wafw00f...
[SCRAPER-4] [02:24:27] [14/17] xmendez/wfuzz...
[SCRAPER-4] [02:24:29] [15/17] OJ/gobuster...
[SCRAPER-4] [02:24:31] [16/17] ffuf/ffuf...
[SCRAPER-4] [02:24:33] [17/17] tomnomnom/meg...
[SCRAPER-4] [02:24:36] ✅ CYCLE 35 DONE | Total: 0.0 MB
[SCRAPER-4] [02:25:36] 🔄 CYCLE 36 - Depth: 4100 files/repo
[SCRAPER-4] [02:25:36] [1/17] Azure/Azure-Security-Center...
[SCRAPER-4] [02:25:38] [2/17] aquasecurity/trivy...
[SCRAPER-4] [02:25:40] [3/17] bridgecrewio/checkov...
[SCRAPER-4] [02:25:42] [4/17] RhinoSecurityLabs/pacu...
[SCRAPER-4] [02:25:44] [5/17] nccgroup/ScoutSuite...
[SCRAPER-4] [02:25:46] [6/17] toniblyx/prowler...
[SCRAPER-4] [02:25:48] [7/17] projectdiscovery/nuclei-templates...
[SCRAPER-4] [02:25:50] [8/17] projectdiscovery/nuclei...
[SCRAPER-4] [02:25:52] [9/17] sqlmapproject/sqlmap...
[SCRAPER-4] [02:25:54] [10/17] commixproject/commix...
[SCRAPER-4] [02:25:56] [11/17] epinna/tplmap...
[SCRAPER-4] [02:25:58] [12/17] urbanadventurer/WhatWeb...
[SCRAPER-4] [02:26:00] [13/17] EnableSecurity/wafw00f...
[SCRAPER-4] [02:26:02] [14/17] xmendez/wfuzz...
[SCRAPER-4] [02:26:04] [15/17] OJ/gobuster...
[SCRAPER-4] [02:26:06] [16/17] ffuf/ffuf...
[SCRAPER-4] [02:26:08] [17/17] tomnomnom/meg...
[SCRAPER-4] [02:26:10] ✅ CYCLE 36 DONE | Total: 0.0 MB
[SCRAPER-4] [02:27:10] 🔄 CYCLE 37 - Depth: 4200 files/repo
[SCRAPER-4] [02:27:10] [1/17] Azure/Azure-Security-Center...
[SCRAPER-4] [02:27:12] [2/17] aquasecurity/trivy...
[SCRAPER-4] [02:27:14] [3/17] bridgecrewio/checkov...
[SCRAPER-4] [02:27:16] [4/17] RhinoSecurityLabs/pacu...
[SCRAPER-4] [02:27:18] [5/17] nccgroup/ScoutSuite...
[SCRAPER-4] [02:27:20] [6/17] toniblyx/prowler...
[SCRAPER-4] [02:27:22] [7/17] projectdiscovery/nuclei-templates...
[SCRAPER-4] [02:27:24] [8/17] projectdiscovery/nuclei...
[SCRAPER-4] [02:27:26] [9/17] sqlmapproject/sqlmap...
[SCRAPER-4] [02:27:28] [10/17] commixproject/commix...
[SCRAPER-4] [02:27:30] [11/17] epinna/tplmap...
[SCRAPER-4] [02:27:32] [12/17] urbanadventurer/WhatWeb...
[SCRAPER-4] [02:27:34] [13/17] EnableSecurity/wafw00f...
[SCRAPER-4] [02:27:36] [14/17] xmendez/wfuzz...
[SCRAPER-4] [02:27:38] [15/17] OJ/gobuster...
[SCRAPER-4] [02:27:41] [16/17] ffuf/ffuf...
[SCRAPER-4] [02:27:43] [17/17] tomnomnom/meg...
[SCRAPER-4] [02:27:45] ✅ CYCLE 37 DONE | Total: 0.0 MB
[SCRAPER-4] [02:28:45] 🔄 CYCLE 38 - Depth: 4300 files/repo
[SCRAPER-4] [02:28:45] [1/17] Azure/Azure-Security-Center...
[SCRAPER-4] [02:28:47] [2/17] aquasecurity/trivy...
[SCRAPER-4] [02:28:49] [3/17] bridgecrewio/checkov...
[SCRAPER-4] [02:28:51] [4/17] RhinoSecurityLabs/pacu...
[SCRAPER-4] [02:28:53] [5/17] nccgroup/ScoutSuite...
[SCRAPER-4] [02:28:55] [6/17] toniblyx/prowler...
[SCRAPER-4] [02:28:57] [7/17] projectdiscovery/nuclei-templates...
[SCRAPER-4] [02:28:59] [8/17] projectdiscovery/nuclei...
[SCRAPER-4] [02:29:01] [9/17] sqlmapproject/sqlmap...
[SCRAPER-4] [02:29:03] [10/17] commixproject/commix...
[SCRAPER-4] [02:29:05] [11/17] epinna/tplmap...
[SCRAPER-4] [02:29:07] [12/17] urbanadventurer/WhatWeb...
[SCRAPER-4] [02:29:09] [13/17] EnableSecurity/wafw00f...
[SCRAPER-4] [02:29:11] [14/17] xmendez/wfuzz...
[SCRAPER-4] [02:29:13] [15/17] OJ/gobuster...
[SCRAPER-4] [02:29:15] [16/17] ffuf/ffuf...
[SCRAPER-4] [02:29:17] [17/17] tomnomnom/meg...
[SCRAPER-4] [02:29:19] ✅ CYCLE 38 DONE | Total: 0.0 MB
[SCRAPER-4] [02:30:19] 🔄 CYCLE 39 - Depth: 4400 files/repo
[SCRAPER-4] [02:30:19] [1/17] Azure/Azure-Security-Center...
[SCRAPER-4] [02:30:21] [2/17] aquasecurity/trivy...
[SCRAPER-4] [02:30:23] [3/17] bridgecrewio/checkov...
[SCRAPER-4] [02:30:25] [4/17] RhinoSecurityLabs/pacu...
[SCRAPER-4] [02:30:27] [5/17] nccgroup/ScoutSuite...
[SCRAPER-4] [02:30:29] [6/17] toniblyx/prowler...
[SCRAPER-4] [02:30:31] [7/17] projectdiscovery/nuclei-templates...
[SCRAPER-4] [02:30:33] [8/17] projectdiscovery/nuclei...
[SCRAPER-4] [02:30:35] [9/17] sqlmapproject/sqlmap...
[SCRAPER-4] [02:30:37] [10/17] commixproject/commix...
[SCRAPER-4] [02:30:39] [11/17] epinna/tplmap...
[SCRAPER-4] [02:30:41] [12/17] urbanadventurer/WhatWeb...
[SCRAPER-4] [02:30:44] [13/17] EnableSecurity/wafw00f...
[SCRAPER-4] [02:30:46] [14/17] xmendez/wfuzz...
[SCRAPER-4] [02:30:48] [15/17] OJ/gobuster...
[SCRAPER-4] [02:30:50] [16/17] ffuf/ffuf...
[SCRAPER-4] [02:30:52] [17/17] tomnomnom/meg...
[SCRAPER-4] [02:30:54] ✅ CYCLE 39 DONE | Total: 0.0 MB
[SCRAPER-4] [02:31:54] 🔄 CYCLE 40 - Depth: 4500 files/repo
[SCRAPER-4] [02:31:54] [1/17] Azure/Azure-Security-Center...
[SCRAPER-4] [02:31:56] [2/17] aquasecurity/trivy...
[SCRAPER-4] [02:31:58] [3/17] bridgecrewio/checkov...
[SCRAPER-4] [02:32:00] [4/17] RhinoSecurityLabs/pacu...
[SCRAPER-4] [02:32:02] [5/17] nccgroup/ScoutSuite...
[SCRAPER-4] [02:32:04] [6/17] toniblyx/prowler...
[SCRAPER-4] [02:32:06] [7/17] projectdiscovery/nuclei-templates...
[SCRAPER-4] [02:32:08] [8/17] projectdiscovery/nuclei...
[SCRAPER-4] [02:32:10] [9/17] sqlmapproject/sqlmap...
[SCRAPER-4] [02:32:12] [10/17] commixproject/commix...
[SCRAPER-4] [02:32:14] [11/17] epinna/tplmap...
[SCRAPER-4] [02:32:16] [12/17] urbanadventurer/WhatWeb...
[SCRAPER-4] [02:32:18] [13/17] EnableSecurity/wafw00f...
[SCRAPER-4] [02:32:20] [14/17] xmendez/wfuzz...
[SCRAPER-4] [02:32:22] [15/17] OJ/gobuster...
[SCRAPER-4] [02:32:24] [16/17] ffuf/ffuf...
[SCRAPER-4] [02:32:26] [17/17] tomnomnom/meg...
[SCRAPER-4] [02:32:28] ✅ CYCLE 40 DONE | Total: 0.0 MB
[SCRAPER-4] [02:33:28] 🔄 CYCLE 41 - Depth: 4600 files/repo
[SCRAPER-4] [02:33:28] [1/17] Azure/Azure-Security-Center...
[SCRAPER-4] [02:33:30] [2/17] aquasecurity/trivy...
[SCRAPER-4] [02:33:32] [3/17] bridgecrewio/checkov...
[SCRAPER-4] [02:33:34] [4/17] RhinoSecurityLabs/pacu...
[SCRAPER-4] [02:33:36] [5/17] nccgroup/ScoutSuite...
[SCRAPER-4] [02:33:39] [6/17] toniblyx/prowler...
[SCRAPER-4] [02:33:41] [7/17] projectdiscovery/nuclei-templates...
[SCRAPER-4] [02:33:43] [8/17] projectdiscovery/nuclei...
[SCRAPER-4] [02:33:45] [9/17] sqlmapproject/sqlmap...
[SCRAPER-4] [02:33:47] [10/17] commixproject/commix...
[SCRAPER-4] [02:33:49] [11/17] epinna/tplmap...
[SCRAPER-4] [02:33:51] [12/17] urbanadventurer/WhatWeb...
[SCRAPER-4] [02:33:53] [13/17] EnableSecurity/wafw00f...
[SCRAPER-4] [02:33:55] [14/17] xmendez/wfuzz...
[SCRAPER-4] [02:33:57] [15/17] OJ/gobuster...
[SCRAPER-4] [02:33:59] [16/17] ffuf/ffuf...
[SCRAPER-4] [02:34:01] [17/17] tomnomnom/meg...
[SCRAPER-4] [02:34:03] ✅ CYCLE 41 DONE | Total: 0.0 MB
[SCRAPER-4] [02:35:03] 🔄 CYCLE 42 - Depth: 4700 files/repo
[SCRAPER-4] [02:35:03] [1/17] Azure/Azure-Security-Center...
[SCRAPER-4] [02:35:05] [2/17] aquasecurity/trivy...
[SCRAPER-4] [02:35:07] [3/17] bridgecrewio/checkov...
[SCRAPER-4] [02:35:09] [4/17] RhinoSecurityLabs/pacu...
[SCRAPER-4] [02:35:11] [5/17] nccgroup/ScoutSuite...
[SCRAPER-4] [02:35:13] [6/17] toniblyx/prowler...
[SCRAPER-4] [02:35:15] [7/17] projectdiscovery/nuclei-templates...
[SCRAPER-4] [02:35:17] [8/17] projectdiscovery/nuclei...
[SCRAPER-4] [02:35:19] [9/17] sqlmapproject/sqlmap...
[SCRAPER-4] [02:35:21] [10/17] commixproject/commix...
[SCRAPER-4] [02:35:23] [11/17] epinna/tplmap...
[SCRAPER-4] [02:35:25] [12/17] urbanadventurer/WhatWeb...
[SCRAPER-4] [02:35:27] [13/17] EnableSecurity/wafw00f...
[SCRAPER-4] [02:35:29] [14/17] xmendez/wfuzz...
[SCRAPER-4] [02:35:31] [15/17] OJ/gobuster...
[SCRAPER-4] [02:35:33] [16/17] ffuf/ffuf...
[SCRAPER-4] [02:35:35] [17/17] tomnomnom/meg...
[SCRAPER-4] [02:35:37] ✅ CYCLE 42 DONE | Total: 0.0 MB
[SCRAPER-4] [02:36:37] 🔄 CYCLE 43 - Depth: 4800 files/repo
[SCRAPER-4] [02:36:37] [1/17] Azure/Azure-Security-Center...
[SCRAPER-4] [02:36:39] [2/17] aquasecurity/trivy...
[SCRAPER-4] [02:36:42] [3/17] bridgecrewio/checkov...
[SCRAPER-4] [02:36:44] [4/17] RhinoSecurityLabs/pacu...
[SCRAPER-4] [02:36:46] [5/17] nccgroup/ScoutSuite...
[SCRAPER-4] [02:36:48] [6/17] toniblyx/prowler...
[SCRAPER-4] [02:36:50] [7/17] projectdiscovery/nuclei-templates...
[SCRAPER-4] [02:36:52] [8/17] projectdiscovery/nuclei...
[SCRAPER-4] [02:36:54] [9/17] sqlmapproject/sqlmap...
[SCRAPER-4] [02:36:56] [10/17] commixproject/commix...
[SCRAPER-4] [02:36:58] [11/17] epinna/tplmap...
[SCRAPER-4] [02:37:00] [12/17] urbanadventurer/WhatWeb...
[SCRAPER-4] [02:37:02] [13/17] EnableSecurity/wafw00f...
[SCRAPER-4] [02:37:04] [14/17] xmendez/wfuzz...
[SCRAPER-4] [02:37:06] [15/17] OJ/gobuster...
[SCRAPER-4] [02:37:08] [16/17] ffuf/ffuf...
[SCRAPER-4] [02:37:10] [17/17] tomnomnom/meg...
[SCRAPER-4] [02:37:12] ✅ CYCLE 43 DONE | Total: 0.0 MB
[SCRAPER-4] [02:38:12] 🔄 CYCLE 44 - Depth: 4900 files/repo
[SCRAPER-4] [02:38:12] [1/17] Azure/Azure-Security-Center...
[SCRAPER-4] [02:38:14] [2/17] aquasecurity/trivy...
[SCRAPER-4] [02:38:16] [3/17] bridgecrewio/checkov...
[SCRAPER-4] [02:38:18] [4/17] RhinoSecurityLabs/pacu...
[SCRAPER-4] [02:38:20] [5/17] nccgroup/ScoutSuite...
[SCRAPER-4] [02:38:22] [6/17] toniblyx/prowler...
[SCRAPER-4] [02:38:24] [7/17] projectdiscovery/nuclei-templates...
[SCRAPER-4] [02:38:26] [8/17] projectdiscovery/nuclei...
[SCRAPER-4] [02:38:28] [9/17] sqlmapproject/sqlmap...
[SCRAPER-4] [02:38:30] [10/17] commixproject/commix...
[SCRAPER-4] [02:38:32] [11/17] epinna/tplmap...
[SCRAPER-4] [02:38:34] [12/17] urbanadventurer/WhatWeb...
[SCRAPER-4] [02:38:36] [13/17] EnableSecurity/wafw00f...
[SCRAPER-4] [02:38:38] [14/17] xmendez/wfuzz...
[SCRAPER-4] [02:38:40] [15/17] OJ/gobuster...
[SCRAPER-4] [02:38:43] [16/17] ffuf/ffuf...
[SCRAPER-4] [02:38:45] [17/17] tomnomnom/meg...
[SCRAPER-4] [02:38:47] ✅ CYCLE 44 DONE | Total: 0.0 MB
[SCRAPER-4] [02:39:47] 🔄 CYCLE 45 - Depth: 5000 files/repo
[SCRAPER-4] [02:39:47] [1/17] Azure/Azure-Security-Center...
[SCRAPER-4] [02:39:49] [2/17] aquasecurity/trivy...
[SCRAPER-4] [02:39:51] [3/17] bridgecrewio/checkov...
[SCRAPER-4] [02:39:53] [4/17] RhinoSecurityLabs/pacu...
[SCRAPER-4] [02:39:55] [5/17] nccgroup/ScoutSuite...
[SCRAPER-4] [02:39:57] [6/17] toniblyx/prowler...
[SCRAPER-4] [02:39:59] [7/17] projectdiscovery/nuclei-templates...
[SCRAPER-4] [02:40:01] [8/17] projectdiscovery/nuclei...
[SCRAPER-4] [02:40:03] [9/17] sqlmapproject/sqlmap...
[SCRAPER-4] [02:40:05] [10/17] commixproject/commix...
[SCRAPER-4] [02:40:07] [11/17] epinna/tplmap...
[SCRAPER-4] [02:40:09] [12/17] urbanadventurer/WhatWeb...
[SCRAPER-4] [02:40:11] [13/17] EnableSecurity/wafw00f...
[SCRAPER-4] [02:40:13] [14/17] xmendez/wfuzz...
[SCRAPER-4] [02:40:15] [15/17] OJ/gobuster...
[SCRAPER-4] [02:40:17] [16/17] ffuf/ffuf...
[SCRAPER-4] [02:40:19] [17/17] tomnomnom/meg...
[SCRAPER-4] [02:40:21] ✅ CYCLE 45 DONE | Total: 0.0 MB
[SCRAPER-4] [02:41:21] 🔄 CYCLE 46 - Depth: 5100 files/repo
[SCRAPER-4] [02:41:21] [1/17] Azure/Azure-Security-Center...
[SCRAPER-4] [02:41:23] [2/17] aquasecurity/trivy...
[SCRAPER-4] [02:41:25] [3/17] bridgecrewio/checkov...
[SCRAPER-4] [02:41:27] [4/17] RhinoSecurityLabs/pacu...
[SCRAPER-4] [02:41:29] [5/17] nccgroup/ScoutSuite...
[SCRAPER-4] [02:41:31] [6/17] toniblyx/prowler...
[SCRAPER-4] [02:41:33] [7/17] projectdiscovery/nuclei-templates...
[SCRAPER-4] [02:41:35] [8/17] projectdiscovery/nuclei...
[SCRAPER-4] [02:41:37] [9/17] sqlmapproject/sqlmap...
[SCRAPER-4] [02:41:39] [10/17] commixproject/commix...
[SCRAPER-4] [02:41:41] [11/17] epinna/tplmap...
[SCRAPER-4] [02:41:44] [12/17] urbanadventurer/WhatWeb...
[SCRAPER-4] [02:41:46] [13/17] EnableSecurity/wafw00f...
[SCRAPER-4] [02:41:48] [14/17] xmendez/wfuzz...
[SCRAPER-4] [02:41:50] [15/17] OJ/gobuster...
[SCRAPER-4] [02:41:52] [16/17] ffuf/ffuf...
[SCRAPER-4] [02:41:54] [17/17] tomnomnom/meg...
[SCRAPER-4] [02:41:56] ✅ CYCLE 46 DONE | Total: 0.0 MB
[SCRAPER-4] [02:42:56] 🔄 CYCLE 47 - Depth: 5200 files/repo
[SCRAPER-4] [02:42:56] [1/17] Azure/Azure-Security-Center...
[SCRAPER-4] [02:42:58] [2/17] aquasecurity/trivy...
[SCRAPER-4] [02:43:00] [3/17] bridgecrewio/checkov...
[SCRAPER-4] [02:43:02] [4/17] RhinoSecurityLabs/pacu...
[SCRAPER-4] [02:43:04] [5/17] nccgroup/ScoutSuite...
[SCRAPER-4] [02:43:06] [6/17] toniblyx/prowler...
[SCRAPER-4] [02:43:08] [7/17] projectdiscovery/nuclei-templates...
[SCRAPER-4] [02:43:10] [8/17] projectdiscovery/nuclei...
[SCRAPER-4] [02:43:12] [9/17] sqlmapproject/sqlmap...
[SCRAPER-4] [02:43:14] [10/17] commixproject/commix...
[SCRAPER-4] [02:43:16] [11/17] epinna/tplmap...
[SCRAPER-4] [02:43:18] [12/17] urbanadventurer/WhatWeb...
[SCRAPER-4] [02:43:20] [13/17] EnableSecurity/wafw00f...
[SCRAPER-4] [02:43:22] [14/17] xmendez/wfuzz...
[SCRAPER-4] [02:43:24] [15/17] OJ/gobuster...
[SCRAPER-4] [02:43:26] [16/17] ffuf/ffuf...
[SCRAPER-4] [02:43:28] [17/17] tomnomnom/meg...
[SCRAPER-4] [02:43:30] ✅ CYCLE 47 DONE | Total: 0.0 MB
[SCRAPER-4] [02:44:30] 🔄 CYCLE 48 - Depth: 5300 files/repo
[SCRAPER-4] [02:44:30] [1/17] Azure/Azure-Security-Center...
[SCRAPER-4] [02:44:32] [2/17] aquasecurity/trivy...
[SCRAPER-4] [02:44:34] [3/17] bridgecrewio/checkov...
[SCRAPER-4] [02:44:36] [4/17] RhinoSecurityLabs/pacu...
[SCRAPER-4] [02:44:38] [5/17] nccgroup/ScoutSuite...
[SCRAPER-4] [02:44:40] [6/17] toniblyx/prowler...
[SCRAPER-4] [02:44:42] [7/17] projectdiscovery/nuclei-templates...
[SCRAPER-4] [02:44:44] [8/17] projectdiscovery/nuclei...
[SCRAPER-4] [02:44:47] [9/17] sqlmapproject/sqlmap...
[SCRAPER-4] [02:44:49] [10/17] commixproject/commix...
[SCRAPER-4] [02:44:51] [11/17] epinna/tplmap...
[SCRAPER-4] [02:44:53] [12/17] urbanadventurer/WhatWeb...
[SCRAPER-4] [02:44:55] [13/17] EnableSecurity/wafw00f...
[SCRAPER-4] [02:44:57] [14/17] xmendez/wfuzz...
[SCRAPER-4] [02:44:59] [15/17] OJ/gobuster...
[SCRAPER-4] [02:45:01] [16/17] ffuf/ffuf...
[SCRAPER-4] [02:45:03] [17/17] tomnomnom/meg...
[SCRAPER-4] [02:45:05] ✅ CYCLE 48 DONE | Total: 0.0 MB
[SCRAPER-4] [02:46:05] 🔄 CYCLE 49 - Depth: 5400 files/repo
[SCRAPER-4] [02:46:05] [1/17] Azure/Azure-Security-Center...
[SCRAPER-4] [02:46:07] [2/17] aquasecurity/trivy...
[SCRAPER-4] [02:46:09] [3/17] bridgecrewio/checkov...
[SCRAPER-4] [02:46:11] [4/17] RhinoSecurityLabs/pacu...
[SCRAPER-4] [02:46:13] [5/17] nccgroup/ScoutSuite...
[SCRAPER-4] [02:46:15] [6/17] toniblyx/prowler...
[SCRAPER-4] [02:46:17] [7/17] projectdiscovery/nuclei-templates...
[SCRAPER-4] [02:46:19] [8/17] projectdiscovery/nuclei...
[SCRAPER-4] [02:46:21] [9/17] sqlmapproject/sqlmap...
[SCRAPER-4] [02:46:23] [10/17] commixproject/commix...
[SCRAPER-4] [02:46:25] [11/17] epinna/tplmap...
[SCRAPER-4] [02:46:27] [12/17] urbanadventurer/WhatWeb...
[SCRAPER-4] [02:46:29] [13/17] EnableSecurity/wafw00f...
[SCRAPER-4] [02:46:31] [14/17] xmendez/wfuzz...
[SCRAPER-4] [02:46:33] [15/17] OJ/gobuster...
[SCRAPER-4] [02:46:35] [16/17] ffuf/ffuf...
[SCRAPER-4] [02:46:37] [17/17] tomnomnom/meg...
[SCRAPER-4] [02:46:39] ✅ CYCLE 49 DONE | Total: 0.0 MB
[SCRAPER-4] [02:47:39] 🔄 CYCLE 50 - Depth: 5500 files/repo
[SCRAPER-4] [02:47:39] [1/17] Azure/Azure-Security-Center...
[SCRAPER-4] [02:47:41] [2/17] aquasecurity/trivy...
[SCRAPER-4] [02:47:43] [3/17] bridgecrewio/checkov...
[SCRAPER-4] [02:47:45] [4/17] RhinoSecurityLabs/pacu...
[SCRAPER-4] [02:47:47] [5/17] nccgroup/ScoutSuite...
[SCRAPER-4] [02:47:49] [6/17] toniblyx/prowler...
[SCRAPER-4] [02:47:52] [7/17] projectdiscovery/nuclei-templates...
[SCRAPER-4] [02:47:54] [8/17] projectdiscovery/nuclei...
[SCRAPER-4] [02:47:56] [9/17] sqlmapproject/sqlmap...
[SCRAPER-4] [02:47:58] [10/17] commixproject/commix...
[SCRAPER-4] [02:48:00] [11/17] epinna/tplmap...
[SCRAPER-4] [02:48:02] [12/17] urbanadventurer/WhatWeb...
[SCRAPER-4] [02:48:04] [13/17] EnableSecurity/wafw00f...
[SCRAPER-4] [02:48:06] [14/17] xmendez/wfuzz...
[SCRAPER-4] [02:48:08] [15/17] OJ/gobuster...
[SCRAPER-4] [02:48:10] [16/17] ffuf/ffuf...
[SCRAPER-4] [02:48:12] [17/17] tomnomnom/meg...
[SCRAPER-4] [02:48:14] ✅ CYCLE 50 DONE | Total: 0.0 MB
[SCRAPER-4] [02:49:14] 🔄 CYCLE 51 - Depth: 5600 files/repo
[SCRAPER-4] [02:49:14] [1/17] Azure/Azure-Security-Center...
[SCRAPER-4] [02:49:16] [2/17] aquasecurity/trivy...
[SCRAPER-4] [02:49:18] [3/17] bridgecrewio/checkov...
[SCRAPER-4] [02:49:20] [4/17] RhinoSecurityLabs/pacu...
[SCRAPER-4] [02:49:22] [5/17] nccgroup/ScoutSuite...
[SCRAPER-4] [02:49:24] [6/17] toniblyx/prowler...
[SCRAPER-4] [02:49:26] [7/17] projectdiscovery/nuclei-templates...
[SCRAPER-4] [02:49:28] [8/17] projectdiscovery/nuclei...
[SCRAPER-4] [02:49:30] [9/17] sqlmapproject/sqlmap...
[SCRAPER-4] [02:49:32] [10/17] commixproject/commix...
[SCRAPER-4] [02:49:34] [11/17] epinna/tplmap...
[SCRAPER-4] [02:49:36] [12/17] urbanadventurer/WhatWeb...
[SCRAPER-4] [02:49:38] [13/17] EnableSecurity/wafw00f...
[SCRAPER-4] [02:49:40] [14/17] xmendez/wfuzz...
[SCRAPER-4] [02:49:42] [15/17] OJ/gobuster...
[SCRAPER-4] [02:49:44] [16/17] ffuf/ffuf...
[SCRAPER-4] [02:49:46] [17/17] tomnomnom/meg...
[SCRAPER-4] [02:49:48] ✅ CYCLE 51 DONE | Total: 0.0 MB
[SCRAPER-4] [02:50:48] 🔄 CYCLE 52 - Depth: 5700 files/repo
[SCRAPER-4] [02:50:48] [1/17] Azure/Azure-Security-Center...
[SCRAPER-4] [02:50:50] [2/17] aquasecurity/trivy...
[SCRAPER-4] [02:50:52] [3/17] bridgecrewio/checkov...
[SCRAPER-4] [02:50:54] [4/17] RhinoSecurityLabs/pacu...
[SCRAPER-4] [02:50:57] [5/17] nccgroup/ScoutSuite...
[SCRAPER-4] [02:50:59] [6/17] toniblyx/prowler...
[SCRAPER-4] [02:51:01] [7/17] projectdiscovery/nuclei-templates...
[SCRAPER-4] [02:51:03] [8/17] projectdiscovery/nuclei...
[SCRAPER-4] [02:51:05] [9/17] sqlmapproject/sqlmap...
[SCRAPER-4] [02:51:07] [10/17] commixproject/commix...
[SCRAPER-4] [02:51:09] [11/17] epinna/tplmap...
[SCRAPER-4] [02:51:11] [12/17] urbanadventurer/WhatWeb...
[SCRAPER-4] [02:51:13] [13/17] EnableSecurity/wafw00f...
[SCRAPER-4] [02:51:15] [14/17] xmendez/wfuzz...
[SCRAPER-4] [02:51:17] [15/17] OJ/gobuster...
[SCRAPER-4] [02:51:19] [16/17] ffuf/ffuf...
[SCRAPER-4] [02:51:21] [17/17] tomnomnom/meg...
[SCRAPER-4] [02:51:23] ✅ CYCLE 52 DONE | Total: 0.0 MB
[SCRAPER-4] [02:52:23] 🔄 CYCLE 53 - Depth: 5800 files/repo
[SCRAPER-4] [02:52:23] [1/17] Azure/Azure-Security-Center...
[SCRAPER-4] [02:52:25] [2/17] aquasecurity/trivy...
[SCRAPER-4] [02:52:27] [3/17] bridgecrewio/checkov...
[SCRAPER-4] [02:52:29] [4/17] RhinoSecurityLabs/pacu...
[SCRAPER-4] [02:52:31] [5/17] nccgroup/ScoutSuite...
[SCRAPER-4] [02:52:33] [6/17] toniblyx/prowler...
[SCRAPER-4] [02:52:35] [7/17] projectdiscovery/nuclei-templates...
[SCRAPER-4] [02:52:37] [8/17] projectdiscovery/nuclei...
[SCRAPER-4] [02:52:39] [9/17] sqlmapproject/sqlmap...
[SCRAPER-4] [02:52:41] [10/17] commixproject/commix...
[SCRAPER-4] [02:52:43] [11/17] epinna/tplmap...
[SCRAPER-4] [02:52:45] [12/17] urbanadventurer/WhatWeb...
[SCRAPER-4] [02:52:47] [13/17] EnableSecurity/wafw00f...
[SCRAPER-4] [02:52:49] [14/17] xmendez/wfuzz...
[SCRAPER-4] [02:52:51] [15/17] OJ/gobuster...
[SCRAPER-4] [02:52:53] [16/17] ffuf/ffuf...
[SCRAPER-4] [02:52:55] [17/17] tomnomnom/meg...
[SCRAPER-4] [02:52:57] ✅ CYCLE 53 DONE | Total: 0.0 MB
[SCRAPER-4] [02:53:57] 🔄 CYCLE 54 - Depth: 5900 files/repo
[SCRAPER-4] [02:53:57] [1/17] Azure/Azure-Security-Center...
[SCRAPER-4] [02:54:00] [2/17] aquasecurity/trivy...
[SCRAPER-4] [02:54:02] [3/17] bridgecrewio/checkov...
[SCRAPER-4] [02:54:04] [4/17] RhinoSecurityLabs/pacu...
[SCRAPER-4] [02:54:06] [5/17] nccgroup/ScoutSuite...
[SCRAPER-4] [02:54:08] [6/17] toniblyx/prowler...
[SCRAPER-4] [02:54:10] [7/17] projectdiscovery/nuclei-templates...
[SCRAPER-4] [02:54:12] [8/17] projectdiscovery/nuclei...
[SCRAPER-4] [02:54:14] [9/17] sqlmapproject/sqlmap...
[SCRAPER-4] [02:54:16] [10/17] commixproject/commix...
[SCRAPER-4] [02:54:18] [11/17] epinna/tplmap...
[SCRAPER-4] [02:54:20] [12/17] urbanadventurer/WhatWeb...
[SCRAPER-4] [02:54:22] [13/17] EnableSecurity/wafw00f...
[SCRAPER-4] [02:54:24] [14/17] xmendez/wfuzz...
[SCRAPER-4] [02:54:26] [15/17] OJ/gobuster...
[SCRAPER-4] [02:54:28] [16/17] ffuf/ffuf...
[SCRAPER-4] [02:54:30] [17/17] tomnomnom/meg...
[SCRAPER-4] [02:54:32] ✅ CYCLE 54 DONE | Total: 0.0 MB
[SCRAPER-4] [02:55:32] 🔄 CYCLE 55 - Depth: 6000 files/repo
[SCRAPER-4] [02:55:32] [1/17] Azure/Azure-Security-Center...
[SCRAPER-4] [02:55:34] [2/17] aquasecurity/trivy...
[SCRAPER-4] [02:55:36] [3/17] bridgecrewio/checkov...
[SCRAPER-4] [02:55:38] [4/17] RhinoSecurityLabs/pacu...
[SCRAPER-4] [02:55:40] [5/17] nccgroup/ScoutSuite...
[SCRAPER-4] [02:55:42] [6/17] toniblyx/prowler...
[SCRAPER-4] [02:55:45] [7/17] projectdiscovery/nuclei-templates...
[SCRAPER-4] [02:55:47] [8/17] projectdiscovery/nuclei...
[SCRAPER-4] [02:55:49] [9/17] sqlmapproject/sqlmap...
[SCRAPER-4] [02:55:51] [10/17] commixproject/commix...
[SCRAPER-4] [02:55:53] [11/17] epinna/tplmap...
[SCRAPER-4] [02:55:55] [12/17] urbanadventurer/WhatWeb...
[SCRAPER-4] [02:55:57] [13/17] EnableSecurity/wafw00f...
[SCRAPER-4] [02:55:59] [14/17] xmendez/wfuzz...
[SCRAPER-4] [02:56:01] [15/17] OJ/gobuster...
[SCRAPER-4] [02:56:03] [16/17] ffuf/ffuf...
[SCRAPER-4] [02:56:05] [17/17] tomnomnom/meg...
[SCRAPER-4] [02:56:07] ✅ CYCLE 55 DONE | Total: 0.0 MB
[SCRAPER-4] [02:57:07] 🔄 CYCLE 56 - Depth: 6100 files/repo
[SCRAPER-4] [02:57:07] [1/17] Azure/Azure-Security-Center...
[SCRAPER-4] [02:57:09] [2/17] aquasecurity/trivy...
[SCRAPER-4] [02:57:11] [3/17] bridgecrewio/checkov...
[SCRAPER-4] [02:57:13] [4/17] RhinoSecurityLabs/pacu...
[SCRAPER-4] [02:57:15] [5/17] nccgroup/ScoutSuite...
[SCRAPER-4] [02:57:17] [6/17] toniblyx/prowler...
[SCRAPER-4] [02:57:19] [7/17] projectdiscovery/nuclei-templates...
[SCRAPER-4] [02:57:21] [8/17] projectdiscovery/nuclei...
[SCRAPER-4] [02:57:23] [9/17] sqlmapproject/sqlmap...
[SCRAPER-4] [02:57:25] [10/17] commixproject/commix...
[SCRAPER-4] [02:57:27] [11/17] epinna/tplmap...
[SCRAPER-4] [02:57:29] [12/17] urbanadventurer/WhatWeb...
[SCRAPER-4] [02:57:31] [13/17] EnableSecurity/wafw00f...
[SCRAPER-4] [02:57:33] [14/17] xmendez/wfuzz...
[SCRAPER-4] [02:57:35] [15/17] OJ/gobuster...
[SCRAPER-4] [02:57:37] [16/17] ffuf/ffuf...
[SCRAPER-4] [02:57:40] [17/17] tomnomnom/meg...
[SCRAPER-4] [02:57:42] ✅ CYCLE 56 DONE | Total: 0.0 MB
[SCRAPER-4] [02:58:42] 🔄 CYCLE 57 - Depth: 6200 files/repo
[SCRAPER-4] [02:58:42] [1/17] Azure/Azure-Security-Center...
[SCRAPER-4] [02:58:44] [2/17] aquasecurity/trivy...
[SCRAPER-4] [02:58:46] [3/17] bridgecrewio/checkov...
[SCRAPER-4] [02:58:48] [4/17] RhinoSecurityLabs/pacu...
[SCRAPER-4] [02:58:50] [5/17] nccgroup/ScoutSuite...
[SCRAPER-4] [02:58:52] [6/17] toniblyx/prowler...
[SCRAPER-4] [02:58:54] [7/17] projectdiscovery/nuclei-templates...
[SCRAPER-4] [02:58:56] [8/17] projectdiscovery/nuclei...
[SCRAPER-4] [02:58:58] [9/17] sqlmapproject/sqlmap...
[SCRAPER-4] [02:59:00] [10/17] commixproject/commix...
[SCRAPER-4] [02:59:02] [11/17] epinna/tplmap...
[SCRAPER-4] [02:59:04] [12/17] urbanadventurer/WhatWeb...
[SCRAPER-4] [02:59:06] [13/17] EnableSecurity/wafw00f...
[SCRAPER-4] [02:59:08] [14/17] xmendez/wfuzz...
[SCRAPER-4] [02:59:10] [15/17] OJ/gobuster...
[SCRAPER-4] [02:59:12] [16/17] ffuf/ffuf...
[SCRAPER-4] [02:59:14] [17/17] tomnomnom/meg...
[SCRAPER-4] [02:59:16] ✅ CYCLE 57 DONE | Total: 0.0 MB
[SCRAPER-4] [03:00:16] 🔄 CYCLE 58 - Depth: 6300 files/repo
[SCRAPER-4] [03:00:16] [1/17] Azure/Azure-Security-Center...
[SCRAPER-4] [03:00:18] [2/17] aquasecurity/trivy...
[SCRAPER-4] [03:00:20] [3/17] bridgecrewio/checkov...
[SCRAPER-4] [03:00:22] [4/17] RhinoSecurityLabs/pacu...
[SCRAPER-4] [03:00:24] [5/17] nccgroup/ScoutSuite...
[SCRAPER-4] [03:00:26] [6/17] toniblyx/prowler...
[SCRAPER-4] [03:00:28] [7/17] projectdiscovery/nuclei-templates...
[SCRAPER-4] [03:00:30] [8/17] projectdiscovery/nuclei...
[SCRAPER-4] [03:00:32] [9/17] sqlmapproject/sqlmap...
[SCRAPER-4] [03:00:34] [10/17] commixproject/commix...
[SCRAPER-4] [03:00:36] [11/17] epinna/tplmap...
[SCRAPER-4] [03:00:38] [12/17] urbanadventurer/WhatWeb...
[SCRAPER-4] [03:00:40] [13/17] EnableSecurity/wafw00f...
[SCRAPER-4] [03:00:43] [14/17] xmendez/wfuzz...
[SCRAPER-4] [03:00:45] [15/17] OJ/gobuster...
[SCRAPER-4] [03:00:47] [16/17] ffuf/ffuf...
[SCRAPER-4] [03:00:49] [17/17] tomnomnom/meg...
[SCRAPER-4] [03:00:51] ✅ CYCLE 58 DONE | Total: 0.0 MB
[SCRAPER-4] [03:01:51] 🔄 CYCLE 59 - Depth: 6400 files/repo
[SCRAPER-4] [03:01:51] [1/17] Azure/Azure-Security-Center...
[SCRAPER-4] [03:01:53] [2/17] aquasecurity/trivy...
[SCRAPER-4] [03:01:55] [3/17] bridgecrewio/checkov...
[SCRAPER-4] [03:01:57] [4/17] RhinoSecurityLabs/pacu...
[SCRAPER-4] [03:01:59] [5/17] nccgroup/ScoutSuite...
[SCRAPER-4] [03:02:01] [6/17] toniblyx/prowler...
[SCRAPER-4] [03:02:03] [7/17] projectdiscovery/nuclei-templates...
[SCRAPER-4] [03:02:05] [8/17] projectdiscovery/nuclei...
[SCRAPER-4] [03:02:07] [9/17] sqlmapproject/sqlmap...
[SCRAPER-4] [03:02:09] [10/17] commixproject/commix...
[SCRAPER-4] [03:02:11] [11/17] epinna/tplmap...
[SCRAPER-4] [03:02:13] [12/17] urbanadventurer/WhatWeb...
[SCRAPER-4] [03:02:15] [13/17] EnableSecurity/wafw00f...
[SCRAPER-4] [03:02:17] [14/17] xmendez/wfuzz...
[SCRAPER-4] [03:02:19] [15/17] OJ/gobuster...
[SCRAPER-4] [03:02:21] [16/17] ffuf/ffuf...
[SCRAPER-4] [03:02:23] [17/17] tomnomnom/meg...
[SCRAPER-4] [03:02:25] ✅ CYCLE 59 DONE | Total: 0.0 MB
[SCRAPER-4] [03:03:25] 🔄 CYCLE 60 - Depth: 6500 files/repo
[SCRAPER-4] [03:03:25] [1/17] Azure/Azure-Security-Center...
[SCRAPER-4] [03:03:27] [2/17] aquasecurity/trivy...
[SCRAPER-4] [03:03:29] [3/17] bridgecrewio/checkov...
[SCRAPER-4] [03:03:31] [4/17] RhinoSecurityLabs/pacu...
[SCRAPER-4] [03:03:33] [5/17] nccgroup/ScoutSuite...
[SCRAPER-4] [03:03:35] [6/17] toniblyx/prowler...
[SCRAPER-4] [03:03:37] [7/17] projectdiscovery/nuclei-templates...
[SCRAPER-4] [03:03:39] [8/17] projectdiscovery/nuclei...
[SCRAPER-4] [03:03:41] [9/17] sqlmapproject/sqlmap...
[SCRAPER-4] [03:03:43] [10/17] commixproject/commix...
[SCRAPER-4] [03:03:45] [11/17] epinna/tplmap...
[SCRAPER-4] [03:03:48] [12/17] urbanadventurer/WhatWeb...
[SCRAPER-4] [03:03:50] [13/17] EnableSecurity/wafw00f...
[SCRAPER-4] [03:03:52] [14/17] xmendez/wfuzz...
[SCRAPER-4] [03:03:54] [15/17] OJ/gobuster...
[SCRAPER-4] [03:03:56] [16/17] ffuf/ffuf...
[SCRAPER-4] [03:03:58] [17/17] tomnomnom/meg...
[SCRAPER-4] [03:04:00] ✅ CYCLE 60 DONE | Total: 0.0 MB
[SCRAPER-4] [03:05:00] 🔄 CYCLE 61 - Depth: 6600 files/repo
[SCRAPER-4] [03:05:00] [1/17] Azure/Azure-Security-Center...
[SCRAPER-4] [03:05:02] [2/17] aquasecurity/trivy...
[SCRAPER-4] [03:05:04] [3/17] bridgecrewio/checkov...
[SCRAPER-4] [03:05:06] [4/17] RhinoSecurityLabs/pacu...
[SCRAPER-4] [03:05:08] [5/17] nccgroup/ScoutSuite...
[SCRAPER-4] [03:05:10] [6/17] toniblyx/prowler...
[SCRAPER-4] [03:05:12] [7/17] projectdiscovery/nuclei-templates...
[SCRAPER-4] [03:05:14] [8/17] projectdiscovery/nuclei...
[SCRAPER-4] [03:05:16] [9/17] sqlmapproject/sqlmap...
[SCRAPER-4] [03:05:18] [10/17] commixproject/commix...
[SCRAPER-4] [03:05:20] [11/17] epinna/tplmap...
[SCRAPER-4] [03:05:22] [12/17] urbanadventurer/WhatWeb...
[SCRAPER-4] [03:05:24] [13/17] EnableSecurity/wafw00f...
[SCRAPER-4] [03:05:26] [14/17] xmendez/wfuzz...
[SCRAPER-4] [03:05:28] [15/17] OJ/gobuster...
[SCRAPER-4] [03:05:30] [16/17] ffuf/ffuf...
[SCRAPER-4] [03:05:32] [17/17] tomnomnom/meg...
[SCRAPER-4] [03:05:34] ✅ CYCLE 61 DONE | Total: 0.0 MB
[SCRAPER-4] [03:06:34] 🔄 CYCLE 62 - Depth: 6700 files/repo
[SCRAPER-4] [03:06:34] [1/17] Azure/Azure-Security-Center...
[SCRAPER-4] [03:06:36] [2/17] aquasecurity/trivy...
[SCRAPER-4] [03:06:38] [3/17] bridgecrewio/checkov...
[SCRAPER-4] [03:06:40] [4/17] RhinoSecurityLabs/pacu...
[SCRAPER-4] [03:06:42] [5/17] nccgroup/ScoutSuite...
[SCRAPER-4] [03:06:44] [6/17] toniblyx/prowler...
[SCRAPER-4] [03:06:46] [7/17] projectdiscovery/nuclei-templates...
[SCRAPER-4] [03:06:48] [8/17] projectdiscovery/nuclei...
[SCRAPER-4] [03:06:50] [9/17] sqlmapproject/sqlmap...
[SCRAPER-4] [03:06:52] [10/17] commixproject/commix...
[SCRAPER-4] [03:06:54] [11/17] epinna/tplmap...
[SCRAPER-4] [03:06:57] [12/17] urbanadventurer/WhatWeb...
[SCRAPER-4] [03:06:59] [13/17] EnableSecurity/wafw00f...
[SCRAPER-4] [03:07:01] [14/17] xmendez/wfuzz...
[SCRAPER-4] [03:07:03] [15/17] OJ/gobuster...
[SCRAPER-4] [03:07:05] [16/17] ffuf/ffuf...
[SCRAPER-4] [03:07:07] [17/17] tomnomnom/meg...
[SCRAPER-4] [03:07:09] ✅ CYCLE 62 DONE | Total: 0.0 MB
[SCRAPER-4] [03:08:09] 🔄 CYCLE 63 - Depth: 6800 files/repo
[SCRAPER-4] [03:08:09] [1/17] Azure/Azure-Security-Center...
[SCRAPER-4] [03:08:11] [2/17] aquasecurity/trivy...
[SCRAPER-4] [03:08:13] [3/17] bridgecrewio/checkov...
[SCRAPER-4] [03:08:15] [4/17] RhinoSecurityLabs/pacu...
[SCRAPER-4] [03:08:17] [5/17] nccgroup/ScoutSuite...
[SCRAPER-4] [03:08:19] [6/17] toniblyx/prowler...
[SCRAPER-4] [03:08:21] [7/17] projectdiscovery/nuclei-templates...
[SCRAPER-4] [03:08:23] [8/17] projectdiscovery/nuclei...
[SCRAPER-4] [03:08:25] [9/17] sqlmapproject/sqlmap...
[SCRAPER-4] [03:08:27] [10/17] commixproject/commix...
[SCRAPER-4] [03:08:29] [11/17] epinna/tplmap...
[SCRAPER-4] [03:08:31] [12/17] urbanadventurer/WhatWeb...
[SCRAPER-4] [03:08:33] [13/17] EnableSecurity/wafw00f...
[SCRAPER-4] [03:08:35] [14/17] xmendez/wfuzz...
[SCRAPER-4] [03:08:37] [15/17] OJ/gobuster...
[SCRAPER-4] [03:08:39] [16/17] ffuf/ffuf...
[SCRAPER-4] [03:08:41] [17/17] tomnomnom/meg...
[SCRAPER-4] [03:08:43] ✅ CYCLE 63 DONE | Total: 0.0 MB
[SCRAPER-4] [03:09:43] 🔄 CYCLE 64 - Depth: 6900 files/repo
[SCRAPER-4] [03:09:43] [1/17] Azure/Azure-Security-Center...
[SCRAPER-4] [03:09:45] [2/17] aquasecurity/trivy...
[SCRAPER-4] [03:09:47] [3/17] bridgecrewio/checkov...
[SCRAPER-4] [03:09:49] [4/17] RhinoSecurityLabs/pacu...
[SCRAPER-4] [03:09:51] [5/17] nccgroup/ScoutSuite...
[SCRAPER-4] [03:09:53] [6/17] toniblyx/prowler...
[SCRAPER-4] [03:09:56] [7/17] projectdiscovery/nuclei-templates...
[SCRAPER-4] [03:09:58] [8/17] projectdiscovery/nuclei...
[SCRAPER-4] [03:10:00] [9/17] sqlmapproject/sqlmap...
[SCRAPER-4] [03:10:02] [10/17] commixproject/commix...
[SCRAPER-4] [03:10:04] [11/17] epinna/tplmap...
[SCRAPER-4] [03:10:06] [12/17] urbanadventurer/WhatWeb...
[SCRAPER-4] [03:10:08] [13/17] EnableSecurity/wafw00f...
[SCRAPER-4] [03:10:10] [14/17] xmendez/wfuzz...
[SCRAPER-4] [03:10:12] [15/17] OJ/gobuster...
[SCRAPER-4] [03:10:14] [16/17] ffuf/ffuf...
[SCRAPER-4] [03:10:16] [17/17] tomnomnom/meg...
[SCRAPER-4] [03:10:18] ✅ CYCLE 64 DONE | Total: 0.0 MB
[SCRAPER-4] [03:11:18] 🔄 CYCLE 65 - Depth: 7000 files/repo
[SCRAPER-4] [03:11:18] [1/17] Azure/Azure-Security-Center...
[SCRAPER-4] [03:11:20] [2/17] aquasecurity/trivy...
[SCRAPER-4] [03:11:22] [3/17] bridgecrewio/checkov...
[SCRAPER-4] [03:11:24] [4/17] RhinoSecurityLabs/pacu...
[SCRAPER-4] [03:11:26] [5/17] nccgroup/ScoutSuite...
[SCRAPER-4] [03:11:28] [6/17] toniblyx/prowler...
[SCRAPER-4] [03:11:30] [7/17] projectdiscovery/nuclei-templates...
[SCRAPER-4] [03:11:32] [8/17] projectdiscovery/nuclei...
[SCRAPER-4] [03:11:34] [9/17] sqlmapproject/sqlmap...
[SCRAPER-4] [03:11:36] [10/17] commixproject/commix...
[SCRAPER-4] [03:11:38] [11/17] epinna/tplmap...
[SCRAPER-4] [03:11:40] [12/17] urbanadventurer/WhatWeb...
[SCRAPER-4] [03:11:42] [13/17] EnableSecurity/wafw00f...
[SCRAPER-4] [03:11:44] [14/17] xmendez/wfuzz...
[SCRAPER-4] [03:11:46] [15/17] OJ/gobuster...
[SCRAPER-4] [03:11:48] [16/17] ffuf/ffuf...
[SCRAPER-4] [03:11:50] [17/17] tomnomnom/meg...
[SCRAPER-4] [03:11:52] ✅ CYCLE 65 DONE | Total: 0.0 MB
[SCRAPER-4] [03:12:52] 🔄 CYCLE 66 - Depth: 7100 files/repo
[SCRAPER-4] [03:12:52] [1/17] Azure/Azure-Security-Center...
[SCRAPER-4] [03:12:54] [2/17] aquasecurity/trivy...
[SCRAPER-4] [03:12:56] [3/17] bridgecrewio/checkov...
[SCRAPER-4] [03:12:58] [4/17] RhinoSecurityLabs/pacu...
[SCRAPER-4] [03:13:00] [5/17] nccgroup/ScoutSuite...
[SCRAPER-4] [03:13:02] [6/17] toniblyx/prowler...
[SCRAPER-4] [03:13:05] [7/17] projectdiscovery/nuclei-templates...
[SCRAPER-4] [03:13:07] [8/17] projectdiscovery/nuclei...
[SCRAPER-4] [03:13:09] [9/17] sqlmapproject/sqlmap...
[SCRAPER-4] [03:13:11] [10/17] commixproject/commix...
[SCRAPER-4] [03:13:13] [11/17] epinna/tplmap...
[SCRAPER-4] [03:13:15] [12/17] urbanadventurer/WhatWeb...
[SCRAPER-4] [03:13:17] [13/17] EnableSecurity/wafw00f...
[SCRAPER-4] [03:13:19] [14/17] xmendez/wfuzz...
[SCRAPER-4] [03:13:21] [15/17] OJ/gobuster...
[SCRAPER-4] [03:13:23] [16/17] ffuf/ffuf...
[SCRAPER-4] [03:13:25] [17/17] tomnomnom/meg...
[SCRAPER-4] [03:13:27] ✅ CYCLE 66 DONE | Total: 0.0 MB
[SCRAPER-4] [03:14:27] 🔄 CYCLE 67 - Depth: 7200 files/repo
[SCRAPER-4] [03:14:27] [1/17] Azure/Azure-Security-Center...
[SCRAPER-4] [03:14:29] [2/17] aquasecurity/trivy...
[SCRAPER-4] [03:14:31] [3/17] bridgecrewio/checkov...
[SCRAPER-4] [03:14:33] [4/17] RhinoSecurityLabs/pacu...
[SCRAPER-4] [03:14:35] [5/17] nccgroup/ScoutSuite...
[SCRAPER-4] [03:14:37] [6/17] toniblyx/prowler...
[SCRAPER-4] [03:14:39] [7/17] projectdiscovery/nuclei-templates...
[SCRAPER-4] [03:14:41] [8/17] projectdiscovery/nuclei...
[SCRAPER-4] [03:14:43] [9/17] sqlmapproject/sqlmap...
[SCRAPER-4] [03:14:45] [10/17] commixproject/commix...
[SCRAPER-4] [03:14:47] [11/17] epinna/tplmap...
[SCRAPER-4] [03:14:49] [12/17] urbanadventurer/WhatWeb...
[SCRAPER-4] [03:14:51] [13/17] EnableSecurity/wafw00f...
[SCRAPER-4] [03:14:53] [14/17] xmendez/wfuzz...
[SCRAPER-4] [03:14:55] [15/17] OJ/gobuster...
[SCRAPER-4] [03:14:57] [16/17] ffuf/ffuf...
[SCRAPER-4] [03:14:59] [17/17] tomnomnom/meg...
[SCRAPER-4] [03:15:01] ✅ CYCLE 67 DONE | Total: 0.0 MB
[SCRAPER-4] [03:16:01] 🔄 CYCLE 68 - Depth: 7300 files/repo
[SCRAPER-4] [03:16:01] [1/17] Azure/Azure-Security-Center...
[SCRAPER-4] [03:16:03] [2/17] aquasecurity/trivy...
[SCRAPER-4] [03:16:06] [3/17] bridgecrewio/checkov...
[SCRAPER-4] [03:16:08] [4/17] RhinoSecurityLabs/pacu...
[SCRAPER-4] [03:16:10] [5/17] nccgroup/ScoutSuite...
[SCRAPER-4] [03:16:12] [6/17] toniblyx/prowler...
[SCRAPER-4] [03:16:14] [7/17] projectdiscovery/nuclei-templates...
[SCRAPER-4] [03:16:16] [8/17] projectdiscovery/nuclei...
[SCRAPER-4] [03:16:18] [9/17] sqlmapproject/sqlmap...
[SCRAPER-4] [03:16:20] [10/17] commixproject/commix...
[SCRAPER-4] [03:16:22] [11/17] epinna/tplmap...
[SCRAPER-4] [03:16:24] [12/17] urbanadventurer/WhatWeb...
[SCRAPER-4] [03:16:26] [13/17] EnableSecurity/wafw00f...
[SCRAPER-4] [03:16:28] [14/17] xmendez/wfuzz...
[SCRAPER-4] [03:16:30] [15/17] OJ/gobuster...
[SCRAPER-4] [03:16:32] [16/17] ffuf/ffuf...
[SCRAPER-4] [03:16:34] [17/17] tomnomnom/meg...
[SCRAPER-4] [03:16:36] ✅ CYCLE 68 DONE | Total: 0.0 MB
[SCRAPER-4] [03:17:36] 🔄 CYCLE 69 - Depth: 7400 files/repo
[SCRAPER-4] [03:17:36] [1/17] Azure/Azure-Security-Center...
[SCRAPER-4] [03:17:38] [2/17] aquasecurity/trivy...
[SCRAPER-4] [03:17:40] [3/17] bridgecrewio/checkov...
[SCRAPER-4] [03:17:42] [4/17] RhinoSecurityLabs/pacu...
[SCRAPER-4] [03:17:44] [5/17] nccgroup/ScoutSuite...
[SCRAPER-4] [03:17:46] [6/17] toniblyx/prowler...
[SCRAPER-4] [03:17:48] [7/17] projectdiscovery/nuclei-templates...
[SCRAPER-4] [03:17:50] [8/17] projectdiscovery/nuclei...
[SCRAPER-4] [03:17:52] [9/17] sqlmapproject/sqlmap...
[SCRAPER-4] [03:17:54] [10/17] commixproject/commix...
[SCRAPER-4] [03:17:56] [11/17] epinna/tplmap...
[SCRAPER-4] [03:17:58] [12/17] urbanadventurer/WhatWeb...
[SCRAPER-4] [03:18:00] [13/17] EnableSecurity/wafw00f...
[SCRAPER-4] [03:18:02] [14/17] xmendez/wfuzz...
[SCRAPER-4] [03:18:04] [15/17] OJ/gobuster...
[SCRAPER-4] [03:18:07] [16/17] ffuf/ffuf...
[SCRAPER-4] [03:18:09] [17/17] tomnomnom/meg...
[SCRAPER-4] [03:18:11] ✅ CYCLE 69 DONE | Total: 0.0 MB
[SCRAPER-4] [03:19:11] 🔄 CYCLE 70 - Depth: 7500 files/repo
[SCRAPER-4] [03:19:11] [1/17] Azure/Azure-Security-Center...
[SCRAPER-4] [03:19:13] [2/17] aquasecurity/trivy...
[SCRAPER-4] [03:19:15] [3/17] bridgecrewio/checkov...
[SCRAPER-4] [03:19:17] [4/17] RhinoSecurityLabs/pacu...
[SCRAPER-4] [03:19:19] [5/17] nccgroup/ScoutSuite...
[SCRAPER-4] [03:19:21] [6/17] toniblyx/prowler...
[SCRAPER-4] [03:19:23] [7/17] projectdiscovery/nuclei-templates...
[SCRAPER-4] [03:19:25] [8/17] projectdiscovery/nuclei...
[SCRAPER-4] [03:19:27] [9/17] sqlmapproject/sqlmap...
[SCRAPER-4] [03:19:29] [10/17] commixproject/commix...
[SCRAPER-4] [03:19:31] [11/17] epinna/tplmap...
[SCRAPER-4] [03:19:33] [12/17] urbanadventurer/WhatWeb...
[SCRAPER-4] [03:19:35] [13/17] EnableSecurity/wafw00f...
[SCRAPER-4] [03:19:37] [14/17] xmendez/wfuzz...
[SCRAPER-4] [03:19:39] [15/17] OJ/gobuster...
[SCRAPER-4] [03:19:41] [16/17] ffuf/ffuf...
[SCRAPER-4] [03:19:43] [17/17] tomnomnom/meg...
[SCRAPER-4] [03:19:45] ✅ CYCLE 70 DONE | Total: 0.0 MB
[SCRAPER-4] [03:20:45] 🔄 CYCLE 71 - Depth: 7600 files/repo
[SCRAPER-4] [03:20:45] [1/17] Azure/Azure-Security-Center...
[SCRAPER-4] [03:20:47] [2/17] aquasecurity/trivy...
[SCRAPER-4] [03:20:49] [3/17] bridgecrewio/checkov...
[SCRAPER-4] [03:20:51] [4/17] RhinoSecurityLabs/pacu...
[SCRAPER-4] [03:20:53] [5/17] nccgroup/ScoutSuite...
[SCRAPER-4] [03:20:55] [6/17] toniblyx/prowler...
[SCRAPER-4] [03:20:57] [7/17] projectdiscovery/nuclei-templates...
[SCRAPER-4] [03:20:59] [8/17] projectdiscovery/nuclei...
[SCRAPER-4] [03:21:01] [9/17] sqlmapproject/sqlmap...
[SCRAPER-4] [03:21:03] [10/17] commixproject/commix...
[SCRAPER-4] [03:21:05] [11/17] epinna/tplmap...
[SCRAPER-4] [03:21:07] [12/17] urbanadventurer/WhatWeb...
[SCRAPER-4] [03:21:10] [13/17] EnableSecurity/wafw00f...
[SCRAPER-4] [03:21:12] [14/17] xmendez/wfuzz...
[SCRAPER-4] [03:21:14] [15/17] OJ/gobuster...
[SCRAPER-4] [03:21:16] [16/17] ffuf/ffuf...
[SCRAPER-4] [03:21:18] [17/17] tomnomnom/meg...
[SCRAPER-4] [03:21:20] ✅ CYCLE 71 DONE | Total: 0.0 MB
[SCRAPER-4] [03:22:20] 🔄 CYCLE 72 - Depth: 7700 files/repo
[SCRAPER-4] [03:22:20] [1/17] Azure/Azure-Security-Center...
[SCRAPER-4] [03:22:22] [2/17] aquasecurity/trivy...
[SCRAPER-4] [03:22:24] [3/17] bridgecrewio/checkov...
[SCRAPER-4] [03:22:26] [4/17] RhinoSecurityLabs/pacu...
[SCRAPER-4] [03:22:28] [5/17] nccgroup/ScoutSuite...
[SCRAPER-4] [03:22:30] [6/17] toniblyx/prowler...
[SCRAPER-4] [03:22:32] [7/17] projectdiscovery/nuclei-templates...
[SCRAPER-4] [03:22:34] [8/17] projectdiscovery/nuclei...
[SCRAPER-4] [03:22:36] [9/17] sqlmapproject/sqlmap...
[SCRAPER-4] [03:22:38] [10/17] commixproject/commix...
[SCRAPER-4] [03:22:40] [11/17] epinna/tplmap...
[SCRAPER-4] [03:22:42] [12/17] urbanadventurer/WhatWeb...
[SCRAPER-4] [03:22:44] [13/17] EnableSecurity/wafw00f...
[SCRAPER-4] [03:22:46] [14/17] xmendez/wfuzz...
[SCRAPER-4] [03:22:48] [15/17] OJ/gobuster...
[SCRAPER-4] [03:22:50] [16/17] ffuf/ffuf...
[SCRAPER-4] [03:22:52] [17/17] tomnomnom/meg...
[SCRAPER-4] [03:22:54] ✅ CYCLE 72 DONE | Total: 0.0 MB
[SCRAPER-4] [03:23:54] 🔄 CYCLE 73 - Depth: 7800 files/repo
[SCRAPER-4] [03:23:54] [1/17] Azure/Azure-Security-Center...
[SCRAPER-4] [03:23:56] [2/17] aquasecurity/trivy...
[SCRAPER-4] [03:23:58] [3/17] bridgecrewio/checkov...
[SCRAPER-4] [03:24:00] [4/17] RhinoSecurityLabs/pacu...
[SCRAPER-4] [03:24:02] [5/17] nccgroup/ScoutSuite...
[SCRAPER-4] [03:24:04] [6/17] toniblyx/prowler...
[SCRAPER-4] [03:24:06] [7/17] projectdiscovery/nuclei-templates...
[SCRAPER-4] [03:24:08] [8/17] projectdiscovery/nuclei...
[SCRAPER-4] [03:24:10] [9/17] sqlmapproject/sqlmap...
[SCRAPER-4] [03:24:13] [10/17] commixproject/commix...
[SCRAPER-4] [03:24:15] [11/17] epinna/tplmap...
[SCRAPER-4] [03:24:17] [12/17] urbanadventurer/WhatWeb...
[SCRAPER-4] [03:24:19] [13/17] EnableSecurity/wafw00f...
[SCRAPER-4] [03:24:21] [14/17] xmendez/wfuzz...
[SCRAPER-4] [03:24:23] [15/17] OJ/gobuster...
[SCRAPER-4] [03:24:25] [16/17] ffuf/ffuf...
[SCRAPER-4] [03:24:27] [17/17] tomnomnom/meg...
[SCRAPER-4] [03:24:29] ✅ CYCLE 73 DONE | Total: 0.0 MB
[SCRAPER-4] [03:25:29] 🔄 CYCLE 74 - Depth: 7900 files/repo
[SCRAPER-4] [03:25:29] [1/17] Azure/Azure-Security-Center...
[SCRAPER-4] [03:25:31] [2/17] aquasecurity/trivy...
[SCRAPER-4] [03:25:33] [3/17] bridgecrewio/checkov...
[SCRAPER-4] [03:25:35] [4/17] RhinoSecurityLabs/pacu...
[SCRAPER-4] [03:25:37] [5/17] nccgroup/ScoutSuite...
[SCRAPER-4] [03:25:39] [6/17] toniblyx/prowler...
[SCRAPER-4] [03:25:41] [7/17] projectdiscovery/nuclei-templates...
[SCRAPER-4] [03:25:43] [8/17] projectdiscovery/nuclei...
[SCRAPER-4] [03:25:45] [9/17] sqlmapproject/sqlmap...
[SCRAPER-4] [03:25:47] [10/17] commixproject/commix...
[SCRAPER-4] [03:25:49] [11/17] epinna/tplmap...
[SCRAPER-4] [03:25:51] [12/17] urbanadventurer/WhatWeb...
[SCRAPER-4] [03:25:53] [13/17] EnableSecurity/wafw00f...
[SCRAPER-4] [03:25:55] [14/17] xmendez/wfuzz...
[SCRAPER-4] [03:25:57] [15/17] OJ/gobuster...
[SCRAPER-4] [03:25:59] [16/17] ffuf/ffuf...
[SCRAPER-4] [03:26:01] [17/17] tomnomnom/meg...
[SCRAPER-4] [03:26:03] ✅ CYCLE 74 DONE | Total: 0.0 MB
[SCRAPER-4] [03:27:03] 🔄 CYCLE 75 - Depth: 8000 files/repo
[SCRAPER-4] [03:27:03] [1/17] Azure/Azure-Security-Center...
[SCRAPER-4] [03:27:05] [2/17] aquasecurity/trivy...
[SCRAPER-4] [03:27:07] [3/17] bridgecrewio/checkov...
[SCRAPER-4] [03:27:09] [4/17] RhinoSecurityLabs/pacu...
[SCRAPER-4] [03:27:11] [5/17] nccgroup/ScoutSuite...
[SCRAPER-4] [03:27:13] [6/17] toniblyx/prowler...
[SCRAPER-4] [03:27:15] [7/17] projectdiscovery/nuclei-templates...
[SCRAPER-4] [03:27:18] [8/17] projectdiscovery/nuclei...
[SCRAPER-4] [03:27:20] [9/17] sqlmapproject/sqlmap...
[SCRAPER-4] [03:27:22] [10/17] commixproject/commix...
[SCRAPER-4] [03:27:24] [11/17] epinna/tplmap...
[SCRAPER-4] [03:27:26] [12/17] urbanadventurer/WhatWeb...
[SCRAPER-4] [03:27:28] [13/17] EnableSecurity/wafw00f...
[SCRAPER-4] [03:27:30] [14/17] xmendez/wfuzz...
[SCRAPER-4] [03:27:32] [15/17] OJ/gobuster...
[SCRAPER-4] [03:27:34] [16/17] ffuf/ffuf...
[SCRAPER-4] [03:27:36] [17/17] tomnomnom/meg...
[SCRAPER-4] [03:27:38] ✅ CYCLE 75 DONE | Total: 0.0 MB
[SCRAPER-4] [03:28:38] 🔄 CYCLE 76 - Depth: 8100 files/repo
[SCRAPER-4] [03:28:38] [1/17] Azure/Azure-Security-Center...
[SCRAPER-4] [03:28:40] [2/17] aquasecurity/trivy...
[SCRAPER-4] [03:28:42] [3/17] bridgecrewio/checkov...
[SCRAPER-4] [03:28:44] [4/17] RhinoSecurityLabs/pacu...
[SCRAPER-4] [03:28:46] [5/17] nccgroup/ScoutSuite...
[SCRAPER-4] [03:28:48] [6/17] toniblyx/prowler...
[SCRAPER-4] [03:28:50] [7/17] projectdiscovery/nuclei-templates...
[SCRAPER-4] [03:28:52] [8/17] projectdiscovery/nuclei...
[SCRAPER-4] [03:28:54] [9/17] sqlmapproject/sqlmap...
[SCRAPER-4] [03:28:56] [10/17] commixproject/commix...
[SCRAPER-4] [03:28:58] [11/17] epinna/tplmap...
[SCRAPER-4] [03:29:00] [12/17] urbanadventurer/WhatWeb...
[SCRAPER-4] [03:29:02] [13/17] EnableSecurity/wafw00f...
[SCRAPER-4] [03:29:04] [14/17] xmendez/wfuzz...
[SCRAPER-4] [03:29:06] [15/17] OJ/gobuster...
[SCRAPER-4] [03:29:08] [16/17] ffuf/ffuf...
[SCRAPER-4] [03:29:10] [17/17] tomnomnom/meg...
[SCRAPER-4] [03:29:12] ✅ CYCLE 76 DONE | Total: 0.0 MB
[SCRAPER-4] [03:30:12] 🔄 CYCLE 77 - Depth: 8200 files/repo
[SCRAPER-4] [03:30:12] [1/17] Azure/Azure-Security-Center...
[SCRAPER-4] [03:30:14] [2/17] aquasecurity/trivy...
[SCRAPER-4] [03:30:16] [3/17] bridgecrewio/checkov...
[SCRAPER-4] [03:30:18] [4/17] RhinoSecurityLabs/pacu...
[SCRAPER-4] [03:30:20] [5/17] nccgroup/ScoutSuite...
[SCRAPER-4] [03:30:22] [6/17] toniblyx/prowler...
[SCRAPER-4] [03:30:25] [7/17] projectdiscovery/nuclei-templates...
[SCRAPER-4] [03:30:27] [8/17] projectdiscovery/nuclei...
[SCRAPER-4] [03:30:29] [9/17] sqlmapproject/sqlmap...
[SCRAPER-4] [03:30:31] [10/17] commixproject/commix...
[SCRAPER-4] [03:30:33] [11/17] epinna/tplmap...
[SCRAPER-4] [03:30:35] [12/17] urbanadventurer/WhatWeb...
[SCRAPER-4] [03:30:37] [13/17] EnableSecurity/wafw00f...
[SCRAPER-4] [03:30:39] [14/17] xmendez/wfuzz...
[SCRAPER-4] [03:30:41] [15/17] OJ/gobuster...
[SCRAPER-4] [03:30:43] [16/17] ffuf/ffuf...
[SCRAPER-4] [03:30:45] [17/17] tomnomnom/meg...
[SCRAPER-4] [03:30:47] ✅ CYCLE 77 DONE | Total: 0.0 MB
[SCRAPER-4] [03:31:47] 🔄 CYCLE 78 - Depth: 8300 files/repo
[SCRAPER-4] [03:31:47] [1/17] Azure/Azure-Security-Center...
[SCRAPER-4] [03:31:49] [2/17] aquasecurity/trivy...
[SCRAPER-4] [03:31:51] [3/17] bridgecrewio/checkov...
[SCRAPER-4] [03:31:53] [4/17] RhinoSecurityLabs/pacu...
[SCRAPER-4] [03:31:55] [5/17] nccgroup/ScoutSuite...
[SCRAPER-4] [03:31:57] [6/17] toniblyx/prowler...
[SCRAPER-4] [03:31:59] [7/17] projectdiscovery/nuclei-templates...
[SCRAPER-4] [03:32:01] [8/17] projectdiscovery/nuclei...
[SCRAPER-4] [03:32:03] [9/17] sqlmapproject/sqlmap...
[SCRAPER-4] [03:32:05] [10/17] commixproject/commix...
[SCRAPER-4] [03:32:07] [11/17] epinna/tplmap...
[SCRAPER-4] [03:32:09] [12/17] urbanadventurer/WhatWeb...
[SCRAPER-4] [03:32:11] [13/17] EnableSecurity/wafw00f...
[SCRAPER-4] [03:32:13] [14/17] xmendez/wfuzz...
[SCRAPER-4] [03:32:15] [15/17] OJ/gobuster...
[SCRAPER-4] [03:32:17] [16/17] ffuf/ffuf...
[SCRAPER-4] [03:32:19] [17/17] tomnomnom/meg...
[SCRAPER-4] [03:32:21] ✅ CYCLE 78 DONE | Total: 0.0 MB
[SCRAPER-4] [03:33:21] 🔄 CYCLE 79 - Depth: 8400 files/repo
[SCRAPER-4] [03:33:21] [1/17] Azure/Azure-Security-Center...
[SCRAPER-4] [03:33:23] [2/17] aquasecurity/trivy...
[SCRAPER-4] [03:33:25] [3/17] bridgecrewio/checkov...
[SCRAPER-4] [03:33:27] [4/17] RhinoSecurityLabs/pacu...
[SCRAPER-4] [03:33:29] [5/17] nccgroup/ScoutSuite...
[SCRAPER-4] [03:33:32] [6/17] toniblyx/prowler...
[SCRAPER-4] [03:33:34] [7/17] projectdiscovery/nuclei-templates...
[SCRAPER-4] [03:33:36] [8/17] projectdiscovery/nuclei...
[SCRAPER-4] [03:33:38] [9/17] sqlmapproject/sqlmap...
[SCRAPER-4] [03:33:40] [10/17] commixproject/commix...
[SCRAPER-4] [03:33:42] [11/17] epinna/tplmap...
[SCRAPER-4] [03:33:44] [12/17] urbanadventurer/WhatWeb...
[SCRAPER-4] [03:33:46] [13/17] EnableSecurity/wafw00f...
[SCRAPER-4] [03:33:48] [14/17] xmendez/wfuzz...
[SCRAPER-4] [03:33:50] [15/17] OJ/gobuster...
[SCRAPER-4] [03:33:52] [16/17] ffuf/ffuf...
[SCRAPER-4] [03:33:54] [17/17] tomnomnom/meg...
[SCRAPER-4] [03:33:56] ✅ CYCLE 79 DONE | Total: 0.0 MB
[SCRAPER-4] [03:34:56] 🔄 CYCLE 80 - Depth: 8500 files/repo
[SCRAPER-4] [03:34:56] [1/17] Azure/Azure-Security-Center...
[SCRAPER-4] [03:34:58] [2/17] aquasecurity/trivy...
[SCRAPER-4] [03:35:00] [3/17] bridgecrewio/checkov...
[SCRAPER-4] [03:35:02] [4/17] RhinoSecurityLabs/pacu...
[SCRAPER-4] [03:35:04] [5/17] nccgroup/ScoutSuite...
[SCRAPER-4] [03:35:06] [6/17] toniblyx/prowler...
[SCRAPER-4] [03:35:08] [7/17] projectdiscovery/nuclei-templates...
[SCRAPER-4] [03:35:10] [8/17] projectdiscovery/nuclei...
[SCRAPER-4] [03:35:12] [9/17] sqlmapproject/sqlmap...
[SCRAPER-4] [03:35:14] [10/17] commixproject/commix...
[SCRAPER-4] [03:35:16] [11/17] epinna/tplmap...
[SCRAPER-4] [03:35:18] [12/17] urbanadventurer/WhatWeb...
[SCRAPER-4] [03:35:20] [13/17] EnableSecurity/wafw00f...
[SCRAPER-4] [03:35:22] [14/17] xmendez/wfuzz...
[SCRAPER-4] [03:35:24] [15/17] OJ/gobuster...
[SCRAPER-4] [03:35:26] [16/17] ffuf/ffuf...
[SCRAPER-4] [03:35:28] [17/17] tomnomnom/meg...
[SCRAPER-4] [03:35:30] ✅ CYCLE 80 DONE | Total: 0.0 MB
[SCRAPER-4] [03:36:30] 🔄 CYCLE 81 - Depth: 8600 files/repo
[SCRAPER-4] [03:36:30] [1/17] Azure/Azure-Security-Center...
[SCRAPER-4] [03:36:32] [2/17] aquasecurity/trivy...
[SCRAPER-4] [03:36:34] [3/17] bridgecrewio/checkov...
[SCRAPER-4] [03:36:36] [4/17] RhinoSecurityLabs/pacu...
[SCRAPER-4] [03:36:38] [5/17] nccgroup/ScoutSuite...
[SCRAPER-4] [03:36:41] [6/17] toniblyx/prowler...
[SCRAPER-4] [03:36:43] [7/17] projectdiscovery/nuclei-templates...
[SCRAPER-4] [03:36:45] [8/17] projectdiscovery/nuclei...
[SCRAPER-4] [03:36:47] [9/17] sqlmapproject/sqlmap...
[SCRAPER-4] [03:36:49] [10/17] commixproject/commix...
[SCRAPER-4] [03:36:51] [11/17] epinna/tplmap...
[SCRAPER-4] [03:36:53] [12/17] urbanadventurer/WhatWeb...
[SCRAPER-4] [03:36:55] [13/17] EnableSecurity/wafw00f...
[SCRAPER-4] [03:36:57] [14/17] xmendez/wfuzz...
[SCRAPER-4] [03:36:59] [15/17] OJ/gobuster...
[SCRAPER-4] [03:37:01] [16/17] ffuf/ffuf...
[SCRAPER-4] [03:37:03] [17/17] tomnomnom/meg...
[SCRAPER-4] [03:37:05] ✅ CYCLE 81 DONE | Total: 0.0 MB
[SCRAPER-4] [03:38:05] 🔄 CYCLE 82 - Depth: 8700 files/repo
[SCRAPER-4] [03:38:05] [1/17] Azure/Azure-Security-Center...
[SCRAPER-4] [03:38:07] [2/17] aquasecurity/trivy...
[SCRAPER-4] [03:38:09] [3/17] bridgecrewio/checkov...
[SCRAPER-4] [03:38:11] [4/17] RhinoSecurityLabs/pacu...
[SCRAPER-4] [03:38:13] [5/17] nccgroup/ScoutSuite...
[SCRAPER-4] [03:38:15] [6/17] toniblyx/prowler...
[SCRAPER-4] [03:38:17] [7/17] projectdiscovery/nuclei-templates...
[SCRAPER-4] [03:38:19] [8/17] projectdiscovery/nuclei...
[SCRAPER-4] [03:38:21] [9/17] sqlmapproject/sqlmap...
[SCRAPER-4] [03:38:23] [10/17] commixproject/commix...
[SCRAPER-4] [03:38:25] [11/17] epinna/tplmap...
[SCRAPER-4] [03:38:27] [12/17] urbanadventurer/WhatWeb...
[SCRAPER-4] [03:38:29] [13/17] EnableSecurity/wafw00f...
[SCRAPER-4] [03:38:31] [14/17] xmendez/wfuzz...
[SCRAPER-4] [03:38:33] [15/17] OJ/gobuster...
[SCRAPER-4] [03:38:35] [16/17] ffuf/ffuf...
[SCRAPER-4] [03:38:37] [17/17] tomnomnom/meg...
[SCRAPER-4] [03:38:39] ✅ CYCLE 82 DONE | Total: 0.0 MB
[SCRAPER-4] [03:39:39] 🔄 CYCLE 83 - Depth: 8800 files/repo
[SCRAPER-4] [03:39:39] [1/17] Azure/Azure-Security-Center...
[SCRAPER-4] [03:39:41] [2/17] aquasecurity/trivy...
[SCRAPER-4] [03:39:43] [3/17] bridgecrewio/checkov...
[SCRAPER-4] [03:39:45] [4/17] RhinoSecurityLabs/pacu...
[SCRAPER-4] [03:39:47] [5/17] nccgroup/ScoutSuite...
[SCRAPER-4] [03:39:50] [6/17] toniblyx/prowler...
[SCRAPER-4] [03:39:52] [7/17] projectdiscovery/nuclei-templates...
[SCRAPER-4] [03:39:54] [8/17] projectdiscovery/nuclei...
[SCRAPER-4] [03:39:56] [9/17] sqlmapproject/sqlmap...
[SCRAPER-4] [03:39:58] [10/17] commixproject/commix...
[SCRAPER-4] [03:40:00] [11/17] epinna/tplmap...
[SCRAPER-4] [03:40:02] [12/17] urbanadventurer/WhatWeb...
[SCRAPER-4] [03:40:04] [13/17] EnableSecurity/wafw00f...
[SCRAPER-4] [03:40:06] [14/17] xmendez/wfuzz...
[SCRAPER-4] [03:40:08] [15/17] OJ/gobuster...
[SCRAPER-4] [03:40:10] [16/17] ffuf/ffuf...
[SCRAPER-4] [03:40:12] [17/17] tomnomnom/meg...
[SCRAPER-4] [03:40:14] ✅ CYCLE 83 DONE | Total: 0.0 MB
[SCRAPER-4] [03:41:14] 🔄 CYCLE 84 - Depth: 8900 files/repo
[SCRAPER-4] [03:41:14] [1/17] Azure/Azure-Security-Center...
[SCRAPER-4] [03:41:16] [2/17] aquasecurity/trivy...
[SCRAPER-4] [03:41:18] [3/17] bridgecrewio/checkov...
[SCRAPER-4] [03:41:20] [4/17] RhinoSecurityLabs/pacu...
[SCRAPER-4] [03:41:22] [5/17] nccgroup/ScoutSuite...
[SCRAPER-4] [03:41:24] [6/17] toniblyx/prowler...
[SCRAPER-4] [03:41:26] [7/17] projectdiscovery/nuclei-templates...
[SCRAPER-4] [03:41:28] [8/17] projectdiscovery/nuclei...
[SCRAPER-4] [03:41:30] [9/17] sqlmapproject/sqlmap...
[SCRAPER-4] [03:41:32] [10/17] commixproject/commix...
[SCRAPER-4] [03:41:34] [11/17] epinna/tplmap...
[SCRAPER-4] [03:41:36] [12/17] urbanadventurer/WhatWeb...
[SCRAPER-4] [03:41:38] [13/17] EnableSecurity/wafw00f...
[SCRAPER-4] [03:41:40] [14/17] xmendez/wfuzz...
[SCRAPER-4] [03:41:42] [15/17] OJ/gobuster...
[SCRAPER-4] [03:41:44] [16/17] ffuf/ffuf...
[SCRAPER-4] [03:41:46] [17/17] tomnomnom/meg...
[SCRAPER-4] [03:41:48] ✅ CYCLE 84 DONE | Total: 0.0 MB
[SCRAPER-4] [03:42:48] 🔄 CYCLE 85 - Depth: 9000 files/repo
[SCRAPER-4] [03:42:48] [1/17] Azure/Azure-Security-Center...
[SCRAPER-4] [03:42:50] [2/17] aquasecurity/trivy...
[SCRAPER-4] [03:42:52] [3/17] bridgecrewio/checkov...
[SCRAPER-4] [03:42:54] [4/17] RhinoSecurityLabs/pacu...
[SCRAPER-4] [03:42:56] [5/17] nccgroup/ScoutSuite...
[SCRAPER-4] [03:42:59] [6/17] toniblyx/prowler...
[SCRAPER-4] [03:43:01] [7/17] projectdiscovery/nuclei-templates...
[SCRAPER-4] [03:43:03] [8/17] projectdiscovery/nuclei...
[SCRAPER-4] [03:43:05] [9/17] sqlmapproject/sqlmap...
[SCRAPER-4] [03:43:07] [10/17] commixproject/commix...
[SCRAPER-4] [03:43:09] [11/17] epinna/tplmap...
[SCRAPER-4] [03:43:11] [12/17] urbanadventurer/WhatWeb...
[SCRAPER-4] [03:43:13] [13/17] EnableSecurity/wafw00f...
[SCRAPER-4] [03:43:15] [14/17] xmendez/wfuzz...
[SCRAPER-4] [03:43:17] [15/17] OJ/gobuster...
[SCRAPER-4] [03:43:19] [16/17] ffuf/ffuf...
[SCRAPER-4] [03:43:21] [17/17] tomnomnom/meg...
[SCRAPER-4] [03:43:23] ✅ CYCLE 85 DONE | Total: 0.0 MB
[SCRAPER-4] [03:44:23] 🔄 CYCLE 86 - Depth: 9100 files/repo
[SCRAPER-4] [03:44:23] [1/17] Azure/Azure-Security-Center...
[SCRAPER-4] [03:44:25] [2/17] aquasecurity/trivy...
[SCRAPER-4] [03:44:27] [3/17] bridgecrewio/checkov...
[SCRAPER-4] [03:44:29] [4/17] RhinoSecurityLabs/pacu...
[SCRAPER-4] [03:44:31] [5/17] nccgroup/ScoutSuite...
[SCRAPER-4] [03:44:33] [6/17] toniblyx/prowler...
[SCRAPER-4] [03:44:35] [7/17] projectdiscovery/nuclei-templates...
[SCRAPER-4] [03:44:37] [8/17] projectdiscovery/nuclei...
[SCRAPER-4] [03:44:39] [9/17] sqlmapproject/sqlmap...
[SCRAPER-4] [03:44:41] [10/17] commixproject/commix...
[SCRAPER-4] [03:44:43] [11/17] epinna/tplmap...
[SCRAPER-4] [03:44:45] [12/17] urbanadventurer/WhatWeb...
[SCRAPER-4] [03:44:47] [13/17] EnableSecurity/wafw00f...
[SCRAPER-4] [03:44:49] [14/17] xmendez/wfuzz...
[SCRAPER-4] [03:44:51] [15/17] OJ/gobuster...
[SCRAPER-4] [03:44:53] [16/17] ffuf/ffuf...
[SCRAPER-4] [03:44:55] [17/17] tomnomnom/meg...
[SCRAPER-4] [03:44:57] ✅ CYCLE 86 DONE | Total: 0.0 MB
[SCRAPER-4] [03:45:57] 🔄 CYCLE 87 - Depth: 9200 files/repo
[SCRAPER-4] [03:45:57] [1/17] Azure/Azure-Security-Center...
[SCRAPER-4] [03:45:59] [2/17] aquasecurity/trivy...
[SCRAPER-4] [03:46:01] [3/17] bridgecrewio/checkov...
[SCRAPER-4] [03:46:03] [4/17] RhinoSecurityLabs/pacu...
[SCRAPER-4] [03:46:06] [5/17] nccgroup/ScoutSuite...
[SCRAPER-4] [03:46:08] [6/17] toniblyx/prowler...
[SCRAPER-4] [03:46:10] [7/17] projectdiscovery/nuclei-templates...
[SCRAPER-4] [03:46:12] [8/17] projectdiscovery/nuclei...
[SCRAPER-4] [03:46:14] [9/17] sqlmapproject/sqlmap...
[SCRAPER-4] [03:46:16] [10/17] commixproject/commix...
[SCRAPER-4] [03:46:18] [11/17] epinna/tplmap...
[SCRAPER-4] [03:46:20] [12/17] urbanadventurer/WhatWeb...
[SCRAPER-4] [03:46:22] [13/17] EnableSecurity/wafw00f...
[SCRAPER-4] [03:46:24] [14/17] xmendez/wfuzz...
[SCRAPER-4] [03:46:26] [15/17] OJ/gobuster...
[SCRAPER-4] [03:46:28] [16/17] ffuf/ffuf...
[SCRAPER-4] [03:46:30] [17/17] tomnomnom/meg...
[SCRAPER-4] [03:46:32] ✅ CYCLE 87 DONE | Total: 0.0 MB
[SCRAPER-4] [03:47:32] 🔄 CYCLE 88 - Depth: 9300 files/repo
[SCRAPER-4] [03:47:32] [1/17] Azure/Azure-Security-Center...
[SCRAPER-4] [03:47:34] [2/17] aquasecurity/trivy...
[SCRAPER-4] [03:47:36] [3/17] bridgecrewio/checkov...
[SCRAPER-4] [03:47:38] [4/17] RhinoSecurityLabs/pacu...
[SCRAPER-4] [03:47:40] [5/17] nccgroup/ScoutSuite...
[SCRAPER-4] [03:47:42] [6/17] toniblyx/prowler...
[SCRAPER-4] [03:47:44] [7/17] projectdiscovery/nuclei-templates...
[SCRAPER-4] [03:47:46] [8/17] projectdiscovery/nuclei...
[SCRAPER-4] [03:47:48] [9/17] sqlmapproject/sqlmap...
[SCRAPER-4] [03:47:50] [10/17] commixproject/commix...
[SCRAPER-4] [03:47:52] [11/17] epinna/tplmap...
[SCRAPER-4] [03:47:54] [12/17] urbanadventurer/WhatWeb...
[SCRAPER-4] [03:47:56] [13/17] EnableSecurity/wafw00f...
[SCRAPER-4] [03:47:58] [14/17] xmendez/wfuzz...
[SCRAPER-4] [03:48:00] [15/17] OJ/gobuster...
[SCRAPER-4] [03:48:02] [16/17] ffuf/ffuf...
[SCRAPER-4] [03:48:04] [17/17] tomnomnom/meg...
[SCRAPER-4] [03:48:06] ✅ CYCLE 88 DONE | Total: 0.0 MB
[SCRAPER-4] [03:49:06] 🔄 CYCLE 89 - Depth: 9400 files/repo
[SCRAPER-4] [03:49:06] [1/17] Azure/Azure-Security-Center...
[SCRAPER-4] [03:49:09] [2/17] aquasecurity/trivy...
[SCRAPER-4] [03:49:11] [3/17] bridgecrewio/checkov...
[SCRAPER-4] [03:49:13] [4/17] RhinoSecurityLabs/pacu...
[SCRAPER-4] [03:49:15] [5/17] nccgroup/ScoutSuite...
[SCRAPER-4] [03:49:17] [6/17] toniblyx/prowler...
[SCRAPER-4] [03:49:19] [7/17] projectdiscovery/nuclei-templates...
[SCRAPER-4] [03:49:21] [8/17] projectdiscovery/nuclei...
[SCRAPER-4] [03:49:23] [9/17] sqlmapproject/sqlmap...
[SCRAPER-4] [03:49:25] [10/17] commixproject/commix...
[SCRAPER-4] [03:49:27] [11/17] epinna/tplmap...
[SCRAPER-4] [03:49:29] [12/17] urbanadventurer/WhatWeb...
[SCRAPER-4] [03:49:31] [13/17] EnableSecurity/wafw00f...
[SCRAPER-4] [03:49:33] [14/17] xmendez/wfuzz...
[SCRAPER-4] [03:49:35] [15/17] OJ/gobuster...
[SCRAPER-4] [03:49:37] [16/17] ffuf/ffuf...
[SCRAPER-4] [03:49:39] [17/17] tomnomnom/meg...
[SCRAPER-4] [03:49:41] ✅ CYCLE 89 DONE | Total: 0.0 MB
[SCRAPER-4] [03:50:41] 🔄 CYCLE 90 - Depth: 9500 files/repo
[SCRAPER-4] [03:50:41] [1/17] Azure/Azure-Security-Center...
[SCRAPER-4] [03:50:43] [2/17] aquasecurity/trivy...
[SCRAPER-4] [03:50:45] [3/17] bridgecrewio/checkov...
[SCRAPER-4] [03:50:47] [4/17] RhinoSecurityLabs/pacu...
[SCRAPER-4] [03:50:49] [5/17] nccgroup/ScoutSuite...
[SCRAPER-4] [03:50:51] [6/17] toniblyx/prowler...
[SCRAPER-4] [03:50:53] [7/17] projectdiscovery/nuclei-templates...
[SCRAPER-4] [03:50:55] [8/17] projectdiscovery/nuclei...
[SCRAPER-4] [03:50:57] [9/17] sqlmapproject/sqlmap...
[SCRAPER-4] [03:50:59] [10/17] commixproject/commix...
[SCRAPER-4] [03:51:01] [11/17] epinna/tplmap...
[SCRAPER-4] [03:51:03] [12/17] urbanadventurer/WhatWeb...
[SCRAPER-4] [03:51:05] [13/17] EnableSecurity/wafw00f...
[SCRAPER-4] [03:51:07] [14/17] xmendez/wfuzz...
[SCRAPER-4] [03:51:09] [15/17] OJ/gobuster...
[SCRAPER-4] [03:51:11] [16/17] ffuf/ffuf...
[SCRAPER-4] [03:51:14] [17/17] tomnomnom/meg...
[SCRAPER-4] [03:51:16] ✅ CYCLE 90 DONE | Total: 0.0 MB
[SCRAPER-4] [03:52:16] 🔄 CYCLE 91 - Depth: 9600 files/repo
[SCRAPER-4] [03:52:16] [1/17] Azure/Azure-Security-Center...
[SCRAPER-4] [03:52:18] [2/17] aquasecurity/trivy...
[SCRAPER-4] [03:52:20] [3/17] bridgecrewio/checkov...
[SCRAPER-4] [03:52:22] [4/17] RhinoSecurityLabs/pacu...
[SCRAPER-4] [03:52:24] [5/17] nccgroup/ScoutSuite...
[SCRAPER-4] [03:52:26] [6/17] toniblyx/prowler...
[SCRAPER-4] [03:52:28] [7/17] projectdiscovery/nuclei-templates...
[SCRAPER-4] [03:52:30] [8/17] projectdiscovery/nuclei...
[SCRAPER-4] [03:52:32] [9/17] sqlmapproject/sqlmap...
[SCRAPER-4] [03:52:34] [10/17] commixproject/commix...
[SCRAPER-4] [03:52:36] [11/17] epinna/tplmap...
[SCRAPER-4] [03:52:38] [12/17] urbanadventurer/WhatWeb...
[SCRAPER-4] [03:52:40] [13/17] EnableSecurity/wafw00f...
[SCRAPER-4] [03:52:42] [14/17] xmendez/wfuzz...
[SCRAPER-4] [03:52:44] [15/17] OJ/gobuster...
[SCRAPER-4] [03:52:46] [16/17] ffuf/ffuf...
[SCRAPER-4] [03:52:48] [17/17] tomnomnom/meg...
[SCRAPER-4] [03:52:50] ✅ CYCLE 91 DONE | Total: 0.0 MB
[SCRAPER-4] [03:53:50] 🔄 CYCLE 92 - Depth: 9700 files/repo
[SCRAPER-4] [03:53:50] [1/17] Azure/Azure-Security-Center...
[SCRAPER-4] [03:53:52] [2/17] aquasecurity/trivy...
[SCRAPER-4] [03:53:54] [3/17] bridgecrewio/checkov...
[SCRAPER-4] [03:53:56] [4/17] RhinoSecurityLabs/pacu...
[SCRAPER-4] [03:53:58] [5/17] nccgroup/ScoutSuite...
[SCRAPER-4] [03:54:00] [6/17] toniblyx/prowler...
[SCRAPER-4] [03:54:02] [7/17] projectdiscovery/nuclei-templates...
[SCRAPER-4] [03:54:04] [8/17] projectdiscovery/nuclei...
[SCRAPER-4] [03:54:06] [9/17] sqlmapproject/sqlmap...
[SCRAPER-4] [03:54:08] [10/17] commixproject/commix...
[SCRAPER-4] [03:54:10] [11/17] epinna/tplmap...
[SCRAPER-4] [03:54:12] [12/17] urbanadventurer/WhatWeb...
[SCRAPER-4] [03:54:14] [13/17] EnableSecurity/wafw00f...
[SCRAPER-4] [03:54:17] [14/17] xmendez/wfuzz...
[SCRAPER-4] [03:54:19] [15/17] OJ/gobuster...
