[SCRAPER-2] [01:30:23] 🚀 SCRAPER 2 STARTED: Pentesting & Red Team
[SCRAPER-2] [01:30:23] 🔄 CYCLE 1 - Depth: 600 files/repo
[SCRAPER-2] [01:30:23] [1/14] rapid7/metasploit-framework...
[SCRAPER-2] [01:30:25] [2/14] offensive-security/exploitdb...
[SCRAPER-2] [01:30:27] [3/14] carlospolop/PEASS-ng...
[SCRAPER-2] [01:30:29] [4/14] Ignitetechnologies/Privilege-Escalation...
[SCRAPER-2] [01:30:31] [5/14] S1ckB0y1337/Active-Directory-Exploitation-Cheat-Sheet...
[SCRAPER-2] [01:30:33] [6/14] BC-SECURITY/Empire...
[SCRAPER-2] [01:30:35] [7/14] gentilkiwi/mimikatz...
[SCRAPER-2] [01:30:37] [8/14] PowerShellMafia/PowerSploit...
[SCRAPER-2] [01:30:39] [9/14] danielmiessler/SecLists...
[SCRAPER-2] [01:30:41] [10/14] fuzzdb-project/fuzzdb...
[SCRAPER-2] [01:30:43] [11/14] HackTricks-wiki/hacktricks...
[SCRAPER-2] [01:30:45] [12/14] 0xsp/offensive-security-cheatsheet...
[SCRAPER-2] [01:30:47] [13/14] enaqx/awesome-pentest...
[SCRAPER-2] [01:30:49] [14/14] Hack-with-Github/Awesome-Hacking...
[SCRAPER-2] [01:30:51] ✅ CYCLE 1 DONE | Total: 0.0 MB
[SCRAPER-2] [01:31:51] 🔄 CYCLE 2 - Depth: 700 files/repo
[SCRAPER-2] [01:31:51] [1/14] rapid7/metasploit-framework...
[SCRAPER-2] [01:31:53] [2/14] offensive-security/exploitdb...
[SCRAPER-2] [01:31:55] [3/14] carlospolop/PEASS-ng...
[SCRAPER-2] [01:31:57] [4/14] Ignitetechnologies/Privilege-Escalation...
[SCRAPER-2] [01:31:59] [5/14] S1ckB0y1337/Active-Directory-Exploitation-Cheat-Sheet...
[SCRAPER-2] [01:32:01] [6/14] BC-SECURITY/Empire...
[SCRAPER-2] [01:32:03] [7/14] gentilkiwi/mimikatz...
[SCRAPER-2] [01:32:05] [8/14] PowerShellMafia/PowerSploit...
[SCRAPER-2] [01:32:07] [9/14] danielmiessler/SecLists...
[SCRAPER-2] [01:32:10] [10/14] fuzzdb-project/fuzzdb...
[SCRAPER-2] [01:32:12] [11/14] HackTricks-wiki/hacktricks...
[SCRAPER-2] [01:32:14] [12/14] 0xsp/offensive-security-cheatsheet...
[SCRAPER-2] [01:32:16] [13/14] enaqx/awesome-pentest...
[SCRAPER-2] [01:32:18] [14/14] Hack-with-Github/Awesome-Hacking...
[SCRAPER-2] [01:32:20] ✅ CYCLE 2 DONE | Total: 0.0 MB
[SCRAPER-2] [01:33:20] 🔄 CYCLE 3 - Depth: 800 files/repo
[SCRAPER-2] [01:33:20] [1/14] rapid7/metasploit-framework...
[SCRAPER-2] [01:33:22] [2/14] offensive-security/exploitdb...
[SCRAPER-2] [01:33:24] [3/14] carlospolop/PEASS-ng...
[SCRAPER-2] [01:33:26] [4/14] Ignitetechnologies/Privilege-Escalation...
[SCRAPER-2] [01:33:28] [5/14] S1ckB0y1337/Active-Directory-Exploitation-Cheat-Sheet...
[SCRAPER-2] [01:33:30] [6/14] BC-SECURITY/Empire...
[SCRAPER-2] [01:33:32] [7/14] gentilkiwi/mimikatz...
[SCRAPER-2] [01:33:34] [8/14] PowerShellMafia/PowerSploit...
[SCRAPER-2] [01:33:36] [9/14] danielmiessler/SecLists...
[SCRAPER-2] [01:33:38] [10/14] fuzzdb-project/fuzzdb...
[SCRAPER-2] [01:33:40] [11/14] HackTricks-wiki/hacktricks...
[SCRAPER-2] [01:33:42] [12/14] 0xsp/offensive-security-cheatsheet...
[SCRAPER-2] [01:33:44] [13/14] enaqx/awesome-pentest...
[SCRAPER-2] [01:33:46] [14/14] Hack-with-Github/Awesome-Hacking...
[SCRAPER-2] [01:33:48] ✅ CYCLE 3 DONE | Total: 0.0 MB
[SCRAPER-2] [01:34:48] 🔄 CYCLE 4 - Depth: 900 files/repo
[SCRAPER-2] [01:34:48] [1/14] rapid7/metasploit-framework...
[SCRAPER-2] [01:34:50] [2/14] offensive-security/exploitdb...
[SCRAPER-2] [01:34:52] [3/14] carlospolop/PEASS-ng...
[SCRAPER-2] [01:34:54] [4/14] Ignitetechnologies/Privilege-Escalation...
[SCRAPER-2] [01:34:56] [5/14] S1ckB0y1337/Active-Directory-Exploitation-Cheat-Sheet...
[SCRAPER-2] [01:34:58] [6/14] BC-SECURITY/Empire...
[SCRAPER-2] [01:35:00] [7/14] gentilkiwi/mimikatz...
[SCRAPER-2] [01:35:02] [8/14] PowerShellMafia/PowerSploit...
[SCRAPER-2] [01:35:04] [9/14] danielmiessler/SecLists...
[SCRAPER-2] [01:35:06] [10/14] fuzzdb-project/fuzzdb...
[SCRAPER-2] [01:35:08] [11/14] HackTricks-wiki/hacktricks...
[SCRAPER-2] [01:35:10] [12/14] 0xsp/offensive-security-cheatsheet...
[SCRAPER-2] [01:35:12] [13/14] enaqx/awesome-pentest...
[SCRAPER-2] [01:35:15] [14/14] Hack-with-Github/Awesome-Hacking...
[SCRAPER-2] [01:35:17] ✅ CYCLE 4 DONE | Total: 0.0 MB
[SCRAPER-2] [01:36:17] 🔄 CYCLE 5 - Depth: 1000 files/repo
[SCRAPER-2] [01:36:17] [1/14] rapid7/metasploit-framework...
[SCRAPER-2] [01:36:19] [2/14] offensive-security/exploitdb...
[SCRAPER-2] [01:36:21] [3/14] carlospolop/PEASS-ng...
[SCRAPER-2] [01:36:23] [4/14] Ignitetechnologies/Privilege-Escalation...
[SCRAPER-2] [01:36:25] [5/14] S1ckB0y1337/Active-Directory-Exploitation-Cheat-Sheet...
[SCRAPER-2] [01:36:27] [6/14] BC-SECURITY/Empire...
[SCRAPER-2] [01:36:29] [7/14] gentilkiwi/mimikatz...
[SCRAPER-2] [01:36:31] [8/14] PowerShellMafia/PowerSploit...
[SCRAPER-2] [01:36:33] [9/14] danielmiessler/SecLists...
[SCRAPER-2] [01:36:35] [10/14] fuzzdb-project/fuzzdb...
[SCRAPER-2] [01:36:37] [11/14] HackTricks-wiki/hacktricks...
[SCRAPER-2] [01:36:39] [12/14] 0xsp/offensive-security-cheatsheet...
[SCRAPER-2] [01:36:41] [13/14] enaqx/awesome-pentest...
[SCRAPER-2] [01:36:43] [14/14] Hack-with-Github/Awesome-Hacking...
[SCRAPER-2] [01:36:45] ✅ CYCLE 5 DONE | Total: 0.0 MB
[SCRAPER-2] [01:37:45] 🔄 CYCLE 6 - Depth: 1100 files/repo
[SCRAPER-2] [01:37:45] [1/14] rapid7/metasploit-framework...
[SCRAPER-2] [01:37:47] [2/14] offensive-security/exploitdb...
[SCRAPER-2] [01:37:49] [3/14] carlospolop/PEASS-ng...
[SCRAPER-2] [01:37:51] [4/14] Ignitetechnologies/Privilege-Escalation...
[SCRAPER-2] [01:37:53] [5/14] S1ckB0y1337/Active-Directory-Exploitation-Cheat-Sheet...
[SCRAPER-2] [01:37:55] [6/14] BC-SECURITY/Empire...
[SCRAPER-2] [01:37:57] [7/14] gentilkiwi/mimikatz...
[SCRAPER-2] [01:37:59] [8/14] PowerShellMafia/PowerSploit...
[SCRAPER-2] [01:38:01] [9/14] danielmiessler/SecLists...
[SCRAPER-2] [01:38:03] [10/14] fuzzdb-project/fuzzdb...
[SCRAPER-2] [01:38:05] [11/14] HackTricks-wiki/hacktricks...
[SCRAPER-2] [01:38:07] [12/14] 0xsp/offensive-security-cheatsheet...
[SCRAPER-2] [01:38:09] [13/14] enaqx/awesome-pentest...
[SCRAPER-2] [01:38:11] [14/14] Hack-with-Github/Awesome-Hacking...
[SCRAPER-2] [01:38:13] ✅ CYCLE 6 DONE | Total: 0.0 MB
[SCRAPER-2] [01:39:13] 🔄 CYCLE 7 - Depth: 1200 files/repo
[SCRAPER-2] [01:39:13] [1/14] rapid7/metasploit-framework...
[SCRAPER-2] [01:39:15] [2/14] offensive-security/exploitdb...
[SCRAPER-2] [01:39:17] [3/14] carlospolop/PEASS-ng...
[SCRAPER-2] [01:39:19] [4/14] Ignitetechnologies/Privilege-Escalation...
[SCRAPER-2] [01:39:22] [5/14] S1ckB0y1337/Active-Directory-Exploitation-Cheat-Sheet...
[SCRAPER-2] [01:39:24] [6/14] BC-SECURITY/Empire...
[SCRAPER-2] [01:39:26] [7/14] gentilkiwi/mimikatz...
[SCRAPER-2] [01:39:28] [8/14] PowerShellMafia/PowerSploit...
[SCRAPER-2] [01:39:30] [9/14] danielmiessler/SecLists...
[SCRAPER-2] [01:39:32] [10/14] fuzzdb-project/fuzzdb...
[SCRAPER-2] [01:39:34] [11/14] HackTricks-wiki/hacktricks...
[SCRAPER-2] [01:39:36] [12/14] 0xsp/offensive-security-cheatsheet...
[SCRAPER-2] [01:39:38] [13/14] enaqx/awesome-pentest...
[SCRAPER-2] [01:39:40] [14/14] Hack-with-Github/Awesome-Hacking...
[SCRAPER-2] [01:39:42] ✅ CYCLE 7 DONE | Total: 0.0 MB
[SCRAPER-2] [01:40:42] 🔄 CYCLE 8 - Depth: 1300 files/repo
[SCRAPER-2] [01:40:42] [1/14] rapid7/metasploit-framework...
[SCRAPER-2] [01:40:44] [2/14] offensive-security/exploitdb...
[SCRAPER-2] [01:40:46] [3/14] carlospolop/PEASS-ng...
[SCRAPER-2] [01:40:48] [4/14] Ignitetechnologies/Privilege-Escalation...
[SCRAPER-2] [01:40:50] [5/14] S1ckB0y1337/Active-Directory-Exploitation-Cheat-Sheet...
[SCRAPER-2] [01:40:52] [6/14] BC-SECURITY/Empire...
[SCRAPER-2] [01:40:54] [7/14] gentilkiwi/mimikatz...
[SCRAPER-2] [01:40:56] [8/14] PowerShellMafia/PowerSploit...
[SCRAPER-2] [01:40:58] [9/14] danielmiessler/SecLists...
[SCRAPER-2] [01:41:00] [10/14] fuzzdb-project/fuzzdb...
[SCRAPER-2] [01:41:02] [11/14] HackTricks-wiki/hacktricks...
[SCRAPER-2] [01:41:04] [12/14] 0xsp/offensive-security-cheatsheet...
[SCRAPER-2] [01:41:06] [13/14] enaqx/awesome-pentest...
[SCRAPER-2] [01:41:08] [14/14] Hack-with-Github/Awesome-Hacking...
[SCRAPER-2] [01:41:10] ✅ CYCLE 8 DONE | Total: 0.0 MB
[SCRAPER-2] [01:42:10] 🔄 CYCLE 9 - Depth: 1400 files/repo
[SCRAPER-2] [01:42:10] [1/14] rapid7/metasploit-framework...
[SCRAPER-2] [01:42:12] [2/14] offensive-security/exploitdb...
[SCRAPER-2] [01:42:14] [3/14] carlospolop/PEASS-ng...
[SCRAPER-2] [01:42:16] [4/14] Ignitetechnologies/Privilege-Escalation...
[SCRAPER-2] [01:42:18] [5/14] S1ckB0y1337/Active-Directory-Exploitation-Cheat-Sheet...
[SCRAPER-2] [01:42:20] [6/14] BC-SECURITY/Empire...
[SCRAPER-2] [01:42:22] [7/14] gentilkiwi/mimikatz...
[SCRAPER-2] [01:42:25] [8/14] PowerShellMafia/PowerSploit...
[SCRAPER-2] [01:42:27] [9/14] danielmiessler/SecLists...
[SCRAPER-2] [01:42:29] [10/14] fuzzdb-project/fuzzdb...
[SCRAPER-2] [01:42:31] [11/14] HackTricks-wiki/hacktricks...
[SCRAPER-2] [01:42:33] [12/14] 0xsp/offensive-security-cheatsheet...
[SCRAPER-2] [01:42:35] [13/14] enaqx/awesome-pentest...
[SCRAPER-2] [01:42:37] [14/14] Hack-with-Github/Awesome-Hacking...
[SCRAPER-2] [01:42:39] ✅ CYCLE 9 DONE | Total: 0.0 MB
[SCRAPER-2] [01:43:39] 🔄 CYCLE 10 - Depth: 1500 files/repo
[SCRAPER-2] [01:43:39] [1/14] rapid7/metasploit-framework...
[SCRAPER-2] [01:43:41] [2/14] offensive-security/exploitdb...
[SCRAPER-2] [01:43:43] [3/14] carlospolop/PEASS-ng...
[SCRAPER-2] [01:43:45] [4/14] Ignitetechnologies/Privilege-Escalation...
[SCRAPER-2] [01:43:47] [5/14] S1ckB0y1337/Active-Directory-Exploitation-Cheat-Sheet...
[SCRAPER-2] [01:43:49] [6/14] BC-SECURITY/Empire...
[SCRAPER-2] [01:43:51] [7/14] gentilkiwi/mimikatz...
[SCRAPER-2] [01:43:53] [8/14] PowerShellMafia/PowerSploit...
[SCRAPER-2] [01:43:55] [9/14] danielmiessler/SecLists...
[SCRAPER-2] [01:43:57] [10/14] fuzzdb-project/fuzzdb...
[SCRAPER-2] [01:43:59] [11/14] HackTricks-wiki/hacktricks...
[SCRAPER-2] [01:44:01] [12/14] 0xsp/offensive-security-cheatsheet...
[SCRAPER-2] [01:44:03] [13/14] enaqx/awesome-pentest...
[SCRAPER-2] [01:44:05] [14/14] Hack-with-Github/Awesome-Hacking...
[SCRAPER-2] [01:44:07] ✅ CYCLE 10 DONE | Total: 0.0 MB
[SCRAPER-2] [01:45:07] 🔄 CYCLE 11 - Depth: 1600 files/repo
[SCRAPER-2] [01:45:07] [1/14] rapid7/metasploit-framework...
[SCRAPER-2] [01:45:09] [2/14] offensive-security/exploitdb...
[SCRAPER-2] [01:45:11] [3/14] carlospolop/PEASS-ng...
[SCRAPER-2] [01:45:13] [4/14] Ignitetechnologies/Privilege-Escalation...
[SCRAPER-2] [01:45:15] [5/14] S1ckB0y1337/Active-Directory-Exploitation-Cheat-Sheet...
[SCRAPER-2] [01:45:17] [6/14] BC-SECURITY/Empire...
[SCRAPER-2] [01:45:19] [7/14] gentilkiwi/mimikatz...
[SCRAPER-2] [01:45:21] [8/14] PowerShellMafia/PowerSploit...
[SCRAPER-2] [01:45:23] [9/14] danielmiessler/SecLists...
[SCRAPER-2] [01:45:25] [10/14] fuzzdb-project/fuzzdb...
[SCRAPER-2] [01:45:28] [11/14] HackTricks-wiki/hacktricks...
[SCRAPER-2] [01:45:30] [12/14] 0xsp/offensive-security-cheatsheet...
[SCRAPER-2] [01:45:32] [13/14] enaqx/awesome-pentest...
[SCRAPER-2] [01:45:34] [14/14] Hack-with-Github/Awesome-Hacking...
[SCRAPER-2] [01:45:36] ✅ CYCLE 11 DONE | Total: 0.0 MB
[SCRAPER-2] [01:46:36] 🔄 CYCLE 12 - Depth: 1700 files/repo
[SCRAPER-2] [01:46:36] [1/14] rapid7/metasploit-framework...
[SCRAPER-2] [01:46:38] [2/14] offensive-security/exploitdb...
[SCRAPER-2] [01:46:40] [3/14] carlospolop/PEASS-ng...
[SCRAPER-2] [01:46:42] [4/14] Ignitetechnologies/Privilege-Escalation...
[SCRAPER-2] [01:46:44] [5/14] S1ckB0y1337/Active-Directory-Exploitation-Cheat-Sheet...
[SCRAPER-2] [01:46:46] [6/14] BC-SECURITY/Empire...
[SCRAPER-2] [01:46:48] [7/14] gentilkiwi/mimikatz...
[SCRAPER-2] [01:46:50] [8/14] PowerShellMafia/PowerSploit...
[SCRAPER-2] [01:46:52] [9/14] danielmiessler/SecLists...
[SCRAPER-2] [01:46:54] [10/14] fuzzdb-project/fuzzdb...
[SCRAPER-2] [01:46:56] [11/14] HackTricks-wiki/hacktricks...
[SCRAPER-2] [01:46:58] [12/14] 0xsp/offensive-security-cheatsheet...
[SCRAPER-2] [01:47:00] [13/14] enaqx/awesome-pentest...
[SCRAPER-2] [01:47:02] [14/14] Hack-with-Github/Awesome-Hacking...
[SCRAPER-2] [01:47:04] ✅ CYCLE 12 DONE | Total: 0.0 MB
[SCRAPER-2] [01:48:04] 🔄 CYCLE 13 - Depth: 1800 files/repo
[SCRAPER-2] [01:48:04] [1/14] rapid7/metasploit-framework...
[SCRAPER-2] [01:48:06] [2/14] offensive-security/exploitdb...
[SCRAPER-2] [01:48:08] [3/14] carlospolop/PEASS-ng...
[SCRAPER-2] [01:48:10] [4/14] Ignitetechnologies/Privilege-Escalation...
[SCRAPER-2] [01:48:12] [5/14] S1ckB0y1337/Active-Directory-Exploitation-Cheat-Sheet...
[SCRAPER-2] [01:48:14] [6/14] BC-SECURITY/Empire...
[SCRAPER-2] [01:48:16] [7/14] gentilkiwi/mimikatz...
[SCRAPER-2] [01:48:18] [8/14] PowerShellMafia/PowerSploit...
[SCRAPER-2] [01:48:20] [9/14] danielmiessler/SecLists...
[SCRAPER-2] [01:48:22] [10/14] fuzzdb-project/fuzzdb...
[SCRAPER-2] [01:48:24] [11/14] HackTricks-wiki/hacktricks...
[SCRAPER-2] [01:48:26] [12/14] 0xsp/offensive-security-cheatsheet...
[SCRAPER-2] [01:48:28] [13/14] enaqx/awesome-pentest...
[SCRAPER-2] [01:48:31] [14/14] Hack-with-Github/Awesome-Hacking...
[SCRAPER-2] [01:48:33] ✅ CYCLE 13 DONE | Total: 0.0 MB
[SCRAPER-2] [01:49:33] 🔄 CYCLE 14 - Depth: 1900 files/repo
[SCRAPER-2] [01:49:33] [1/14] rapid7/metasploit-framework...
[SCRAPER-2] [01:49:35] [2/14] offensive-security/exploitdb...
[SCRAPER-2] [01:49:37] [3/14] carlospolop/PEASS-ng...
[SCRAPER-2] [01:49:39] [4/14] Ignitetechnologies/Privilege-Escalation...
[SCRAPER-2] [01:49:41] [5/14] S1ckB0y1337/Active-Directory-Exploitation-Cheat-Sheet...
[SCRAPER-2] [01:49:43] [6/14] BC-SECURITY/Empire...
[SCRAPER-2] [01:49:45] [7/14] gentilkiwi/mimikatz...
[SCRAPER-2] [01:49:47] [8/14] PowerShellMafia/PowerSploit...
[SCRAPER-2] [01:49:49] [9/14] danielmiessler/SecLists...
[SCRAPER-2] [01:49:51] [10/14] fuzzdb-project/fuzzdb...
[SCRAPER-2] [01:49:53] [11/14] HackTricks-wiki/hacktricks...
[SCRAPER-2] [01:49:55] [12/14] 0xsp/offensive-security-cheatsheet...
[SCRAPER-2] [01:49:57] [13/14] enaqx/awesome-pentest...
[SCRAPER-2] [01:49:59] [14/14] Hack-with-Github/Awesome-Hacking...
[SCRAPER-2] [01:50:01] ✅ CYCLE 14 DONE | Total: 0.0 MB
[SCRAPER-2] [01:51:01] 🔄 CYCLE 15 - Depth: 2000 files/repo
[SCRAPER-2] [01:51:01] [1/14] rapid7/metasploit-framework...
[SCRAPER-2] [01:51:03] [2/14] offensive-security/exploitdb...
[SCRAPER-2] [01:51:05] [3/14] carlospolop/PEASS-ng...
[SCRAPER-2] [01:51:07] [4/14] Ignitetechnologies/Privilege-Escalation...
[SCRAPER-2] [01:51:09] [5/14] S1ckB0y1337/Active-Directory-Exploitation-Cheat-Sheet...
[SCRAPER-2] [01:51:11] [6/14] BC-SECURITY/Empire...
[SCRAPER-2] [01:51:13] [7/14] gentilkiwi/mimikatz...
[SCRAPER-2] [01:51:15] [8/14] PowerShellMafia/PowerSploit...
[SCRAPER-2] [01:51:17] [9/14] danielmiessler/SecLists...
[SCRAPER-2] [01:51:19] [10/14] fuzzdb-project/fuzzdb...
[SCRAPER-2] [01:51:21] [11/14] HackTricks-wiki/hacktricks...
[SCRAPER-2] [01:51:23] [12/14] 0xsp/offensive-security-cheatsheet...
[SCRAPER-2] [01:51:25] [13/14] enaqx/awesome-pentest...
[SCRAPER-2] [01:51:27] [14/14] Hack-with-Github/Awesome-Hacking...
[SCRAPER-2] [01:51:29] ✅ CYCLE 15 DONE | Total: 0.0 MB
[SCRAPER-2] [01:52:29] 🔄 CYCLE 16 - Depth: 2100 files/repo
[SCRAPER-2] [01:52:29] [1/14] rapid7/metasploit-framework...
[SCRAPER-2] [01:52:31] [2/14] offensive-security/exploitdb...
[SCRAPER-2] [01:52:33] [3/14] carlospolop/PEASS-ng...
[SCRAPER-2] [01:52:35] [4/14] Ignitetechnologies/Privilege-Escalation...
[SCRAPER-2] [01:52:38] [5/14] S1ckB0y1337/Active-Directory-Exploitation-Cheat-Sheet...
[SCRAPER-2] [01:52:40] [6/14] BC-SECURITY/Empire...
[SCRAPER-2] [01:52:42] [7/14] gentilkiwi/mimikatz...
[SCRAPER-2] [01:52:44] [8/14] PowerShellMafia/PowerSploit...
[SCRAPER-2] [01:52:46] [9/14] danielmiessler/SecLists...
[SCRAPER-2] [01:52:48] [10/14] fuzzdb-project/fuzzdb...
[SCRAPER-2] [01:52:50] [11/14] HackTricks-wiki/hacktricks...
[SCRAPER-2] [01:52:52] [12/14] 0xsp/offensive-security-cheatsheet...
[SCRAPER-2] [01:52:54] [13/14] enaqx/awesome-pentest...
[SCRAPER-2] [01:52:56] [14/14] Hack-with-Github/Awesome-Hacking...
[SCRAPER-2] [01:52:58] ✅ CYCLE 16 DONE | Total: 0.0 MB
[SCRAPER-2] [01:53:58] 🔄 CYCLE 17 - Depth: 2200 files/repo
[SCRAPER-2] [01:53:58] [1/14] rapid7/metasploit-framework...
[SCRAPER-2] [01:54:00] [2/14] offensive-security/exploitdb...
[SCRAPER-2] [01:54:02] [3/14] carlospolop/PEASS-ng...
[SCRAPER-2] [01:54:04] [4/14] Ignitetechnologies/Privilege-Escalation...
[SCRAPER-2] [01:54:06] [5/14] S1ckB0y1337/Active-Directory-Exploitation-Cheat-Sheet...
[SCRAPER-2] [01:54:08] [6/14] BC-SECURITY/Empire...
[SCRAPER-2] [01:54:10] [7/14] gentilkiwi/mimikatz...
[SCRAPER-2] [01:54:12] [8/14] PowerShellMafia/PowerSploit...
[SCRAPER-2] [01:54:14] [9/14] danielmiessler/SecLists...
[SCRAPER-2] [01:54:16] [10/14] fuzzdb-project/fuzzdb...
[SCRAPER-2] [01:54:18] [11/14] HackTricks-wiki/hacktricks...
[SCRAPER-2] [01:54:20] [12/14] 0xsp/offensive-security-cheatsheet...
[SCRAPER-2] [01:54:22] [13/14] enaqx/awesome-pentest...
[SCRAPER-2] [01:54:24] [14/14] Hack-with-Github/Awesome-Hacking...
[SCRAPER-2] [01:54:26] ✅ CYCLE 17 DONE | Total: 0.0 MB
[SCRAPER-2] [01:55:26] 🔄 CYCLE 18 - Depth: 2300 files/repo
[SCRAPER-2] [01:55:26] [1/14] rapid7/metasploit-framework...
[SCRAPER-2] [01:55:28] [2/14] offensive-security/exploitdb...
[SCRAPER-2] [01:55:30] [3/14] carlospolop/PEASS-ng...
[SCRAPER-2] [01:55:32] [4/14] Ignitetechnologies/Privilege-Escalation...
[SCRAPER-2] [01:55:34] [5/14] S1ckB0y1337/Active-Directory-Exploitation-Cheat-Sheet...
[SCRAPER-2] [01:55:36] [6/14] BC-SECURITY/Empire...
[SCRAPER-2] [01:55:38] [7/14] gentilkiwi/mimikatz...
[SCRAPER-2] [01:55:41] [8/14] PowerShellMafia/PowerSploit...
[SCRAPER-2] [01:55:43] [9/14] danielmiessler/SecLists...
[SCRAPER-2] [01:55:45] [10/14] fuzzdb-project/fuzzdb...
[SCRAPER-2] [01:55:47] [11/14] HackTricks-wiki/hacktricks...
[SCRAPER-2] [01:55:49] [12/14] 0xsp/offensive-security-cheatsheet...
[SCRAPER-2] [01:55:51] [13/14] enaqx/awesome-pentest...
[SCRAPER-2] [01:55:53] [14/14] Hack-with-Github/Awesome-Hacking...
[SCRAPER-2] [01:55:55] ✅ CYCLE 18 DONE | Total: 0.0 MB
[SCRAPER-2] [01:56:55] 🔄 CYCLE 19 - Depth: 2400 files/repo
[SCRAPER-2] [01:56:55] [1/14] rapid7/metasploit-framework...
[SCRAPER-2] [01:56:57] [2/14] offensive-security/exploitdb...
[SCRAPER-2] [01:56:59] [3/14] carlospolop/PEASS-ng...
[SCRAPER-2] [01:57:01] [4/14] Ignitetechnologies/Privilege-Escalation...
[SCRAPER-2] [01:57:03] [5/14] S1ckB0y1337/Active-Directory-Exploitation-Cheat-Sheet...
[SCRAPER-2] [01:57:05] [6/14] BC-SECURITY/Empire...
[SCRAPER-2] [01:57:07] [7/14] gentilkiwi/mimikatz...
[SCRAPER-2] [01:57:09] [8/14] PowerShellMafia/PowerSploit...
[SCRAPER-2] [01:57:11] [9/14] danielmiessler/SecLists...
[SCRAPER-2] [01:57:13] [10/14] fuzzdb-project/fuzzdb...
[SCRAPER-2] [01:57:15] [11/14] HackTricks-wiki/hacktricks...
[SCRAPER-2] [01:57:17] [12/14] 0xsp/offensive-security-cheatsheet...
[SCRAPER-2] [01:57:19] [13/14] enaqx/awesome-pentest...
[SCRAPER-2] [01:57:21] [14/14] Hack-with-Github/Awesome-Hacking...
[SCRAPER-2] [01:57:23] ✅ CYCLE 19 DONE | Total: 0.0 MB
[SCRAPER-2] [01:58:23] 🔄 CYCLE 20 - Depth: 2500 files/repo
[SCRAPER-2] [01:58:23] [1/14] rapid7/metasploit-framework...
[SCRAPER-2] [01:58:25] [2/14] offensive-security/exploitdb...
[SCRAPER-2] [01:58:27] [3/14] carlospolop/PEASS-ng...
[SCRAPER-2] [01:58:29] [4/14] Ignitetechnologies/Privilege-Escalation...
[SCRAPER-2] [01:58:31] [5/14] S1ckB0y1337/Active-Directory-Exploitation-Cheat-Sheet...
[SCRAPER-2] [01:58:33] [6/14] BC-SECURITY/Empire...
[SCRAPER-2] [01:58:35] [7/14] gentilkiwi/mimikatz...
[SCRAPER-2] [01:58:37] [8/14] PowerShellMafia/PowerSploit...
[SCRAPER-2] [01:58:39] [9/14] danielmiessler/SecLists...
[SCRAPER-2] [01:58:42] [10/14] fuzzdb-project/fuzzdb...
[SCRAPER-2] [01:58:44] [11/14] HackTricks-wiki/hacktricks...
[SCRAPER-2] [01:58:46] [12/14] 0xsp/offensive-security-cheatsheet...
[SCRAPER-2] [01:58:48] [13/14] enaqx/awesome-pentest...
[SCRAPER-2] [01:58:50] [14/14] Hack-with-Github/Awesome-Hacking...
[SCRAPER-2] [01:58:52] ✅ CYCLE 20 DONE | Total: 0.0 MB
[SCRAPER-2] [01:59:52] 🔄 CYCLE 21 - Depth: 2600 files/repo
[SCRAPER-2] [01:59:52] [1/14] rapid7/metasploit-framework...
[SCRAPER-2] [01:59:54] [2/14] offensive-security/exploitdb...
[SCRAPER-2] [01:59:56] [3/14] carlospolop/PEASS-ng...
[SCRAPER-2] [01:59:58] [4/14] Ignitetechnologies/Privilege-Escalation...
[SCRAPER-2] [02:00:00] [5/14] S1ckB0y1337/Active-Directory-Exploitation-Cheat-Sheet...
[SCRAPER-2] [02:00:02] [6/14] BC-SECURITY/Empire...
[SCRAPER-2] [02:00:04] [7/14] gentilkiwi/mimikatz...
[SCRAPER-2] [02:00:06] [8/14] PowerShellMafia/PowerSploit...
[SCRAPER-2] [02:00:08] [9/14] danielmiessler/SecLists...
[SCRAPER-2] [02:00:10] [10/14] fuzzdb-project/fuzzdb...
[SCRAPER-2] [02:00:12] [11/14] HackTricks-wiki/hacktricks...
[SCRAPER-2] [02:00:14] [12/14] 0xsp/offensive-security-cheatsheet...
[SCRAPER-2] [02:00:16] [13/14] enaqx/awesome-pentest...
[SCRAPER-2] [02:00:18] [14/14] Hack-with-Github/Awesome-Hacking...
[SCRAPER-2] [02:00:20] ✅ CYCLE 21 DONE | Total: 0.0 MB
[SCRAPER-2] [02:01:20] 🔄 CYCLE 22 - Depth: 2700 files/repo
[SCRAPER-2] [02:01:20] [1/14] rapid7/metasploit-framework...
[SCRAPER-2] [02:01:22] [2/14] offensive-security/exploitdb...
[SCRAPER-2] [02:01:24] [3/14] carlospolop/PEASS-ng...
[SCRAPER-2] [02:01:26] [4/14] Ignitetechnologies/Privilege-Escalation...
[SCRAPER-2] [02:01:28] [5/14] S1ckB0y1337/Active-Directory-Exploitation-Cheat-Sheet...
[SCRAPER-2] [02:01:30] [6/14] BC-SECURITY/Empire...
[SCRAPER-2] [02:01:32] [7/14] gentilkiwi/mimikatz...
[SCRAPER-2] [02:01:34] [8/14] PowerShellMafia/PowerSploit...
[SCRAPER-2] [02:01:36] [9/14] danielmiessler/SecLists...
[SCRAPER-2] [02:01:38] [10/14] fuzzdb-project/fuzzdb...
[SCRAPER-2] [02:01:40] [11/14] HackTricks-wiki/hacktricks...
[SCRAPER-2] [02:01:42] [12/14] 0xsp/offensive-security-cheatsheet...
[SCRAPER-2] [02:01:44] [13/14] enaqx/awesome-pentest...
[SCRAPER-2] [02:01:47] [14/14] Hack-with-Github/Awesome-Hacking...
[SCRAPER-2] [02:01:49] ✅ CYCLE 22 DONE | Total: 0.0 MB
[SCRAPER-2] [02:02:49] 🔄 CYCLE 23 - Depth: 2800 files/repo
[SCRAPER-2] [02:02:49] [1/14] rapid7/metasploit-framework...
[SCRAPER-2] [02:02:51] [2/14] offensive-security/exploitdb...
[SCRAPER-2] [02:02:53] [3/14] carlospolop/PEASS-ng...
[SCRAPER-2] [02:02:55] [4/14] Ignitetechnologies/Privilege-Escalation...
[SCRAPER-2] [02:02:57] [5/14] S1ckB0y1337/Active-Directory-Exploitation-Cheat-Sheet...
[SCRAPER-2] [02:02:59] [6/14] BC-SECURITY/Empire...
[SCRAPER-2] [02:03:01] [7/14] gentilkiwi/mimikatz...
[SCRAPER-2] [02:03:03] [8/14] PowerShellMafia/PowerSploit...
[SCRAPER-2] [02:03:05] [9/14] danielmiessler/SecLists...
[SCRAPER-2] [02:03:07] [10/14] fuzzdb-project/fuzzdb...
[SCRAPER-2] [02:03:09] [11/14] HackTricks-wiki/hacktricks...
[SCRAPER-2] [02:03:11] [12/14] 0xsp/offensive-security-cheatsheet...
[SCRAPER-2] [02:03:13] [13/14] enaqx/awesome-pentest...
[SCRAPER-2] [02:03:15] [14/14] Hack-with-Github/Awesome-Hacking...
[SCRAPER-2] [02:03:17] ✅ CYCLE 23 DONE | Total: 0.0 MB
[SCRAPER-2] [02:04:17] 🔄 CYCLE 24 - Depth: 2900 files/repo
[SCRAPER-2] [02:04:17] [1/14] rapid7/metasploit-framework...
[SCRAPER-2] [02:04:19] [2/14] offensive-security/exploitdb...
[SCRAPER-2] [02:04:21] [3/14] carlospolop/PEASS-ng...
[SCRAPER-2] [02:04:23] [4/14] Ignitetechnologies/Privilege-Escalation...
[SCRAPER-2] [02:04:25] [5/14] S1ckB0y1337/Active-Directory-Exploitation-Cheat-Sheet...
[SCRAPER-2] [02:04:27] [6/14] BC-SECURITY/Empire...
[SCRAPER-2] [02:04:29] [7/14] gentilkiwi/mimikatz...
[SCRAPER-2] [02:04:31] [8/14] PowerShellMafia/PowerSploit...
[SCRAPER-2] [02:04:33] [9/14] danielmiessler/SecLists...
[SCRAPER-2] [02:04:35] [10/14] fuzzdb-project/fuzzdb...
[SCRAPER-2] [02:04:37] [11/14] HackTricks-wiki/hacktricks...
[SCRAPER-2] [02:04:39] [12/14] 0xsp/offensive-security-cheatsheet...
[SCRAPER-2] [02:04:41] [13/14] enaqx/awesome-pentest...
[SCRAPER-2] [02:04:43] [14/14] Hack-with-Github/Awesome-Hacking...
[SCRAPER-2] [02:04:46] ✅ CYCLE 24 DONE | Total: 0.0 MB
[SCRAPER-2] [02:05:46] 🔄 CYCLE 25 - Depth: 3000 files/repo
[SCRAPER-2] [02:05:46] [1/14] rapid7/metasploit-framework...
[SCRAPER-2] [02:05:48] [2/14] offensive-security/exploitdb...
[SCRAPER-2] [02:05:50] [3/14] carlospolop/PEASS-ng...
[SCRAPER-2] [02:05:52] [4/14] Ignitetechnologies/Privilege-Escalation...
[SCRAPER-2] [02:05:54] [5/14] S1ckB0y1337/Active-Directory-Exploitation-Cheat-Sheet...
[SCRAPER-2] [02:05:56] [6/14] BC-SECURITY/Empire...
[SCRAPER-2] [02:05:58] [7/14] gentilkiwi/mimikatz...
[SCRAPER-2] [02:06:00] [8/14] PowerShellMafia/PowerSploit...
[SCRAPER-2] [02:06:02] [9/14] danielmiessler/SecLists...
[SCRAPER-2] [02:06:04] [10/14] fuzzdb-project/fuzzdb...
[SCRAPER-2] [02:06:06] [11/14] HackTricks-wiki/hacktricks...
[SCRAPER-2] [02:06:08] [12/14] 0xsp/offensive-security-cheatsheet...
[SCRAPER-2] [02:06:10] [13/14] enaqx/awesome-pentest...
[SCRAPER-2] [02:06:12] [14/14] Hack-with-Github/Awesome-Hacking...
[SCRAPER-2] [02:06:14] ✅ CYCLE 25 DONE | Total: 0.0 MB
[SCRAPER-2] [02:07:14] 🔄 CYCLE 26 - Depth: 3100 files/repo
[SCRAPER-2] [02:07:14] [1/14] rapid7/metasploit-framework...
[SCRAPER-2] [02:07:16] [2/14] offensive-security/exploitdb...
[SCRAPER-2] [02:07:18] [3/14] carlospolop/PEASS-ng...
[SCRAPER-2] [02:07:20] [4/14] Ignitetechnologies/Privilege-Escalation...
[SCRAPER-2] [02:07:22] [5/14] S1ckB0y1337/Active-Directory-Exploitation-Cheat-Sheet...
[SCRAPER-2] [02:07:24] [6/14] BC-SECURITY/Empire...
[SCRAPER-2] [02:07:26] [7/14] gentilkiwi/mimikatz...
[SCRAPER-2] [02:07:28] [8/14] PowerShellMafia/PowerSploit...
[SCRAPER-2] [02:07:30] [9/14] danielmiessler/SecLists...
[SCRAPER-2] [02:07:32] [10/14] fuzzdb-project/fuzzdb...
[SCRAPER-2] [02:07:34] [11/14] HackTricks-wiki/hacktricks...
[SCRAPER-2] [02:07:36] [12/14] 0xsp/offensive-security-cheatsheet...
[SCRAPER-2] [02:07:38] [13/14] enaqx/awesome-pentest...
[SCRAPER-2] [02:07:40] [14/14] Hack-with-Github/Awesome-Hacking...
[SCRAPER-2] [02:07:42] ✅ CYCLE 26 DONE | Total: 0.0 MB
[SCRAPER-2] [02:08:42] 🔄 CYCLE 27 - Depth: 3200 files/repo
[SCRAPER-2] [02:08:42] [1/14] rapid7/metasploit-framework...
[SCRAPER-2] [02:08:44] [2/14] offensive-security/exploitdb...
[SCRAPER-2] [02:08:46] [3/14] carlospolop/PEASS-ng...
[SCRAPER-2] [02:08:48] [4/14] Ignitetechnologies/Privilege-Escalation...
[SCRAPER-2] [02:08:50] [5/14] S1ckB0y1337/Active-Directory-Exploitation-Cheat-Sheet...
[SCRAPER-2] [02:08:53] [6/14] BC-SECURITY/Empire...
[SCRAPER-2] [02:08:55] [7/14] gentilkiwi/mimikatz...
[SCRAPER-2] [02:08:57] [8/14] PowerShellMafia/PowerSploit...
[SCRAPER-2] [02:08:59] [9/14] danielmiessler/SecLists...
[SCRAPER-2] [02:09:01] [10/14] fuzzdb-project/fuzzdb...
[SCRAPER-2] [02:09:03] [11/14] HackTricks-wiki/hacktricks...
[SCRAPER-2] [02:09:05] [12/14] 0xsp/offensive-security-cheatsheet...
[SCRAPER-2] [02:09:07] [13/14] enaqx/awesome-pentest...
[SCRAPER-2] [02:09:09] [14/14] Hack-with-Github/Awesome-Hacking...
[SCRAPER-2] [02:09:11] ✅ CYCLE 27 DONE | Total: 0.0 MB
[SCRAPER-2] [02:10:11] 🔄 CYCLE 28 - Depth: 3300 files/repo
[SCRAPER-2] [02:10:11] [1/14] rapid7/metasploit-framework...
[SCRAPER-2] [02:10:13] [2/14] offensive-security/exploitdb...
[SCRAPER-2] [02:10:15] [3/14] carlospolop/PEASS-ng...
[SCRAPER-2] [02:10:17] [4/14] Ignitetechnologies/Privilege-Escalation...
[SCRAPER-2] [02:10:19] [5/14] S1ckB0y1337/Active-Directory-Exploitation-Cheat-Sheet...
[SCRAPER-2] [02:10:21] [6/14] BC-SECURITY/Empire...
[SCRAPER-2] [02:10:23] [7/14] gentilkiwi/mimikatz...
[SCRAPER-2] [02:10:25] [8/14] PowerShellMafia/PowerSploit...
[SCRAPER-2] [02:10:27] [9/14] danielmiessler/SecLists...
[SCRAPER-2] [02:10:29] [10/14] fuzzdb-project/fuzzdb...
[SCRAPER-2] [02:10:31] [11/14] HackTricks-wiki/hacktricks...
[SCRAPER-2] [02:10:33] [12/14] 0xsp/offensive-security-cheatsheet...
[SCRAPER-2] [02:10:35] [13/14] enaqx/awesome-pentest...
[SCRAPER-2] [02:10:37] [14/14] Hack-with-Github/Awesome-Hacking...
[SCRAPER-2] [02:10:39] ✅ CYCLE 28 DONE | Total: 0.0 MB
[SCRAPER-2] [02:11:39] 🔄 CYCLE 29 - Depth: 3400 files/repo
[SCRAPER-2] [02:11:39] [1/14] rapid7/metasploit-framework...
[SCRAPER-2] [02:11:41] [2/14] offensive-security/exploitdb...
[SCRAPER-2] [02:11:43] [3/14] carlospolop/PEASS-ng...
[SCRAPER-2] [02:11:45] [4/14] Ignitetechnologies/Privilege-Escalation...
[SCRAPER-2] [02:11:47] [5/14] S1ckB0y1337/Active-Directory-Exploitation-Cheat-Sheet...
[SCRAPER-2] [02:11:49] [6/14] BC-SECURITY/Empire...
[SCRAPER-2] [02:11:51] [7/14] gentilkiwi/mimikatz...
[SCRAPER-2] [02:11:53] [8/14] PowerShellMafia/PowerSploit...
[SCRAPER-2] [02:11:55] [9/14] danielmiessler/SecLists...
[SCRAPER-2] [02:11:57] [10/14] fuzzdb-project/fuzzdb...
[SCRAPER-2] [02:12:00] [11/14] HackTricks-wiki/hacktricks...
[SCRAPER-2] [02:12:02] [12/14] 0xsp/offensive-security-cheatsheet...
[SCRAPER-2] [02:12:04] [13/14] enaqx/awesome-pentest...
[SCRAPER-2] [02:12:06] [14/14] Hack-with-Github/Awesome-Hacking...
[SCRAPER-2] [02:12:08] ✅ CYCLE 29 DONE | Total: 0.0 MB
[SCRAPER-2] [02:13:08] 🔄 CYCLE 30 - Depth: 3500 files/repo
[SCRAPER-2] [02:13:08] [1/14] rapid7/metasploit-framework...
[SCRAPER-2] [02:13:10] [2/14] offensive-security/exploitdb...
[SCRAPER-2] [02:13:12] [3/14] carlospolop/PEASS-ng...
[SCRAPER-2] [02:13:14] [4/14] Ignitetechnologies/Privilege-Escalation...
[SCRAPER-2] [02:13:16] [5/14] S1ckB0y1337/Active-Directory-Exploitation-Cheat-Sheet...
[SCRAPER-2] [02:13:18] [6/14] BC-SECURITY/Empire...
[SCRAPER-2] [02:13:20] [7/14] gentilkiwi/mimikatz...
[SCRAPER-2] [02:13:22] [8/14] PowerShellMafia/PowerSploit...
[SCRAPER-2] [02:13:24] [9/14] danielmiessler/SecLists...
[SCRAPER-2] [02:13:26] [10/14] fuzzdb-project/fuzzdb...
[SCRAPER-2] [02:13:28] [11/14] HackTricks-wiki/hacktricks...
[SCRAPER-2] [02:13:30] [12/14] 0xsp/offensive-security-cheatsheet...
[SCRAPER-2] [02:13:32] [13/14] enaqx/awesome-pentest...
[SCRAPER-2] [02:13:34] [14/14] Hack-with-Github/Awesome-Hacking...
[SCRAPER-2] [02:13:36] ✅ CYCLE 30 DONE | Total: 0.0 MB
[SCRAPER-2] [02:14:36] 🔄 CYCLE 31 - Depth: 3600 files/repo
[SCRAPER-2] [02:14:36] [1/14] rapid7/metasploit-framework...
[SCRAPER-2] [02:14:38] [2/14] offensive-security/exploitdb...
[SCRAPER-2] [02:14:40] [3/14] carlospolop/PEASS-ng...
[SCRAPER-2] [02:14:42] [4/14] Ignitetechnologies/Privilege-Escalation...
[SCRAPER-2] [02:14:44] [5/14] S1ckB0y1337/Active-Directory-Exploitation-Cheat-Sheet...
[SCRAPER-2] [02:14:46] [6/14] BC-SECURITY/Empire...
[SCRAPER-2] [02:14:48] [7/14] gentilkiwi/mimikatz...
[SCRAPER-2] [02:14:50] [8/14] PowerShellMafia/PowerSploit...
[SCRAPER-2] [02:14:52] [9/14] danielmiessler/SecLists...
[SCRAPER-2] [02:14:54] [10/14] fuzzdb-project/fuzzdb...
[SCRAPER-2] [02:14:56] [11/14] HackTricks-wiki/hacktricks...
[SCRAPER-2] [02:14:58] [12/14] 0xsp/offensive-security-cheatsheet...
[SCRAPER-2] [02:15:00] [13/14] enaqx/awesome-pentest...
[SCRAPER-2] [02:15:02] [14/14] Hack-with-Github/Awesome-Hacking...
[SCRAPER-2] [02:15:04] ✅ CYCLE 31 DONE | Total: 0.0 MB
[SCRAPER-2] [02:16:04] 🔄 CYCLE 32 - Depth: 3700 files/repo
[SCRAPER-2] [02:16:04] [1/14] rapid7/metasploit-framework...
[SCRAPER-2] [02:16:06] [2/14] offensive-security/exploitdb...
[SCRAPER-2] [02:16:09] [3/14] carlospolop/PEASS-ng...
[SCRAPER-2] [02:16:11] [4/14] Ignitetechnologies/Privilege-Escalation...
[SCRAPER-2] [02:16:13] [5/14] S1ckB0y1337/Active-Directory-Exploitation-Cheat-Sheet...
[SCRAPER-2] [02:16:15] [6/14] BC-SECURITY/Empire...
[SCRAPER-2] [02:16:17] [7/14] gentilkiwi/mimikatz...
[SCRAPER-2] [02:16:19] [8/14] PowerShellMafia/PowerSploit...
[SCRAPER-2] [02:16:21] [9/14] danielmiessler/SecLists...
[SCRAPER-2] [02:16:23] [10/14] fuzzdb-project/fuzzdb...
[SCRAPER-2] [02:16:25] [11/14] HackTricks-wiki/hacktricks...
[SCRAPER-2] [02:16:27] [12/14] 0xsp/offensive-security-cheatsheet...
[SCRAPER-2] [02:16:29] [13/14] enaqx/awesome-pentest...
[SCRAPER-2] [02:16:31] [14/14] Hack-with-Github/Awesome-Hacking...
[SCRAPER-2] [02:16:33] ✅ CYCLE 32 DONE | Total: 0.0 MB
[SCRAPER-2] [02:17:33] 🔄 CYCLE 33 - Depth: 3800 files/repo
[SCRAPER-2] [02:17:33] [1/14] rapid7/metasploit-framework...
[SCRAPER-2] [02:17:35] [2/14] offensive-security/exploitdb...
[SCRAPER-2] [02:17:37] [3/14] carlospolop/PEASS-ng...
[SCRAPER-2] [02:17:39] [4/14] Ignitetechnologies/Privilege-Escalation...
[SCRAPER-2] [02:17:41] [5/14] S1ckB0y1337/Active-Directory-Exploitation-Cheat-Sheet...
[SCRAPER-2] [02:17:43] [6/14] BC-SECURITY/Empire...
[SCRAPER-2] [02:17:45] [7/14] gentilkiwi/mimikatz...
[SCRAPER-2] [02:17:47] [8/14] PowerShellMafia/PowerSploit...
[SCRAPER-2] [02:17:49] [9/14] danielmiessler/SecLists...
[SCRAPER-2] [02:17:51] [10/14] fuzzdb-project/fuzzdb...
[SCRAPER-2] [02:17:53] [11/14] HackTricks-wiki/hacktricks...
[SCRAPER-2] [02:17:55] [12/14] 0xsp/offensive-security-cheatsheet...
[SCRAPER-2] [02:17:57] [13/14] enaqx/awesome-pentest...
[SCRAPER-2] [02:17:59] [14/14] Hack-with-Github/Awesome-Hacking...
[SCRAPER-2] [02:18:01] ✅ CYCLE 33 DONE | Total: 0.0 MB
[SCRAPER-2] [02:19:01] 🔄 CYCLE 34 - Depth: 3900 files/repo
[SCRAPER-2] [02:19:01] [1/14] rapid7/metasploit-framework...
[SCRAPER-2] [02:19:03] [2/14] offensive-security/exploitdb...
[SCRAPER-2] [02:19:05] [3/14] carlospolop/PEASS-ng...
[SCRAPER-2] [02:19:07] [4/14] Ignitetechnologies/Privilege-Escalation...
[SCRAPER-2] [02:19:09] [5/14] S1ckB0y1337/Active-Directory-Exploitation-Cheat-Sheet...
[SCRAPER-2] [02:19:11] [6/14] BC-SECURITY/Empire...
[SCRAPER-2] [02:19:13] [7/14] gentilkiwi/mimikatz...
[SCRAPER-2] [02:19:15] [8/14] PowerShellMafia/PowerSploit...
[SCRAPER-2] [02:19:18] [9/14] danielmiessler/SecLists...
[SCRAPER-2] [02:19:20] [10/14] fuzzdb-project/fuzzdb...
[SCRAPER-2] [02:19:22] [11/14] HackTricks-wiki/hacktricks...
[SCRAPER-2] [02:19:24] [12/14] 0xsp/offensive-security-cheatsheet...
[SCRAPER-2] [02:19:26] [13/14] enaqx/awesome-pentest...
[SCRAPER-2] [02:19:28] [14/14] Hack-with-Github/Awesome-Hacking...
[SCRAPER-2] [02:19:30] ✅ CYCLE 34 DONE | Total: 0.0 MB
[SCRAPER-2] [02:20:30] 🔄 CYCLE 35 - Depth: 4000 files/repo
[SCRAPER-2] [02:20:30] [1/14] rapid7/metasploit-framework...
[SCRAPER-2] [02:20:32] [2/14] offensive-security/exploitdb...
[SCRAPER-2] [02:20:34] [3/14] carlospolop/PEASS-ng...
[SCRAPER-2] [02:20:36] [4/14] Ignitetechnologies/Privilege-Escalation...
[SCRAPER-2] [02:20:38] [5/14] S1ckB0y1337/Active-Directory-Exploitation-Cheat-Sheet...
[SCRAPER-2] [02:20:40] [6/14] BC-SECURITY/Empire...
[SCRAPER-2] [02:20:42] [7/14] gentilkiwi/mimikatz...
[SCRAPER-2] [02:20:44] [8/14] PowerShellMafia/PowerSploit...
[SCRAPER-2] [02:20:46] [9/14] danielmiessler/SecLists...
[SCRAPER-2] [02:20:48] [10/14] fuzzdb-project/fuzzdb...
[SCRAPER-2] [02:20:50] [11/14] HackTricks-wiki/hacktricks...
[SCRAPER-2] [02:20:52] [12/14] 0xsp/offensive-security-cheatsheet...
[SCRAPER-2] [02:20:54] [13/14] enaqx/awesome-pentest...
[SCRAPER-2] [02:20:56] [14/14] Hack-with-Github/Awesome-Hacking...
[SCRAPER-2] [02:20:58] ✅ CYCLE 35 DONE | Total: 0.0 MB
[SCRAPER-2] [02:21:58] 🔄 CYCLE 36 - Depth: 4100 files/repo
[SCRAPER-2] [02:21:58] [1/14] rapid7/metasploit-framework...
[SCRAPER-2] [02:22:00] [2/14] offensive-security/exploitdb...
[SCRAPER-2] [02:22:02] [3/14] carlospolop/PEASS-ng...
[SCRAPER-2] [02:22:04] [4/14] Ignitetechnologies/Privilege-Escalation...
[SCRAPER-2] [02:22:06] [5/14] S1ckB0y1337/Active-Directory-Exploitation-Cheat-Sheet...
[SCRAPER-2] [02:22:08] [6/14] BC-SECURITY/Empire...
[SCRAPER-2] [02:22:10] [7/14] gentilkiwi/mimikatz...
[SCRAPER-2] [02:22:12] [8/14] PowerShellMafia/PowerSploit...
[SCRAPER-2] [02:22:14] [9/14] danielmiessler/SecLists...
[SCRAPER-2] [02:22:16] [10/14] fuzzdb-project/fuzzdb...
[SCRAPER-2] [02:22:18] [11/14] HackTricks-wiki/hacktricks...
[SCRAPER-2] [02:22:20] [12/14] 0xsp/offensive-security-cheatsheet...
[SCRAPER-2] [02:22:22] [13/14] enaqx/awesome-pentest...
[SCRAPER-2] [02:22:25] [14/14] Hack-with-Github/Awesome-Hacking...
[SCRAPER-2] [02:22:27] ✅ CYCLE 36 DONE | Total: 0.0 MB
[SCRAPER-2] [02:23:27] 🔄 CYCLE 37 - Depth: 4200 files/repo
[SCRAPER-2] [02:23:27] [1/14] rapid7/metasploit-framework...
[SCRAPER-2] [02:23:29] [2/14] offensive-security/exploitdb...
[SCRAPER-2] [02:23:31] [3/14] carlospolop/PEASS-ng...
[SCRAPER-2] [02:23:33] [4/14] Ignitetechnologies/Privilege-Escalation...
[SCRAPER-2] [02:23:35] [5/14] S1ckB0y1337/Active-Directory-Exploitation-Cheat-Sheet...
[SCRAPER-2] [02:23:37] [6/14] BC-SECURITY/Empire...
[SCRAPER-2] [02:23:39] [7/14] gentilkiwi/mimikatz...
[SCRAPER-2] [02:23:41] [8/14] PowerShellMafia/PowerSploit...
[SCRAPER-2] [02:23:43] [9/14] danielmiessler/SecLists...
[SCRAPER-2] [02:23:45] [10/14] fuzzdb-project/fuzzdb...
[SCRAPER-2] [02:23:47] [11/14] HackTricks-wiki/hacktricks...
[SCRAPER-2] [02:23:49] [12/14] 0xsp/offensive-security-cheatsheet...
[SCRAPER-2] [02:23:51] [13/14] enaqx/awesome-pentest...
[SCRAPER-2] [02:23:53] [14/14] Hack-with-Github/Awesome-Hacking...
[SCRAPER-2] [02:23:55] ✅ CYCLE 37 DONE | Total: 0.0 MB
[SCRAPER-2] [02:24:55] 🔄 CYCLE 38 - Depth: 4300 files/repo
[SCRAPER-2] [02:24:55] [1/14] rapid7/metasploit-framework...
[SCRAPER-2] [02:24:57] [2/14] offensive-security/exploitdb...
[SCRAPER-2] [02:24:59] [3/14] carlospolop/PEASS-ng...
[SCRAPER-2] [02:25:01] [4/14] Ignitetechnologies/Privilege-Escalation...
[SCRAPER-2] [02:25:03] [5/14] S1ckB0y1337/Active-Directory-Exploitation-Cheat-Sheet...
[SCRAPER-2] [02:25:05] [6/14] BC-SECURITY/Empire...
[SCRAPER-2] [02:25:07] [7/14] gentilkiwi/mimikatz...
[SCRAPER-2] [02:25:09] [8/14] PowerShellMafia/PowerSploit...
[SCRAPER-2] [02:25:11] [9/14] danielmiessler/SecLists...
[SCRAPER-2] [02:25:13] [10/14] fuzzdb-project/fuzzdb...
[SCRAPER-2] [02:25:15] [11/14] HackTricks-wiki/hacktricks...
[SCRAPER-2] [02:25:17] [12/14] 0xsp/offensive-security-cheatsheet...
[SCRAPER-2] [02:25:19] [13/14] enaqx/awesome-pentest...
[SCRAPER-2] [02:25:21] [14/14] Hack-with-Github/Awesome-Hacking...
[SCRAPER-2] [02:25:23] ✅ CYCLE 38 DONE | Total: 0.0 MB
[SCRAPER-2] [02:26:23] 🔄 CYCLE 39 - Depth: 4400 files/repo
[SCRAPER-2] [02:26:23] [1/14] rapid7/metasploit-framework...
[SCRAPER-2] [02:26:25] [2/14] offensive-security/exploitdb...
[SCRAPER-2] [02:26:27] [3/14] carlospolop/PEASS-ng...
[SCRAPER-2] [02:26:30] [4/14] Ignitetechnologies/Privilege-Escalation...
[SCRAPER-2] [02:26:32] [5/14] S1ckB0y1337/Active-Directory-Exploitation-Cheat-Sheet...
[SCRAPER-2] [02:26:34] [6/14] BC-SECURITY/Empire...
[SCRAPER-2] [02:26:36] [7/14] gentilkiwi/mimikatz...
[SCRAPER-2] [02:26:38] [8/14] PowerShellMafia/PowerSploit...
[SCRAPER-2] [02:26:40] [9/14] danielmiessler/SecLists...
[SCRAPER-2] [02:26:42] [10/14] fuzzdb-project/fuzzdb...
[SCRAPER-2] [02:26:44] [11/14] HackTricks-wiki/hacktricks...
[SCRAPER-2] [02:26:46] [12/14] 0xsp/offensive-security-cheatsheet...
[SCRAPER-2] [02:26:48] [13/14] enaqx/awesome-pentest...
[SCRAPER-2] [02:26:50] [14/14] Hack-with-Github/Awesome-Hacking...
[SCRAPER-2] [02:26:52] ✅ CYCLE 39 DONE | Total: 0.0 MB
[SCRAPER-2] [02:27:52] 🔄 CYCLE 40 - Depth: 4500 files/repo
[SCRAPER-2] [02:27:52] [1/14] rapid7/metasploit-framework...
[SCRAPER-2] [02:27:54] [2/14] offensive-security/exploitdb...
[SCRAPER-2] [02:27:56] [3/14] carlospolop/PEASS-ng...
[SCRAPER-2] [02:27:58] [4/14] Ignitetechnologies/Privilege-Escalation...
[SCRAPER-2] [02:28:00] [5/14] S1ckB0y1337/Active-Directory-Exploitation-Cheat-Sheet...
[SCRAPER-2] [02:28:02] [6/14] BC-SECURITY/Empire...
[SCRAPER-2] [02:28:04] [7/14] gentilkiwi/mimikatz...
[SCRAPER-2] [02:28:06] [8/14] PowerShellMafia/PowerSploit...
[SCRAPER-2] [02:28:08] [9/14] danielmiessler/SecLists...
[SCRAPER-2] [02:28:10] [10/14] fuzzdb-project/fuzzdb...
[SCRAPER-2] [02:28:12] [11/14] HackTricks-wiki/hacktricks...
[SCRAPER-2] [02:28:14] [12/14] 0xsp/offensive-security-cheatsheet...
[SCRAPER-2] [02:28:16] [13/14] enaqx/awesome-pentest...
[SCRAPER-2] [02:28:18] [14/14] Hack-with-Github/Awesome-Hacking...
[SCRAPER-2] [02:28:20] ✅ CYCLE 40 DONE | Total: 0.0 MB
[SCRAPER-2] [02:29:20] 🔄 CYCLE 41 - Depth: 4600 files/repo
[SCRAPER-2] [02:29:20] [1/14] rapid7/metasploit-framework...
[SCRAPER-2] [02:29:23] [2/14] offensive-security/exploitdb...
[SCRAPER-2] [02:29:25] [3/14] carlospolop/PEASS-ng...
[SCRAPER-2] [02:29:27] [4/14] Ignitetechnologies/Privilege-Escalation...
[SCRAPER-2] [02:29:29] [5/14] S1ckB0y1337/Active-Directory-Exploitation-Cheat-Sheet...
[SCRAPER-2] [02:29:31] [6/14] BC-SECURITY/Empire...
[SCRAPER-2] [02:29:33] [7/14] gentilkiwi/mimikatz...
[SCRAPER-2] [02:29:35] [8/14] PowerShellMafia/PowerSploit...
[SCRAPER-2] [02:29:37] [9/14] danielmiessler/SecLists...
[SCRAPER-2] [02:29:39] [10/14] fuzzdb-project/fuzzdb...
[SCRAPER-2] [02:29:41] [11/14] HackTricks-wiki/hacktricks...
[SCRAPER-2] [02:29:43] [12/14] 0xsp/offensive-security-cheatsheet...
[SCRAPER-2] [02:29:45] [13/14] enaqx/awesome-pentest...
[SCRAPER-2] [02:29:47] [14/14] Hack-with-Github/Awesome-Hacking...
[SCRAPER-2] [02:29:49] ✅ CYCLE 41 DONE | Total: 0.0 MB
[SCRAPER-2] [02:30:49] 🔄 CYCLE 42 - Depth: 4700 files/repo
[SCRAPER-2] [02:30:49] [1/14] rapid7/metasploit-framework...
[SCRAPER-2] [02:30:51] [2/14] offensive-security/exploitdb...
[SCRAPER-2] [02:30:53] [3/14] carlospolop/PEASS-ng...
[SCRAPER-2] [02:30:55] [4/14] Ignitetechnologies/Privilege-Escalation...
[SCRAPER-2] [02:30:57] [5/14] S1ckB0y1337/Active-Directory-Exploitation-Cheat-Sheet...
[SCRAPER-2] [02:30:59] [6/14] BC-SECURITY/Empire...
[SCRAPER-2] [02:31:01] [7/14] gentilkiwi/mimikatz...
[SCRAPER-2] [02:31:03] [8/14] PowerShellMafia/PowerSploit...
[SCRAPER-2] [02:31:05] [9/14] danielmiessler/SecLists...
[SCRAPER-2] [02:31:07] [10/14] fuzzdb-project/fuzzdb...
[SCRAPER-2] [02:31:09] [11/14] HackTricks-wiki/hacktricks...
[SCRAPER-2] [02:31:11] [12/14] 0xsp/offensive-security-cheatsheet...
[SCRAPER-2] [02:31:13] [13/14] enaqx/awesome-pentest...
[SCRAPER-2] [02:31:15] [14/14] Hack-with-Github/Awesome-Hacking...
[SCRAPER-2] [02:31:17] ✅ CYCLE 42 DONE | Total: 0.0 MB
[SCRAPER-2] [02:32:17] 🔄 CYCLE 43 - Depth: 4800 files/repo
[SCRAPER-2] [02:32:17] [1/14] rapid7/metasploit-framework...
[SCRAPER-2] [02:32:19] [2/14] offensive-security/exploitdb...
[SCRAPER-2] [02:32:22] [3/14] carlospolop/PEASS-ng...
[SCRAPER-2] [02:32:24] [4/14] Ignitetechnologies/Privilege-Escalation...
[SCRAPER-2] [02:32:26] [5/14] S1ckB0y1337/Active-Directory-Exploitation-Cheat-Sheet...
[SCRAPER-2] [02:32:28] [6/14] BC-SECURITY/Empire...
[SCRAPER-2] [02:32:30] [7/14] gentilkiwi/mimikatz...
[SCRAPER-2] [02:32:32] [8/14] PowerShellMafia/PowerSploit...
[SCRAPER-2] [02:32:34] [9/14] danielmiessler/SecLists...
[SCRAPER-2] [02:32:36] [10/14] fuzzdb-project/fuzzdb...
[SCRAPER-2] [02:32:38] [11/14] HackTricks-wiki/hacktricks...
[SCRAPER-2] [02:32:40] [12/14] 0xsp/offensive-security-cheatsheet...
[SCRAPER-2] [02:32:42] [13/14] enaqx/awesome-pentest...
[SCRAPER-2] [02:32:44] [14/14] Hack-with-Github/Awesome-Hacking...
[SCRAPER-2] [02:32:46] ✅ CYCLE 43 DONE | Total: 0.0 MB
[SCRAPER-2] [02:33:46] 🔄 CYCLE 44 - Depth: 4900 files/repo
[SCRAPER-2] [02:33:46] [1/14] rapid7/metasploit-framework...
[SCRAPER-2] [02:33:48] [2/14] offensive-security/exploitdb...
[SCRAPER-2] [02:33:50] [3/14] carlospolop/PEASS-ng...
[SCRAPER-2] [02:33:52] [4/14] Ignitetechnologies/Privilege-Escalation...
[SCRAPER-2] [02:33:54] [5/14] S1ckB0y1337/Active-Directory-Exploitation-Cheat-Sheet...
[SCRAPER-2] [02:33:56] [6/14] BC-SECURITY/Empire...
[SCRAPER-2] [02:33:58] [7/14] gentilkiwi/mimikatz...
[SCRAPER-2] [02:34:00] [8/14] PowerShellMafia/PowerSploit...
[SCRAPER-2] [02:34:02] [9/14] danielmiessler/SecLists...
[SCRAPER-2] [02:34:04] [10/14] fuzzdb-project/fuzzdb...
[SCRAPER-2] [02:34:06] [11/14] HackTricks-wiki/hacktricks...
[SCRAPER-2] [02:34:08] [12/14] 0xsp/offensive-security-cheatsheet...
[SCRAPER-2] [02:34:10] [13/14] enaqx/awesome-pentest...
[SCRAPER-2] [02:34:12] [14/14] Hack-with-Github/Awesome-Hacking...
[SCRAPER-2] [02:34:14] ✅ CYCLE 44 DONE | Total: 0.0 MB
[SCRAPER-2] [02:35:14] 🔄 CYCLE 45 - Depth: 5000 files/repo
[SCRAPER-2] [02:35:14] [1/14] rapid7/metasploit-framework...
[SCRAPER-2] [02:35:16] [2/14] offensive-security/exploitdb...
[SCRAPER-2] [02:35:18] [3/14] carlospolop/PEASS-ng...
[SCRAPER-2] [02:35:20] [4/14] Ignitetechnologies/Privilege-Escalation...
[SCRAPER-2] [02:35:22] [5/14] S1ckB0y1337/Active-Directory-Exploitation-Cheat-Sheet...
[SCRAPER-2] [02:35:24] [6/14] BC-SECURITY/Empire...
[SCRAPER-2] [02:35:27] [7/14] gentilkiwi/mimikatz...
[SCRAPER-2] [02:35:29] [8/14] PowerShellMafia/PowerSploit...
[SCRAPER-2] [02:35:31] [9/14] danielmiessler/SecLists...
[SCRAPER-2] [02:35:33] [10/14] fuzzdb-project/fuzzdb...
[SCRAPER-2] [02:35:35] [11/14] HackTricks-wiki/hacktricks...
[SCRAPER-2] [02:35:37] [12/14] 0xsp/offensive-security-cheatsheet...
[SCRAPER-2] [02:35:39] [13/14] enaqx/awesome-pentest...
[SCRAPER-2] [02:35:41] [14/14] Hack-with-Github/Awesome-Hacking...
[SCRAPER-2] [02:35:43] ✅ CYCLE 45 DONE | Total: 0.0 MB
[SCRAPER-2] [02:36:43] 🔄 CYCLE 46 - Depth: 5100 files/repo
[SCRAPER-2] [02:36:43] [1/14] rapid7/metasploit-framework...
[SCRAPER-2] [02:36:45] [2/14] offensive-security/exploitdb...
[SCRAPER-2] [02:36:47] [3/14] carlospolop/PEASS-ng...
[SCRAPER-2] [02:36:49] [4/14] Ignitetechnologies/Privilege-Escalation...
[SCRAPER-2] [02:36:51] [5/14] S1ckB0y1337/Active-Directory-Exploitation-Cheat-Sheet...
[SCRAPER-2] [02:36:53] [6/14] BC-SECURITY/Empire...
[SCRAPER-2] [02:36:55] [7/14] gentilkiwi/mimikatz...
[SCRAPER-2] [02:36:57] [8/14] PowerShellMafia/PowerSploit...
[SCRAPER-2] [02:36:59] [9/14] danielmiessler/SecLists...
[SCRAPER-2] [02:37:01] [10/14] fuzzdb-project/fuzzdb...
[SCRAPER-2] [02:37:03] [11/14] HackTricks-wiki/hacktricks...
[SCRAPER-2] [02:37:05] [12/14] 0xsp/offensive-security-cheatsheet...
[SCRAPER-2] [02:37:07] [13/14] enaqx/awesome-pentest...
[SCRAPER-2] [02:37:09] [14/14] Hack-with-Github/Awesome-Hacking...
[SCRAPER-2] [02:37:11] ✅ CYCLE 46 DONE | Total: 0.0 MB
[SCRAPER-2] [02:38:11] 🔄 CYCLE 47 - Depth: 5200 files/repo
[SCRAPER-2] [02:38:11] [1/14] rapid7/metasploit-framework...
[SCRAPER-2] [02:38:13] [2/14] offensive-security/exploitdb...
[SCRAPER-2] [02:38:15] [3/14] carlospolop/PEASS-ng...
[SCRAPER-2] [02:38:17] [4/14] Ignitetechnologies/Privilege-Escalation...
[SCRAPER-2] [02:38:19] [5/14] S1ckB0y1337/Active-Directory-Exploitation-Cheat-Sheet...
[SCRAPER-2] [02:38:21] [6/14] BC-SECURITY/Empire...
[SCRAPER-2] [02:38:23] [7/14] gentilkiwi/mimikatz...
[SCRAPER-2] [02:38:26] [8/14] PowerShellMafia/PowerSploit...
[SCRAPER-2] [02:38:28] [9/14] danielmiessler/SecLists...
[SCRAPER-2] [02:38:30] [10/14] fuzzdb-project/fuzzdb...
[SCRAPER-2] [02:38:32] [11/14] HackTricks-wiki/hacktricks...
[SCRAPER-2] [02:38:34] [12/14] 0xsp/offensive-security-cheatsheet...
[SCRAPER-2] [02:38:36] [13/14] enaqx/awesome-pentest...
[SCRAPER-2] [02:38:38] [14/14] Hack-with-Github/Awesome-Hacking...
[SCRAPER-2] [02:38:40] ✅ CYCLE 47 DONE | Total: 0.0 MB
[SCRAPER-2] [02:39:40] 🔄 CYCLE 48 - Depth: 5300 files/repo
[SCRAPER-2] [02:39:40] [1/14] rapid7/metasploit-framework...
[SCRAPER-2] [02:39:42] [2/14] offensive-security/exploitdb...
[SCRAPER-2] [02:39:44] [3/14] carlospolop/PEASS-ng...
[SCRAPER-2] [02:39:46] [4/14] Ignitetechnologies/Privilege-Escalation...
[SCRAPER-2] [02:39:48] [5/14] S1ckB0y1337/Active-Directory-Exploitation-Cheat-Sheet...
[SCRAPER-2] [02:39:50] [6/14] BC-SECURITY/Empire...
[SCRAPER-2] [02:39:52] [7/14] gentilkiwi/mimikatz...
[SCRAPER-2] [02:39:54] [8/14] PowerShellMafia/PowerSploit...
[SCRAPER-2] [02:39:56] [9/14] danielmiessler/SecLists...
[SCRAPER-2] [02:39:58] [10/14] fuzzdb-project/fuzzdb...
[SCRAPER-2] [02:40:00] [11/14] HackTricks-wiki/hacktricks...
[SCRAPER-2] [02:40:02] [12/14] 0xsp/offensive-security-cheatsheet...
[SCRAPER-2] [02:40:04] [13/14] enaqx/awesome-pentest...
[SCRAPER-2] [02:40:06] [14/14] Hack-with-Github/Awesome-Hacking...
[SCRAPER-2] [02:40:08] ✅ CYCLE 48 DONE | Total: 0.0 MB
[SCRAPER-2] [02:41:08] 🔄 CYCLE 49 - Depth: 5400 files/repo
[SCRAPER-2] [02:41:08] [1/14] rapid7/metasploit-framework...
[SCRAPER-2] [02:41:10] [2/14] offensive-security/exploitdb...
[SCRAPER-2] [02:41:12] [3/14] carlospolop/PEASS-ng...
[SCRAPER-2] [02:41:14] [4/14] Ignitetechnologies/Privilege-Escalation...
[SCRAPER-2] [02:41:16] [5/14] S1ckB0y1337/Active-Directory-Exploitation-Cheat-Sheet...
[SCRAPER-2] [02:41:18] [6/14] BC-SECURITY/Empire...
[SCRAPER-2] [02:41:20] [7/14] gentilkiwi/mimikatz...
[SCRAPER-2] [02:41:22] [8/14] PowerShellMafia/PowerSploit...
[SCRAPER-2] [02:41:24] [9/14] danielmiessler/SecLists...
[SCRAPER-2] [02:41:26] [10/14] fuzzdb-project/fuzzdb...
[SCRAPER-2] [02:41:29] [11/14] HackTricks-wiki/hacktricks...
[SCRAPER-2] [02:41:31] [12/14] 0xsp/offensive-security-cheatsheet...
[SCRAPER-2] [02:41:33] [13/14] enaqx/awesome-pentest...
[SCRAPER-2] [02:41:35] [14/14] Hack-with-Github/Awesome-Hacking...
[SCRAPER-2] [02:41:37] ✅ CYCLE 49 DONE | Total: 0.0 MB
[SCRAPER-2] [02:42:37] 🔄 CYCLE 50 - Depth: 5500 files/repo
[SCRAPER-2] [02:42:37] [1/14] rapid7/metasploit-framework...
[SCRAPER-2] [02:42:39] [2/14] offensive-security/exploitdb...
[SCRAPER-2] [02:42:41] [3/14] carlospolop/PEASS-ng...
[SCRAPER-2] [02:42:43] [4/14] Ignitetechnologies/Privilege-Escalation...
[SCRAPER-2] [02:42:45] [5/14] S1ckB0y1337/Active-Directory-Exploitation-Cheat-Sheet...
[SCRAPER-2] [02:42:47] [6/14] BC-SECURITY/Empire...
[SCRAPER-2] [02:42:49] [7/14] gentilkiwi/mimikatz...
[SCRAPER-2] [02:42:51] [8/14] PowerShellMafia/PowerSploit...
[SCRAPER-2] [02:42:53] [9/14] danielmiessler/SecLists...
[SCRAPER-2] [02:42:55] [10/14] fuzzdb-project/fuzzdb...
[SCRAPER-2] [02:42:57] [11/14] HackTricks-wiki/hacktricks...
[SCRAPER-2] [02:42:59] [12/14] 0xsp/offensive-security-cheatsheet...
[SCRAPER-2] [02:43:01] [13/14] enaqx/awesome-pentest...
[SCRAPER-2] [02:43:03] [14/14] Hack-with-Github/Awesome-Hacking...
[SCRAPER-2] [02:43:05] ✅ CYCLE 50 DONE | Total: 0.0 MB
[SCRAPER-2] [02:44:05] 🔄 CYCLE 51 - Depth: 5600 files/repo
[SCRAPER-2] [02:44:05] [1/14] rapid7/metasploit-framework...
[SCRAPER-2] [02:44:07] [2/14] offensive-security/exploitdb...
[SCRAPER-2] [02:44:09] [3/14] carlospolop/PEASS-ng...
[SCRAPER-2] [02:44:11] [4/14] Ignitetechnologies/Privilege-Escalation...
[SCRAPER-2] [02:44:13] [5/14] S1ckB0y1337/Active-Directory-Exploitation-Cheat-Sheet...
[SCRAPER-2] [02:44:15] [6/14] BC-SECURITY/Empire...
[SCRAPER-2] [02:44:17] [7/14] gentilkiwi/mimikatz...
[SCRAPER-2] [02:44:19] [8/14] PowerShellMafia/PowerSploit...
[SCRAPER-2] [02:44:21] [9/14] danielmiessler/SecLists...
[SCRAPER-2] [02:44:23] [10/14] fuzzdb-project/fuzzdb...
[SCRAPER-2] [02:44:25] [11/14] HackTricks-wiki/hacktricks...
[SCRAPER-2] [02:44:27] [12/14] 0xsp/offensive-security-cheatsheet...
[SCRAPER-2] [02:44:29] [13/14] enaqx/awesome-pentest...
[SCRAPER-2] [02:44:31] [14/14] Hack-with-Github/Awesome-Hacking...
[SCRAPER-2] [02:44:33] ✅ CYCLE 51 DONE | Total: 0.0 MB
[SCRAPER-2] [02:45:33] 🔄 CYCLE 52 - Depth: 5700 files/repo
[SCRAPER-2] [02:45:33] [1/14] rapid7/metasploit-framework...
[SCRAPER-2] [02:45:36] [2/14] offensive-security/exploitdb...
[SCRAPER-2] [02:45:38] [3/14] carlospolop/PEASS-ng...
[SCRAPER-2] [02:45:40] [4/14] Ignitetechnologies/Privilege-Escalation...
[SCRAPER-2] [02:45:42] [5/14] S1ckB0y1337/Active-Directory-Exploitation-Cheat-Sheet...
[SCRAPER-2] [02:45:44] [6/14] BC-SECURITY/Empire...
[SCRAPER-2] [02:45:46] [7/14] gentilkiwi/mimikatz...
[SCRAPER-2] [02:45:48] [8/14] PowerShellMafia/PowerSploit...
[SCRAPER-2] [02:45:50] [9/14] danielmiessler/SecLists...
[SCRAPER-2] [02:45:52] [10/14] fuzzdb-project/fuzzdb...
[SCRAPER-2] [02:45:54] [11/14] HackTricks-wiki/hacktricks...
[SCRAPER-2] [02:45:56] [12/14] 0xsp/offensive-security-cheatsheet...
[SCRAPER-2] [02:45:58] [13/14] enaqx/awesome-pentest...
[SCRAPER-2] [02:46:00] [14/14] Hack-with-Github/Awesome-Hacking...
[SCRAPER-2] [02:46:02] ✅ CYCLE 52 DONE | Total: 0.0 MB
[SCRAPER-2] [02:47:02] 🔄 CYCLE 53 - Depth: 5800 files/repo
[SCRAPER-2] [02:47:02] [1/14] rapid7/metasploit-framework...
[SCRAPER-2] [02:47:04] [2/14] offensive-security/exploitdb...
[SCRAPER-2] [02:47:06] [3/14] carlospolop/PEASS-ng...
[SCRAPER-2] [02:47:08] [4/14] Ignitetechnologies/Privilege-Escalation...
[SCRAPER-2] [02:47:10] [5/14] S1ckB0y1337/Active-Directory-Exploitation-Cheat-Sheet...
[SCRAPER-2] [02:47:12] [6/14] BC-SECURITY/Empire...
[SCRAPER-2] [02:47:14] [7/14] gentilkiwi/mimikatz...
[SCRAPER-2] [02:47:16] [8/14] PowerShellMafia/PowerSploit...
[SCRAPER-2] [02:47:18] [9/14] danielmiessler/SecLists...
[SCRAPER-2] [02:47:20] [10/14] fuzzdb-project/fuzzdb...
[SCRAPER-2] [02:47:22] [11/14] HackTricks-wiki/hacktricks...
[SCRAPER-2] [02:47:24] [12/14] 0xsp/offensive-security-cheatsheet...
[SCRAPER-2] [02:47:26] [13/14] enaqx/awesome-pentest...
[SCRAPER-2] [02:47:28] [14/14] Hack-with-Github/Awesome-Hacking...
[SCRAPER-2] [02:47:30] ✅ CYCLE 53 DONE | Total: 0.0 MB
[SCRAPER-2] [02:48:30] 🔄 CYCLE 54 - Depth: 5900 files/repo
[SCRAPER-2] [02:48:30] [1/14] rapid7/metasploit-framework...
[SCRAPER-2] [02:48:32] [2/14] offensive-security/exploitdb...
[SCRAPER-2] [02:48:34] [3/14] carlospolop/PEASS-ng...
[SCRAPER-2] [02:48:36] [4/14] Ignitetechnologies/Privilege-Escalation...
[SCRAPER-2] [02:48:39] [5/14] S1ckB0y1337/Active-Directory-Exploitation-Cheat-Sheet...
[SCRAPER-2] [02:48:41] [6/14] BC-SECURITY/Empire...
[SCRAPER-2] [02:48:43] [7/14] gentilkiwi/mimikatz...
[SCRAPER-2] [02:48:45] [8/14] PowerShellMafia/PowerSploit...
[SCRAPER-2] [02:48:47] [9/14] danielmiessler/SecLists...
[SCRAPER-2] [02:48:49] [10/14] fuzzdb-project/fuzzdb...
[SCRAPER-2] [02:48:51] [11/14] HackTricks-wiki/hacktricks...
[SCRAPER-2] [02:48:53] [12/14] 0xsp/offensive-security-cheatsheet...
[SCRAPER-2] [02:48:55] [13/14] enaqx/awesome-pentest...
[SCRAPER-2] [02:48:57] [14/14] Hack-with-Github/Awesome-Hacking...
[SCRAPER-2] [02:48:59] ✅ CYCLE 54 DONE | Total: 0.0 MB
[SCRAPER-2] [02:49:59] 🔄 CYCLE 55 - Depth: 6000 files/repo
[SCRAPER-2] [02:49:59] [1/14] rapid7/metasploit-framework...
[SCRAPER-2] [02:50:01] [2/14] offensive-security/exploitdb...
[SCRAPER-2] [02:50:03] [3/14] carlospolop/PEASS-ng...
[SCRAPER-2] [02:50:05] [4/14] Ignitetechnologies/Privilege-Escalation...
[SCRAPER-2] [02:50:07] [5/14] S1ckB0y1337/Active-Directory-Exploitation-Cheat-Sheet...
[SCRAPER-2] [02:50:09] [6/14] BC-SECURITY/Empire...
[SCRAPER-2] [02:50:11] [7/14] gentilkiwi/mimikatz...
[SCRAPER-2] [02:50:13] [8/14] PowerShellMafia/PowerSploit...
[SCRAPER-2] [02:50:15] [9/14] danielmiessler/SecLists...
[SCRAPER-2] [02:50:17] [10/14] fuzzdb-project/fuzzdb...
[SCRAPER-2] [02:50:19] [11/14] HackTricks-wiki/hacktricks...
[SCRAPER-2] [02:50:21] [12/14] 0xsp/offensive-security-cheatsheet...
[SCRAPER-2] [02:50:23] [13/14] enaqx/awesome-pentest...
[SCRAPER-2] [02:50:25] [14/14] Hack-with-Github/Awesome-Hacking...
[SCRAPER-2] [02:50:27] ✅ CYCLE 55 DONE | Total: 0.0 MB
[SCRAPER-2] [02:51:27] 🔄 CYCLE 56 - Depth: 6100 files/repo
[SCRAPER-2] [02:51:27] [1/14] rapid7/metasploit-framework...
[SCRAPER-2] [02:51:29] [2/14] offensive-security/exploitdb...
[SCRAPER-2] [02:51:31] [3/14] carlospolop/PEASS-ng...
[SCRAPER-2] [02:51:33] [4/14] Ignitetechnologies/Privilege-Escalation...
[SCRAPER-2] [02:51:35] [5/14] S1ckB0y1337/Active-Directory-Exploitation-Cheat-Sheet...
[SCRAPER-2] [02:51:37] [6/14] BC-SECURITY/Empire...
[SCRAPER-2] [02:51:39] [7/14] gentilkiwi/mimikatz...
[SCRAPER-2] [02:51:41] [8/14] PowerShellMafia/PowerSploit...
[SCRAPER-2] [02:51:44] [9/14] danielmiessler/SecLists...
[SCRAPER-2] [02:51:46] [10/14] fuzzdb-project/fuzzdb...
[SCRAPER-2] [02:51:48] [11/14] HackTricks-wiki/hacktricks...
[SCRAPER-2] [02:51:50] [12/14] 0xsp/offensive-security-cheatsheet...
[SCRAPER-2] [02:51:52] [13/14] enaqx/awesome-pentest...
[SCRAPER-2] [02:51:54] [14/14] Hack-with-Github/Awesome-Hacking...
[SCRAPER-2] [02:51:56] ✅ CYCLE 56 DONE | Total: 0.0 MB
[SCRAPER-2] [02:52:56] 🔄 CYCLE 57 - Depth: 6200 files/repo
[SCRAPER-2] [02:52:56] [1/14] rapid7/metasploit-framework...
[SCRAPER-2] [02:52:58] [2/14] offensive-security/exploitdb...
[SCRAPER-2] [02:53:00] [3/14] carlospolop/PEASS-ng...
[SCRAPER-2] [02:53:02] [4/14] Ignitetechnologies/Privilege-Escalation...
[SCRAPER-2] [02:53:04] [5/14] S1ckB0y1337/Active-Directory-Exploitation-Cheat-Sheet...
[SCRAPER-2] [02:53:06] [6/14] BC-SECURITY/Empire...
[SCRAPER-2] [02:53:08] [7/14] gentilkiwi/mimikatz...
[SCRAPER-2] [02:53:10] [8/14] PowerShellMafia/PowerSploit...
[SCRAPER-2] [02:53:12] [9/14] danielmiessler/SecLists...
[SCRAPER-2] [02:53:14] [10/14] fuzzdb-project/fuzzdb...
[SCRAPER-2] [02:53:16] [11/14] HackTricks-wiki/hacktricks...
[SCRAPER-2] [02:53:18] [12/14] 0xsp/offensive-security-cheatsheet...
[SCRAPER-2] [02:53:20] [13/14] enaqx/awesome-pentest...
[SCRAPER-2] [02:53:22] [14/14] Hack-with-Github/Awesome-Hacking...
[SCRAPER-2] [02:53:24] ✅ CYCLE 57 DONE | Total: 0.0 MB
[SCRAPER-2] [02:54:24] 🔄 CYCLE 58 - Depth: 6300 files/repo
[SCRAPER-2] [02:54:24] [1/14] rapid7/metasploit-framework...
[SCRAPER-2] [02:54:26] [2/14] offensive-security/exploitdb...
[SCRAPER-2] [02:54:28] [3/14] carlospolop/PEASS-ng...
[SCRAPER-2] [02:54:30] [4/14] Ignitetechnologies/Privilege-Escalation...
[SCRAPER-2] [02:54:32] [5/14] S1ckB0y1337/Active-Directory-Exploitation-Cheat-Sheet...
[SCRAPER-2] [02:54:34] [6/14] BC-SECURITY/Empire...
[SCRAPER-2] [02:54:36] [7/14] gentilkiwi/mimikatz...
[SCRAPER-2] [02:54:38] [8/14] PowerShellMafia/PowerSploit...
[SCRAPER-2] [02:54:40] [9/14] danielmiessler/SecLists...
[SCRAPER-2] [02:54:43] [10/14] fuzzdb-project/fuzzdb...
[SCRAPER-2] [02:54:45] [11/14] HackTricks-wiki/hacktricks...
[SCRAPER-2] [02:54:47] [12/14] 0xsp/offensive-security-cheatsheet...
[SCRAPER-2] [02:54:49] [13/14] enaqx/awesome-pentest...
[SCRAPER-2] [02:54:51] [14/14] Hack-with-Github/Awesome-Hacking...
[SCRAPER-2] [02:54:53] ✅ CYCLE 58 DONE | Total: 0.0 MB
[SCRAPER-2] [02:55:53] 🔄 CYCLE 59 - Depth: 6400 files/repo
[SCRAPER-2] [02:55:53] [1/14] rapid7/metasploit-framework...
[SCRAPER-2] [02:55:55] [2/14] offensive-security/exploitdb...
[SCRAPER-2] [02:55:57] [3/14] carlospolop/PEASS-ng...
[SCRAPER-2] [02:55:59] [4/14] Ignitetechnologies/Privilege-Escalation...
[SCRAPER-2] [02:56:01] [5/14] S1ckB0y1337/Active-Directory-Exploitation-Cheat-Sheet...
[SCRAPER-2] [02:56:03] [6/14] BC-SECURITY/Empire...
[SCRAPER-2] [02:56:05] [7/14] gentilkiwi/mimikatz...
[SCRAPER-2] [02:56:07] [8/14] PowerShellMafia/PowerSploit...
[SCRAPER-2] [02:56:09] [9/14] danielmiessler/SecLists...
[SCRAPER-2] [02:56:11] [10/14] fuzzdb-project/fuzzdb...
[SCRAPER-2] [02:56:13] [11/14] HackTricks-wiki/hacktricks...
[SCRAPER-2] [02:56:15] [12/14] 0xsp/offensive-security-cheatsheet...
[SCRAPER-2] [02:56:17] [13/14] enaqx/awesome-pentest...
[SCRAPER-2] [02:56:19] [14/14] Hack-with-Github/Awesome-Hacking...
[SCRAPER-2] [02:56:21] ✅ CYCLE 59 DONE | Total: 0.0 MB
[SCRAPER-2] [02:57:21] 🔄 CYCLE 60 - Depth: 6500 files/repo
[SCRAPER-2] [02:57:21] [1/14] rapid7/metasploit-framework...
[SCRAPER-2] [02:57:23] [2/14] offensive-security/exploitdb...
[SCRAPER-2] [02:57:25] [3/14] carlospolop/PEASS-ng...
[SCRAPER-2] [02:57:27] [4/14] Ignitetechnologies/Privilege-Escalation...
[SCRAPER-2] [02:57:29] [5/14] S1ckB0y1337/Active-Directory-Exploitation-Cheat-Sheet...
[SCRAPER-2] [02:57:31] [6/14] BC-SECURITY/Empire...
[SCRAPER-2] [02:57:33] [7/14] gentilkiwi/mimikatz...
[SCRAPER-2] [02:57:35] [8/14] PowerShellMafia/PowerSploit...
[SCRAPER-2] [02:57:37] [9/14] danielmiessler/SecLists...
[SCRAPER-2] [02:57:40] [10/14] fuzzdb-project/fuzzdb...
[SCRAPER-2] [02:57:42] [11/14] HackTricks-wiki/hacktricks...
[SCRAPER-2] [02:57:44] [12/14] 0xsp/offensive-security-cheatsheet...
[SCRAPER-2] [02:57:46] [13/14] enaqx/awesome-pentest...
[SCRAPER-2] [02:57:48] [14/14] Hack-with-Github/Awesome-Hacking...
[SCRAPER-2] [02:57:50] ✅ CYCLE 60 DONE | Total: 0.0 MB
[SCRAPER-2] [02:58:50] 🔄 CYCLE 61 - Depth: 6600 files/repo
[SCRAPER-2] [02:58:50] [1/14] rapid7/metasploit-framework...
[SCRAPER-2] [02:58:52] [2/14] offensive-security/exploitdb...
[SCRAPER-2] [02:58:54] [3/14] carlospolop/PEASS-ng...
[SCRAPER-2] [02:58:56] [4/14] Ignitetechnologies/Privilege-Escalation...
[SCRAPER-2] [02:58:58] [5/14] S1ckB0y1337/Active-Directory-Exploitation-Cheat-Sheet...
[SCRAPER-2] [02:59:00] [6/14] BC-SECURITY/Empire...
[SCRAPER-2] [02:59:02] [7/14] gentilkiwi/mimikatz...
[SCRAPER-2] [02:59:04] [8/14] PowerShellMafia/PowerSploit...
[SCRAPER-2] [02:59:06] [9/14] danielmiessler/SecLists...
[SCRAPER-2] [02:59:08] [10/14] fuzzdb-project/fuzzdb...
[SCRAPER-2] [02:59:10] [11/14] HackTricks-wiki/hacktricks...
[SCRAPER-2] [02:59:12] [12/14] 0xsp/offensive-security-cheatsheet...
[SCRAPER-2] [02:59:14] [13/14] enaqx/awesome-pentest...
[SCRAPER-2] [02:59:16] [14/14] Hack-with-Github/Awesome-Hacking...
[SCRAPER-2] [02:59:18] ✅ CYCLE 61 DONE | Total: 0.0 MB
[SCRAPER-2] [03:00:18] 🔄 CYCLE 62 - Depth: 6700 files/repo
[SCRAPER-2] [03:00:18] [1/14] rapid7/metasploit-framework...
[SCRAPER-2] [03:00:20] [2/14] offensive-security/exploitdb...
[SCRAPER-2] [03:00:22] [3/14] carlospolop/PEASS-ng...
[SCRAPER-2] [03:00:24] [4/14] Ignitetechnologies/Privilege-Escalation...
[SCRAPER-2] [03:00:26] [5/14] S1ckB0y1337/Active-Directory-Exploitation-Cheat-Sheet...
[SCRAPER-2] [03:00:28] [6/14] BC-SECURITY/Empire...
[SCRAPER-2] [03:00:30] [7/14] gentilkiwi/mimikatz...
[SCRAPER-2] [03:00:32] [8/14] PowerShellMafia/PowerSploit...
[SCRAPER-2] [03:00:34] [9/14] danielmiessler/SecLists...
[SCRAPER-2] [03:00:36] [10/14] fuzzdb-project/fuzzdb...
[SCRAPER-2] [03:00:38] [11/14] HackTricks-wiki/hacktricks...
[SCRAPER-2] [03:00:40] [12/14] 0xsp/offensive-security-cheatsheet...
[SCRAPER-2] [03:00:43] [13/14] enaqx/awesome-pentest...
[SCRAPER-2] [03:00:45] [14/14] Hack-with-Github/Awesome-Hacking...
[SCRAPER-2] [03:00:47] ✅ CYCLE 62 DONE | Total: 0.0 MB
[SCRAPER-2] [03:01:47] 🔄 CYCLE 63 - Depth: 6800 files/repo
[SCRAPER-2] [03:01:47] [1/14] rapid7/metasploit-framework...
[SCRAPER-2] [03:01:49] [2/14] offensive-security/exploitdb...
[SCRAPER-2] [03:01:51] [3/14] carlospolop/PEASS-ng...
[SCRAPER-2] [03:01:53] [4/14] Ignitetechnologies/Privilege-Escalation...
[SCRAPER-2] [03:01:55] [5/14] S1ckB0y1337/Active-Directory-Exploitation-Cheat-Sheet...
[SCRAPER-2] [03:01:57] [6/14] BC-SECURITY/Empire...
[SCRAPER-2] [03:01:59] [7/14] gentilkiwi/mimikatz...
[SCRAPER-2] [03:02:01] [8/14] PowerShellMafia/PowerSploit...
[SCRAPER-2] [03:02:03] [9/14] danielmiessler/SecLists...
[SCRAPER-2] [03:02:05] [10/14] fuzzdb-project/fuzzdb...
[SCRAPER-2] [03:02:07] [11/14] HackTricks-wiki/hacktricks...
[SCRAPER-2] [03:02:09] [12/14] 0xsp/offensive-security-cheatsheet...
[SCRAPER-2] [03:02:11] [13/14] enaqx/awesome-pentest...
[SCRAPER-2] [03:02:13] [14/14] Hack-with-Github/Awesome-Hacking...
[SCRAPER-2] [03:02:15] ✅ CYCLE 63 DONE | Total: 0.0 MB
[SCRAPER-2] [03:03:15] 🔄 CYCLE 64 - Depth: 6900 files/repo
[SCRAPER-2] [03:03:15] [1/14] rapid7/metasploit-framework...
[SCRAPER-2] [03:03:17] [2/14] offensive-security/exploitdb...
[SCRAPER-2] [03:03:19] [3/14] carlospolop/PEASS-ng...
[SCRAPER-2] [03:03:21] [4/14] Ignitetechnologies/Privilege-Escalation...
[SCRAPER-2] [03:03:23] [5/14] S1ckB0y1337/Active-Directory-Exploitation-Cheat-Sheet...
[SCRAPER-2] [03:03:25] [6/14] BC-SECURITY/Empire...
[SCRAPER-2] [03:03:27] [7/14] gentilkiwi/mimikatz...
[SCRAPER-2] [03:03:29] [8/14] PowerShellMafia/PowerSploit...
[SCRAPER-2] [03:03:31] [9/14] danielmiessler/SecLists...
[SCRAPER-2] [03:03:33] [10/14] fuzzdb-project/fuzzdb...
[SCRAPER-2] [03:03:35] [11/14] HackTricks-wiki/hacktricks...
[SCRAPER-2] [03:03:37] [12/14] 0xsp/offensive-security-cheatsheet...
[SCRAPER-2] [03:03:39] [13/14] enaqx/awesome-pentest...
[SCRAPER-2] [03:03:41] [14/14] Hack-with-Github/Awesome-Hacking...
[SCRAPER-2] [03:03:43] ✅ CYCLE 64 DONE | Total: 0.0 MB
[SCRAPER-2] [03:04:43] 🔄 CYCLE 65 - Depth: 7000 files/repo
[SCRAPER-2] [03:04:43] [1/14] rapid7/metasploit-framework...
[SCRAPER-2] [03:04:45] [2/14] offensive-security/exploitdb...
[SCRAPER-2] [03:04:48] [3/14] carlospolop/PEASS-ng...
[SCRAPER-2] [03:04:50] [4/14] Ignitetechnologies/Privilege-Escalation...
[SCRAPER-2] [03:04:52] [5/14] S1ckB0y1337/Active-Directory-Exploitation-Cheat-Sheet...
[SCRAPER-2] [03:04:54] [6/14] BC-SECURITY/Empire...
[SCRAPER-2] [03:04:56] [7/14] gentilkiwi/mimikatz...
[SCRAPER-2] [03:04:58] [8/14] PowerShellMafia/PowerSploit...
[SCRAPER-2] [03:05:00] [9/14] danielmiessler/SecLists...
[SCRAPER-2] [03:05:02] [10/14] fuzzdb-project/fuzzdb...
[SCRAPER-2] [03:05:04] [11/14] HackTricks-wiki/hacktricks...
[SCRAPER-2] [03:05:06] [12/14] 0xsp/offensive-security-cheatsheet...
[SCRAPER-2] [03:05:08] [13/14] enaqx/awesome-pentest...
[SCRAPER-2] [03:05:10] [14/14] Hack-with-Github/Awesome-Hacking...
[SCRAPER-2] [03:05:12] ✅ CYCLE 65 DONE | Total: 0.0 MB
[SCRAPER-2] [03:06:12] 🔄 CYCLE 66 - Depth: 7100 files/repo
[SCRAPER-2] [03:06:12] [1/14] rapid7/metasploit-framework...
[SCRAPER-2] [03:06:14] [2/14] offensive-security/exploitdb...
[SCRAPER-2] [03:06:16] [3/14] carlospolop/PEASS-ng...
[SCRAPER-2] [03:06:18] [4/14] Ignitetechnologies/Privilege-Escalation...
[SCRAPER-2] [03:06:20] [5/14] S1ckB0y1337/Active-Directory-Exploitation-Cheat-Sheet...
[SCRAPER-2] [03:06:22] [6/14] BC-SECURITY/Empire...
[SCRAPER-2] [03:06:24] [7/14] gentilkiwi/mimikatz...
[SCRAPER-2] [03:06:26] [8/14] PowerShellMafia/PowerSploit...
[SCRAPER-2] [03:06:28] [9/14] danielmiessler/SecLists...
[SCRAPER-2] [03:06:30] [10/14] fuzzdb-project/fuzzdb...
[SCRAPER-2] [03:06:32] [11/14] HackTricks-wiki/hacktricks...
[SCRAPER-2] [03:06:34] [12/14] 0xsp/offensive-security-cheatsheet...
[SCRAPER-2] [03:06:36] [13/14] enaqx/awesome-pentest...
[SCRAPER-2] [03:06:38] [14/14] Hack-with-Github/Awesome-Hacking...
[SCRAPER-2] [03:06:40] ✅ CYCLE 66 DONE | Total: 0.0 MB
[SCRAPER-2] [03:07:40] 🔄 CYCLE 67 - Depth: 7200 files/repo
[SCRAPER-2] [03:07:40] [1/14] rapid7/metasploit-framework...
[SCRAPER-2] [03:07:42] [2/14] offensive-security/exploitdb...
[SCRAPER-2] [03:07:44] [3/14] carlospolop/PEASS-ng...
[SCRAPER-2] [03:07:46] [4/14] Ignitetechnologies/Privilege-Escalation...
[SCRAPER-2] [03:07:48] [5/14] S1ckB0y1337/Active-Directory-Exploitation-Cheat-Sheet...
[SCRAPER-2] [03:07:50] [6/14] BC-SECURITY/Empire...
[SCRAPER-2] [03:07:52] [7/14] gentilkiwi/mimikatz...
[SCRAPER-2] [03:07:54] [8/14] PowerShellMafia/PowerSploit...
[SCRAPER-2] [03:07:57] [9/14] danielmiessler/SecLists...
[SCRAPER-2] [03:07:59] [10/14] fuzzdb-project/fuzzdb...
[SCRAPER-2] [03:08:01] [11/14] HackTricks-wiki/hacktricks...
[SCRAPER-2] [03:08:03] [12/14] 0xsp/offensive-security-cheatsheet...
[SCRAPER-2] [03:08:05] [13/14] enaqx/awesome-pentest...
[SCRAPER-2] [03:08:07] [14/14] Hack-with-Github/Awesome-Hacking...
[SCRAPER-2] [03:08:09] ✅ CYCLE 67 DONE | Total: 0.0 MB
[SCRAPER-2] [03:09:09] 🔄 CYCLE 68 - Depth: 7300 files/repo
[SCRAPER-2] [03:09:09] [1/14] rapid7/metasploit-framework...
[SCRAPER-2] [03:09:11] [2/14] offensive-security/exploitdb...
[SCRAPER-2] [03:09:13] [3/14] carlospolop/PEASS-ng...
[SCRAPER-2] [03:09:15] [4/14] Ignitetechnologies/Privilege-Escalation...
[SCRAPER-2] [03:09:17] [5/14] S1ckB0y1337/Active-Directory-Exploitation-Cheat-Sheet...
[SCRAPER-2] [03:09:19] [6/14] BC-SECURITY/Empire...
[SCRAPER-2] [03:09:21] [7/14] gentilkiwi/mimikatz...
[SCRAPER-2] [03:09:23] [8/14] PowerShellMafia/PowerSploit...
[SCRAPER-2] [03:09:25] [9/14] danielmiessler/SecLists...
[SCRAPER-2] [03:09:27] [10/14] fuzzdb-project/fuzzdb...
[SCRAPER-2] [03:09:29] [11/14] HackTricks-wiki/hacktricks...
[SCRAPER-2] [03:09:31] [12/14] 0xsp/offensive-security-cheatsheet...
[SCRAPER-2] [03:09:33] [13/14] enaqx/awesome-pentest...
[SCRAPER-2] [03:09:35] [14/14] Hack-with-Github/Awesome-Hacking...
[SCRAPER-2] [03:09:37] ✅ CYCLE 68 DONE | Total: 0.0 MB
[SCRAPER-2] [03:10:37] 🔄 CYCLE 69 - Depth: 7400 files/repo
[SCRAPER-2] [03:10:37] [1/14] rapid7/metasploit-framework...
[SCRAPER-2] [03:10:39] [2/14] offensive-security/exploitdb...
[SCRAPER-2] [03:10:41] [3/14] carlospolop/PEASS-ng...
[SCRAPER-2] [03:10:43] [4/14] Ignitetechnologies/Privilege-Escalation...
[SCRAPER-2] [03:10:45] [5/14] S1ckB0y1337/Active-Directory-Exploitation-Cheat-Sheet...
[SCRAPER-2] [03:10:47] [6/14] BC-SECURITY/Empire...
[SCRAPER-2] [03:10:49] [7/14] gentilkiwi/mimikatz...
[SCRAPER-2] [03:10:51] [8/14] PowerShellMafia/PowerSploit...
[SCRAPER-2] [03:10:53] [9/14] danielmiessler/SecLists...
[SCRAPER-2] [03:10:55] [10/14] fuzzdb-project/fuzzdb...
[SCRAPER-2] [03:10:57] [11/14] HackTricks-wiki/hacktricks...
[SCRAPER-2] [03:11:00] [12/14] 0xsp/offensive-security-cheatsheet...
[SCRAPER-2] [03:11:02] [13/14] enaqx/awesome-pentest...
[SCRAPER-2] [03:11:04] [14/14] Hack-with-Github/Awesome-Hacking...
[SCRAPER-2] [03:11:06] ✅ CYCLE 69 DONE | Total: 0.0 MB
[SCRAPER-2] [03:12:06] 🔄 CYCLE 70 - Depth: 7500 files/repo
[SCRAPER-2] [03:12:06] [1/14] rapid7/metasploit-framework...
[SCRAPER-2] [03:12:08] [2/14] offensive-security/exploitdb...
[SCRAPER-2] [03:12:10] [3/14] carlospolop/PEASS-ng...
[SCRAPER-2] [03:12:12] [4/14] Ignitetechnologies/Privilege-Escalation...
[SCRAPER-2] [03:12:14] [5/14] S1ckB0y1337/Active-Directory-Exploitation-Cheat-Sheet...
[SCRAPER-2] [03:12:16] [6/14] BC-SECURITY/Empire...
[SCRAPER-2] [03:12:18] [7/14] gentilkiwi/mimikatz...
[SCRAPER-2] [03:12:20] [8/14] PowerShellMafia/PowerSploit...
[SCRAPER-2] [03:12:22] [9/14] danielmiessler/SecLists...
[SCRAPER-2] [03:12:24] [10/14] fuzzdb-project/fuzzdb...
[SCRAPER-2] [03:12:26] [11/14] HackTricks-wiki/hacktricks...
[SCRAPER-2] [03:12:28] [12/14] 0xsp/offensive-security-cheatsheet...
[SCRAPER-2] [03:12:30] [13/14] enaqx/awesome-pentest...
[SCRAPER-2] [03:12:32] [14/14] Hack-with-Github/Awesome-Hacking...
[SCRAPER-2] [03:12:34] ✅ CYCLE 70 DONE | Total: 0.0 MB
[SCRAPER-2] [03:13:34] 🔄 CYCLE 71 - Depth: 7600 files/repo
[SCRAPER-2] [03:13:34] [1/14] rapid7/metasploit-framework...
[SCRAPER-2] [03:13:36] [2/14] offensive-security/exploitdb...
[SCRAPER-2] [03:13:38] [3/14] carlospolop/PEASS-ng...
[SCRAPER-2] [03:13:40] [4/14] Ignitetechnologies/Privilege-Escalation...
[SCRAPER-2] [03:13:42] [5/14] S1ckB0y1337/Active-Directory-Exploitation-Cheat-Sheet...
[SCRAPER-2] [03:13:44] [6/14] BC-SECURITY/Empire...
[SCRAPER-2] [03:13:46] [7/14] gentilkiwi/mimikatz...
[SCRAPER-2] [03:13:48] [8/14] PowerShellMafia/PowerSploit...
[SCRAPER-2] [03:13:50] [9/14] danielmiessler/SecLists...
[SCRAPER-2] [03:13:52] [10/14] fuzzdb-project/fuzzdb...
[SCRAPER-2] [03:13:54] [11/14] HackTricks-wiki/hacktricks...
[SCRAPER-2] [03:13:56] [12/14] 0xsp/offensive-security-cheatsheet...
[SCRAPER-2] [03:13:58] [13/14] enaqx/awesome-pentest...
[SCRAPER-2] [03:14:01] [14/14] Hack-with-Github/Awesome-Hacking...
[SCRAPER-2] [03:14:03] ✅ CYCLE 71 DONE | Total: 0.0 MB
[SCRAPER-2] [03:15:03] 🔄 CYCLE 72 - Depth: 7700 files/repo
[SCRAPER-2] [03:15:03] [1/14] rapid7/metasploit-framework...
[SCRAPER-2] [03:15:05] [2/14] offensive-security/exploitdb...
[SCRAPER-2] [03:15:07] [3/14] carlospolop/PEASS-ng...
[SCRAPER-2] [03:15:09] [4/14] Ignitetechnologies/Privilege-Escalation...
[SCRAPER-2] [03:15:11] [5/14] S1ckB0y1337/Active-Directory-Exploitation-Cheat-Sheet...
[SCRAPER-2] [03:15:13] [6/14] BC-SECURITY/Empire...
[SCRAPER-2] [03:15:15] [7/14] gentilkiwi/mimikatz...
[SCRAPER-2] [03:15:17] [8/14] PowerShellMafia/PowerSploit...
[SCRAPER-2] [03:15:19] [9/14] danielmiessler/SecLists...
[SCRAPER-2] [03:15:21] [10/14] fuzzdb-project/fuzzdb...
[SCRAPER-2] [03:15:23] [11/14] HackTricks-wiki/hacktricks...
[SCRAPER-2] [03:15:25] [12/14] 0xsp/offensive-security-cheatsheet...
[SCRAPER-2] [03:15:27] [13/14] enaqx/awesome-pentest...
[SCRAPER-2] [03:15:29] [14/14] Hack-with-Github/Awesome-Hacking...
[SCRAPER-2] [03:15:31] ✅ CYCLE 72 DONE | Total: 0.0 MB
[SCRAPER-2] [03:16:31] 🔄 CYCLE 73 - Depth: 7800 files/repo
[SCRAPER-2] [03:16:31] [1/14] rapid7/metasploit-framework...
[SCRAPER-2] [03:16:33] [2/14] offensive-security/exploitdb...
[SCRAPER-2] [03:16:35] [3/14] carlospolop/PEASS-ng...
[SCRAPER-2] [03:16:37] [4/14] Ignitetechnologies/Privilege-Escalation...
[SCRAPER-2] [03:16:39] [5/14] S1ckB0y1337/Active-Directory-Exploitation-Cheat-Sheet...
[SCRAPER-2] [03:16:41] [6/14] BC-SECURITY/Empire...
[SCRAPER-2] [03:16:43] [7/14] gentilkiwi/mimikatz...
[SCRAPER-2] [03:16:45] [8/14] PowerShellMafia/PowerSploit...
[SCRAPER-2] [03:16:47] [9/14] danielmiessler/SecLists...
[SCRAPER-2] [03:16:49] [10/14] fuzzdb-project/fuzzdb...
[SCRAPER-2] [03:16:51] [11/14] HackTricks-wiki/hacktricks...
[SCRAPER-2] [03:16:53] [12/14] 0xsp/offensive-security-cheatsheet...
[SCRAPER-2] [03:16:55] [13/14] enaqx/awesome-pentest...
[SCRAPER-2] [03:16:57] [14/14] Hack-with-Github/Awesome-Hacking...
[SCRAPER-2] [03:16:59] ✅ CYCLE 73 DONE | Total: 0.0 MB
[SCRAPER-2] [03:17:59] 🔄 CYCLE 74 - Depth: 7900 files/repo
[SCRAPER-2] [03:17:59] [1/14] rapid7/metasploit-framework...
[SCRAPER-2] [03:18:01] [2/14] offensive-security/exploitdb...
[SCRAPER-2] [03:18:04] [3/14] carlospolop/PEASS-ng...
[SCRAPER-2] [03:18:06] [4/14] Ignitetechnologies/Privilege-Escalation...
[SCRAPER-2] [03:18:08] [5/14] S1ckB0y1337/Active-Directory-Exploitation-Cheat-Sheet...
[SCRAPER-2] [03:18:10] [6/14] BC-SECURITY/Empire...
[SCRAPER-2] [03:18:12] [7/14] gentilkiwi/mimikatz...
[SCRAPER-2] [03:18:14] [8/14] PowerShellMafia/PowerSploit...
[SCRAPER-2] [03:18:16] [9/14] danielmiessler/SecLists...
[SCRAPER-2] [03:18:18] [10/14] fuzzdb-project/fuzzdb...
[SCRAPER-2] [03:18:20] [11/14] HackTricks-wiki/hacktricks...
[SCRAPER-2] [03:18:22] [12/14] 0xsp/offensive-security-cheatsheet...
[SCRAPER-2] [03:18:24] [13/14] enaqx/awesome-pentest...
[SCRAPER-2] [03:18:26] [14/14] Hack-with-Github/Awesome-Hacking...
[SCRAPER-2] [03:18:28] ✅ CYCLE 74 DONE | Total: 0.0 MB
[SCRAPER-2] [03:19:28] 🔄 CYCLE 75 - Depth: 8000 files/repo
[SCRAPER-2] [03:19:28] [1/14] rapid7/metasploit-framework...
[SCRAPER-2] [03:19:30] [2/14] offensive-security/exploitdb...
[SCRAPER-2] [03:19:32] [3/14] carlospolop/PEASS-ng...
[SCRAPER-2] [03:19:34] [4/14] Ignitetechnologies/Privilege-Escalation...
[SCRAPER-2] [03:19:36] [5/14] S1ckB0y1337/Active-Directory-Exploitation-Cheat-Sheet...
[SCRAPER-2] [03:19:38] [6/14] BC-SECURITY/Empire...
[SCRAPER-2] [03:19:40] [7/14] gentilkiwi/mimikatz...
[SCRAPER-2] [03:19:42] [8/14] PowerShellMafia/PowerSploit...
[SCRAPER-2] [03:19:44] [9/14] danielmiessler/SecLists...
[SCRAPER-2] [03:19:46] [10/14] fuzzdb-project/fuzzdb...
[SCRAPER-2] [03:19:48] [11/14] HackTricks-wiki/hacktricks...
[SCRAPER-2] [03:19:50] [12/14] 0xsp/offensive-security-cheatsheet...
[SCRAPER-2] [03:19:52] [13/14] enaqx/awesome-pentest...
[SCRAPER-2] [03:19:54] [14/14] Hack-with-Github/Awesome-Hacking...
[SCRAPER-2] [03:19:56] ✅ CYCLE 75 DONE | Total: 0.0 MB
[SCRAPER-2] [03:20:56] 🔄 CYCLE 76 - Depth: 8100 files/repo
[SCRAPER-2] [03:20:56] [1/14] rapid7/metasploit-framework...
[SCRAPER-2] [03:20:58] [2/14] offensive-security/exploitdb...
[SCRAPER-2] [03:21:00] [3/14] carlospolop/PEASS-ng...
[SCRAPER-2] [03:21:02] [4/14] Ignitetechnologies/Privilege-Escalation...
[SCRAPER-2] [03:21:04] [5/14] S1ckB0y1337/Active-Directory-Exploitation-Cheat-Sheet...
[SCRAPER-2] [03:21:06] [6/14] BC-SECURITY/Empire...
[SCRAPER-2] [03:21:08] [7/14] gentilkiwi/mimikatz...
[SCRAPER-2] [03:21:11] [8/14] PowerShellMafia/PowerSploit...
[SCRAPER-2] [03:21:13] [9/14] danielmiessler/SecLists...
[SCRAPER-2] [03:21:15] [10/14] fuzzdb-project/fuzzdb...
[SCRAPER-2] [03:21:17] [11/14] HackTricks-wiki/hacktricks...
[SCRAPER-2] [03:21:19] [12/14] 0xsp/offensive-security-cheatsheet...
[SCRAPER-2] [03:21:21] [13/14] enaqx/awesome-pentest...
[SCRAPER-2] [03:21:23] [14/14] Hack-with-Github/Awesome-Hacking...
[SCRAPER-2] [03:21:25] ✅ CYCLE 76 DONE | Total: 0.0 MB
[SCRAPER-2] [03:22:25] 🔄 CYCLE 77 - Depth: 8200 files/repo
[SCRAPER-2] [03:22:25] [1/14] rapid7/metasploit-framework...
[SCRAPER-2] [03:22:27] [2/14] offensive-security/exploitdb...
[SCRAPER-2] [03:22:29] [3/14] carlospolop/PEASS-ng...
[SCRAPER-2] [03:22:31] [4/14] Ignitetechnologies/Privilege-Escalation...
[SCRAPER-2] [03:22:33] [5/14] S1ckB0y1337/Active-Directory-Exploitation-Cheat-Sheet...
[SCRAPER-2] [03:22:35] [6/14] BC-SECURITY/Empire...
[SCRAPER-2] [03:22:37] [7/14] gentilkiwi/mimikatz...
[SCRAPER-2] [03:22:39] [8/14] PowerShellMafia/PowerSploit...
[SCRAPER-2] [03:22:41] [9/14] danielmiessler/SecLists...
[SCRAPER-2] [03:22:43] [10/14] fuzzdb-project/fuzzdb...
[SCRAPER-2] [03:22:45] [11/14] HackTricks-wiki/hacktricks...
[SCRAPER-2] [03:22:47] [12/14] 0xsp/offensive-security-cheatsheet...
[SCRAPER-2] [03:22:49] [13/14] enaqx/awesome-pentest...
[SCRAPER-2] [03:22:51] [14/14] Hack-with-Github/Awesome-Hacking...
[SCRAPER-2] [03:22:53] ✅ CYCLE 77 DONE | Total: 0.0 MB
[SCRAPER-2] [03:23:53] 🔄 CYCLE 78 - Depth: 8300 files/repo
[SCRAPER-2] [03:23:53] [1/14] rapid7/metasploit-framework...
[SCRAPER-2] [03:23:55] [2/14] offensive-security/exploitdb...
[SCRAPER-2] [03:23:57] [3/14] carlospolop/PEASS-ng...
[SCRAPER-2] [03:23:59] [4/14] Ignitetechnologies/Privilege-Escalation...
[SCRAPER-2] [03:24:01] [5/14] S1ckB0y1337/Active-Directory-Exploitation-Cheat-Sheet...
[SCRAPER-2] [03:24:03] [6/14] BC-SECURITY/Empire...
[SCRAPER-2] [03:24:05] [7/14] gentilkiwi/mimikatz...
[SCRAPER-2] [03:24:07] [8/14] PowerShellMafia/PowerSploit...
[SCRAPER-2] [03:24:09] [9/14] danielmiessler/SecLists...
[SCRAPER-2] [03:24:11] [10/14] fuzzdb-project/fuzzdb...
[SCRAPER-2] [03:24:13] [11/14] HackTricks-wiki/hacktricks...
[SCRAPER-2] [03:24:16] [12/14] 0xsp/offensive-security-cheatsheet...
[SCRAPER-2] [03:24:18] [13/14] enaqx/awesome-pentest...
[SCRAPER-2] [03:24:20] [14/14] Hack-with-Github/Awesome-Hacking...
[SCRAPER-2] [03:24:22] ✅ CYCLE 78 DONE | Total: 0.0 MB
[SCRAPER-2] [03:25:22] 🔄 CYCLE 79 - Depth: 8400 files/repo
[SCRAPER-2] [03:25:22] [1/14] rapid7/metasploit-framework...
[SCRAPER-2] [03:25:24] [2/14] offensive-security/exploitdb...
[SCRAPER-2] [03:25:26] [3/14] carlospolop/PEASS-ng...
[SCRAPER-2] [03:25:28] [4/14] Ignitetechnologies/Privilege-Escalation...
[SCRAPER-2] [03:25:30] [5/14] S1ckB0y1337/Active-Directory-Exploitation-Cheat-Sheet...
[SCRAPER-2] [03:25:32] [6/14] BC-SECURITY/Empire...
[SCRAPER-2] [03:25:34] [7/14] gentilkiwi/mimikatz...
[SCRAPER-2] [03:25:36] [8/14] PowerShellMafia/PowerSploit...
[SCRAPER-2] [03:25:38] [9/14] danielmiessler/SecLists...
[SCRAPER-2] [03:25:40] [10/14] fuzzdb-project/fuzzdb...
[SCRAPER-2] [03:25:42] [11/14] HackTricks-wiki/hacktricks...
[SCRAPER-2] [03:25:44] [12/14] 0xsp/offensive-security-cheatsheet...
[SCRAPER-2] [03:25:46] [13/14] enaqx/awesome-pentest...
[SCRAPER-2] [03:25:48] [14/14] Hack-with-Github/Awesome-Hacking...
[SCRAPER-2] [03:25:50] ✅ CYCLE 79 DONE | Total: 0.0 MB
[SCRAPER-2] [03:26:50] 🔄 CYCLE 80 - Depth: 8500 files/repo
[SCRAPER-2] [03:26:50] [1/14] rapid7/metasploit-framework...
[SCRAPER-2] [03:26:52] [2/14] offensive-security/exploitdb...
[SCRAPER-2] [03:26:54] [3/14] carlospolop/PEASS-ng...
[SCRAPER-2] [03:26:56] [4/14] Ignitetechnologies/Privilege-Escalation...
[SCRAPER-2] [03:26:58] [5/14] S1ckB0y1337/Active-Directory-Exploitation-Cheat-Sheet...
[SCRAPER-2] [03:27:00] [6/14] BC-SECURITY/Empire...
[SCRAPER-2] [03:27:02] [7/14] gentilkiwi/mimikatz...
[SCRAPER-2] [03:27:04] [8/14] PowerShellMafia/PowerSploit...
[SCRAPER-2] [03:27:06] [9/14] danielmiessler/SecLists...
[SCRAPER-2] [03:27:08] [10/14] fuzzdb-project/fuzzdb...
[SCRAPER-2] [03:27:10] [11/14] HackTricks-wiki/hacktricks...
[SCRAPER-2] [03:27:12] [12/14] 0xsp/offensive-security-cheatsheet...
[SCRAPER-2] [03:27:14] [13/14] enaqx/awesome-pentest...
[SCRAPER-2] [03:27:16] [14/14] Hack-with-Github/Awesome-Hacking...
[SCRAPER-2] [03:27:18] ✅ CYCLE 80 DONE | Total: 0.0 MB
[SCRAPER-2] [03:28:18] 🔄 CYCLE 81 - Depth: 8600 files/repo
[SCRAPER-2] [03:28:18] [1/14] rapid7/metasploit-framework...
[SCRAPER-2] [03:28:20] [2/14] offensive-security/exploitdb...
[SCRAPER-2] [03:28:23] [3/14] carlospolop/PEASS-ng...
[SCRAPER-2] [03:28:25] [4/14] Ignitetechnologies/Privilege-Escalation...
[SCRAPER-2] [03:28:27] [5/14] S1ckB0y1337/Active-Directory-Exploitation-Cheat-Sheet...
[SCRAPER-2] [03:28:29] [6/14] BC-SECURITY/Empire...
[SCRAPER-2] [03:28:31] [7/14] gentilkiwi/mimikatz...
[SCRAPER-2] [03:28:33] [8/14] PowerShellMafia/PowerSploit...
[SCRAPER-2] [03:28:35] [9/14] danielmiessler/SecLists...
[SCRAPER-2] [03:28:37] [10/14] fuzzdb-project/fuzzdb...
[SCRAPER-2] [03:28:39] [11/14] HackTricks-wiki/hacktricks...
[SCRAPER-2] [03:28:41] [12/14] 0xsp/offensive-security-cheatsheet...
[SCRAPER-2] [03:28:43] [13/14] enaqx/awesome-pentest...
[SCRAPER-2] [03:28:45] [14/14] Hack-with-Github/Awesome-Hacking...
[SCRAPER-2] [03:28:47] ✅ CYCLE 81 DONE | Total: 0.0 MB
[SCRAPER-2] [03:29:47] 🔄 CYCLE 82 - Depth: 8700 files/repo
[SCRAPER-2] [03:29:47] [1/14] rapid7/metasploit-framework...
[SCRAPER-2] [03:29:49] [2/14] offensive-security/exploitdb...
[SCRAPER-2] [03:29:51] [3/14] carlospolop/PEASS-ng...
[SCRAPER-2] [03:29:53] [4/14] Ignitetechnologies/Privilege-Escalation...
[SCRAPER-2] [03:29:55] [5/14] S1ckB0y1337/Active-Directory-Exploitation-Cheat-Sheet...
[SCRAPER-2] [03:29:57] [6/14] BC-SECURITY/Empire...
[SCRAPER-2] [03:29:59] [7/14] gentilkiwi/mimikatz...
[SCRAPER-2] [03:30:01] [8/14] PowerShellMafia/PowerSploit...
[SCRAPER-2] [03:30:03] [9/14] danielmiessler/SecLists...
[SCRAPER-2] [03:30:05] [10/14] fuzzdb-project/fuzzdb...
[SCRAPER-2] [03:30:07] [11/14] HackTricks-wiki/hacktricks...
[SCRAPER-2] [03:30:09] [12/14] 0xsp/offensive-security-cheatsheet...
[SCRAPER-2] [03:30:11] [13/14] enaqx/awesome-pentest...
[SCRAPER-2] [03:30:13] [14/14] Hack-with-Github/Awesome-Hacking...
[SCRAPER-2] [03:30:15] ✅ CYCLE 82 DONE | Total: 0.0 MB
[SCRAPER-2] [03:31:15] 🔄 CYCLE 83 - Depth: 8800 files/repo
[SCRAPER-2] [03:31:15] [1/14] rapid7/metasploit-framework...
[SCRAPER-2] [03:31:17] [2/14] offensive-security/exploitdb...
[SCRAPER-2] [03:31:19] [3/14] carlospolop/PEASS-ng...
[SCRAPER-2] [03:31:21] [4/14] Ignitetechnologies/Privilege-Escalation...
[SCRAPER-2] [03:31:23] [5/14] S1ckB0y1337/Active-Directory-Exploitation-Cheat-Sheet...
[SCRAPER-2] [03:31:25] [6/14] BC-SECURITY/Empire...
[SCRAPER-2] [03:31:27] [7/14] gentilkiwi/mimikatz...
[SCRAPER-2] [03:31:30] [8/14] PowerShellMafia/PowerSploit...
[SCRAPER-2] [03:31:32] [9/14] danielmiessler/SecLists...
[SCRAPER-2] [03:31:34] [10/14] fuzzdb-project/fuzzdb...
[SCRAPER-2] [03:31:36] [11/14] HackTricks-wiki/hacktricks...
[SCRAPER-2] [03:31:38] [12/14] 0xsp/offensive-security-cheatsheet...
[SCRAPER-2] [03:31:40] [13/14] enaqx/awesome-pentest...
[SCRAPER-2] [03:31:42] [14/14] Hack-with-Github/Awesome-Hacking...
[SCRAPER-2] [03:31:44] ✅ CYCLE 83 DONE | Total: 0.0 MB
[SCRAPER-2] [03:32:44] 🔄 CYCLE 84 - Depth: 8900 files/repo
[SCRAPER-2] [03:32:44] [1/14] rapid7/metasploit-framework...
[SCRAPER-2] [03:32:46] [2/14] offensive-security/exploitdb...
[SCRAPER-2] [03:32:48] [3/14] carlospolop/PEASS-ng...
[SCRAPER-2] [03:32:50] [4/14] Ignitetechnologies/Privilege-Escalation...
[SCRAPER-2] [03:32:52] [5/14] S1ckB0y1337/Active-Directory-Exploitation-Cheat-Sheet...
[SCRAPER-2] [03:32:54] [6/14] BC-SECURITY/Empire...
[SCRAPER-2] [03:32:56] [7/14] gentilkiwi/mimikatz...
[SCRAPER-2] [03:32:58] [8/14] PowerShellMafia/PowerSploit...
[SCRAPER-2] [03:33:00] [9/14] danielmiessler/SecLists...
[SCRAPER-2] [03:33:02] [10/14] fuzzdb-project/fuzzdb...
[SCRAPER-2] [03:33:04] [11/14] HackTricks-wiki/hacktricks...
[SCRAPER-2] [03:33:06] [12/14] 0xsp/offensive-security-cheatsheet...
[SCRAPER-2] [03:33:08] [13/14] enaqx/awesome-pentest...
[SCRAPER-2] [03:33:10] [14/14] Hack-with-Github/Awesome-Hacking...
[SCRAPER-2] [03:33:12] ✅ CYCLE 84 DONE | Total: 0.0 MB
[SCRAPER-2] [03:34:12] 🔄 CYCLE 85 - Depth: 9000 files/repo
[SCRAPER-2] [03:34:12] [1/14] rapid7/metasploit-framework...
[SCRAPER-2] [03:34:14] [2/14] offensive-security/exploitdb...
[SCRAPER-2] [03:34:16] [3/14] carlospolop/PEASS-ng...
[SCRAPER-2] [03:34:18] [4/14] Ignitetechnologies/Privilege-Escalation...
[SCRAPER-2] [03:34:20] [5/14] S1ckB0y1337/Active-Directory-Exploitation-Cheat-Sheet...
[SCRAPER-2] [03:34:22] [6/14] BC-SECURITY/Empire...
[SCRAPER-2] [03:34:24] [7/14] gentilkiwi/mimikatz...
[SCRAPER-2] [03:34:26] [8/14] PowerShellMafia/PowerSploit...
[SCRAPER-2] [03:34:28] [9/14] danielmiessler/SecLists...
[SCRAPER-2] [03:34:30] [10/14] fuzzdb-project/fuzzdb...
[SCRAPER-2] [03:34:32] [11/14] HackTricks-wiki/hacktricks...
[SCRAPER-2] [03:34:34] [12/14] 0xsp/offensive-security-cheatsheet...
[SCRAPER-2] [03:34:37] [13/14] enaqx/awesome-pentest...
[SCRAPER-2] [03:34:39] [14/14] Hack-with-Github/Awesome-Hacking...
[SCRAPER-2] [03:34:41] ✅ CYCLE 85 DONE | Total: 0.0 MB
[SCRAPER-2] [03:35:41] 🔄 CYCLE 86 - Depth: 9100 files/repo
[SCRAPER-2] [03:35:41] [1/14] rapid7/metasploit-framework...
[SCRAPER-2] [03:35:43] [2/14] offensive-security/exploitdb...
[SCRAPER-2] [03:35:45] [3/14] carlospolop/PEASS-ng...
[SCRAPER-2] [03:35:47] [4/14] Ignitetechnologies/Privilege-Escalation...
[SCRAPER-2] [03:35:49] [5/14] S1ckB0y1337/Active-Directory-Exploitation-Cheat-Sheet...
[SCRAPER-2] [03:35:51] [6/14] BC-SECURITY/Empire...
[SCRAPER-2] [03:35:53] [7/14] gentilkiwi/mimikatz...
[SCRAPER-2] [03:35:55] [8/14] PowerShellMafia/PowerSploit...
[SCRAPER-2] [03:35:57] [9/14] danielmiessler/SecLists...
[SCRAPER-2] [03:35:59] [10/14] fuzzdb-project/fuzzdb...
[SCRAPER-2] [03:36:01] [11/14] HackTricks-wiki/hacktricks...
[SCRAPER-2] [03:36:03] [12/14] 0xsp/offensive-security-cheatsheet...
[SCRAPER-2] [03:36:05] [13/14] enaqx/awesome-pentest...
[SCRAPER-2] [03:36:07] [14/14] Hack-with-Github/Awesome-Hacking...
[SCRAPER-2] [03:36:09] ✅ CYCLE 86 DONE | Total: 0.0 MB
[SCRAPER-2] [03:37:09] 🔄 CYCLE 87 - Depth: 9200 files/repo
[SCRAPER-2] [03:37:09] [1/14] rapid7/metasploit-framework...
[SCRAPER-2] [03:37:11] [2/14] offensive-security/exploitdb...
[SCRAPER-2] [03:37:13] [3/14] carlospolop/PEASS-ng...
[SCRAPER-2] [03:37:15] [4/14] Ignitetechnologies/Privilege-Escalation...
[SCRAPER-2] [03:37:17] [5/14] S1ckB0y1337/Active-Directory-Exploitation-Cheat-Sheet...
[SCRAPER-2] [03:37:19] [6/14] BC-SECURITY/Empire...
[SCRAPER-2] [03:37:21] [7/14] gentilkiwi/mimikatz...
[SCRAPER-2] [03:37:23] [8/14] PowerShellMafia/PowerSploit...
[SCRAPER-2] [03:37:25] [9/14] danielmiessler/SecLists...
[SCRAPER-2] [03:37:27] [10/14] fuzzdb-project/fuzzdb...
[SCRAPER-2] [03:37:29] [11/14] HackTricks-wiki/hacktricks...
[SCRAPER-2] [03:37:31] [12/14] 0xsp/offensive-security-cheatsheet...
[SCRAPER-2] [03:37:33] [13/14] enaqx/awesome-pentest...
[SCRAPER-2] [03:37:35] [14/14] Hack-with-Github/Awesome-Hacking...
[SCRAPER-2] [03:37:37] ✅ CYCLE 87 DONE | Total: 0.0 MB
[SCRAPER-2] [03:38:37] 🔄 CYCLE 88 - Depth: 9300 files/repo
[SCRAPER-2] [03:38:37] [1/14] rapid7/metasploit-framework...
[SCRAPER-2] [03:38:39] [2/14] offensive-security/exploitdb...
[SCRAPER-2] [03:38:42] [3/14] carlospolop/PEASS-ng...
[SCRAPER-2] [03:38:44] [4/14] Ignitetechnologies/Privilege-Escalation...
[SCRAPER-2] [03:38:46] [5/14] S1ckB0y1337/Active-Directory-Exploitation-Cheat-Sheet...
[SCRAPER-2] [03:38:48] [6/14] BC-SECURITY/Empire...
[SCRAPER-2] [03:38:50] [7/14] gentilkiwi/mimikatz...
[SCRAPER-2] [03:38:52] [8/14] PowerShellMafia/PowerSploit...
[SCRAPER-2] [03:38:54] [9/14] danielmiessler/SecLists...
[SCRAPER-2] [03:38:56] [10/14] fuzzdb-project/fuzzdb...
[SCRAPER-2] [03:38:58] [11/14] HackTricks-wiki/hacktricks...
[SCRAPER-2] [03:39:00] [12/14] 0xsp/offensive-security-cheatsheet...
[SCRAPER-2] [03:39:02] [13/14] enaqx/awesome-pentest...
[SCRAPER-2] [03:39:04] [14/14] Hack-with-Github/Awesome-Hacking...
[SCRAPER-2] [03:39:06] ✅ CYCLE 88 DONE | Total: 0.0 MB
[SCRAPER-2] [03:40:06] 🔄 CYCLE 89 - Depth: 9400 files/repo
[SCRAPER-2] [03:40:06] [1/14] rapid7/metasploit-framework...
[SCRAPER-2] [03:40:08] [2/14] offensive-security/exploitdb...
[SCRAPER-2] [03:40:10] [3/14] carlospolop/PEASS-ng...
[SCRAPER-2] [03:40:12] [4/14] Ignitetechnologies/Privilege-Escalation...
[SCRAPER-2] [03:40:14] [5/14] S1ckB0y1337/Active-Directory-Exploitation-Cheat-Sheet...
[SCRAPER-2] [03:40:16] [6/14] BC-SECURITY/Empire...
[SCRAPER-2] [03:40:18] [7/14] gentilkiwi/mimikatz...
[SCRAPER-2] [03:40:20] [8/14] PowerShellMafia/PowerSploit...
[SCRAPER-2] [03:40:22] [9/14] danielmiessler/SecLists...
[SCRAPER-2] [03:40:24] [10/14] fuzzdb-project/fuzzdb...
[SCRAPER-2] [03:40:26] [11/14] HackTricks-wiki/hacktricks...
[SCRAPER-2] [03:40:28] [12/14] 0xsp/offensive-security-cheatsheet...
[SCRAPER-2] [03:40:30] [13/14] enaqx/awesome-pentest...
[SCRAPER-2] [03:40:32] [14/14] Hack-with-Github/Awesome-Hacking...
[SCRAPER-2] [03:40:34] ✅ CYCLE 89 DONE | Total: 0.0 MB
[SCRAPER-2] [03:41:34] 🔄 CYCLE 90 - Depth: 9500 files/repo
[SCRAPER-2] [03:41:34] [1/14] rapid7/metasploit-framework...
[SCRAPER-2] [03:41:36] [2/14] offensive-security/exploitdb...
[SCRAPER-2] [03:41:38] [3/14] carlospolop/PEASS-ng...
[SCRAPER-2] [03:41:40] [4/14] Ignitetechnologies/Privilege-Escalation...
[SCRAPER-2] [03:41:42] [5/14] S1ckB0y1337/Active-Directory-Exploitation-Cheat-Sheet...
[SCRAPER-2] [03:41:44] [6/14] BC-SECURITY/Empire...
[SCRAPER-2] [03:41:46] [7/14] gentilkiwi/mimikatz...
[SCRAPER-2] [03:41:49] [8/14] PowerShellMafia/PowerSploit...
[SCRAPER-2] [03:41:51] [9/14] danielmiessler/SecLists...
[SCRAPER-2] [03:41:53] [10/14] fuzzdb-project/fuzzdb...
[SCRAPER-2] [03:41:55] [11/14] HackTricks-wiki/hacktricks...
[SCRAPER-2] [03:41:57] [12/14] 0xsp/offensive-security-cheatsheet...
[SCRAPER-2] [03:41:59] [13/14] enaqx/awesome-pentest...
[SCRAPER-2] [03:42:01] [14/14] Hack-with-Github/Awesome-Hacking...
[SCRAPER-2] [03:42:03] ✅ CYCLE 90 DONE | Total: 0.0 MB
[SCRAPER-2] [03:43:03] 🔄 CYCLE 91 - Depth: 9600 files/repo
[SCRAPER-2] [03:43:03] [1/14] rapid7/metasploit-framework...
[SCRAPER-2] [03:43:05] [2/14] offensive-security/exploitdb...
[SCRAPER-2] [03:43:07] [3/14] carlospolop/PEASS-ng...
[SCRAPER-2] [03:43:09] [4/14] Ignitetechnologies/Privilege-Escalation...
[SCRAPER-2] [03:43:11] [5/14] S1ckB0y1337/Active-Directory-Exploitation-Cheat-Sheet...
[SCRAPER-2] [03:43:13] [6/14] BC-SECURITY/Empire...
[SCRAPER-2] [03:43:15] [7/14] gentilkiwi/mimikatz...
[SCRAPER-2] [03:43:17] [8/14] PowerShellMafia/PowerSploit...
[SCRAPER-2] [03:43:19] [9/14] danielmiessler/SecLists...
[SCRAPER-2] [03:43:21] [10/14] fuzzdb-project/fuzzdb...
[SCRAPER-2] [03:43:23] [11/14] HackTricks-wiki/hacktricks...
[SCRAPER-2] [03:43:25] [12/14] 0xsp/offensive-security-cheatsheet...
[SCRAPER-2] [03:43:27] [13/14] enaqx/awesome-pentest...
[SCRAPER-2] [03:43:29] [14/14] Hack-with-Github/Awesome-Hacking...
[SCRAPER-2] [03:43:31] ✅ CYCLE 91 DONE | Total: 0.0 MB
[SCRAPER-2] [03:44:31] 🔄 CYCLE 92 - Depth: 9700 files/repo
[SCRAPER-2] [03:44:31] [1/14] rapid7/metasploit-framework...
[SCRAPER-2] [03:44:33] [2/14] offensive-security/exploitdb...
[SCRAPER-2] [03:44:35] [3/14] carlospolop/PEASS-ng...
[SCRAPER-2] [03:44:37] [4/14] Ignitetechnologies/Privilege-Escalation...
[SCRAPER-2] [03:44:39] [5/14] S1ckB0y1337/Active-Directory-Exploitation-Cheat-Sheet...
[SCRAPER-2] [03:44:41] [6/14] BC-SECURITY/Empire...
[SCRAPER-2] [03:44:43] [7/14] gentilkiwi/mimikatz...
[SCRAPER-2] [03:44:45] [8/14] PowerShellMafia/PowerSploit...
[SCRAPER-2] [03:44:47] [9/14] danielmiessler/SecLists...
[SCRAPER-2] [03:44:49] [10/14] fuzzdb-project/fuzzdb...
[SCRAPER-2] [03:44:51] [11/14] HackTricks-wiki/hacktricks...
[SCRAPER-2] [03:44:53] [12/14] 0xsp/offensive-security-cheatsheet...
[SCRAPER-2] [03:44:56] [13/14] enaqx/awesome-pentest...
[SCRAPER-2] [03:44:58] [14/14] Hack-with-Github/Awesome-Hacking...
[SCRAPER-2] [03:45:00] ✅ CYCLE 92 DONE | Total: 0.0 MB
[SCRAPER-2] [03:46:00] 🔄 CYCLE 93 - Depth: 9800 files/repo
[SCRAPER-2] [03:46:00] [1/14] rapid7/metasploit-framework...
[SCRAPER-2] [03:46:02] [2/14] offensive-security/exploitdb...
[SCRAPER-2] [03:46:04] [3/14] carlospolop/PEASS-ng...
[SCRAPER-2] [03:46:06] [4/14] Ignitetechnologies/Privilege-Escalation...
[SCRAPER-2] [03:46:08] [5/14] S1ckB0y1337/Active-Directory-Exploitation-Cheat-Sheet...
[SCRAPER-2] [03:46:10] [6/14] BC-SECURITY/Empire...
[SCRAPER-2] [03:46:12] [7/14] gentilkiwi/mimikatz...
[SCRAPER-2] [03:46:14] [8/14] PowerShellMafia/PowerSploit...
[SCRAPER-2] [03:46:16] [9/14] danielmiessler/SecLists...
[SCRAPER-2] [03:46:18] [10/14] fuzzdb-project/fuzzdb...
[SCRAPER-2] [03:46:20] [11/14] HackTricks-wiki/hacktricks...
[SCRAPER-2] [03:46:22] [12/14] 0xsp/offensive-security-cheatsheet...
[SCRAPER-2] [03:46:24] [13/14] enaqx/awesome-pentest...
[SCRAPER-2] [03:46:26] [14/14] Hack-with-Github/Awesome-Hacking...
[SCRAPER-2] [03:46:28] ✅ CYCLE 93 DONE | Total: 0.0 MB
[SCRAPER-2] [03:47:28] 🔄 CYCLE 94 - Depth: 9900 files/repo
[SCRAPER-2] [03:47:28] [1/14] rapid7/metasploit-framework...
[SCRAPER-2] [03:47:30] [2/14] offensive-security/exploitdb...
[SCRAPER-2] [03:47:32] [3/14] carlospolop/PEASS-ng...
[SCRAPER-2] [03:47:34] [4/14] Ignitetechnologies/Privilege-Escalation...
[SCRAPER-2] [03:47:36] [5/14] S1ckB0y1337/Active-Directory-Exploitation-Cheat-Sheet...
[SCRAPER-2] [03:47:38] [6/14] BC-SECURITY/Empire...
[SCRAPER-2] [03:47:40] [7/14] gentilkiwi/mimikatz...
[SCRAPER-2] [03:47:42] [8/14] PowerShellMafia/PowerSploit...
[SCRAPER-2] [03:47:44] [9/14] danielmiessler/SecLists...
[SCRAPER-2] [03:47:46] [10/14] fuzzdb-project/fuzzdb...
[SCRAPER-2] [03:47:48] [11/14] HackTricks-wiki/hacktricks...
[SCRAPER-2] [03:47:50] [12/14] 0xsp/offensive-security-cheatsheet...
[SCRAPER-2] [03:47:52] [13/14] enaqx/awesome-pentest...
[SCRAPER-2] [03:47:54] [14/14] Hack-with-Github/Awesome-Hacking...
[SCRAPER-2] [03:47:56] ✅ CYCLE 94 DONE | Total: 0.0 MB
[SCRAPER-2] [03:48:56] 🔄 CYCLE 95 - Depth: 10000 files/repo
[SCRAPER-2] [03:48:56] [1/14] rapid7/metasploit-framework...
[SCRAPER-2] [03:48:58] [2/14] offensive-security/exploitdb...
[SCRAPER-2] [03:49:00] [3/14] carlospolop/PEASS-ng...
[SCRAPER-2] [03:49:02] [4/14] Ignitetechnologies/Privilege-Escalation...
[SCRAPER-2] [03:49:05] [5/14] S1ckB0y1337/Active-Directory-Exploitation-Cheat-Sheet...
[SCRAPER-2] [03:49:07] [6/14] BC-SECURITY/Empire...
[SCRAPER-2] [03:49:09] [7/14] gentilkiwi/mimikatz...
[SCRAPER-2] [03:49:11] [8/14] PowerShellMafia/PowerSploit...
[SCRAPER-2] [03:49:13] [9/14] danielmiessler/SecLists...
[SCRAPER-2] [03:49:15] [10/14] fuzzdb-project/fuzzdb...
[SCRAPER-2] [03:49:17] [11/14] HackTricks-wiki/hacktricks...
[SCRAPER-2] [03:49:19] [12/14] 0xsp/offensive-security-cheatsheet...
[SCRAPER-2] [03:49:21] [13/14] enaqx/awesome-pentest...
[SCRAPER-2] [03:49:23] [14/14] Hack-with-Github/Awesome-Hacking...
[SCRAPER-2] [03:49:25] ✅ CYCLE 95 DONE | Total: 0.0 MB
[SCRAPER-2] [03:50:25] 🔄 CYCLE 96 - Depth: 10100 files/repo
[SCRAPER-2] [03:50:25] [1/14] rapid7/metasploit-framework...
[SCRAPER-2] [03:50:27] [2/14] offensive-security/exploitdb...
[SCRAPER-2] [03:50:29] [3/14] carlospolop/PEASS-ng...
[SCRAPER-2] [03:50:31] [4/14] Ignitetechnologies/Privilege-Escalation...
[SCRAPER-2] [03:50:33] [5/14] S1ckB0y1337/Active-Directory-Exploitation-Cheat-Sheet...
[SCRAPER-2] [03:50:35] [6/14] BC-SECURITY/Empire...
[SCRAPER-2] [03:50:37] [7/14] gentilkiwi/mimikatz...
[SCRAPER-2] [03:50:39] [8/14] PowerShellMafia/PowerSploit...
[SCRAPER-2] [03:50:41] [9/14] danielmiessler/SecLists...
[SCRAPER-2] [03:50:43] [10/14] fuzzdb-project/fuzzdb...
[SCRAPER-2] [03:50:45] [11/14] HackTricks-wiki/hacktricks...
[SCRAPER-2] [03:50:47] [12/14] 0xsp/offensive-security-cheatsheet...
[SCRAPER-2] [03:50:49] [13/14] enaqx/awesome-pentest...
[SCRAPER-2] [03:50:51] [14/14] Hack-with-Github/Awesome-Hacking...
[SCRAPER-2] [03:50:53] ✅ CYCLE 96 DONE | Total: 0.0 MB
[SCRAPER-2] [03:51:53] 🔄 CYCLE 97 - Depth: 10200 files/repo
[SCRAPER-2] [03:51:53] [1/14] rapid7/metasploit-framework...
[SCRAPER-2] [03:51:55] [2/14] offensive-security/exploitdb...
[SCRAPER-2] [03:51:57] [3/14] carlospolop/PEASS-ng...
[SCRAPER-2] [03:51:59] [4/14] Ignitetechnologies/Privilege-Escalation...
[SCRAPER-2] [03:52:01] [5/14] S1ckB0y1337/Active-Directory-Exploitation-Cheat-Sheet...
[SCRAPER-2] [03:52:03] [6/14] BC-SECURITY/Empire...
[SCRAPER-2] [03:52:05] [7/14] gentilkiwi/mimikatz...
[SCRAPER-2] [03:52:07] [8/14] PowerShellMafia/PowerSploit...
[SCRAPER-2] [03:52:10] [9/14] danielmiessler/SecLists...
[SCRAPER-2] [03:52:12] [10/14] fuzzdb-project/fuzzdb...
[SCRAPER-2] [03:52:14] [11/14] HackTricks-wiki/hacktricks...
[SCRAPER-2] [03:52:16] [12/14] 0xsp/offensive-security-cheatsheet...
[SCRAPER-2] [03:52:18] [13/14] enaqx/awesome-pentest...
[SCRAPER-2] [03:52:20] [14/14] Hack-with-Github/Awesome-Hacking...
[SCRAPER-2] [03:52:22] ✅ CYCLE 97 DONE | Total: 0.0 MB
[SCRAPER-2] [03:53:22] 🔄 CYCLE 98 - Depth: 10300 files/repo
[SCRAPER-2] [03:53:22] [1/14] rapid7/metasploit-framework...
[SCRAPER-2] [03:53:24] [2/14] offensive-security/exploitdb...
[SCRAPER-2] [03:53:26] [3/14] carlospolop/PEASS-ng...
[SCRAPER-2] [03:53:28] [4/14] Ignitetechnologies/Privilege-Escalation...
[SCRAPER-2] [03:53:30] [5/14] S1ckB0y1337/Active-Directory-Exploitation-Cheat-Sheet...
[SCRAPER-2] [03:53:32] [6/14] BC-SECURITY/Empire...
[SCRAPER-2] [03:53:34] [7/14] gentilkiwi/mimikatz...
[SCRAPER-2] [03:53:36] [8/14] PowerShellMafia/PowerSploit...
[SCRAPER-2] [03:53:38] [9/14] danielmiessler/SecLists...
[SCRAPER-2] [03:53:40] [10/14] fuzzdb-project/fuzzdb...
[SCRAPER-2] [03:53:42] [11/14] HackTricks-wiki/hacktricks...
[SCRAPER-2] [03:53:44] [12/14] 0xsp/offensive-security-cheatsheet...
[SCRAPER-2] [03:53:46] [13/14] enaqx/awesome-pentest...
[SCRAPER-2] [03:53:48] [14/14] Hack-with-Github/Awesome-Hacking...
[SCRAPER-2] [03:53:50] ✅ CYCLE 98 DONE | Total: 0.0 MB
