[SCRAPER-5] [01:30:29] 🚀 SCRAPER 5 STARTED: CVE Database Collection
[SCRAPER-5] [01:30:29] 🔄 CYCLE 1 - CVE Collection
[SCRAPER-5] [01:30:29] Scraping CVEs from 1999...
[SCRAPER-5] [01:30:36] Scraping CVEs from 2000...
[SCRAPER-5] [01:30:43] Scraping CVEs from 2001...
[SCRAPER-5] [01:30:50] Scraping CVEs from 2002...
[SCRAPER-5] [01:30:57] Scraping CVEs from 2003...
[SCRAPER-5] [01:31:04] Scraping CVEs from 2004...
[SCRAPER-5] [01:31:11] Scraping CVEs from 2005...
[SCRAPER-5] [01:31:18] Scraping CVEs from 2006...
[SCRAPER-5] [01:31:25] Scraping CVEs from 2007...
[SCRAPER-5] [01:31:33] Scraping CVEs from 2008...
[SCRAPER-5] [01:31:40] Scraping CVEs from 2009...
[SCRAPER-5] [01:31:47] Scraping CVEs from 2010...
[SCRAPER-5] [01:31:54] Scraping CVEs from 2011...
[SCRAPER-5] [01:32:01] Scraping CVEs from 2012...
[SCRAPER-5] [01:32:08] Scraping CVEs from 2013...
[SCRAPER-5] [01:32:15] Scraping CVEs from 2014...
[SCRAPER-5] [01:32:22] Scraping CVEs from 2015...
[SCRAPER-5] [01:32:29] Scraping CVEs from 2016...
[SCRAPER-5] [01:32:36] Scraping CVEs from 2017...
[SCRAPER-5] [01:32:43] Scraping CVEs from 2018...
[SCRAPER-5] [01:32:50] Scraping CVEs from 2019...
[SCRAPER-5] [01:32:57] Scraping CVEs from 2020...
[SCRAPER-5] [01:33:04] Scraping CVEs from 2021...
[SCRAPER-5] [01:33:11] Scraping CVEs from 2022...
[SCRAPER-5] [01:33:18] Scraping CVEs from 2023...
[SCRAPER-5] [01:33:25] Scraping CVEs from 2024...
[SCRAPER-5] [01:33:32] Scraping CVEs from 2025...
[SCRAPER-5] [01:33:39] ✅ CYCLE 1 DONE | Total: 0.0 MB
[SCRAPER-5] [01:33:39] ⏳ Sleeping 300 seconds before next CVE cycle...
[SCRAPER-5] [01:38:39] 🔄 CYCLE 2 - CVE Collection
[SCRAPER-5] [01:38:39] Scraping CVEs from 1999...
[SCRAPER-5] [01:38:46] Scraping CVEs from 2000...
[SCRAPER-5] [01:38:53] Scraping CVEs from 2001...
[SCRAPER-5] [01:39:00] Scraping CVEs from 2002...
[SCRAPER-5] [01:39:07] Scraping CVEs from 2003...
[SCRAPER-5] [01:39:14] Scraping CVEs from 2004...
[SCRAPER-5] [01:39:22] Scraping CVEs from 2005...
[SCRAPER-5] [01:39:29] Scraping CVEs from 2006...
[SCRAPER-5] [01:39:36] Scraping CVEs from 2007...
[SCRAPER-5] [01:39:43] Scraping CVEs from 2008...
[SCRAPER-5] [01:39:50] Scraping CVEs from 2009...
[SCRAPER-5] [01:39:57] Scraping CVEs from 2010...
[SCRAPER-5] [01:40:04] Scraping CVEs from 2011...
[SCRAPER-5] [01:40:11] Scraping CVEs from 2012...
[SCRAPER-5] [01:40:18] Scraping CVEs from 2013...
[SCRAPER-5] [01:40:25] Scraping CVEs from 2014...
[SCRAPER-5] [01:40:32] Scraping CVEs from 2015...
[SCRAPER-5] [01:40:39] Scraping CVEs from 2016...
[SCRAPER-5] [01:40:46] Scraping CVEs from 2017...
[SCRAPER-5] [01:40:53] Scraping CVEs from 2018...
[SCRAPER-5] [01:41:00] Scraping CVEs from 2019...
[SCRAPER-5] [01:41:07] Scraping CVEs from 2020...
[SCRAPER-5] [01:41:14] Scraping CVEs from 2021...
[SCRAPER-5] [01:41:21] Scraping CVEs from 2022...
[SCRAPER-5] [01:41:28] Scraping CVEs from 2023...
[SCRAPER-5] [01:41:35] Scraping CVEs from 2024...
[SCRAPER-5] [01:41:42] Scraping CVEs from 2025...
[SCRAPER-5] [01:41:49] ✅ CYCLE 2 DONE | Total: 0.0 MB
[SCRAPER-5] [01:41:49] ⏳ Sleeping 300 seconds before next CVE cycle...
[SCRAPER-5] [01:46:49] 🔄 CYCLE 3 - CVE Collection
[SCRAPER-5] [01:46:49] Scraping CVEs from 1999...
[SCRAPER-5] [01:46:56] Scraping CVEs from 2000...
[SCRAPER-5] [01:47:03] Scraping CVEs from 2001...
[SCRAPER-5] [01:47:10] Scraping CVEs from 2002...
[SCRAPER-5] [01:47:17] Scraping CVEs from 2003...
[SCRAPER-5] [01:47:25] Scraping CVEs from 2004...
[SCRAPER-5] [01:47:32] Scraping CVEs from 2005...
[SCRAPER-5] [01:47:39] Scraping CVEs from 2006...
[SCRAPER-5] [01:47:46] Scraping CVEs from 2007...
[SCRAPER-5] [01:47:53] Scraping CVEs from 2008...
[SCRAPER-5] [01:48:00] Scraping CVEs from 2009...
[SCRAPER-5] [01:48:07] Scraping CVEs from 2010...
[SCRAPER-5] [01:48:14] Scraping CVEs from 2011...
[SCRAPER-5] [01:48:21] Scraping CVEs from 2012...
[SCRAPER-5] [01:48:28] Scraping CVEs from 2013...
[SCRAPER-5] [01:48:35] Scraping CVEs from 2014...
[SCRAPER-5] [01:48:42] Scraping CVEs from 2015...
[SCRAPER-5] [01:48:49] Scraping CVEs from 2016...
[SCRAPER-5] [01:48:56] Scraping CVEs from 2017...
[SCRAPER-5] [01:49:03] Scraping CVEs from 2018...
[SCRAPER-5] [01:49:10] Scraping CVEs from 2019...
[SCRAPER-5] [01:49:17] Scraping CVEs from 2020...
[SCRAPER-5] [01:49:24] Scraping CVEs from 2021...
[SCRAPER-5] [01:49:31] Scraping CVEs from 2022...
[SCRAPER-5] [01:49:38] Scraping CVEs from 2023...
[SCRAPER-5] [01:49:45] Scraping CVEs from 2024...
[SCRAPER-5] [01:49:52] Scraping CVEs from 2025...
[SCRAPER-5] [01:50:00] ✅ CYCLE 3 DONE | Total: 0.0 MB
[SCRAPER-5] [01:50:00] ⏳ Sleeping 300 seconds before next CVE cycle...
[SCRAPER-5] [01:55:00] 🔄 CYCLE 4 - CVE Collection
[SCRAPER-5] [01:55:00] Scraping CVEs from 1999...
[SCRAPER-5] [01:55:07] Scraping CVEs from 2000...
[SCRAPER-5] [01:55:14] Scraping CVEs from 2001...
[SCRAPER-5] [01:55:21] Scraping CVEs from 2002...
[SCRAPER-5] [01:55:28] Scraping CVEs from 2003...
[SCRAPER-5] [01:55:35] Scraping CVEs from 2004...
[SCRAPER-5] [01:55:42] Scraping CVEs from 2005...
[SCRAPER-5] [01:55:49] Scraping CVEs from 2006...
[SCRAPER-5] [01:55:56] Scraping CVEs from 2007...
[SCRAPER-5] [01:56:03] Scraping CVEs from 2008...
[SCRAPER-5] [01:56:10] Scraping CVEs from 2009...
[SCRAPER-5] [01:56:17] Scraping CVEs from 2010...
[SCRAPER-5] [01:56:24] Scraping CVEs from 2011...
[SCRAPER-5] [01:56:31] Scraping CVEs from 2012...
[SCRAPER-5] [01:56:38] Scraping CVEs from 2013...
[SCRAPER-5] [01:56:45] Scraping CVEs from 2014...
[SCRAPER-5] [01:56:52] Scraping CVEs from 2015...
[SCRAPER-5] [01:56:59] Scraping CVEs from 2016...
[SCRAPER-5] [01:57:06] Scraping CVEs from 2017...
[SCRAPER-5] [01:57:13] Scraping CVEs from 2018...
[SCRAPER-5] [01:57:20] Scraping CVEs from 2019...
[SCRAPER-5] [01:57:27] Scraping CVEs from 2020...
[SCRAPER-5] [01:57:34] Scraping CVEs from 2021...
[SCRAPER-5] [01:57:42] Scraping CVEs from 2022...
[SCRAPER-5] [01:57:49] Scraping CVEs from 2023...
[SCRAPER-5] [01:57:56] Scraping CVEs from 2024...
[SCRAPER-5] [01:58:03] Scraping CVEs from 2025...
[SCRAPER-5] [01:58:10] ✅ CYCLE 4 DONE | Total: 0.0 MB
[SCRAPER-5] [01:58:10] ⏳ Sleeping 300 seconds before next CVE cycle...
[SCRAPER-5] [02:03:10] 🔄 CYCLE 5 - CVE Collection
[SCRAPER-5] [02:03:10] Scraping CVEs from 1999...
[SCRAPER-5] [02:03:17] Scraping CVEs from 2000...
[SCRAPER-5] [02:03:24] Scraping CVEs from 2001...
[SCRAPER-5] [02:03:31] Scraping CVEs from 2002...
[SCRAPER-5] [02:03:38] Scraping CVEs from 2003...
[SCRAPER-5] [02:03:45] Scraping CVEs from 2004...
[SCRAPER-5] [02:03:52] Scraping CVEs from 2005...
[SCRAPER-5] [02:03:59] Scraping CVEs from 2006...
[SCRAPER-5] [02:04:06] Scraping CVEs from 2007...
[SCRAPER-5] [02:04:13] Scraping CVEs from 2008...
[SCRAPER-5] [02:04:20] Scraping CVEs from 2009...
[SCRAPER-5] [02:04:27] Scraping CVEs from 2010...
[SCRAPER-5] [02:04:34] Scraping CVEs from 2011...
[SCRAPER-5] [02:04:41] Scraping CVEs from 2012...
[SCRAPER-5] [02:04:49] Scraping CVEs from 2013...
[SCRAPER-5] [02:04:56] Scraping CVEs from 2014...
[SCRAPER-5] [02:05:03] Scraping CVEs from 2015...
[SCRAPER-5] [02:05:10] Scraping CVEs from 2016...
[SCRAPER-5] [02:05:17] Scraping CVEs from 2017...
[SCRAPER-5] [02:05:24] Scraping CVEs from 2018...
[SCRAPER-5] [02:05:31] Scraping CVEs from 2019...
[SCRAPER-5] [02:05:38] Scraping CVEs from 2020...
[SCRAPER-5] [02:05:45] Scraping CVEs from 2021...
[SCRAPER-5] [02:05:52] Scraping CVEs from 2022...
[SCRAPER-5] [02:06:00] Scraping CVEs from 2023...
[SCRAPER-5] [02:06:07] Scraping CVEs from 2024...
[SCRAPER-5] [02:06:14] Scraping CVEs from 2025...
[SCRAPER-5] [02:06:21] ✅ CYCLE 5 DONE | Total: 0.0 MB
[SCRAPER-5] [02:06:21] ⏳ Sleeping 300 seconds before next CVE cycle...
[SCRAPER-5] [02:11:21] 🔄 CYCLE 6 - CVE Collection
[SCRAPER-5] [02:11:21] Scraping CVEs from 1999...
[SCRAPER-5] [02:11:28] Scraping CVEs from 2000...
[SCRAPER-5] [02:11:35] Scraping CVEs from 2001...
[SCRAPER-5] [02:11:42] Scraping CVEs from 2002...
[SCRAPER-5] [02:11:49] Scraping CVEs from 2003...
[SCRAPER-5] [02:11:56] Scraping CVEs from 2004...
[SCRAPER-5] [02:12:03] Scraping CVEs from 2005...
[SCRAPER-5] [02:12:10] Scraping CVEs from 2006...
[SCRAPER-5] [02:12:17] Scraping CVEs from 2007...
[SCRAPER-5] [02:12:24] Scraping CVEs from 2008...
[SCRAPER-5] [02:12:31] Scraping CVEs from 2009...
[SCRAPER-5] [02:12:38] Scraping CVEs from 2010...
[SCRAPER-5] [02:12:45] Scraping CVEs from 2011...
[SCRAPER-5] [02:12:52] Scraping CVEs from 2012...
[SCRAPER-5] [02:12:59] Scraping CVEs from 2013...
[SCRAPER-5] [02:13:06] Scraping CVEs from 2014...
[SCRAPER-5] [02:13:13] Scraping CVEs from 2015...
[SCRAPER-5] [02:13:20] Scraping CVEs from 2016...
[SCRAPER-5] [02:13:27] Scraping CVEs from 2017...
[SCRAPER-5] [02:13:35] Scraping CVEs from 2018...
[SCRAPER-5] [02:13:42] Scraping CVEs from 2019...
[SCRAPER-5] [02:13:49] Scraping CVEs from 2020...
[SCRAPER-5] [02:13:56] Scraping CVEs from 2021...
[SCRAPER-5] [02:14:03] Scraping CVEs from 2022...
[SCRAPER-5] [02:14:10] Scraping CVEs from 2023...
[SCRAPER-5] [02:14:17] Scraping CVEs from 2024...
[SCRAPER-5] [02:14:24] Scraping CVEs from 2025...
[SCRAPER-5] [02:14:31] ✅ CYCLE 6 DONE | Total: 0.0 MB
[SCRAPER-5] [02:14:31] ⏳ Sleeping 300 seconds before next CVE cycle...
[SCRAPER-5] [02:19:31] 🔄 CYCLE 7 - CVE Collection
[SCRAPER-5] [02:19:31] Scraping CVEs from 1999...
[SCRAPER-5] [02:19:38] Scraping CVEs from 2000...
[SCRAPER-5] [02:19:45] Scraping CVEs from 2001...
[SCRAPER-5] [02:19:52] Scraping CVEs from 2002...
[SCRAPER-5] [02:19:59] Scraping CVEs from 2003...
[SCRAPER-5] [02:20:07] Scraping CVEs from 2004...
[SCRAPER-5] [02:20:14] Scraping CVEs from 2005...
[SCRAPER-5] [02:20:21] Scraping CVEs from 2006...
[SCRAPER-5] [02:20:28] Scraping CVEs from 2007...
[SCRAPER-5] [02:20:35] Scraping CVEs from 2008...
[SCRAPER-5] [02:20:42] Scraping CVEs from 2009...
[SCRAPER-5] [02:20:49] Scraping CVEs from 2010...
[SCRAPER-5] [02:20:56] Scraping CVEs from 2011...
[SCRAPER-5] [02:21:03] Scraping CVEs from 2012...
[SCRAPER-5] [02:21:10] Scraping CVEs from 2013...
[SCRAPER-5] [02:21:17] Scraping CVEs from 2014...
[SCRAPER-5] [02:21:24] Scraping CVEs from 2015...
[SCRAPER-5] [02:21:31] Scraping CVEs from 2016...
[SCRAPER-5] [02:21:38] Scraping CVEs from 2017...
[SCRAPER-5] [02:21:45] Scraping CVEs from 2018...
[SCRAPER-5] [02:21:52] Scraping CVEs from 2019...
[SCRAPER-5] [02:21:59] Scraping CVEs from 2020...
[SCRAPER-5] [02:22:06] Scraping CVEs from 2021...
[SCRAPER-5] [02:22:13] Scraping CVEs from 2022...
[SCRAPER-5] [02:22:20] Scraping CVEs from 2023...
[SCRAPER-5] [02:22:27] Scraping CVEs from 2024...
[SCRAPER-5] [02:22:34] Scraping CVEs from 2025...
[SCRAPER-5] [02:22:41] ✅ CYCLE 7 DONE | Total: 0.0 MB
[SCRAPER-5] [02:22:41] ⏳ Sleeping 300 seconds before next CVE cycle...
[SCRAPER-5] [02:27:41] 🔄 CYCLE 8 - CVE Collection
[SCRAPER-5] [02:27:41] Scraping CVEs from 1999...
[SCRAPER-5] [02:27:48] Scraping CVEs from 2000...
[SCRAPER-5] [02:27:56] Scraping CVEs from 2001...
[SCRAPER-5] [02:28:03] Scraping CVEs from 2002...
[SCRAPER-5] [02:28:10] Scraping CVEs from 2003...
[SCRAPER-5] [02:28:17] Scraping CVEs from 2004...
[SCRAPER-5] [02:28:24] Scraping CVEs from 2005...
[SCRAPER-5] [02:28:31] Scraping CVEs from 2006...
[SCRAPER-5] [02:28:38] Scraping CVEs from 2007...
[SCRAPER-5] [02:28:45] Scraping CVEs from 2008...
[SCRAPER-5] [02:28:52] Scraping CVEs from 2009...
[SCRAPER-5] [02:28:59] Scraping CVEs from 2010...
[SCRAPER-5] [02:29:06] Scraping CVEs from 2011...
[SCRAPER-5] [02:29:13] Scraping CVEs from 2012...
[SCRAPER-5] [02:29:20] Scraping CVEs from 2013...
[SCRAPER-5] [02:29:27] Scraping CVEs from 2014...
[SCRAPER-5] [02:29:34] Scraping CVEs from 2015...
[SCRAPER-5] [02:29:41] Scraping CVEs from 2016...
[SCRAPER-5] [02:29:48] Scraping CVEs from 2017...
[SCRAPER-5] [02:29:55] Scraping CVEs from 2018...
[SCRAPER-5] [02:30:02] Scraping CVEs from 2019...
[SCRAPER-5] [02:30:09] Scraping CVEs from 2020...
[SCRAPER-5] [02:30:16] Scraping CVEs from 2021...
[SCRAPER-5] [02:30:23] Scraping CVEs from 2022...
[SCRAPER-5] [02:30:31] Scraping CVEs from 2023...
[SCRAPER-5] [02:30:38] Scraping CVEs from 2024...
[SCRAPER-5] [02:30:45] Scraping CVEs from 2025...
[SCRAPER-5] [02:30:52] ✅ CYCLE 8 DONE | Total: 0.0 MB
[SCRAPER-5] [02:30:52] ⏳ Sleeping 300 seconds before next CVE cycle...
[SCRAPER-5] [02:35:52] 🔄 CYCLE 9 - CVE Collection
[SCRAPER-5] [02:35:52] Scraping CVEs from 1999...
[SCRAPER-5] [02:35:59] Scraping CVEs from 2000...
[SCRAPER-5] [02:36:06] Scraping CVEs from 2001...
[SCRAPER-5] [02:36:13] Scraping CVEs from 2002...
[SCRAPER-5] [02:36:20] Scraping CVEs from 2003...
[SCRAPER-5] [02:36:27] Scraping CVEs from 2004...
[SCRAPER-5] [02:36:34] Scraping CVEs from 2005...
[SCRAPER-5] [02:36:41] Scraping CVEs from 2006...
[SCRAPER-5] [02:36:48] Scraping CVEs from 2007...
[SCRAPER-5] [02:36:55] Scraping CVEs from 2008...
[SCRAPER-5] [02:37:02] Scraping CVEs from 2009...
[SCRAPER-5] [02:37:09] Scraping CVEs from 2010...
[SCRAPER-5] [02:37:17] Scraping CVEs from 2011...
[SCRAPER-5] [02:37:24] Scraping CVEs from 2012...
[SCRAPER-5] [02:37:31] Scraping CVEs from 2013...
[SCRAPER-5] [02:37:38] Scraping CVEs from 2014...
[SCRAPER-5] [02:37:45] Scraping CVEs from 2015...
[SCRAPER-5] [02:37:52] Scraping CVEs from 2016...
[SCRAPER-5] [02:37:59] Scraping CVEs from 2017...
[SCRAPER-5] [02:38:06] Scraping CVEs from 2018...
[SCRAPER-5] [02:38:13] Scraping CVEs from 2019...
[SCRAPER-5] [02:38:20] Scraping CVEs from 2020...
[SCRAPER-5] [02:38:27] Scraping CVEs from 2021...
[SCRAPER-5] [02:38:34] Scraping CVEs from 2022...
[SCRAPER-5] [02:38:41] Scraping CVEs from 2023...
[SCRAPER-5] [02:38:48] Scraping CVEs from 2024...
[SCRAPER-5] [02:38:55] Scraping CVEs from 2025...
[SCRAPER-5] [02:39:02] ✅ CYCLE 9 DONE | Total: 0.0 MB
[SCRAPER-5] [02:39:02] ⏳ Sleeping 300 seconds before next CVE cycle...
[SCRAPER-5] [02:44:02] 🔄 CYCLE 10 - CVE Collection
[SCRAPER-5] [02:44:02] Scraping CVEs from 1999...
[SCRAPER-5] [02:44:09] Scraping CVEs from 2000...
[SCRAPER-5] [02:44:16] Scraping CVEs from 2001...
[SCRAPER-5] [02:44:23] Scraping CVEs from 2002...
[SCRAPER-5] [02:44:30] Scraping CVEs from 2003...
[SCRAPER-5] [02:44:38] Scraping CVEs from 2004...
[SCRAPER-5] [02:44:45] Scraping CVEs from 2005...
[SCRAPER-5] [02:44:52] Scraping CVEs from 2006...
[SCRAPER-5] [02:44:59] Scraping CVEs from 2007...
[SCRAPER-5] [02:45:06] Scraping CVEs from 2008...
[SCRAPER-5] [02:45:13] Scraping CVEs from 2009...
[SCRAPER-5] [02:45:20] Scraping CVEs from 2010...
[SCRAPER-5] [02:45:27] Scraping CVEs from 2011...
[SCRAPER-5] [02:45:34] Scraping CVEs from 2012...
[SCRAPER-5] [02:45:41] Scraping CVEs from 2013...
[SCRAPER-5] [02:45:48] Scraping CVEs from 2014...
[SCRAPER-5] [02:45:55] Scraping CVEs from 2015...
[SCRAPER-5] [02:46:02] Scraping CVEs from 2016...
[SCRAPER-5] [02:46:09] Scraping CVEs from 2017...
[SCRAPER-5] [02:46:16] Scraping CVEs from 2018...
[SCRAPER-5] [02:46:23] Scraping CVEs from 2019...
[SCRAPER-5] [02:46:30] Scraping CVEs from 2020...
[SCRAPER-5] [02:46:37] Scraping CVEs from 2021...
[SCRAPER-5] [02:46:44] Scraping CVEs from 2022...
[SCRAPER-5] [02:46:51] Scraping CVEs from 2023...
[SCRAPER-5] [02:46:58] Scraping CVEs from 2024...
[SCRAPER-5] [02:47:05] Scraping CVEs from 2025...
[SCRAPER-5] [02:47:12] ✅ CYCLE 10 DONE | Total: 0.0 MB
[SCRAPER-5] [02:47:12] ⏳ Sleeping 300 seconds before next CVE cycle...
[SCRAPER-5] [02:52:12] 🔄 CYCLE 11 - CVE Collection
[SCRAPER-5] [02:52:12] Scraping CVEs from 1999...
[SCRAPER-5] [02:52:19] Scraping CVEs from 2000...
[SCRAPER-5] [02:52:27] Scraping CVEs from 2001...
[SCRAPER-5] [02:52:34] Scraping CVEs from 2002...
[SCRAPER-5] [02:52:41] Scraping CVEs from 2003...
[SCRAPER-5] [02:52:48] Scraping CVEs from 2004...
[SCRAPER-5] [02:52:55] Scraping CVEs from 2005...
[SCRAPER-5] [02:53:02] Scraping CVEs from 2006...
[SCRAPER-5] [02:53:09] Scraping CVEs from 2007...
[SCRAPER-5] [02:53:16] Scraping CVEs from 2008...
[SCRAPER-5] [02:53:23] Scraping CVEs from 2009...
[SCRAPER-5] [02:53:30] Scraping CVEs from 2010...
[SCRAPER-5] [02:53:37] Scraping CVEs from 2011...
[SCRAPER-5] [02:53:44] Scraping CVEs from 2012...
[SCRAPER-5] [02:53:51] Scraping CVEs from 2013...
[SCRAPER-5] [02:53:58] Scraping CVEs from 2014...
[SCRAPER-5] [02:54:05] Scraping CVEs from 2015...
[SCRAPER-5] [02:54:12] Scraping CVEs from 2016...
[SCRAPER-5] [02:54:19] Scraping CVEs from 2017...
[SCRAPER-5] [02:54:26] Scraping CVEs from 2018...
[SCRAPER-5] [02:54:33] Scraping CVEs from 2019...
[SCRAPER-5] [02:54:41] Scraping CVEs from 2020...
[SCRAPER-5] [02:54:48] Scraping CVEs from 2021...
[SCRAPER-5] [02:54:55] Scraping CVEs from 2022...
[SCRAPER-5] [02:55:02] Scraping CVEs from 2023...
[SCRAPER-5] [02:55:09] Scraping CVEs from 2024...
[SCRAPER-5] [02:55:16] Scraping CVEs from 2025...
[SCRAPER-5] [02:55:23] ✅ CYCLE 11 DONE | Total: 0.0 MB
[SCRAPER-5] [02:55:23] ⏳ Sleeping 300 seconds before next CVE cycle...
[SCRAPER-5] [03:00:23] 🔄 CYCLE 12 - CVE Collection
[SCRAPER-5] [03:00:23] Scraping CVEs from 1999...
[SCRAPER-5] [03:00:30] Scraping CVEs from 2000...
[SCRAPER-5] [03:00:37] Scraping CVEs from 2001...
[SCRAPER-5] [03:00:44] Scraping CVEs from 2002...
[SCRAPER-5] [03:00:51] Scraping CVEs from 2003...
[SCRAPER-5] [03:00:58] Scraping CVEs from 2004...
[SCRAPER-5] [03:01:05] Scraping CVEs from 2005...
[SCRAPER-5] [03:01:12] Scraping CVEs from 2006...
[SCRAPER-5] [03:01:19] Scraping CVEs from 2007...
[SCRAPER-5] [03:01:27] Scraping CVEs from 2008...
[SCRAPER-5] [03:01:34] Scraping CVEs from 2009...
[SCRAPER-5] [03:01:41] Scraping CVEs from 2010...
[SCRAPER-5] [03:01:48] Scraping CVEs from 2011...
[SCRAPER-5] [03:01:55] Scraping CVEs from 2012...
[SCRAPER-5] [03:02:02] Scraping CVEs from 2013...
[SCRAPER-5] [03:02:09] Scraping CVEs from 2014...
[SCRAPER-5] [03:02:16] Scraping CVEs from 2015...
[SCRAPER-5] [03:02:23] Scraping CVEs from 2016...
[SCRAPER-5] [03:02:30] Scraping CVEs from 2017...
[SCRAPER-5] [03:02:37] Scraping CVEs from 2018...
[SCRAPER-5] [03:02:44] Scraping CVEs from 2019...
[SCRAPER-5] [03:02:51] Scraping CVEs from 2020...
[SCRAPER-5] [03:02:58] Scraping CVEs from 2021...
[SCRAPER-5] [03:03:05] Scraping CVEs from 2022...
[SCRAPER-5] [03:03:12] Scraping CVEs from 2023...
[SCRAPER-5] [03:03:19] Scraping CVEs from 2024...
[SCRAPER-5] [03:03:26] Scraping CVEs from 2025...
[SCRAPER-5] [03:03:34] ✅ CYCLE 12 DONE | Total: 0.0 MB
[SCRAPER-5] [03:03:34] ⏳ Sleeping 300 seconds before next CVE cycle...
[SCRAPER-5] [03:08:34] 🔄 CYCLE 13 - CVE Collection
[SCRAPER-5] [03:08:34] Scraping CVEs from 1999...
[SCRAPER-5] [03:08:41] Scraping CVEs from 2000...
[SCRAPER-5] [03:08:48] Scraping CVEs from 2001...
[SCRAPER-5] [03:08:55] Scraping CVEs from 2002...
[SCRAPER-5] [03:09:02] Scraping CVEs from 2003...
[SCRAPER-5] [03:09:09] Scraping CVEs from 2004...
[SCRAPER-5] [03:09:16] Scraping CVEs from 2005...
[SCRAPER-5] [03:09:23] Scraping CVEs from 2006...
[SCRAPER-5] [03:09:30] Scraping CVEs from 2007...
[SCRAPER-5] [03:09:37] Scraping CVEs from 2008...
[SCRAPER-5] [03:09:44] Scraping CVEs from 2009...
[SCRAPER-5] [03:09:51] Scraping CVEs from 2010...
[SCRAPER-5] [03:09:58] Scraping CVEs from 2011...
[SCRAPER-5] [03:10:05] Scraping CVEs from 2012...
[SCRAPER-5] [03:10:12] Scraping CVEs from 2013...
[SCRAPER-5] [03:10:19] Scraping CVEs from 2014...
[SCRAPER-5] [03:10:26] Scraping CVEs from 2015...
[SCRAPER-5] [03:10:33] Scraping CVEs from 2016...
[SCRAPER-5] [03:10:40] Scraping CVEs from 2017...
[SCRAPER-5] [03:10:47] Scraping CVEs from 2018...
[SCRAPER-5] [03:10:54] Scraping CVEs from 2019...
[SCRAPER-5] [03:11:01] Scraping CVEs from 2020...
[SCRAPER-5] [03:11:08] Scraping CVEs from 2021...
[SCRAPER-5] [03:11:15] Scraping CVEs from 2022...
[SCRAPER-5] [03:11:22] Scraping CVEs from 2023...
[SCRAPER-5] [03:11:29] Scraping CVEs from 2024...
[SCRAPER-5] [03:11:37] Scraping CVEs from 2025...
[SCRAPER-5] [03:11:44] ✅ CYCLE 13 DONE | Total: 0.0 MB
[SCRAPER-5] [03:11:44] ⏳ Sleeping 300 seconds before next CVE cycle...
[SCRAPER-5] [03:16:44] 🔄 CYCLE 14 - CVE Collection
[SCRAPER-5] [03:16:44] Scraping CVEs from 1999...
[SCRAPER-5] [03:16:51] Scraping CVEs from 2000...
[SCRAPER-5] [03:16:58] Scraping CVEs from 2001...
[SCRAPER-5] [03:17:05] Scraping CVEs from 2002...
[SCRAPER-5] [03:17:12] Scraping CVEs from 2003...
[SCRAPER-5] [03:17:19] Scraping CVEs from 2004...
[SCRAPER-5] [03:17:26] Scraping CVEs from 2005...
[SCRAPER-5] [03:17:33] Scraping CVEs from 2006...
[SCRAPER-5] [03:17:40] Scraping CVEs from 2007...
[SCRAPER-5] [03:17:47] Scraping CVEs from 2008...
[SCRAPER-5] [03:17:54] Scraping CVEs from 2009...
[SCRAPER-5] [03:18:01] Scraping CVEs from 2010...
[SCRAPER-5] [03:18:08] Scraping CVEs from 2011...
[SCRAPER-5] [03:18:15] Scraping CVEs from 2012...
[SCRAPER-5] [03:18:22] Scraping CVEs from 2013...
[SCRAPER-5] [03:18:29] Scraping CVEs from 2014...
[SCRAPER-5] [03:18:36] Scraping CVEs from 2015...
[SCRAPER-5] [03:18:43] Scraping CVEs from 2016...
[SCRAPER-5] [03:18:50] Scraping CVEs from 2017...
[SCRAPER-5] [03:18:57] Scraping CVEs from 2018...
[SCRAPER-5] [03:19:04] Scraping CVEs from 2019...
[SCRAPER-5] [03:19:12] Scraping CVEs from 2020...
[SCRAPER-5] [03:19:19] Scraping CVEs from 2021...
[SCRAPER-5] [03:19:26] Scraping CVEs from 2022...
[SCRAPER-5] [03:19:33] Scraping CVEs from 2023...
[SCRAPER-5] [03:19:40] Scraping CVEs from 2024...
[SCRAPER-5] [03:19:47] Scraping CVEs from 2025...
[SCRAPER-5] [03:19:54] ✅ CYCLE 14 DONE | Total: 0.0 MB
[SCRAPER-5] [03:19:54] ⏳ Sleeping 300 seconds before next CVE cycle...
[SCRAPER-5] [03:24:54] 🔄 CYCLE 15 - CVE Collection
[SCRAPER-5] [03:24:54] Scraping CVEs from 1999...
[SCRAPER-5] [03:25:01] Scraping CVEs from 2000...
[SCRAPER-5] [03:25:08] Scraping CVEs from 2001...
[SCRAPER-5] [03:25:15] Scraping CVEs from 2002...
[SCRAPER-5] [03:25:22] Scraping CVEs from 2003...
[SCRAPER-5] [03:25:29] Scraping CVEs from 2004...
[SCRAPER-5] [03:25:36] Scraping CVEs from 2005...
[SCRAPER-5] [03:25:43] Scraping CVEs from 2006...
[SCRAPER-5] [03:25:51] Scraping CVEs from 2007...
[SCRAPER-5] [03:25:58] Scraping CVEs from 2008...
[SCRAPER-5] [03:26:05] Scraping CVEs from 2009...
[SCRAPER-5] [03:26:12] Scraping CVEs from 2010...
[SCRAPER-5] [03:26:19] Scraping CVEs from 2011...
[SCRAPER-5] [03:26:26] Scraping CVEs from 2012...
[SCRAPER-5] [03:26:33] Scraping CVEs from 2013...
[SCRAPER-5] [03:26:40] Scraping CVEs from 2014...
[SCRAPER-5] [03:26:47] Scraping CVEs from 2015...
[SCRAPER-5] [03:26:54] Scraping CVEs from 2016...
[SCRAPER-5] [03:27:01] Scraping CVEs from 2017...
[SCRAPER-5] [03:27:08] Scraping CVEs from 2018...
[SCRAPER-5] [03:27:15] Scraping CVEs from 2019...
[SCRAPER-5] [03:27:22] Scraping CVEs from 2020...
[SCRAPER-5] [03:27:29] Scraping CVEs from 2021...
[SCRAPER-5] [03:27:36] Scraping CVEs from 2022...
[SCRAPER-5] [03:27:44] Scraping CVEs from 2023...
[SCRAPER-5] [03:27:51] Scraping CVEs from 2024...
[SCRAPER-5] [03:27:58] Scraping CVEs from 2025...
[SCRAPER-5] [03:28:05] ✅ CYCLE 15 DONE | Total: 0.0 MB
[SCRAPER-5] [03:28:05] ⏳ Sleeping 300 seconds before next CVE cycle...
[SCRAPER-5] [03:33:05] 🔄 CYCLE 16 - CVE Collection
[SCRAPER-5] [03:33:05] Scraping CVEs from 1999...
[SCRAPER-5] [03:33:12] Scraping CVEs from 2000...
[SCRAPER-5] [03:33:19] Scraping CVEs from 2001...
[SCRAPER-5] [03:33:26] Scraping CVEs from 2002...
[SCRAPER-5] [03:33:33] Scraping CVEs from 2003...
[SCRAPER-5] [03:33:40] Scraping CVEs from 2004...
[SCRAPER-5] [03:33:47] Scraping CVEs from 2005...
[SCRAPER-5] [03:33:54] Scraping CVEs from 2006...
[SCRAPER-5] [03:34:01] Scraping CVEs from 2007...
[SCRAPER-5] [03:34:08] Scraping CVEs from 2008...
[SCRAPER-5] [03:34:15] Scraping CVEs from 2009...
[SCRAPER-5] [03:34:22] Scraping CVEs from 2010...
[SCRAPER-5] [03:34:29] Scraping CVEs from 2011...
[SCRAPER-5] [03:34:36] Scraping CVEs from 2012...
[SCRAPER-5] [03:34:43] Scraping CVEs from 2013...
[SCRAPER-5] [03:34:50] Scraping CVEs from 2014...
[SCRAPER-5] [03:34:57] Scraping CVEs from 2015...
[SCRAPER-5] [03:35:04] Scraping CVEs from 2016...
[SCRAPER-5] [03:35:11] Scraping CVEs from 2017...
[SCRAPER-5] [03:35:18] Scraping CVEs from 2018...
[SCRAPER-5] [03:35:25] Scraping CVEs from 2019...
[SCRAPER-5] [03:35:32] Scraping CVEs from 2020...
[SCRAPER-5] [03:35:39] Scraping CVEs from 2021...
[SCRAPER-5] [03:35:47] Scraping CVEs from 2022...
[SCRAPER-5] [03:35:54] Scraping CVEs from 2023...
[SCRAPER-5] [03:36:01] Scraping CVEs from 2024...
[SCRAPER-5] [03:36:08] Scraping CVEs from 2025...
[SCRAPER-5] [03:36:15] ✅ CYCLE 16 DONE | Total: 0.0 MB
[SCRAPER-5] [03:36:15] ⏳ Sleeping 300 seconds before next CVE cycle...
[SCRAPER-5] [03:41:15] 🔄 CYCLE 17 - CVE Collection
[SCRAPER-5] [03:41:15] Scraping CVEs from 1999...
[SCRAPER-5] [03:41:22] Scraping CVEs from 2000...
[SCRAPER-5] [03:41:29] Scraping CVEs from 2001...
[SCRAPER-5] [03:41:36] Scraping CVEs from 2002...
[SCRAPER-5] [03:41:43] Scraping CVEs from 2003...
[SCRAPER-5] [03:41:50] Scraping CVEs from 2004...
[SCRAPER-5] [03:41:57] Scraping CVEs from 2005...
[SCRAPER-5] [03:42:04] Scraping CVEs from 2006...
[SCRAPER-5] [03:42:11] Scraping CVEs from 2007...
[SCRAPER-5] [03:42:18] Scraping CVEs from 2008...
[SCRAPER-5] [03:42:25] Scraping CVEs from 2009...
[SCRAPER-5] [03:42:32] Scraping CVEs from 2010...
[SCRAPER-5] [03:42:39] Scraping CVEs from 2011...
[SCRAPER-5] [03:42:46] Scraping CVEs from 2012...
[SCRAPER-5] [03:42:53] Scraping CVEs from 2013...
[SCRAPER-5] [03:43:00] Scraping CVEs from 2014...
[SCRAPER-5] [03:43:07] Scraping CVEs from 2015...
[SCRAPER-5] [03:43:15] Scraping CVEs from 2016...
[SCRAPER-5] [03:43:22] Scraping CVEs from 2017...
[SCRAPER-5] [03:43:29] Scraping CVEs from 2018...
[SCRAPER-5] [03:43:36] Scraping CVEs from 2019...
[SCRAPER-5] [03:43:43] Scraping CVEs from 2020...
[SCRAPER-5] [03:43:50] Scraping CVEs from 2021...
[SCRAPER-5] [03:43:57] Scraping CVEs from 2022...
[SCRAPER-5] [03:44:04] Scraping CVEs from 2023...
[SCRAPER-5] [03:44:11] Scraping CVEs from 2024...
[SCRAPER-5] [03:44:18] Scraping CVEs from 2025...
[SCRAPER-5] [03:44:25] ✅ CYCLE 17 DONE | Total: 0.0 MB
[SCRAPER-5] [03:44:25] ⏳ Sleeping 300 seconds before next CVE cycle...
[SCRAPER-5] [03:49:25] 🔄 CYCLE 18 - CVE Collection
[SCRAPER-5] [03:49:25] Scraping CVEs from 1999...
[SCRAPER-5] [03:49:32] Scraping CVEs from 2000...
[SCRAPER-5] [03:49:39] Scraping CVEs from 2001...
[SCRAPER-5] [03:49:46] Scraping CVEs from 2002...
[SCRAPER-5] [03:49:53] Scraping CVEs from 2003...
[SCRAPER-5] [03:50:00] Scraping CVEs from 2004...
[SCRAPER-5] [03:50:07] Scraping CVEs from 2005...
[SCRAPER-5] [03:50:14] Scraping CVEs from 2006...
[SCRAPER-5] [03:50:21] Scraping CVEs from 2007...
[SCRAPER-5] [03:50:28] Scraping CVEs from 2008...
[SCRAPER-5] [03:50:35] Scraping CVEs from 2009...
[SCRAPER-5] [03:50:42] Scraping CVEs from 2010...
[SCRAPER-5] [03:50:49] Scraping CVEs from 2011...
[SCRAPER-5] [03:50:56] Scraping CVEs from 2012...
[SCRAPER-5] [03:51:04] Scraping CVEs from 2013...
[SCRAPER-5] [03:51:11] Scraping CVEs from 2014...
[SCRAPER-5] [03:51:18] Scraping CVEs from 2015...
[SCRAPER-5] [03:51:25] Scraping CVEs from 2016...
[SCRAPER-5] [03:51:32] Scraping CVEs from 2017...
[SCRAPER-5] [03:51:39] Scraping CVEs from 2018...
[SCRAPER-5] [03:51:46] Scraping CVEs from 2019...
[SCRAPER-5] [03:51:53] Scraping CVEs from 2020...
[SCRAPER-5] [03:52:00] Scraping CVEs from 2021...
[SCRAPER-5] [03:52:07] Scraping CVEs from 2022...
[SCRAPER-5] [03:52:14] Scraping CVEs from 2023...
[SCRAPER-5] [03:52:21] Scraping CVEs from 2024...
[SCRAPER-5] [03:52:28] Scraping CVEs from 2025...
[SCRAPER-5] [03:52:35] ✅ CYCLE 18 DONE | Total: 0.0 MB
[SCRAPER-5] [03:52:35] ⏳ Sleeping 300 seconds before next CVE cycle...
